[2024-02-11T02:41:46.696+0000] {taskinstance.py:1956} INFO - Dependencies all met for dep_context=non-requeueable deps ti=<TaskInstance: censoEnade.rename_censo_dir manual__2024-02-11T02:41:19.035807+00:00 [queued]>
[2024-02-11T02:41:46.706+0000] {taskinstance.py:1956} INFO - Dependencies all met for dep_context=requeueable deps ti=<TaskInstance: censoEnade.rename_censo_dir manual__2024-02-11T02:41:19.035807+00:00 [queued]>
[2024-02-11T02:41:46.707+0000] {taskinstance.py:2170} INFO - Starting attempt 1 of 1
[2024-02-11T02:41:46.725+0000] {taskinstance.py:2191} INFO - Executing <Task(PythonOperator): rename_censo_dir> on 2024-02-11 02:41:19.035807+00:00
[2024-02-11T02:41:46.732+0000] {standard_task_runner.py:60} INFO - Started process 152 to run task
[2024-02-11T02:41:46.736+0000] {standard_task_runner.py:87} INFO - Running: ['***', 'tasks', 'run', 'censoEnade', 'rename_censo_dir', 'manual__2024-02-11T02:41:19.035807+00:00', '--job-id', '540', '--raw', '--subdir', 'DAGS_FOLDER/censoEnade.py', '--cfg-path', '/tmp/tmped58ooiv']
[2024-02-11T02:41:46.737+0000] {standard_task_runner.py:88} INFO - Job 540: Subtask rename_censo_dir
[2024-02-11T02:41:46.793+0000] {task_command.py:423} INFO - Running <TaskInstance: censoEnade.rename_censo_dir manual__2024-02-11T02:41:19.035807+00:00 [running]> on host 7e5b5e202339
[2024-02-11T02:41:46.889+0000] {taskinstance.py:2480} INFO - Exporting env vars: AIRFLOW_CTX_DAG_OWNER='Néfi Fernandes' AIRFLOW_CTX_DAG_ID='censoEnade' AIRFLOW_CTX_TASK_ID='rename_censo_dir' AIRFLOW_CTX_EXECUTION_DATE='2024-02-11T02:41:19.035807+00:00' AIRFLOW_CTX_TRY_NUMBER='1' AIRFLOW_CTX_DAG_RUN_ID='manual__2024-02-11T02:41:19.035807+00:00'
[2024-02-11T02:41:46.896+0000] {taskinstance.py:2698} ERROR - Task failed with exception
Traceback (most recent call last):
  File "/home/airflow/.local/lib/python3.8/site-packages/airflow/models/taskinstance.py", line 433, in _execute_task
    result = execute_callable(context=context, **execute_callable_kwargs)
  File "/home/airflow/.local/lib/python3.8/site-packages/airflow/operators/python.py", line 199, in execute
    return_value = self.execute_callable()
  File "/home/airflow/.local/lib/python3.8/site-packages/airflow/operators/python.py", line 216, in execute_callable
    return self.python_callable(*self.op_args, **self.op_kwargs)
  File "/opt/airflow/dags/censoEnade.py", line 108, in rename_censo_dir
    os.rename(os.path.join(input_dir, file), os.path.join(output_dir, new_dir_name))
OSError: [Errno 39] Directory not empty: '/opt/airflow/dataset/diretorio_de_extracao/Microdados do Censo da Educaç╞o Superior 2021' -> '/opt/airflow/dataset/diretorio_de_extracao/censo_ed_superior_2021'
[2024-02-11T02:41:46.908+0000] {taskinstance.py:1138} INFO - Marking task as FAILED. dag_id=censoEnade, task_id=rename_censo_dir, execution_date=20240211T024119, start_date=20240211T024146, end_date=20240211T024146
[2024-02-11T02:41:46.926+0000] {standard_task_runner.py:107} ERROR - Failed to execute job 540 for task rename_censo_dir ([Errno 39] Directory not empty: '/opt/airflow/dataset/diretorio_de_extracao/Microdados do Censo da Educaç╞o Superior 2021' -> '/opt/airflow/dataset/diretorio_de_extracao/censo_ed_superior_2021'; 152)
[2024-02-11T02:41:46.948+0000] {local_task_job_runner.py:234} INFO - Task exited with return code 1
[2024-02-11T02:41:46.976+0000] {taskinstance.py:3280} INFO - 0 downstream tasks scheduled from follow-on schedule check
