[2024-02-03T05:26:18.323+0000] {processor.py:161} INFO - Started process (PID=63) to work on /home/airflow/.local/lib/python3.8/site-packages/airflow/example_dags/example_xcom.py
[2024-02-03T05:26:18.324+0000] {processor.py:830} INFO - Processing file /home/airflow/.local/lib/python3.8/site-packages/airflow/example_dags/example_xcom.py for tasks to queue
[2024-02-03T05:26:18.329+0000] {logging_mixin.py:188} INFO - [2024-02-03T05:26:18.328+0000] {dagbag.py:538} INFO - Filling up the DagBag from /home/airflow/.local/lib/python3.8/site-packages/airflow/example_dags/example_xcom.py
[2024-02-03T05:26:18.345+0000] {processor.py:840} INFO - DAG(s) 'example_xcom' retrieved from /home/airflow/.local/lib/python3.8/site-packages/airflow/example_dags/example_xcom.py
[2024-02-03T05:26:18.502+0000] {logging_mixin.py:188} INFO - [2024-02-03T05:26:18.502+0000] {dag.py:3036} INFO - Sync 1 DAGs
[2024-02-03T05:26:18.530+0000] {logging_mixin.py:188} INFO - [2024-02-03T05:26:18.529+0000] {dag.py:3823} INFO - Setting next_dagrun for example_xcom to 2021-01-01 00:00:00+00:00, run_after=2021-01-01 00:00:00+00:00
[2024-02-03T05:26:18.578+0000] {processor.py:183} INFO - Processing /home/airflow/.local/lib/python3.8/site-packages/airflow/example_dags/example_xcom.py took 0.355 seconds
[2024-02-03T05:26:48.876+0000] {processor.py:161} INFO - Started process (PID=118) to work on /home/airflow/.local/lib/python3.8/site-packages/airflow/example_dags/example_xcom.py
[2024-02-03T05:26:48.877+0000] {processor.py:830} INFO - Processing file /home/airflow/.local/lib/python3.8/site-packages/airflow/example_dags/example_xcom.py for tasks to queue
[2024-02-03T05:26:48.879+0000] {logging_mixin.py:188} INFO - [2024-02-03T05:26:48.878+0000] {dagbag.py:538} INFO - Filling up the DagBag from /home/airflow/.local/lib/python3.8/site-packages/airflow/example_dags/example_xcom.py
[2024-02-03T05:26:48.886+0000] {processor.py:840} INFO - DAG(s) 'example_xcom' retrieved from /home/airflow/.local/lib/python3.8/site-packages/airflow/example_dags/example_xcom.py
[2024-02-03T05:26:48.911+0000] {logging_mixin.py:188} INFO - [2024-02-03T05:26:48.911+0000] {dag.py:3036} INFO - Sync 1 DAGs
[2024-02-03T05:26:48.938+0000] {logging_mixin.py:188} INFO - [2024-02-03T05:26:48.937+0000] {dag.py:3823} INFO - Setting next_dagrun for example_xcom to 2021-01-01 00:00:00+00:00, run_after=2021-01-01 00:00:00+00:00
[2024-02-03T05:26:48.965+0000] {processor.py:183} INFO - Processing /home/airflow/.local/lib/python3.8/site-packages/airflow/example_dags/example_xcom.py took 0.092 seconds
[2024-02-03T05:27:19.181+0000] {processor.py:161} INFO - Started process (PID=173) to work on /home/airflow/.local/lib/python3.8/site-packages/airflow/example_dags/example_xcom.py
[2024-02-03T05:27:19.182+0000] {processor.py:830} INFO - Processing file /home/airflow/.local/lib/python3.8/site-packages/airflow/example_dags/example_xcom.py for tasks to queue
[2024-02-03T05:27:19.185+0000] {logging_mixin.py:188} INFO - [2024-02-03T05:27:19.184+0000] {dagbag.py:538} INFO - Filling up the DagBag from /home/airflow/.local/lib/python3.8/site-packages/airflow/example_dags/example_xcom.py
[2024-02-03T05:27:19.192+0000] {processor.py:840} INFO - DAG(s) 'example_xcom' retrieved from /home/airflow/.local/lib/python3.8/site-packages/airflow/example_dags/example_xcom.py
[2024-02-03T05:27:19.216+0000] {logging_mixin.py:188} INFO - [2024-02-03T05:27:19.215+0000] {dag.py:3036} INFO - Sync 1 DAGs
[2024-02-03T05:27:19.240+0000] {logging_mixin.py:188} INFO - [2024-02-03T05:27:19.240+0000] {dag.py:3823} INFO - Setting next_dagrun for example_xcom to 2021-01-01 00:00:00+00:00, run_after=2021-01-01 00:00:00+00:00
[2024-02-03T05:27:19.263+0000] {processor.py:183} INFO - Processing /home/airflow/.local/lib/python3.8/site-packages/airflow/example_dags/example_xcom.py took 0.085 seconds
[2024-02-03T05:27:49.491+0000] {processor.py:161} INFO - Started process (PID=228) to work on /home/airflow/.local/lib/python3.8/site-packages/airflow/example_dags/example_xcom.py
[2024-02-03T05:27:49.492+0000] {processor.py:830} INFO - Processing file /home/airflow/.local/lib/python3.8/site-packages/airflow/example_dags/example_xcom.py for tasks to queue
[2024-02-03T05:27:49.494+0000] {logging_mixin.py:188} INFO - [2024-02-03T05:27:49.494+0000] {dagbag.py:538} INFO - Filling up the DagBag from /home/airflow/.local/lib/python3.8/site-packages/airflow/example_dags/example_xcom.py
[2024-02-03T05:27:49.501+0000] {processor.py:840} INFO - DAG(s) 'example_xcom' retrieved from /home/airflow/.local/lib/python3.8/site-packages/airflow/example_dags/example_xcom.py
[2024-02-03T05:27:49.525+0000] {logging_mixin.py:188} INFO - [2024-02-03T05:27:49.525+0000] {dag.py:3036} INFO - Sync 1 DAGs
[2024-02-03T05:27:49.550+0000] {logging_mixin.py:188} INFO - [2024-02-03T05:27:49.549+0000] {dag.py:3823} INFO - Setting next_dagrun for example_xcom to 2021-01-01 00:00:00+00:00, run_after=2021-01-01 00:00:00+00:00
[2024-02-03T05:27:49.572+0000] {processor.py:183} INFO - Processing /home/airflow/.local/lib/python3.8/site-packages/airflow/example_dags/example_xcom.py took 0.083 seconds
[2024-02-03T05:28:19.627+0000] {processor.py:161} INFO - Started process (PID=283) to work on /home/airflow/.local/lib/python3.8/site-packages/airflow/example_dags/example_xcom.py
[2024-02-03T05:28:19.628+0000] {processor.py:830} INFO - Processing file /home/airflow/.local/lib/python3.8/site-packages/airflow/example_dags/example_xcom.py for tasks to queue
[2024-02-03T05:28:19.630+0000] {logging_mixin.py:188} INFO - [2024-02-03T05:28:19.630+0000] {dagbag.py:538} INFO - Filling up the DagBag from /home/airflow/.local/lib/python3.8/site-packages/airflow/example_dags/example_xcom.py
[2024-02-03T05:28:19.638+0000] {processor.py:840} INFO - DAG(s) 'example_xcom' retrieved from /home/airflow/.local/lib/python3.8/site-packages/airflow/example_dags/example_xcom.py
[2024-02-03T05:28:19.661+0000] {logging_mixin.py:188} INFO - [2024-02-03T05:28:19.661+0000] {dag.py:3036} INFO - Sync 1 DAGs
[2024-02-03T05:28:19.685+0000] {logging_mixin.py:188} INFO - [2024-02-03T05:28:19.685+0000] {dag.py:3823} INFO - Setting next_dagrun for example_xcom to 2021-01-01 00:00:00+00:00, run_after=2021-01-01 00:00:00+00:00
[2024-02-03T05:28:19.707+0000] {processor.py:183} INFO - Processing /home/airflow/.local/lib/python3.8/site-packages/airflow/example_dags/example_xcom.py took 0.083 seconds
[2024-02-03T05:28:49.967+0000] {processor.py:161} INFO - Started process (PID=338) to work on /home/airflow/.local/lib/python3.8/site-packages/airflow/example_dags/example_xcom.py
[2024-02-03T05:28:49.968+0000] {processor.py:830} INFO - Processing file /home/airflow/.local/lib/python3.8/site-packages/airflow/example_dags/example_xcom.py for tasks to queue
[2024-02-03T05:28:49.970+0000] {logging_mixin.py:188} INFO - [2024-02-03T05:28:49.970+0000] {dagbag.py:538} INFO - Filling up the DagBag from /home/airflow/.local/lib/python3.8/site-packages/airflow/example_dags/example_xcom.py
[2024-02-03T05:28:49.978+0000] {processor.py:840} INFO - DAG(s) 'example_xcom' retrieved from /home/airflow/.local/lib/python3.8/site-packages/airflow/example_dags/example_xcom.py
[2024-02-03T05:28:50.003+0000] {logging_mixin.py:188} INFO - [2024-02-03T05:28:50.002+0000] {dag.py:3036} INFO - Sync 1 DAGs
[2024-02-03T05:28:50.028+0000] {logging_mixin.py:188} INFO - [2024-02-03T05:28:50.028+0000] {dag.py:3823} INFO - Setting next_dagrun for example_xcom to 2021-01-01 00:00:00+00:00, run_after=2021-01-01 00:00:00+00:00
[2024-02-03T05:28:50.053+0000] {processor.py:183} INFO - Processing /home/airflow/.local/lib/python3.8/site-packages/airflow/example_dags/example_xcom.py took 0.089 seconds
[2024-02-03T05:29:20.150+0000] {processor.py:161} INFO - Started process (PID=393) to work on /home/airflow/.local/lib/python3.8/site-packages/airflow/example_dags/example_xcom.py
[2024-02-03T05:29:20.151+0000] {processor.py:830} INFO - Processing file /home/airflow/.local/lib/python3.8/site-packages/airflow/example_dags/example_xcom.py for tasks to queue
[2024-02-03T05:29:20.153+0000] {logging_mixin.py:188} INFO - [2024-02-03T05:29:20.153+0000] {dagbag.py:538} INFO - Filling up the DagBag from /home/airflow/.local/lib/python3.8/site-packages/airflow/example_dags/example_xcom.py
[2024-02-03T05:29:20.161+0000] {processor.py:840} INFO - DAG(s) 'example_xcom' retrieved from /home/airflow/.local/lib/python3.8/site-packages/airflow/example_dags/example_xcom.py
[2024-02-03T05:29:20.185+0000] {logging_mixin.py:188} INFO - [2024-02-03T05:29:20.185+0000] {dag.py:3036} INFO - Sync 1 DAGs
[2024-02-03T05:29:20.211+0000] {logging_mixin.py:188} INFO - [2024-02-03T05:29:20.211+0000] {dag.py:3823} INFO - Setting next_dagrun for example_xcom to 2021-01-01 00:00:00+00:00, run_after=2021-01-01 00:00:00+00:00
[2024-02-03T05:29:20.237+0000] {processor.py:183} INFO - Processing /home/airflow/.local/lib/python3.8/site-packages/airflow/example_dags/example_xcom.py took 0.090 seconds
[2024-02-03T05:29:50.511+0000] {processor.py:161} INFO - Started process (PID=448) to work on /home/airflow/.local/lib/python3.8/site-packages/airflow/example_dags/example_xcom.py
[2024-02-03T05:29:50.513+0000] {processor.py:830} INFO - Processing file /home/airflow/.local/lib/python3.8/site-packages/airflow/example_dags/example_xcom.py for tasks to queue
[2024-02-03T05:29:50.515+0000] {logging_mixin.py:188} INFO - [2024-02-03T05:29:50.514+0000] {dagbag.py:538} INFO - Filling up the DagBag from /home/airflow/.local/lib/python3.8/site-packages/airflow/example_dags/example_xcom.py
[2024-02-03T05:29:50.522+0000] {processor.py:840} INFO - DAG(s) 'example_xcom' retrieved from /home/airflow/.local/lib/python3.8/site-packages/airflow/example_dags/example_xcom.py
[2024-02-03T05:29:50.551+0000] {logging_mixin.py:188} INFO - [2024-02-03T05:29:50.550+0000] {dag.py:3036} INFO - Sync 1 DAGs
[2024-02-03T05:29:50.577+0000] {logging_mixin.py:188} INFO - [2024-02-03T05:29:50.577+0000] {dag.py:3823} INFO - Setting next_dagrun for example_xcom to 2021-01-01 00:00:00+00:00, run_after=2021-01-01 00:00:00+00:00
[2024-02-03T05:29:50.602+0000] {processor.py:183} INFO - Processing /home/airflow/.local/lib/python3.8/site-packages/airflow/example_dags/example_xcom.py took 0.094 seconds
[2024-02-03T05:30:20.748+0000] {processor.py:161} INFO - Started process (PID=503) to work on /home/airflow/.local/lib/python3.8/site-packages/airflow/example_dags/example_xcom.py
[2024-02-03T05:30:20.749+0000] {processor.py:830} INFO - Processing file /home/airflow/.local/lib/python3.8/site-packages/airflow/example_dags/example_xcom.py for tasks to queue
[2024-02-03T05:30:20.750+0000] {logging_mixin.py:188} INFO - [2024-02-03T05:30:20.750+0000] {dagbag.py:538} INFO - Filling up the DagBag from /home/airflow/.local/lib/python3.8/site-packages/airflow/example_dags/example_xcom.py
[2024-02-03T05:30:20.758+0000] {processor.py:840} INFO - DAG(s) 'example_xcom' retrieved from /home/airflow/.local/lib/python3.8/site-packages/airflow/example_dags/example_xcom.py
[2024-02-03T05:30:20.782+0000] {logging_mixin.py:188} INFO - [2024-02-03T05:30:20.782+0000] {dag.py:3036} INFO - Sync 1 DAGs
[2024-02-03T05:30:20.808+0000] {logging_mixin.py:188} INFO - [2024-02-03T05:30:20.807+0000] {dag.py:3823} INFO - Setting next_dagrun for example_xcom to 2021-01-01 00:00:00+00:00, run_after=2021-01-01 00:00:00+00:00
[2024-02-03T05:30:20.830+0000] {processor.py:183} INFO - Processing /home/airflow/.local/lib/python3.8/site-packages/airflow/example_dags/example_xcom.py took 0.086 seconds
[2024-02-03T05:30:51.592+0000] {processor.py:161} INFO - Started process (PID=558) to work on /home/airflow/.local/lib/python3.8/site-packages/airflow/example_dags/example_xcom.py
[2024-02-03T05:30:51.593+0000] {processor.py:830} INFO - Processing file /home/airflow/.local/lib/python3.8/site-packages/airflow/example_dags/example_xcom.py for tasks to queue
[2024-02-03T05:30:51.595+0000] {logging_mixin.py:188} INFO - [2024-02-03T05:30:51.595+0000] {dagbag.py:538} INFO - Filling up the DagBag from /home/airflow/.local/lib/python3.8/site-packages/airflow/example_dags/example_xcom.py
[2024-02-03T05:30:51.603+0000] {processor.py:840} INFO - DAG(s) 'example_xcom' retrieved from /home/airflow/.local/lib/python3.8/site-packages/airflow/example_dags/example_xcom.py
[2024-02-03T05:30:51.629+0000] {logging_mixin.py:188} INFO - [2024-02-03T05:30:51.629+0000] {dag.py:3036} INFO - Sync 1 DAGs
[2024-02-03T05:30:51.656+0000] {logging_mixin.py:188} INFO - [2024-02-03T05:30:51.655+0000] {dag.py:3823} INFO - Setting next_dagrun for example_xcom to 2021-01-01 00:00:00+00:00, run_after=2021-01-01 00:00:00+00:00
[2024-02-03T05:30:51.687+0000] {processor.py:183} INFO - Processing /home/airflow/.local/lib/python3.8/site-packages/airflow/example_dags/example_xcom.py took 0.099 seconds
[2024-02-03T05:31:22.515+0000] {processor.py:161} INFO - Started process (PID=613) to work on /home/airflow/.local/lib/python3.8/site-packages/airflow/example_dags/example_xcom.py
[2024-02-03T05:31:22.516+0000] {processor.py:830} INFO - Processing file /home/airflow/.local/lib/python3.8/site-packages/airflow/example_dags/example_xcom.py for tasks to queue
[2024-02-03T05:31:22.518+0000] {logging_mixin.py:188} INFO - [2024-02-03T05:31:22.517+0000] {dagbag.py:538} INFO - Filling up the DagBag from /home/airflow/.local/lib/python3.8/site-packages/airflow/example_dags/example_xcom.py
[2024-02-03T05:31:22.525+0000] {processor.py:840} INFO - DAG(s) 'example_xcom' retrieved from /home/airflow/.local/lib/python3.8/site-packages/airflow/example_dags/example_xcom.py
[2024-02-03T05:31:22.551+0000] {logging_mixin.py:188} INFO - [2024-02-03T05:31:22.551+0000] {dag.py:3036} INFO - Sync 1 DAGs
[2024-02-03T05:31:22.576+0000] {logging_mixin.py:188} INFO - [2024-02-03T05:31:22.576+0000] {dag.py:3823} INFO - Setting next_dagrun for example_xcom to 2021-01-01 00:00:00+00:00, run_after=2021-01-01 00:00:00+00:00
[2024-02-03T05:31:22.602+0000] {processor.py:183} INFO - Processing /home/airflow/.local/lib/python3.8/site-packages/airflow/example_dags/example_xcom.py took 0.090 seconds
[2024-02-03T05:31:53.723+0000] {processor.py:161} INFO - Started process (PID=684) to work on /home/airflow/.local/lib/python3.8/site-packages/airflow/example_dags/example_xcom.py
[2024-02-03T05:31:53.724+0000] {processor.py:830} INFO - Processing file /home/airflow/.local/lib/python3.8/site-packages/airflow/example_dags/example_xcom.py for tasks to queue
[2024-02-03T05:31:53.727+0000] {logging_mixin.py:188} INFO - [2024-02-03T05:31:53.727+0000] {dagbag.py:538} INFO - Filling up the DagBag from /home/airflow/.local/lib/python3.8/site-packages/airflow/example_dags/example_xcom.py
[2024-02-03T05:31:53.739+0000] {processor.py:840} INFO - DAG(s) 'example_xcom' retrieved from /home/airflow/.local/lib/python3.8/site-packages/airflow/example_dags/example_xcom.py
[2024-02-03T05:31:53.770+0000] {logging_mixin.py:188} INFO - [2024-02-03T05:31:53.770+0000] {dag.py:3036} INFO - Sync 1 DAGs
[2024-02-03T05:31:53.804+0000] {logging_mixin.py:188} INFO - [2024-02-03T05:31:53.804+0000] {dag.py:3823} INFO - Setting next_dagrun for example_xcom to None, run_after=None
[2024-02-03T05:31:53.832+0000] {processor.py:183} INFO - Processing /home/airflow/.local/lib/python3.8/site-packages/airflow/example_dags/example_xcom.py took 0.113 seconds
[2024-02-03T05:32:24.151+0000] {processor.py:161} INFO - Started process (PID=739) to work on /home/airflow/.local/lib/python3.8/site-packages/airflow/example_dags/example_xcom.py
[2024-02-03T05:32:24.152+0000] {processor.py:830} INFO - Processing file /home/airflow/.local/lib/python3.8/site-packages/airflow/example_dags/example_xcom.py for tasks to queue
[2024-02-03T05:32:24.154+0000] {logging_mixin.py:188} INFO - [2024-02-03T05:32:24.154+0000] {dagbag.py:538} INFO - Filling up the DagBag from /home/airflow/.local/lib/python3.8/site-packages/airflow/example_dags/example_xcom.py
[2024-02-03T05:32:24.161+0000] {processor.py:840} INFO - DAG(s) 'example_xcom' retrieved from /home/airflow/.local/lib/python3.8/site-packages/airflow/example_dags/example_xcom.py
[2024-02-03T05:32:24.187+0000] {logging_mixin.py:188} INFO - [2024-02-03T05:32:24.187+0000] {dag.py:3036} INFO - Sync 1 DAGs
[2024-02-03T05:32:24.211+0000] {logging_mixin.py:188} INFO - [2024-02-03T05:32:24.211+0000] {dag.py:3823} INFO - Setting next_dagrun for example_xcom to None, run_after=None
[2024-02-03T05:32:24.235+0000] {processor.py:183} INFO - Processing /home/airflow/.local/lib/python3.8/site-packages/airflow/example_dags/example_xcom.py took 0.087 seconds
[2024-02-03T05:32:55.124+0000] {processor.py:161} INFO - Started process (PID=794) to work on /home/airflow/.local/lib/python3.8/site-packages/airflow/example_dags/example_xcom.py
[2024-02-03T05:32:55.125+0000] {processor.py:830} INFO - Processing file /home/airflow/.local/lib/python3.8/site-packages/airflow/example_dags/example_xcom.py for tasks to queue
[2024-02-03T05:32:55.127+0000] {logging_mixin.py:188} INFO - [2024-02-03T05:32:55.127+0000] {dagbag.py:538} INFO - Filling up the DagBag from /home/airflow/.local/lib/python3.8/site-packages/airflow/example_dags/example_xcom.py
[2024-02-03T05:32:55.141+0000] {processor.py:840} INFO - DAG(s) 'example_xcom' retrieved from /home/airflow/.local/lib/python3.8/site-packages/airflow/example_dags/example_xcom.py
[2024-02-03T05:32:55.170+0000] {logging_mixin.py:188} INFO - [2024-02-03T05:32:55.170+0000] {dag.py:3036} INFO - Sync 1 DAGs
[2024-02-03T05:32:55.201+0000] {logging_mixin.py:188} INFO - [2024-02-03T05:32:55.201+0000] {dag.py:3823} INFO - Setting next_dagrun for example_xcom to None, run_after=None
[2024-02-03T05:32:55.225+0000] {processor.py:183} INFO - Processing /home/airflow/.local/lib/python3.8/site-packages/airflow/example_dags/example_xcom.py took 0.105 seconds
[2024-02-03T06:00:01.358+0000] {processor.py:161} INFO - Started process (PID=63) to work on /home/airflow/.local/lib/python3.8/site-packages/airflow/example_dags/example_xcom.py
[2024-02-03T06:00:01.360+0000] {processor.py:830} INFO - Processing file /home/airflow/.local/lib/python3.8/site-packages/airflow/example_dags/example_xcom.py for tasks to queue
[2024-02-03T06:00:01.363+0000] {logging_mixin.py:188} INFO - [2024-02-03T06:00:01.363+0000] {dagbag.py:538} INFO - Filling up the DagBag from /home/airflow/.local/lib/python3.8/site-packages/airflow/example_dags/example_xcom.py
[2024-02-03T06:00:01.376+0000] {processor.py:840} INFO - DAG(s) 'example_xcom' retrieved from /home/airflow/.local/lib/python3.8/site-packages/airflow/example_dags/example_xcom.py
[2024-02-03T06:00:01.415+0000] {logging_mixin.py:188} INFO - [2024-02-03T06:00:01.414+0000] {dag.py:3036} INFO - Sync 1 DAGs
[2024-02-03T06:00:01.446+0000] {logging_mixin.py:188} INFO - [2024-02-03T06:00:01.446+0000] {dag.py:3823} INFO - Setting next_dagrun for example_xcom to None, run_after=None
[2024-02-03T06:00:01.474+0000] {processor.py:183} INFO - Processing /home/airflow/.local/lib/python3.8/site-packages/airflow/example_dags/example_xcom.py took 0.124 seconds
[2024-02-03T06:00:31.645+0000] {processor.py:161} INFO - Started process (PID=118) to work on /home/airflow/.local/lib/python3.8/site-packages/airflow/example_dags/example_xcom.py
[2024-02-03T06:00:31.646+0000] {processor.py:830} INFO - Processing file /home/airflow/.local/lib/python3.8/site-packages/airflow/example_dags/example_xcom.py for tasks to queue
[2024-02-03T06:00:31.648+0000] {logging_mixin.py:188} INFO - [2024-02-03T06:00:31.648+0000] {dagbag.py:538} INFO - Filling up the DagBag from /home/airflow/.local/lib/python3.8/site-packages/airflow/example_dags/example_xcom.py
[2024-02-03T06:00:31.656+0000] {processor.py:840} INFO - DAG(s) 'example_xcom' retrieved from /home/airflow/.local/lib/python3.8/site-packages/airflow/example_dags/example_xcom.py
[2024-02-03T06:00:31.681+0000] {logging_mixin.py:188} INFO - [2024-02-03T06:00:31.680+0000] {dag.py:3036} INFO - Sync 1 DAGs
[2024-02-03T06:00:31.706+0000] {logging_mixin.py:188} INFO - [2024-02-03T06:00:31.705+0000] {dag.py:3823} INFO - Setting next_dagrun for example_xcom to None, run_after=None
[2024-02-03T06:00:31.732+0000] {processor.py:183} INFO - Processing /home/airflow/.local/lib/python3.8/site-packages/airflow/example_dags/example_xcom.py took 0.091 seconds
[2024-02-03T06:01:02.304+0000] {processor.py:161} INFO - Started process (PID=173) to work on /home/airflow/.local/lib/python3.8/site-packages/airflow/example_dags/example_xcom.py
[2024-02-03T06:01:02.305+0000] {processor.py:830} INFO - Processing file /home/airflow/.local/lib/python3.8/site-packages/airflow/example_dags/example_xcom.py for tasks to queue
[2024-02-03T06:01:02.307+0000] {logging_mixin.py:188} INFO - [2024-02-03T06:01:02.307+0000] {dagbag.py:538} INFO - Filling up the DagBag from /home/airflow/.local/lib/python3.8/site-packages/airflow/example_dags/example_xcom.py
[2024-02-03T06:01:02.315+0000] {processor.py:840} INFO - DAG(s) 'example_xcom' retrieved from /home/airflow/.local/lib/python3.8/site-packages/airflow/example_dags/example_xcom.py
[2024-02-03T06:01:02.338+0000] {logging_mixin.py:188} INFO - [2024-02-03T06:01:02.338+0000] {dag.py:3036} INFO - Sync 1 DAGs
[2024-02-03T06:01:02.364+0000] {logging_mixin.py:188} INFO - [2024-02-03T06:01:02.364+0000] {dag.py:3823} INFO - Setting next_dagrun for example_xcom to None, run_after=None
[2024-02-03T06:01:02.389+0000] {processor.py:183} INFO - Processing /home/airflow/.local/lib/python3.8/site-packages/airflow/example_dags/example_xcom.py took 0.088 seconds
[2024-02-03T06:33:38.428+0000] {processor.py:161} INFO - Started process (PID=63) to work on /home/airflow/.local/lib/python3.8/site-packages/airflow/example_dags/example_xcom.py
[2024-02-03T06:33:38.429+0000] {processor.py:830} INFO - Processing file /home/airflow/.local/lib/python3.8/site-packages/airflow/example_dags/example_xcom.py for tasks to queue
[2024-02-03T06:33:38.431+0000] {logging_mixin.py:188} INFO - [2024-02-03T06:33:38.431+0000] {dagbag.py:538} INFO - Filling up the DagBag from /home/airflow/.local/lib/python3.8/site-packages/airflow/example_dags/example_xcom.py
[2024-02-03T06:33:38.450+0000] {processor.py:840} INFO - DAG(s) 'example_xcom' retrieved from /home/airflow/.local/lib/python3.8/site-packages/airflow/example_dags/example_xcom.py
[2024-02-03T06:33:38.478+0000] {logging_mixin.py:188} INFO - [2024-02-03T06:33:38.477+0000] {dag.py:3036} INFO - Sync 1 DAGs
[2024-02-03T06:33:38.531+0000] {logging_mixin.py:188} INFO - [2024-02-03T06:33:38.530+0000] {dag.py:3823} INFO - Setting next_dagrun for example_xcom to None, run_after=None
[2024-02-03T06:33:38.584+0000] {processor.py:183} INFO - Processing /home/airflow/.local/lib/python3.8/site-packages/airflow/example_dags/example_xcom.py took 0.159 seconds
[2024-02-03T06:34:10.010+0000] {processor.py:161} INFO - Started process (PID=118) to work on /home/airflow/.local/lib/python3.8/site-packages/airflow/example_dags/example_xcom.py
[2024-02-03T06:34:10.012+0000] {processor.py:830} INFO - Processing file /home/airflow/.local/lib/python3.8/site-packages/airflow/example_dags/example_xcom.py for tasks to queue
[2024-02-03T06:34:10.014+0000] {logging_mixin.py:188} INFO - [2024-02-03T06:34:10.014+0000] {dagbag.py:538} INFO - Filling up the DagBag from /home/airflow/.local/lib/python3.8/site-packages/airflow/example_dags/example_xcom.py
[2024-02-03T06:34:10.022+0000] {processor.py:840} INFO - DAG(s) 'example_xcom' retrieved from /home/airflow/.local/lib/python3.8/site-packages/airflow/example_dags/example_xcom.py
[2024-02-03T06:34:10.141+0000] {logging_mixin.py:188} INFO - [2024-02-03T06:34:10.141+0000] {dag.py:3036} INFO - Sync 1 DAGs
[2024-02-03T06:34:10.164+0000] {logging_mixin.py:188} INFO - [2024-02-03T06:34:10.164+0000] {dag.py:3823} INFO - Setting next_dagrun for example_xcom to None, run_after=None
[2024-02-03T06:34:10.189+0000] {processor.py:183} INFO - Processing /home/airflow/.local/lib/python3.8/site-packages/airflow/example_dags/example_xcom.py took 0.181 seconds
[2024-02-03T06:34:41.138+0000] {processor.py:161} INFO - Started process (PID=173) to work on /home/airflow/.local/lib/python3.8/site-packages/airflow/example_dags/example_xcom.py
[2024-02-03T06:34:41.139+0000] {processor.py:830} INFO - Processing file /home/airflow/.local/lib/python3.8/site-packages/airflow/example_dags/example_xcom.py for tasks to queue
[2024-02-03T06:34:41.141+0000] {logging_mixin.py:188} INFO - [2024-02-03T06:34:41.141+0000] {dagbag.py:538} INFO - Filling up the DagBag from /home/airflow/.local/lib/python3.8/site-packages/airflow/example_dags/example_xcom.py
[2024-02-03T06:34:41.148+0000] {processor.py:840} INFO - DAG(s) 'example_xcom' retrieved from /home/airflow/.local/lib/python3.8/site-packages/airflow/example_dags/example_xcom.py
[2024-02-03T06:34:41.171+0000] {logging_mixin.py:188} INFO - [2024-02-03T06:34:41.170+0000] {dag.py:3036} INFO - Sync 1 DAGs
[2024-02-03T06:34:41.196+0000] {logging_mixin.py:188} INFO - [2024-02-03T06:34:41.196+0000] {dag.py:3823} INFO - Setting next_dagrun for example_xcom to None, run_after=None
[2024-02-03T06:34:41.219+0000] {processor.py:183} INFO - Processing /home/airflow/.local/lib/python3.8/site-packages/airflow/example_dags/example_xcom.py took 0.084 seconds
[2024-02-03T06:35:11.556+0000] {processor.py:161} INFO - Started process (PID=228) to work on /home/airflow/.local/lib/python3.8/site-packages/airflow/example_dags/example_xcom.py
[2024-02-03T06:35:11.558+0000] {processor.py:830} INFO - Processing file /home/airflow/.local/lib/python3.8/site-packages/airflow/example_dags/example_xcom.py for tasks to queue
[2024-02-03T06:35:11.560+0000] {logging_mixin.py:188} INFO - [2024-02-03T06:35:11.559+0000] {dagbag.py:538} INFO - Filling up the DagBag from /home/airflow/.local/lib/python3.8/site-packages/airflow/example_dags/example_xcom.py
[2024-02-03T06:35:11.567+0000] {processor.py:840} INFO - DAG(s) 'example_xcom' retrieved from /home/airflow/.local/lib/python3.8/site-packages/airflow/example_dags/example_xcom.py
[2024-02-03T06:35:11.590+0000] {logging_mixin.py:188} INFO - [2024-02-03T06:35:11.590+0000] {dag.py:3036} INFO - Sync 1 DAGs
[2024-02-03T06:35:11.614+0000] {logging_mixin.py:188} INFO - [2024-02-03T06:35:11.614+0000] {dag.py:3823} INFO - Setting next_dagrun for example_xcom to None, run_after=None
[2024-02-03T06:35:11.638+0000] {processor.py:183} INFO - Processing /home/airflow/.local/lib/python3.8/site-packages/airflow/example_dags/example_xcom.py took 0.084 seconds
[2024-02-03T06:35:41.959+0000] {processor.py:161} INFO - Started process (PID=283) to work on /home/airflow/.local/lib/python3.8/site-packages/airflow/example_dags/example_xcom.py
[2024-02-03T06:35:41.960+0000] {processor.py:830} INFO - Processing file /home/airflow/.local/lib/python3.8/site-packages/airflow/example_dags/example_xcom.py for tasks to queue
[2024-02-03T06:35:41.963+0000] {logging_mixin.py:188} INFO - [2024-02-03T06:35:41.962+0000] {dagbag.py:538} INFO - Filling up the DagBag from /home/airflow/.local/lib/python3.8/site-packages/airflow/example_dags/example_xcom.py
[2024-02-03T06:35:41.971+0000] {processor.py:840} INFO - DAG(s) 'example_xcom' retrieved from /home/airflow/.local/lib/python3.8/site-packages/airflow/example_dags/example_xcom.py
[2024-02-03T06:35:41.996+0000] {logging_mixin.py:188} INFO - [2024-02-03T06:35:41.996+0000] {dag.py:3036} INFO - Sync 1 DAGs
[2024-02-03T06:35:42.023+0000] {logging_mixin.py:188} INFO - [2024-02-03T06:35:42.023+0000] {dag.py:3823} INFO - Setting next_dagrun for example_xcom to None, run_after=None
[2024-02-03T06:35:42.051+0000] {processor.py:183} INFO - Processing /home/airflow/.local/lib/python3.8/site-packages/airflow/example_dags/example_xcom.py took 0.095 seconds
[2024-02-03T06:36:12.407+0000] {processor.py:161} INFO - Started process (PID=338) to work on /home/airflow/.local/lib/python3.8/site-packages/airflow/example_dags/example_xcom.py
[2024-02-03T06:36:12.408+0000] {processor.py:830} INFO - Processing file /home/airflow/.local/lib/python3.8/site-packages/airflow/example_dags/example_xcom.py for tasks to queue
[2024-02-03T06:36:12.410+0000] {logging_mixin.py:188} INFO - [2024-02-03T06:36:12.410+0000] {dagbag.py:538} INFO - Filling up the DagBag from /home/airflow/.local/lib/python3.8/site-packages/airflow/example_dags/example_xcom.py
[2024-02-03T06:36:12.418+0000] {processor.py:840} INFO - DAG(s) 'example_xcom' retrieved from /home/airflow/.local/lib/python3.8/site-packages/airflow/example_dags/example_xcom.py
[2024-02-03T06:36:12.443+0000] {logging_mixin.py:188} INFO - [2024-02-03T06:36:12.443+0000] {dag.py:3036} INFO - Sync 1 DAGs
[2024-02-03T06:36:12.469+0000] {logging_mixin.py:188} INFO - [2024-02-03T06:36:12.469+0000] {dag.py:3823} INFO - Setting next_dagrun for example_xcom to None, run_after=None
[2024-02-03T06:36:12.492+0000] {processor.py:183} INFO - Processing /home/airflow/.local/lib/python3.8/site-packages/airflow/example_dags/example_xcom.py took 0.088 seconds
