[2024-02-03T05:26:19.855+0000] {processor.py:161} INFO - Started process (PID=70) to work on /home/airflow/.local/lib/python3.8/site-packages/airflow/example_dags/example_xcomargs.py
[2024-02-03T05:26:19.856+0000] {processor.py:830} INFO - Processing file /home/airflow/.local/lib/python3.8/site-packages/airflow/example_dags/example_xcomargs.py for tasks to queue
[2024-02-03T05:26:19.859+0000] {logging_mixin.py:188} INFO - [2024-02-03T05:26:19.858+0000] {dagbag.py:538} INFO - Filling up the DagBag from /home/airflow/.local/lib/python3.8/site-packages/airflow/example_dags/example_xcomargs.py
[2024-02-03T05:26:19.870+0000] {processor.py:840} INFO - DAG(s) 'example_xcom_args', 'example_xcom_args_with_operators' retrieved from /home/airflow/.local/lib/python3.8/site-packages/airflow/example_dags/example_xcomargs.py
[2024-02-03T05:26:20.045+0000] {logging_mixin.py:188} INFO - [2024-02-03T05:26:20.044+0000] {dag.py:3036} INFO - Sync 2 DAGs
[2024-02-03T05:26:20.066+0000] {logging_mixin.py:188} INFO - [2024-02-03T05:26:20.065+0000] {dag.py:3823} INFO - Setting next_dagrun for example_xcom_args to None, run_after=None
[2024-02-03T05:26:20.071+0000] {logging_mixin.py:188} INFO - [2024-02-03T05:26:20.070+0000] {dag.py:3823} INFO - Setting next_dagrun for example_xcom_args_with_operators to None, run_after=None
[2024-02-03T05:26:20.107+0000] {processor.py:183} INFO - Processing /home/airflow/.local/lib/python3.8/site-packages/airflow/example_dags/example_xcomargs.py took 0.256 seconds
[2024-02-03T05:26:50.456+0000] {processor.py:161} INFO - Started process (PID=125) to work on /home/airflow/.local/lib/python3.8/site-packages/airflow/example_dags/example_xcomargs.py
[2024-02-03T05:26:50.458+0000] {processor.py:830} INFO - Processing file /home/airflow/.local/lib/python3.8/site-packages/airflow/example_dags/example_xcomargs.py for tasks to queue
[2024-02-03T05:26:50.460+0000] {logging_mixin.py:188} INFO - [2024-02-03T05:26:50.460+0000] {dagbag.py:538} INFO - Filling up the DagBag from /home/airflow/.local/lib/python3.8/site-packages/airflow/example_dags/example_xcomargs.py
[2024-02-03T05:26:50.468+0000] {processor.py:840} INFO - DAG(s) 'example_xcom_args', 'example_xcom_args_with_operators' retrieved from /home/airflow/.local/lib/python3.8/site-packages/airflow/example_dags/example_xcomargs.py
[2024-02-03T05:26:50.500+0000] {logging_mixin.py:188} INFO - [2024-02-03T05:26:50.499+0000] {dag.py:3036} INFO - Sync 2 DAGs
[2024-02-03T05:26:50.514+0000] {logging_mixin.py:188} INFO - [2024-02-03T05:26:50.514+0000] {dag.py:3823} INFO - Setting next_dagrun for example_xcom_args to None, run_after=None
[2024-02-03T05:26:50.519+0000] {logging_mixin.py:188} INFO - [2024-02-03T05:26:50.519+0000] {dag.py:3823} INFO - Setting next_dagrun for example_xcom_args_with_operators to None, run_after=None
[2024-02-03T05:26:50.542+0000] {processor.py:183} INFO - Processing /home/airflow/.local/lib/python3.8/site-packages/airflow/example_dags/example_xcomargs.py took 0.089 seconds
[2024-02-03T05:27:20.652+0000] {processor.py:161} INFO - Started process (PID=180) to work on /home/airflow/.local/lib/python3.8/site-packages/airflow/example_dags/example_xcomargs.py
[2024-02-03T05:27:20.653+0000] {processor.py:830} INFO - Processing file /home/airflow/.local/lib/python3.8/site-packages/airflow/example_dags/example_xcomargs.py for tasks to queue
[2024-02-03T05:27:20.656+0000] {logging_mixin.py:188} INFO - [2024-02-03T05:27:20.655+0000] {dagbag.py:538} INFO - Filling up the DagBag from /home/airflow/.local/lib/python3.8/site-packages/airflow/example_dags/example_xcomargs.py
[2024-02-03T05:27:20.664+0000] {processor.py:840} INFO - DAG(s) 'example_xcom_args_with_operators', 'example_xcom_args' retrieved from /home/airflow/.local/lib/python3.8/site-packages/airflow/example_dags/example_xcomargs.py
[2024-02-03T05:27:20.691+0000] {logging_mixin.py:188} INFO - [2024-02-03T05:27:20.691+0000] {dag.py:3036} INFO - Sync 2 DAGs
[2024-02-03T05:27:20.705+0000] {logging_mixin.py:188} INFO - [2024-02-03T05:27:20.705+0000] {dag.py:3823} INFO - Setting next_dagrun for example_xcom_args to None, run_after=None
[2024-02-03T05:27:20.711+0000] {logging_mixin.py:188} INFO - [2024-02-03T05:27:20.710+0000] {dag.py:3823} INFO - Setting next_dagrun for example_xcom_args_with_operators to None, run_after=None
[2024-02-03T05:27:20.746+0000] {processor.py:183} INFO - Processing /home/airflow/.local/lib/python3.8/site-packages/airflow/example_dags/example_xcomargs.py took 0.097 seconds
[2024-02-03T05:27:50.969+0000] {processor.py:161} INFO - Started process (PID=235) to work on /home/airflow/.local/lib/python3.8/site-packages/airflow/example_dags/example_xcomargs.py
[2024-02-03T05:27:50.970+0000] {processor.py:830} INFO - Processing file /home/airflow/.local/lib/python3.8/site-packages/airflow/example_dags/example_xcomargs.py for tasks to queue
[2024-02-03T05:27:50.973+0000] {logging_mixin.py:188} INFO - [2024-02-03T05:27:50.972+0000] {dagbag.py:538} INFO - Filling up the DagBag from /home/airflow/.local/lib/python3.8/site-packages/airflow/example_dags/example_xcomargs.py
[2024-02-03T05:27:50.981+0000] {processor.py:840} INFO - DAG(s) 'example_xcom_args_with_operators', 'example_xcom_args' retrieved from /home/airflow/.local/lib/python3.8/site-packages/airflow/example_dags/example_xcomargs.py
[2024-02-03T05:27:51.007+0000] {logging_mixin.py:188} INFO - [2024-02-03T05:27:51.007+0000] {dag.py:3036} INFO - Sync 2 DAGs
[2024-02-03T05:27:51.020+0000] {logging_mixin.py:188} INFO - [2024-02-03T05:27:51.020+0000] {dag.py:3823} INFO - Setting next_dagrun for example_xcom_args to None, run_after=None
[2024-02-03T05:27:51.025+0000] {logging_mixin.py:188} INFO - [2024-02-03T05:27:51.024+0000] {dag.py:3823} INFO - Setting next_dagrun for example_xcom_args_with_operators to None, run_after=None
[2024-02-03T05:27:51.045+0000] {processor.py:183} INFO - Processing /home/airflow/.local/lib/python3.8/site-packages/airflow/example_dags/example_xcomargs.py took 0.078 seconds
[2024-02-03T05:28:21.165+0000] {processor.py:161} INFO - Started process (PID=290) to work on /home/airflow/.local/lib/python3.8/site-packages/airflow/example_dags/example_xcomargs.py
[2024-02-03T05:28:21.166+0000] {processor.py:830} INFO - Processing file /home/airflow/.local/lib/python3.8/site-packages/airflow/example_dags/example_xcomargs.py for tasks to queue
[2024-02-03T05:28:21.168+0000] {logging_mixin.py:188} INFO - [2024-02-03T05:28:21.168+0000] {dagbag.py:538} INFO - Filling up the DagBag from /home/airflow/.local/lib/python3.8/site-packages/airflow/example_dags/example_xcomargs.py
[2024-02-03T05:28:21.176+0000] {processor.py:840} INFO - DAG(s) 'example_xcom_args', 'example_xcom_args_with_operators' retrieved from /home/airflow/.local/lib/python3.8/site-packages/airflow/example_dags/example_xcomargs.py
[2024-02-03T05:28:21.207+0000] {logging_mixin.py:188} INFO - [2024-02-03T05:28:21.206+0000] {dag.py:3036} INFO - Sync 2 DAGs
[2024-02-03T05:28:21.222+0000] {logging_mixin.py:188} INFO - [2024-02-03T05:28:21.222+0000] {dag.py:3823} INFO - Setting next_dagrun for example_xcom_args to None, run_after=None
[2024-02-03T05:28:21.228+0000] {logging_mixin.py:188} INFO - [2024-02-03T05:28:21.227+0000] {dag.py:3823} INFO - Setting next_dagrun for example_xcom_args_with_operators to None, run_after=None
[2024-02-03T05:28:21.251+0000] {processor.py:183} INFO - Processing /home/airflow/.local/lib/python3.8/site-packages/airflow/example_dags/example_xcomargs.py took 0.089 seconds
[2024-02-03T05:28:51.380+0000] {processor.py:161} INFO - Started process (PID=345) to work on /home/airflow/.local/lib/python3.8/site-packages/airflow/example_dags/example_xcomargs.py
[2024-02-03T05:28:51.381+0000] {processor.py:830} INFO - Processing file /home/airflow/.local/lib/python3.8/site-packages/airflow/example_dags/example_xcomargs.py for tasks to queue
[2024-02-03T05:28:51.384+0000] {logging_mixin.py:188} INFO - [2024-02-03T05:28:51.383+0000] {dagbag.py:538} INFO - Filling up the DagBag from /home/airflow/.local/lib/python3.8/site-packages/airflow/example_dags/example_xcomargs.py
[2024-02-03T05:28:51.392+0000] {processor.py:840} INFO - DAG(s) 'example_xcom_args', 'example_xcom_args_with_operators' retrieved from /home/airflow/.local/lib/python3.8/site-packages/airflow/example_dags/example_xcomargs.py
[2024-02-03T05:28:51.428+0000] {logging_mixin.py:188} INFO - [2024-02-03T05:28:51.427+0000] {dag.py:3036} INFO - Sync 2 DAGs
[2024-02-03T05:28:51.444+0000] {logging_mixin.py:188} INFO - [2024-02-03T05:28:51.444+0000] {dag.py:3823} INFO - Setting next_dagrun for example_xcom_args to None, run_after=None
[2024-02-03T05:28:51.451+0000] {logging_mixin.py:188} INFO - [2024-02-03T05:28:51.451+0000] {dag.py:3823} INFO - Setting next_dagrun for example_xcom_args_with_operators to None, run_after=None
[2024-02-03T05:28:51.480+0000] {processor.py:183} INFO - Processing /home/airflow/.local/lib/python3.8/site-packages/airflow/example_dags/example_xcomargs.py took 0.103 seconds
[2024-02-03T05:29:21.774+0000] {processor.py:161} INFO - Started process (PID=400) to work on /home/airflow/.local/lib/python3.8/site-packages/airflow/example_dags/example_xcomargs.py
[2024-02-03T05:29:21.775+0000] {processor.py:830} INFO - Processing file /home/airflow/.local/lib/python3.8/site-packages/airflow/example_dags/example_xcomargs.py for tasks to queue
[2024-02-03T05:29:21.777+0000] {logging_mixin.py:188} INFO - [2024-02-03T05:29:21.777+0000] {dagbag.py:538} INFO - Filling up the DagBag from /home/airflow/.local/lib/python3.8/site-packages/airflow/example_dags/example_xcomargs.py
[2024-02-03T05:29:21.786+0000] {processor.py:840} INFO - DAG(s) 'example_xcom_args_with_operators', 'example_xcom_args' retrieved from /home/airflow/.local/lib/python3.8/site-packages/airflow/example_dags/example_xcomargs.py
[2024-02-03T05:29:21.815+0000] {logging_mixin.py:188} INFO - [2024-02-03T05:29:21.814+0000] {dag.py:3036} INFO - Sync 2 DAGs
[2024-02-03T05:29:21.830+0000] {logging_mixin.py:188} INFO - [2024-02-03T05:29:21.829+0000] {dag.py:3823} INFO - Setting next_dagrun for example_xcom_args to None, run_after=None
[2024-02-03T05:29:21.834+0000] {logging_mixin.py:188} INFO - [2024-02-03T05:29:21.834+0000] {dag.py:3823} INFO - Setting next_dagrun for example_xcom_args_with_operators to None, run_after=None
[2024-02-03T05:29:21.857+0000] {processor.py:183} INFO - Processing /home/airflow/.local/lib/python3.8/site-packages/airflow/example_dags/example_xcomargs.py took 0.086 seconds
[2024-02-03T05:29:52.084+0000] {processor.py:161} INFO - Started process (PID=455) to work on /home/airflow/.local/lib/python3.8/site-packages/airflow/example_dags/example_xcomargs.py
[2024-02-03T05:29:52.085+0000] {processor.py:830} INFO - Processing file /home/airflow/.local/lib/python3.8/site-packages/airflow/example_dags/example_xcomargs.py for tasks to queue
[2024-02-03T05:29:52.087+0000] {logging_mixin.py:188} INFO - [2024-02-03T05:29:52.087+0000] {dagbag.py:538} INFO - Filling up the DagBag from /home/airflow/.local/lib/python3.8/site-packages/airflow/example_dags/example_xcomargs.py
[2024-02-03T05:29:52.096+0000] {processor.py:840} INFO - DAG(s) 'example_xcom_args', 'example_xcom_args_with_operators' retrieved from /home/airflow/.local/lib/python3.8/site-packages/airflow/example_dags/example_xcomargs.py
[2024-02-03T05:29:52.126+0000] {logging_mixin.py:188} INFO - [2024-02-03T05:29:52.125+0000] {dag.py:3036} INFO - Sync 2 DAGs
[2024-02-03T05:29:52.142+0000] {logging_mixin.py:188} INFO - [2024-02-03T05:29:52.141+0000] {dag.py:3823} INFO - Setting next_dagrun for example_xcom_args to None, run_after=None
[2024-02-03T05:29:52.146+0000] {logging_mixin.py:188} INFO - [2024-02-03T05:29:52.146+0000] {dag.py:3823} INFO - Setting next_dagrun for example_xcom_args_with_operators to None, run_after=None
[2024-02-03T05:29:52.170+0000] {processor.py:183} INFO - Processing /home/airflow/.local/lib/python3.8/site-packages/airflow/example_dags/example_xcomargs.py took 0.090 seconds
[2024-02-03T05:30:22.279+0000] {processor.py:161} INFO - Started process (PID=510) to work on /home/airflow/.local/lib/python3.8/site-packages/airflow/example_dags/example_xcomargs.py
[2024-02-03T05:30:22.281+0000] {processor.py:830} INFO - Processing file /home/airflow/.local/lib/python3.8/site-packages/airflow/example_dags/example_xcomargs.py for tasks to queue
[2024-02-03T05:30:22.283+0000] {logging_mixin.py:188} INFO - [2024-02-03T05:30:22.282+0000] {dagbag.py:538} INFO - Filling up the DagBag from /home/airflow/.local/lib/python3.8/site-packages/airflow/example_dags/example_xcomargs.py
[2024-02-03T05:30:22.291+0000] {processor.py:840} INFO - DAG(s) 'example_xcom_args_with_operators', 'example_xcom_args' retrieved from /home/airflow/.local/lib/python3.8/site-packages/airflow/example_dags/example_xcomargs.py
[2024-02-03T05:30:22.318+0000] {logging_mixin.py:188} INFO - [2024-02-03T05:30:22.318+0000] {dag.py:3036} INFO - Sync 2 DAGs
[2024-02-03T05:30:22.332+0000] {logging_mixin.py:188} INFO - [2024-02-03T05:30:22.332+0000] {dag.py:3823} INFO - Setting next_dagrun for example_xcom_args to None, run_after=None
[2024-02-03T05:30:22.336+0000] {logging_mixin.py:188} INFO - [2024-02-03T05:30:22.336+0000] {dag.py:3823} INFO - Setting next_dagrun for example_xcom_args_with_operators to None, run_after=None
[2024-02-03T05:30:22.356+0000] {processor.py:183} INFO - Processing /home/airflow/.local/lib/python3.8/site-packages/airflow/example_dags/example_xcomargs.py took 0.080 seconds
[2024-02-03T05:30:53.111+0000] {processor.py:161} INFO - Started process (PID=565) to work on /home/airflow/.local/lib/python3.8/site-packages/airflow/example_dags/example_xcomargs.py
[2024-02-03T05:30:53.113+0000] {processor.py:830} INFO - Processing file /home/airflow/.local/lib/python3.8/site-packages/airflow/example_dags/example_xcomargs.py for tasks to queue
[2024-02-03T05:30:53.114+0000] {logging_mixin.py:188} INFO - [2024-02-03T05:30:53.114+0000] {dagbag.py:538} INFO - Filling up the DagBag from /home/airflow/.local/lib/python3.8/site-packages/airflow/example_dags/example_xcomargs.py
[2024-02-03T05:30:53.122+0000] {processor.py:840} INFO - DAG(s) 'example_xcom_args_with_operators', 'example_xcom_args' retrieved from /home/airflow/.local/lib/python3.8/site-packages/airflow/example_dags/example_xcomargs.py
[2024-02-03T05:30:53.151+0000] {logging_mixin.py:188} INFO - [2024-02-03T05:30:53.151+0000] {dag.py:3036} INFO - Sync 2 DAGs
[2024-02-03T05:30:53.168+0000] {logging_mixin.py:188} INFO - [2024-02-03T05:30:53.167+0000] {dag.py:3823} INFO - Setting next_dagrun for example_xcom_args to None, run_after=None
[2024-02-03T05:30:53.172+0000] {logging_mixin.py:188} INFO - [2024-02-03T05:30:53.172+0000] {dag.py:3823} INFO - Setting next_dagrun for example_xcom_args_with_operators to None, run_after=None
[2024-02-03T05:30:53.194+0000] {processor.py:183} INFO - Processing /home/airflow/.local/lib/python3.8/site-packages/airflow/example_dags/example_xcomargs.py took 0.088 seconds
[2024-02-03T05:31:24.036+0000] {processor.py:161} INFO - Started process (PID=620) to work on /home/airflow/.local/lib/python3.8/site-packages/airflow/example_dags/example_xcomargs.py
[2024-02-03T05:31:24.037+0000] {processor.py:830} INFO - Processing file /home/airflow/.local/lib/python3.8/site-packages/airflow/example_dags/example_xcomargs.py for tasks to queue
[2024-02-03T05:31:24.039+0000] {logging_mixin.py:188} INFO - [2024-02-03T05:31:24.039+0000] {dagbag.py:538} INFO - Filling up the DagBag from /home/airflow/.local/lib/python3.8/site-packages/airflow/example_dags/example_xcomargs.py
[2024-02-03T05:31:24.048+0000] {processor.py:840} INFO - DAG(s) 'example_xcom_args', 'example_xcom_args_with_operators' retrieved from /home/airflow/.local/lib/python3.8/site-packages/airflow/example_dags/example_xcomargs.py
[2024-02-03T05:31:24.078+0000] {logging_mixin.py:188} INFO - [2024-02-03T05:31:24.077+0000] {dag.py:3036} INFO - Sync 2 DAGs
[2024-02-03T05:31:24.093+0000] {logging_mixin.py:188} INFO - [2024-02-03T05:31:24.092+0000] {dag.py:3823} INFO - Setting next_dagrun for example_xcom_args to None, run_after=None
[2024-02-03T05:31:24.097+0000] {logging_mixin.py:188} INFO - [2024-02-03T05:31:24.097+0000] {dag.py:3823} INFO - Setting next_dagrun for example_xcom_args_with_operators to None, run_after=None
[2024-02-03T05:31:24.121+0000] {processor.py:183} INFO - Processing /home/airflow/.local/lib/python3.8/site-packages/airflow/example_dags/example_xcomargs.py took 0.088 seconds
[2024-02-03T05:31:54.222+0000] {processor.py:161} INFO - Started process (PID=691) to work on /home/airflow/.local/lib/python3.8/site-packages/airflow/example_dags/example_xcomargs.py
[2024-02-03T05:31:54.224+0000] {processor.py:830} INFO - Processing file /home/airflow/.local/lib/python3.8/site-packages/airflow/example_dags/example_xcomargs.py for tasks to queue
[2024-02-03T05:31:54.226+0000] {logging_mixin.py:188} INFO - [2024-02-03T05:31:54.225+0000] {dagbag.py:538} INFO - Filling up the DagBag from /home/airflow/.local/lib/python3.8/site-packages/airflow/example_dags/example_xcomargs.py
[2024-02-03T05:31:54.234+0000] {processor.py:840} INFO - DAG(s) 'example_xcom_args', 'example_xcom_args_with_operators' retrieved from /home/airflow/.local/lib/python3.8/site-packages/airflow/example_dags/example_xcomargs.py
[2024-02-03T05:31:54.262+0000] {logging_mixin.py:188} INFO - [2024-02-03T05:31:54.262+0000] {dag.py:3036} INFO - Sync 2 DAGs
[2024-02-03T05:31:54.278+0000] {logging_mixin.py:188} INFO - [2024-02-03T05:31:54.277+0000] {dag.py:3823} INFO - Setting next_dagrun for example_xcom_args to None, run_after=None
[2024-02-03T05:31:54.282+0000] {logging_mixin.py:188} INFO - [2024-02-03T05:31:54.282+0000] {dag.py:3823} INFO - Setting next_dagrun for example_xcom_args_with_operators to None, run_after=None
[2024-02-03T05:31:54.304+0000] {processor.py:183} INFO - Processing /home/airflow/.local/lib/python3.8/site-packages/airflow/example_dags/example_xcomargs.py took 0.084 seconds
[2024-02-03T05:32:24.530+0000] {processor.py:161} INFO - Started process (PID=746) to work on /home/airflow/.local/lib/python3.8/site-packages/airflow/example_dags/example_xcomargs.py
[2024-02-03T05:32:24.531+0000] {processor.py:830} INFO - Processing file /home/airflow/.local/lib/python3.8/site-packages/airflow/example_dags/example_xcomargs.py for tasks to queue
[2024-02-03T05:32:24.533+0000] {logging_mixin.py:188} INFO - [2024-02-03T05:32:24.532+0000] {dagbag.py:538} INFO - Filling up the DagBag from /home/airflow/.local/lib/python3.8/site-packages/airflow/example_dags/example_xcomargs.py
[2024-02-03T05:32:24.542+0000] {processor.py:840} INFO - DAG(s) 'example_xcom_args_with_operators', 'example_xcom_args' retrieved from /home/airflow/.local/lib/python3.8/site-packages/airflow/example_dags/example_xcomargs.py
[2024-02-03T05:32:24.568+0000] {logging_mixin.py:188} INFO - [2024-02-03T05:32:24.568+0000] {dag.py:3036} INFO - Sync 2 DAGs
[2024-02-03T05:32:24.582+0000] {logging_mixin.py:188} INFO - [2024-02-03T05:32:24.582+0000] {dag.py:3823} INFO - Setting next_dagrun for example_xcom_args to None, run_after=None
[2024-02-03T05:32:24.588+0000] {logging_mixin.py:188} INFO - [2024-02-03T05:32:24.587+0000] {dag.py:3823} INFO - Setting next_dagrun for example_xcom_args_with_operators to None, run_after=None
[2024-02-03T05:32:24.612+0000] {processor.py:183} INFO - Processing /home/airflow/.local/lib/python3.8/site-packages/airflow/example_dags/example_xcomargs.py took 0.085 seconds
[2024-02-03T05:32:55.526+0000] {processor.py:161} INFO - Started process (PID=807) to work on /home/airflow/.local/lib/python3.8/site-packages/airflow/example_dags/example_xcomargs.py
[2024-02-03T05:32:55.527+0000] {processor.py:830} INFO - Processing file /home/airflow/.local/lib/python3.8/site-packages/airflow/example_dags/example_xcomargs.py for tasks to queue
[2024-02-03T05:32:55.529+0000] {logging_mixin.py:188} INFO - [2024-02-03T05:32:55.528+0000] {dagbag.py:538} INFO - Filling up the DagBag from /home/airflow/.local/lib/python3.8/site-packages/airflow/example_dags/example_xcomargs.py
[2024-02-03T05:32:55.537+0000] {processor.py:840} INFO - DAG(s) 'example_xcom_args', 'example_xcom_args_with_operators' retrieved from /home/airflow/.local/lib/python3.8/site-packages/airflow/example_dags/example_xcomargs.py
[2024-02-03T05:32:55.565+0000] {logging_mixin.py:188} INFO - [2024-02-03T05:32:55.565+0000] {dag.py:3036} INFO - Sync 2 DAGs
[2024-02-03T05:32:55.581+0000] {logging_mixin.py:188} INFO - [2024-02-03T05:32:55.581+0000] {dag.py:3823} INFO - Setting next_dagrun for example_xcom_args to None, run_after=None
[2024-02-03T05:32:55.587+0000] {logging_mixin.py:188} INFO - [2024-02-03T05:32:55.586+0000] {dag.py:3823} INFO - Setting next_dagrun for example_xcom_args_with_operators to None, run_after=None
[2024-02-03T05:32:55.612+0000] {processor.py:183} INFO - Processing /home/airflow/.local/lib/python3.8/site-packages/airflow/example_dags/example_xcomargs.py took 0.089 seconds
[2024-02-03T06:00:01.879+0000] {processor.py:161} INFO - Started process (PID=70) to work on /home/airflow/.local/lib/python3.8/site-packages/airflow/example_dags/example_xcomargs.py
[2024-02-03T06:00:01.880+0000] {processor.py:830} INFO - Processing file /home/airflow/.local/lib/python3.8/site-packages/airflow/example_dags/example_xcomargs.py for tasks to queue
[2024-02-03T06:00:01.882+0000] {logging_mixin.py:188} INFO - [2024-02-03T06:00:01.882+0000] {dagbag.py:538} INFO - Filling up the DagBag from /home/airflow/.local/lib/python3.8/site-packages/airflow/example_dags/example_xcomargs.py
[2024-02-03T06:00:01.892+0000] {processor.py:840} INFO - DAG(s) 'example_xcom_args', 'example_xcom_args_with_operators' retrieved from /home/airflow/.local/lib/python3.8/site-packages/airflow/example_dags/example_xcomargs.py
[2024-02-03T06:00:01.924+0000] {logging_mixin.py:188} INFO - [2024-02-03T06:00:01.924+0000] {dag.py:3036} INFO - Sync 2 DAGs
[2024-02-03T06:00:01.940+0000] {logging_mixin.py:188} INFO - [2024-02-03T06:00:01.939+0000] {dag.py:3823} INFO - Setting next_dagrun for example_xcom_args to None, run_after=None
[2024-02-03T06:00:01.944+0000] {logging_mixin.py:188} INFO - [2024-02-03T06:00:01.944+0000] {dag.py:3823} INFO - Setting next_dagrun for example_xcom_args_with_operators to None, run_after=None
[2024-02-03T06:00:01.968+0000] {processor.py:183} INFO - Processing /home/airflow/.local/lib/python3.8/site-packages/airflow/example_dags/example_xcomargs.py took 0.092 seconds
[2024-02-03T06:00:32.246+0000] {processor.py:161} INFO - Started process (PID=125) to work on /home/airflow/.local/lib/python3.8/site-packages/airflow/example_dags/example_xcomargs.py
[2024-02-03T06:00:32.247+0000] {processor.py:830} INFO - Processing file /home/airflow/.local/lib/python3.8/site-packages/airflow/example_dags/example_xcomargs.py for tasks to queue
[2024-02-03T06:00:32.249+0000] {logging_mixin.py:188} INFO - [2024-02-03T06:00:32.249+0000] {dagbag.py:538} INFO - Filling up the DagBag from /home/airflow/.local/lib/python3.8/site-packages/airflow/example_dags/example_xcomargs.py
[2024-02-03T06:00:32.258+0000] {processor.py:840} INFO - DAG(s) 'example_xcom_args_with_operators', 'example_xcom_args' retrieved from /home/airflow/.local/lib/python3.8/site-packages/airflow/example_dags/example_xcomargs.py
[2024-02-03T06:00:32.288+0000] {logging_mixin.py:188} INFO - [2024-02-03T06:00:32.287+0000] {dag.py:3036} INFO - Sync 2 DAGs
[2024-02-03T06:00:32.305+0000] {logging_mixin.py:188} INFO - [2024-02-03T06:00:32.304+0000] {dag.py:3823} INFO - Setting next_dagrun for example_xcom_args to None, run_after=None
[2024-02-03T06:00:32.310+0000] {logging_mixin.py:188} INFO - [2024-02-03T06:00:32.310+0000] {dag.py:3823} INFO - Setting next_dagrun for example_xcom_args_with_operators to None, run_after=None
[2024-02-03T06:00:32.332+0000] {processor.py:183} INFO - Processing /home/airflow/.local/lib/python3.8/site-packages/airflow/example_dags/example_xcomargs.py took 0.089 seconds
[2024-02-03T06:01:02.700+0000] {processor.py:161} INFO - Started process (PID=180) to work on /home/airflow/.local/lib/python3.8/site-packages/airflow/example_dags/example_xcomargs.py
[2024-02-03T06:01:02.701+0000] {processor.py:830} INFO - Processing file /home/airflow/.local/lib/python3.8/site-packages/airflow/example_dags/example_xcomargs.py for tasks to queue
[2024-02-03T06:01:02.703+0000] {logging_mixin.py:188} INFO - [2024-02-03T06:01:02.703+0000] {dagbag.py:538} INFO - Filling up the DagBag from /home/airflow/.local/lib/python3.8/site-packages/airflow/example_dags/example_xcomargs.py
[2024-02-03T06:01:02.712+0000] {processor.py:840} INFO - DAG(s) 'example_xcom_args', 'example_xcom_args_with_operators' retrieved from /home/airflow/.local/lib/python3.8/site-packages/airflow/example_dags/example_xcomargs.py
[2024-02-03T06:01:02.742+0000] {logging_mixin.py:188} INFO - [2024-02-03T06:01:02.741+0000] {dag.py:3036} INFO - Sync 2 DAGs
[2024-02-03T06:01:02.758+0000] {logging_mixin.py:188} INFO - [2024-02-03T06:01:02.757+0000] {dag.py:3823} INFO - Setting next_dagrun for example_xcom_args to None, run_after=None
[2024-02-03T06:01:02.762+0000] {logging_mixin.py:188} INFO - [2024-02-03T06:01:02.762+0000] {dag.py:3823} INFO - Setting next_dagrun for example_xcom_args_with_operators to None, run_after=None
[2024-02-03T06:01:02.790+0000] {processor.py:183} INFO - Processing /home/airflow/.local/lib/python3.8/site-packages/airflow/example_dags/example_xcomargs.py took 0.093 seconds
[2024-02-03T06:33:39.155+0000] {processor.py:161} INFO - Started process (PID=70) to work on /home/airflow/.local/lib/python3.8/site-packages/airflow/example_dags/example_xcomargs.py
[2024-02-03T06:33:39.174+0000] {processor.py:830} INFO - Processing file /home/airflow/.local/lib/python3.8/site-packages/airflow/example_dags/example_xcomargs.py for tasks to queue
[2024-02-03T06:33:39.190+0000] {logging_mixin.py:188} INFO - [2024-02-03T06:33:39.189+0000] {dagbag.py:538} INFO - Filling up the DagBag from /home/airflow/.local/lib/python3.8/site-packages/airflow/example_dags/example_xcomargs.py
[2024-02-03T06:33:39.261+0000] {processor.py:840} INFO - DAG(s) 'example_xcom_args_with_operators', 'example_xcom_args' retrieved from /home/airflow/.local/lib/python3.8/site-packages/airflow/example_dags/example_xcomargs.py
[2024-02-03T06:33:39.305+0000] {logging_mixin.py:188} INFO - [2024-02-03T06:33:39.304+0000] {dag.py:3036} INFO - Sync 2 DAGs
[2024-02-03T06:33:39.390+0000] {logging_mixin.py:188} INFO - [2024-02-03T06:33:39.389+0000] {dag.py:3823} INFO - Setting next_dagrun for example_xcom_args to None, run_after=None
[2024-02-03T06:33:39.400+0000] {logging_mixin.py:188} INFO - [2024-02-03T06:33:39.400+0000] {dag.py:3823} INFO - Setting next_dagrun for example_xcom_args_with_operators to None, run_after=None
[2024-02-03T06:33:39.450+0000] {processor.py:183} INFO - Processing /home/airflow/.local/lib/python3.8/site-packages/airflow/example_dags/example_xcomargs.py took 0.346 seconds
[2024-02-03T06:34:10.664+0000] {processor.py:161} INFO - Started process (PID=125) to work on /home/airflow/.local/lib/python3.8/site-packages/airflow/example_dags/example_xcomargs.py
[2024-02-03T06:34:10.665+0000] {processor.py:830} INFO - Processing file /home/airflow/.local/lib/python3.8/site-packages/airflow/example_dags/example_xcomargs.py for tasks to queue
[2024-02-03T06:34:10.667+0000] {logging_mixin.py:188} INFO - [2024-02-03T06:34:10.667+0000] {dagbag.py:538} INFO - Filling up the DagBag from /home/airflow/.local/lib/python3.8/site-packages/airflow/example_dags/example_xcomargs.py
[2024-02-03T06:34:10.675+0000] {processor.py:840} INFO - DAG(s) 'example_xcom_args', 'example_xcom_args_with_operators' retrieved from /home/airflow/.local/lib/python3.8/site-packages/airflow/example_dags/example_xcomargs.py
[2024-02-03T06:34:10.804+0000] {logging_mixin.py:188} INFO - [2024-02-03T06:34:10.803+0000] {dag.py:3036} INFO - Sync 2 DAGs
[2024-02-03T06:34:10.819+0000] {logging_mixin.py:188} INFO - [2024-02-03T06:34:10.819+0000] {dag.py:3823} INFO - Setting next_dagrun for example_xcom_args to None, run_after=None
[2024-02-03T06:34:10.824+0000] {logging_mixin.py:188} INFO - [2024-02-03T06:34:10.824+0000] {dag.py:3823} INFO - Setting next_dagrun for example_xcom_args_with_operators to None, run_after=None
[2024-02-03T06:34:10.852+0000] {processor.py:183} INFO - Processing /home/airflow/.local/lib/python3.8/site-packages/airflow/example_dags/example_xcomargs.py took 0.191 seconds
[2024-02-03T06:34:41.596+0000] {processor.py:161} INFO - Started process (PID=180) to work on /home/airflow/.local/lib/python3.8/site-packages/airflow/example_dags/example_xcomargs.py
[2024-02-03T06:34:41.597+0000] {processor.py:830} INFO - Processing file /home/airflow/.local/lib/python3.8/site-packages/airflow/example_dags/example_xcomargs.py for tasks to queue
[2024-02-03T06:34:41.599+0000] {logging_mixin.py:188} INFO - [2024-02-03T06:34:41.599+0000] {dagbag.py:538} INFO - Filling up the DagBag from /home/airflow/.local/lib/python3.8/site-packages/airflow/example_dags/example_xcomargs.py
[2024-02-03T06:34:41.608+0000] {processor.py:840} INFO - DAG(s) 'example_xcom_args', 'example_xcom_args_with_operators' retrieved from /home/airflow/.local/lib/python3.8/site-packages/airflow/example_dags/example_xcomargs.py
[2024-02-03T06:34:41.636+0000] {logging_mixin.py:188} INFO - [2024-02-03T06:34:41.636+0000] {dag.py:3036} INFO - Sync 2 DAGs
[2024-02-03T06:34:41.650+0000] {logging_mixin.py:188} INFO - [2024-02-03T06:34:41.650+0000] {dag.py:3823} INFO - Setting next_dagrun for example_xcom_args to None, run_after=None
[2024-02-03T06:34:41.655+0000] {logging_mixin.py:188} INFO - [2024-02-03T06:34:41.655+0000] {dag.py:3823} INFO - Setting next_dagrun for example_xcom_args_with_operators to None, run_after=None
[2024-02-03T06:34:41.679+0000] {processor.py:183} INFO - Processing /home/airflow/.local/lib/python3.8/site-packages/airflow/example_dags/example_xcomargs.py took 0.086 seconds
[2024-02-03T06:35:12.016+0000] {processor.py:161} INFO - Started process (PID=235) to work on /home/airflow/.local/lib/python3.8/site-packages/airflow/example_dags/example_xcomargs.py
[2024-02-03T06:35:12.017+0000] {processor.py:830} INFO - Processing file /home/airflow/.local/lib/python3.8/site-packages/airflow/example_dags/example_xcomargs.py for tasks to queue
[2024-02-03T06:35:12.018+0000] {logging_mixin.py:188} INFO - [2024-02-03T06:35:12.018+0000] {dagbag.py:538} INFO - Filling up the DagBag from /home/airflow/.local/lib/python3.8/site-packages/airflow/example_dags/example_xcomargs.py
[2024-02-03T06:35:12.026+0000] {processor.py:840} INFO - DAG(s) 'example_xcom_args', 'example_xcom_args_with_operators' retrieved from /home/airflow/.local/lib/python3.8/site-packages/airflow/example_dags/example_xcomargs.py
[2024-02-03T06:35:12.052+0000] {logging_mixin.py:188} INFO - [2024-02-03T06:35:12.052+0000] {dag.py:3036} INFO - Sync 2 DAGs
[2024-02-03T06:35:12.066+0000] {logging_mixin.py:188} INFO - [2024-02-03T06:35:12.066+0000] {dag.py:3823} INFO - Setting next_dagrun for example_xcom_args to None, run_after=None
[2024-02-03T06:35:12.072+0000] {logging_mixin.py:188} INFO - [2024-02-03T06:35:12.071+0000] {dag.py:3823} INFO - Setting next_dagrun for example_xcom_args_with_operators to None, run_after=None
[2024-02-03T06:35:12.094+0000] {processor.py:183} INFO - Processing /home/airflow/.local/lib/python3.8/site-packages/airflow/example_dags/example_xcomargs.py took 0.081 seconds
[2024-02-03T06:35:42.443+0000] {processor.py:161} INFO - Started process (PID=290) to work on /home/airflow/.local/lib/python3.8/site-packages/airflow/example_dags/example_xcomargs.py
[2024-02-03T06:35:42.444+0000] {processor.py:830} INFO - Processing file /home/airflow/.local/lib/python3.8/site-packages/airflow/example_dags/example_xcomargs.py for tasks to queue
[2024-02-03T06:35:42.446+0000] {logging_mixin.py:188} INFO - [2024-02-03T06:35:42.445+0000] {dagbag.py:538} INFO - Filling up the DagBag from /home/airflow/.local/lib/python3.8/site-packages/airflow/example_dags/example_xcomargs.py
[2024-02-03T06:35:42.454+0000] {processor.py:840} INFO - DAG(s) 'example_xcom_args', 'example_xcom_args_with_operators' retrieved from /home/airflow/.local/lib/python3.8/site-packages/airflow/example_dags/example_xcomargs.py
[2024-02-03T06:35:42.480+0000] {logging_mixin.py:188} INFO - [2024-02-03T06:35:42.480+0000] {dag.py:3036} INFO - Sync 2 DAGs
[2024-02-03T06:35:42.494+0000] {logging_mixin.py:188} INFO - [2024-02-03T06:35:42.494+0000] {dag.py:3823} INFO - Setting next_dagrun for example_xcom_args to None, run_after=None
[2024-02-03T06:35:42.498+0000] {logging_mixin.py:188} INFO - [2024-02-03T06:35:42.498+0000] {dag.py:3823} INFO - Setting next_dagrun for example_xcom_args_with_operators to None, run_after=None
[2024-02-03T06:35:42.521+0000] {processor.py:183} INFO - Processing /home/airflow/.local/lib/python3.8/site-packages/airflow/example_dags/example_xcomargs.py took 0.081 seconds
[2024-02-03T06:36:12.865+0000] {processor.py:161} INFO - Started process (PID=345) to work on /home/airflow/.local/lib/python3.8/site-packages/airflow/example_dags/example_xcomargs.py
[2024-02-03T06:36:12.866+0000] {processor.py:830} INFO - Processing file /home/airflow/.local/lib/python3.8/site-packages/airflow/example_dags/example_xcomargs.py for tasks to queue
[2024-02-03T06:36:12.868+0000] {logging_mixin.py:188} INFO - [2024-02-03T06:36:12.868+0000] {dagbag.py:538} INFO - Filling up the DagBag from /home/airflow/.local/lib/python3.8/site-packages/airflow/example_dags/example_xcomargs.py
[2024-02-03T06:36:12.876+0000] {processor.py:840} INFO - DAG(s) 'example_xcom_args', 'example_xcom_args_with_operators' retrieved from /home/airflow/.local/lib/python3.8/site-packages/airflow/example_dags/example_xcomargs.py
[2024-02-03T06:36:12.905+0000] {logging_mixin.py:188} INFO - [2024-02-03T06:36:12.905+0000] {dag.py:3036} INFO - Sync 2 DAGs
[2024-02-03T06:36:12.921+0000] {logging_mixin.py:188} INFO - [2024-02-03T06:36:12.921+0000] {dag.py:3823} INFO - Setting next_dagrun for example_xcom_args to None, run_after=None
[2024-02-03T06:36:12.926+0000] {logging_mixin.py:188} INFO - [2024-02-03T06:36:12.926+0000] {dag.py:3823} INFO - Setting next_dagrun for example_xcom_args_with_operators to None, run_after=None
[2024-02-03T06:36:12.949+0000] {processor.py:183} INFO - Processing /home/airflow/.local/lib/python3.8/site-packages/airflow/example_dags/example_xcomargs.py took 0.087 seconds
