[2024-02-03T05:26:21.439+0000] {processor.py:161} INFO - Started process (PID=81) to work on /home/airflow/.local/lib/python3.8/site-packages/airflow/example_dags/example_datasets.py
[2024-02-03T05:26:21.441+0000] {processor.py:830} INFO - Processing file /home/airflow/.local/lib/python3.8/site-packages/airflow/example_dags/example_datasets.py for tasks to queue
[2024-02-03T05:26:21.443+0000] {logging_mixin.py:188} INFO - [2024-02-03T05:26:21.443+0000] {dagbag.py:538} INFO - Filling up the DagBag from /home/airflow/.local/lib/python3.8/site-packages/airflow/example_dags/example_datasets.py
[2024-02-03T05:26:21.458+0000] {processor.py:840} INFO - DAG(s) 'dataset_consumes_1_and_2', 'dataset_consumes_1', 'dataset_produces_1', 'dataset_produces_2', 'dataset_consumes_unknown_never_scheduled', 'dataset_consumes_1_never_scheduled' retrieved from /home/airflow/.local/lib/python3.8/site-packages/airflow/example_dags/example_datasets.py
[2024-02-03T05:26:21.753+0000] {logging_mixin.py:188} INFO - [2024-02-03T05:26:21.752+0000] {dag.py:3036} INFO - Sync 6 DAGs
[2024-02-03T05:26:21.788+0000] {logging_mixin.py:188} INFO - [2024-02-03T05:26:21.788+0000] {dag.py:3823} INFO - Setting next_dagrun for dataset_consumes_1 to None, run_after=None
[2024-02-03T05:26:21.794+0000] {logging_mixin.py:188} INFO - [2024-02-03T05:26:21.794+0000] {dag.py:3823} INFO - Setting next_dagrun for dataset_consumes_1_and_2 to None, run_after=None
[2024-02-03T05:26:21.798+0000] {logging_mixin.py:188} INFO - [2024-02-03T05:26:21.798+0000] {dag.py:3823} INFO - Setting next_dagrun for dataset_consumes_1_never_scheduled to None, run_after=None
[2024-02-03T05:26:21.800+0000] {logging_mixin.py:188} INFO - [2024-02-03T05:26:21.800+0000] {dag.py:3823} INFO - Setting next_dagrun for dataset_consumes_unknown_never_scheduled to None, run_after=None
[2024-02-03T05:26:21.807+0000] {logging_mixin.py:188} INFO - [2024-02-03T05:26:21.806+0000] {dag.py:3823} INFO - Setting next_dagrun for dataset_produces_1 to 2024-02-02 00:00:00+00:00, run_after=2024-02-03 00:00:00+00:00
[2024-02-03T05:26:21.811+0000] {logging_mixin.py:188} INFO - [2024-02-03T05:26:21.810+0000] {dag.py:3823} INFO - Setting next_dagrun for dataset_produces_2 to None, run_after=None
[2024-02-03T05:26:21.873+0000] {processor.py:183} INFO - Processing /home/airflow/.local/lib/python3.8/site-packages/airflow/example_dags/example_datasets.py took 0.437 seconds
[2024-02-03T05:26:52.206+0000] {processor.py:161} INFO - Started process (PID=136) to work on /home/airflow/.local/lib/python3.8/site-packages/airflow/example_dags/example_datasets.py
[2024-02-03T05:26:52.207+0000] {processor.py:830} INFO - Processing file /home/airflow/.local/lib/python3.8/site-packages/airflow/example_dags/example_datasets.py for tasks to queue
[2024-02-03T05:26:52.210+0000] {logging_mixin.py:188} INFO - [2024-02-03T05:26:52.209+0000] {dagbag.py:538} INFO - Filling up the DagBag from /home/airflow/.local/lib/python3.8/site-packages/airflow/example_dags/example_datasets.py
[2024-02-03T05:26:52.221+0000] {processor.py:840} INFO - DAG(s) 'dataset_consumes_1_never_scheduled', 'dataset_consumes_unknown_never_scheduled', 'dataset_consumes_1', 'dataset_produces_1', 'dataset_consumes_1_and_2', 'dataset_produces_2' retrieved from /home/airflow/.local/lib/python3.8/site-packages/airflow/example_dags/example_datasets.py
[2024-02-03T05:26:52.274+0000] {logging_mixin.py:188} INFO - [2024-02-03T05:26:52.274+0000] {dag.py:3036} INFO - Sync 6 DAGs
[2024-02-03T05:26:52.306+0000] {logging_mixin.py:188} INFO - [2024-02-03T05:26:52.305+0000] {dag.py:3823} INFO - Setting next_dagrun for dataset_consumes_1 to None, run_after=None
[2024-02-03T05:26:52.312+0000] {logging_mixin.py:188} INFO - [2024-02-03T05:26:52.311+0000] {dag.py:3823} INFO - Setting next_dagrun for dataset_consumes_1_and_2 to None, run_after=None
[2024-02-03T05:26:52.314+0000] {logging_mixin.py:188} INFO - [2024-02-03T05:26:52.314+0000] {dag.py:3823} INFO - Setting next_dagrun for dataset_consumes_1_never_scheduled to None, run_after=None
[2024-02-03T05:26:52.316+0000] {logging_mixin.py:188} INFO - [2024-02-03T05:26:52.316+0000] {dag.py:3823} INFO - Setting next_dagrun for dataset_consumes_unknown_never_scheduled to None, run_after=None
[2024-02-03T05:26:52.321+0000] {logging_mixin.py:188} INFO - [2024-02-03T05:26:52.321+0000] {dag.py:3823} INFO - Setting next_dagrun for dataset_produces_1 to 2024-02-02 00:00:00+00:00, run_after=2024-02-03 00:00:00+00:00
[2024-02-03T05:26:52.323+0000] {logging_mixin.py:188} INFO - [2024-02-03T05:26:52.323+0000] {dag.py:3823} INFO - Setting next_dagrun for dataset_produces_2 to None, run_after=None
[2024-02-03T05:26:52.367+0000] {processor.py:183} INFO - Processing /home/airflow/.local/lib/python3.8/site-packages/airflow/example_dags/example_datasets.py took 0.164 seconds
[2024-02-03T05:27:22.473+0000] {processor.py:161} INFO - Started process (PID=191) to work on /home/airflow/.local/lib/python3.8/site-packages/airflow/example_dags/example_datasets.py
[2024-02-03T05:27:22.474+0000] {processor.py:830} INFO - Processing file /home/airflow/.local/lib/python3.8/site-packages/airflow/example_dags/example_datasets.py for tasks to queue
[2024-02-03T05:27:22.475+0000] {logging_mixin.py:188} INFO - [2024-02-03T05:27:22.475+0000] {dagbag.py:538} INFO - Filling up the DagBag from /home/airflow/.local/lib/python3.8/site-packages/airflow/example_dags/example_datasets.py
[2024-02-03T05:27:22.485+0000] {processor.py:840} INFO - DAG(s) 'dataset_consumes_1_and_2', 'dataset_consumes_1', 'dataset_produces_2', 'dataset_consumes_unknown_never_scheduled', 'dataset_consumes_1_never_scheduled', 'dataset_produces_1' retrieved from /home/airflow/.local/lib/python3.8/site-packages/airflow/example_dags/example_datasets.py
[2024-02-03T05:27:22.529+0000] {logging_mixin.py:188} INFO - [2024-02-03T05:27:22.529+0000] {dag.py:3036} INFO - Sync 6 DAGs
[2024-02-03T05:27:22.557+0000] {logging_mixin.py:188} INFO - [2024-02-03T05:27:22.557+0000] {dag.py:3823} INFO - Setting next_dagrun for dataset_consumes_1 to None, run_after=None
[2024-02-03T05:27:22.562+0000] {logging_mixin.py:188} INFO - [2024-02-03T05:27:22.562+0000] {dag.py:3823} INFO - Setting next_dagrun for dataset_consumes_1_and_2 to None, run_after=None
[2024-02-03T05:27:22.564+0000] {logging_mixin.py:188} INFO - [2024-02-03T05:27:22.564+0000] {dag.py:3823} INFO - Setting next_dagrun for dataset_consumes_1_never_scheduled to None, run_after=None
[2024-02-03T05:27:22.566+0000] {logging_mixin.py:188} INFO - [2024-02-03T05:27:22.565+0000] {dag.py:3823} INFO - Setting next_dagrun for dataset_consumes_unknown_never_scheduled to None, run_after=None
[2024-02-03T05:27:22.570+0000] {logging_mixin.py:188} INFO - [2024-02-03T05:27:22.569+0000] {dag.py:3823} INFO - Setting next_dagrun for dataset_produces_1 to 2024-02-02 00:00:00+00:00, run_after=2024-02-03 00:00:00+00:00
[2024-02-03T05:27:22.572+0000] {logging_mixin.py:188} INFO - [2024-02-03T05:27:22.572+0000] {dag.py:3823} INFO - Setting next_dagrun for dataset_produces_2 to None, run_after=None
[2024-02-03T05:27:22.612+0000] {processor.py:183} INFO - Processing /home/airflow/.local/lib/python3.8/site-packages/airflow/example_dags/example_datasets.py took 0.142 seconds
[2024-02-03T05:27:52.707+0000] {processor.py:161} INFO - Started process (PID=247) to work on /home/airflow/.local/lib/python3.8/site-packages/airflow/example_dags/example_datasets.py
[2024-02-03T05:27:52.708+0000] {processor.py:830} INFO - Processing file /home/airflow/.local/lib/python3.8/site-packages/airflow/example_dags/example_datasets.py for tasks to queue
[2024-02-03T05:27:52.710+0000] {logging_mixin.py:188} INFO - [2024-02-03T05:27:52.710+0000] {dagbag.py:538} INFO - Filling up the DagBag from /home/airflow/.local/lib/python3.8/site-packages/airflow/example_dags/example_datasets.py
[2024-02-03T05:27:52.721+0000] {processor.py:840} INFO - DAG(s) 'dataset_consumes_unknown_never_scheduled', 'dataset_produces_2', 'dataset_consumes_1', 'dataset_produces_1', 'dataset_consumes_1_never_scheduled', 'dataset_consumes_1_and_2' retrieved from /home/airflow/.local/lib/python3.8/site-packages/airflow/example_dags/example_datasets.py
[2024-02-03T05:27:52.767+0000] {logging_mixin.py:188} INFO - [2024-02-03T05:27:52.767+0000] {dag.py:3036} INFO - Sync 6 DAGs
[2024-02-03T05:27:52.792+0000] {logging_mixin.py:188} INFO - [2024-02-03T05:27:52.792+0000] {dag.py:3823} INFO - Setting next_dagrun for dataset_consumes_1 to None, run_after=None
[2024-02-03T05:27:52.797+0000] {logging_mixin.py:188} INFO - [2024-02-03T05:27:52.796+0000] {dag.py:3823} INFO - Setting next_dagrun for dataset_consumes_1_and_2 to None, run_after=None
[2024-02-03T05:27:52.798+0000] {logging_mixin.py:188} INFO - [2024-02-03T05:27:52.798+0000] {dag.py:3823} INFO - Setting next_dagrun for dataset_consumes_1_never_scheduled to None, run_after=None
[2024-02-03T05:27:52.800+0000] {logging_mixin.py:188} INFO - [2024-02-03T05:27:52.800+0000] {dag.py:3823} INFO - Setting next_dagrun for dataset_consumes_unknown_never_scheduled to None, run_after=None
[2024-02-03T05:27:52.803+0000] {logging_mixin.py:188} INFO - [2024-02-03T05:27:52.803+0000] {dag.py:3823} INFO - Setting next_dagrun for dataset_produces_1 to 2024-02-02 00:00:00+00:00, run_after=2024-02-03 00:00:00+00:00
[2024-02-03T05:27:52.805+0000] {logging_mixin.py:188} INFO - [2024-02-03T05:27:52.805+0000] {dag.py:3823} INFO - Setting next_dagrun for dataset_produces_2 to None, run_after=None
[2024-02-03T05:27:52.846+0000] {processor.py:183} INFO - Processing /home/airflow/.local/lib/python3.8/site-packages/airflow/example_dags/example_datasets.py took 0.142 seconds
[2024-02-03T05:28:22.914+0000] {processor.py:161} INFO - Started process (PID=302) to work on /home/airflow/.local/lib/python3.8/site-packages/airflow/example_dags/example_datasets.py
[2024-02-03T05:28:22.915+0000] {processor.py:830} INFO - Processing file /home/airflow/.local/lib/python3.8/site-packages/airflow/example_dags/example_datasets.py for tasks to queue
[2024-02-03T05:28:22.917+0000] {logging_mixin.py:188} INFO - [2024-02-03T05:28:22.916+0000] {dagbag.py:538} INFO - Filling up the DagBag from /home/airflow/.local/lib/python3.8/site-packages/airflow/example_dags/example_datasets.py
[2024-02-03T05:28:22.927+0000] {processor.py:840} INFO - DAG(s) 'dataset_produces_1', 'dataset_produces_2', 'dataset_consumes_unknown_never_scheduled', 'dataset_consumes_1', 'dataset_consumes_1_never_scheduled', 'dataset_consumes_1_and_2' retrieved from /home/airflow/.local/lib/python3.8/site-packages/airflow/example_dags/example_datasets.py
[2024-02-03T05:28:22.979+0000] {logging_mixin.py:188} INFO - [2024-02-03T05:28:22.979+0000] {dag.py:3036} INFO - Sync 6 DAGs
[2024-02-03T05:28:23.014+0000] {logging_mixin.py:188} INFO - [2024-02-03T05:28:23.014+0000] {dag.py:3823} INFO - Setting next_dagrun for dataset_consumes_1 to None, run_after=None
[2024-02-03T05:28:23.019+0000] {logging_mixin.py:188} INFO - [2024-02-03T05:28:23.018+0000] {dag.py:3823} INFO - Setting next_dagrun for dataset_consumes_1_and_2 to None, run_after=None
[2024-02-03T05:28:23.021+0000] {logging_mixin.py:188} INFO - [2024-02-03T05:28:23.021+0000] {dag.py:3823} INFO - Setting next_dagrun for dataset_consumes_1_never_scheduled to None, run_after=None
[2024-02-03T05:28:23.022+0000] {logging_mixin.py:188} INFO - [2024-02-03T05:28:23.022+0000] {dag.py:3823} INFO - Setting next_dagrun for dataset_consumes_unknown_never_scheduled to None, run_after=None
[2024-02-03T05:28:23.026+0000] {logging_mixin.py:188} INFO - [2024-02-03T05:28:23.026+0000] {dag.py:3823} INFO - Setting next_dagrun for dataset_produces_1 to 2024-02-02 00:00:00+00:00, run_after=2024-02-03 00:00:00+00:00
[2024-02-03T05:28:23.028+0000] {logging_mixin.py:188} INFO - [2024-02-03T05:28:23.028+0000] {dag.py:3823} INFO - Setting next_dagrun for dataset_produces_2 to None, run_after=None
[2024-02-03T05:28:23.076+0000] {processor.py:183} INFO - Processing /home/airflow/.local/lib/python3.8/site-packages/airflow/example_dags/example_datasets.py took 0.164 seconds
[2024-02-03T05:28:53.208+0000] {processor.py:161} INFO - Started process (PID=357) to work on /home/airflow/.local/lib/python3.8/site-packages/airflow/example_dags/example_datasets.py
[2024-02-03T05:28:53.209+0000] {processor.py:830} INFO - Processing file /home/airflow/.local/lib/python3.8/site-packages/airflow/example_dags/example_datasets.py for tasks to queue
[2024-02-03T05:28:53.212+0000] {logging_mixin.py:188} INFO - [2024-02-03T05:28:53.211+0000] {dagbag.py:538} INFO - Filling up the DagBag from /home/airflow/.local/lib/python3.8/site-packages/airflow/example_dags/example_datasets.py
[2024-02-03T05:28:53.221+0000] {processor.py:840} INFO - DAG(s) 'dataset_produces_1', 'dataset_consumes_1', 'dataset_consumes_1_never_scheduled', 'dataset_produces_2', 'dataset_consumes_1_and_2', 'dataset_consumes_unknown_never_scheduled' retrieved from /home/airflow/.local/lib/python3.8/site-packages/airflow/example_dags/example_datasets.py
[2024-02-03T05:28:53.273+0000] {logging_mixin.py:188} INFO - [2024-02-03T05:28:53.273+0000] {dag.py:3036} INFO - Sync 6 DAGs
[2024-02-03T05:28:53.303+0000] {logging_mixin.py:188} INFO - [2024-02-03T05:28:53.303+0000] {dag.py:3823} INFO - Setting next_dagrun for dataset_consumes_1 to None, run_after=None
[2024-02-03T05:28:53.310+0000] {logging_mixin.py:188} INFO - [2024-02-03T05:28:53.309+0000] {dag.py:3823} INFO - Setting next_dagrun for dataset_consumes_1_and_2 to None, run_after=None
[2024-02-03T05:28:53.312+0000] {logging_mixin.py:188} INFO - [2024-02-03T05:28:53.312+0000] {dag.py:3823} INFO - Setting next_dagrun for dataset_consumes_1_never_scheduled to None, run_after=None
[2024-02-03T05:28:53.315+0000] {logging_mixin.py:188} INFO - [2024-02-03T05:28:53.314+0000] {dag.py:3823} INFO - Setting next_dagrun for dataset_consumes_unknown_never_scheduled to None, run_after=None
[2024-02-03T05:28:53.319+0000] {logging_mixin.py:188} INFO - [2024-02-03T05:28:53.318+0000] {dag.py:3823} INFO - Setting next_dagrun for dataset_produces_1 to 2024-02-02 00:00:00+00:00, run_after=2024-02-03 00:00:00+00:00
[2024-02-03T05:28:53.321+0000] {logging_mixin.py:188} INFO - [2024-02-03T05:28:53.320+0000] {dag.py:3823} INFO - Setting next_dagrun for dataset_produces_2 to None, run_after=None
[2024-02-03T05:28:53.365+0000] {processor.py:183} INFO - Processing /home/airflow/.local/lib/python3.8/site-packages/airflow/example_dags/example_datasets.py took 0.160 seconds
[2024-02-03T05:29:23.454+0000] {processor.py:161} INFO - Started process (PID=411) to work on /home/airflow/.local/lib/python3.8/site-packages/airflow/example_dags/example_datasets.py
[2024-02-03T05:29:23.455+0000] {processor.py:830} INFO - Processing file /home/airflow/.local/lib/python3.8/site-packages/airflow/example_dags/example_datasets.py for tasks to queue
[2024-02-03T05:29:23.458+0000] {logging_mixin.py:188} INFO - [2024-02-03T05:29:23.458+0000] {dagbag.py:538} INFO - Filling up the DagBag from /home/airflow/.local/lib/python3.8/site-packages/airflow/example_dags/example_datasets.py
[2024-02-03T05:29:23.472+0000] {processor.py:840} INFO - DAG(s) 'dataset_produces_2', 'dataset_consumes_1_and_2', 'dataset_produces_1', 'dataset_consumes_1', 'dataset_consumes_unknown_never_scheduled', 'dataset_consumes_1_never_scheduled' retrieved from /home/airflow/.local/lib/python3.8/site-packages/airflow/example_dags/example_datasets.py
[2024-02-03T05:29:23.531+0000] {logging_mixin.py:188} INFO - [2024-02-03T05:29:23.530+0000] {dag.py:3036} INFO - Sync 6 DAGs
[2024-02-03T05:29:23.567+0000] {logging_mixin.py:188} INFO - [2024-02-03T05:29:23.567+0000] {dag.py:3823} INFO - Setting next_dagrun for dataset_consumes_1 to None, run_after=None
[2024-02-03T05:29:23.574+0000] {logging_mixin.py:188} INFO - [2024-02-03T05:29:23.573+0000] {dag.py:3823} INFO - Setting next_dagrun for dataset_consumes_1_and_2 to None, run_after=None
[2024-02-03T05:29:23.581+0000] {logging_mixin.py:188} INFO - [2024-02-03T05:29:23.580+0000] {dag.py:3823} INFO - Setting next_dagrun for dataset_consumes_1_never_scheduled to None, run_after=None
[2024-02-03T05:29:23.587+0000] {logging_mixin.py:188} INFO - [2024-02-03T05:29:23.586+0000] {dag.py:3823} INFO - Setting next_dagrun for dataset_consumes_unknown_never_scheduled to None, run_after=None
[2024-02-03T05:29:23.594+0000] {logging_mixin.py:188} INFO - [2024-02-03T05:29:23.594+0000] {dag.py:3823} INFO - Setting next_dagrun for dataset_produces_1 to 2024-02-02 00:00:00+00:00, run_after=2024-02-03 00:00:00+00:00
[2024-02-03T05:29:23.599+0000] {logging_mixin.py:188} INFO - [2024-02-03T05:29:23.598+0000] {dag.py:3823} INFO - Setting next_dagrun for dataset_produces_2 to None, run_after=None
[2024-02-03T05:29:23.671+0000] {processor.py:183} INFO - Processing /home/airflow/.local/lib/python3.8/site-packages/airflow/example_dags/example_datasets.py took 0.220 seconds
[2024-02-03T05:29:53.801+0000] {processor.py:161} INFO - Started process (PID=466) to work on /home/airflow/.local/lib/python3.8/site-packages/airflow/example_dags/example_datasets.py
[2024-02-03T05:29:53.802+0000] {processor.py:830} INFO - Processing file /home/airflow/.local/lib/python3.8/site-packages/airflow/example_dags/example_datasets.py for tasks to queue
[2024-02-03T05:29:53.804+0000] {logging_mixin.py:188} INFO - [2024-02-03T05:29:53.803+0000] {dagbag.py:538} INFO - Filling up the DagBag from /home/airflow/.local/lib/python3.8/site-packages/airflow/example_dags/example_datasets.py
[2024-02-03T05:29:53.814+0000] {processor.py:840} INFO - DAG(s) 'dataset_consumes_1_never_scheduled', 'dataset_consumes_1_and_2', 'dataset_consumes_1', 'dataset_produces_2', 'dataset_produces_1', 'dataset_consumes_unknown_never_scheduled' retrieved from /home/airflow/.local/lib/python3.8/site-packages/airflow/example_dags/example_datasets.py
[2024-02-03T05:29:53.861+0000] {logging_mixin.py:188} INFO - [2024-02-03T05:29:53.861+0000] {dag.py:3036} INFO - Sync 6 DAGs
[2024-02-03T05:29:53.892+0000] {logging_mixin.py:188} INFO - [2024-02-03T05:29:53.891+0000] {dag.py:3823} INFO - Setting next_dagrun for dataset_consumes_1 to None, run_after=None
[2024-02-03T05:29:53.898+0000] {logging_mixin.py:188} INFO - [2024-02-03T05:29:53.898+0000] {dag.py:3823} INFO - Setting next_dagrun for dataset_consumes_1_and_2 to None, run_after=None
[2024-02-03T05:29:53.901+0000] {logging_mixin.py:188} INFO - [2024-02-03T05:29:53.900+0000] {dag.py:3823} INFO - Setting next_dagrun for dataset_consumes_1_never_scheduled to None, run_after=None
[2024-02-03T05:29:53.902+0000] {logging_mixin.py:188} INFO - [2024-02-03T05:29:53.902+0000] {dag.py:3823} INFO - Setting next_dagrun for dataset_consumes_unknown_never_scheduled to None, run_after=None
[2024-02-03T05:29:53.906+0000] {logging_mixin.py:188} INFO - [2024-02-03T05:29:53.906+0000] {dag.py:3823} INFO - Setting next_dagrun for dataset_produces_1 to 2024-02-02 00:00:00+00:00, run_after=2024-02-03 00:00:00+00:00
[2024-02-03T05:29:53.908+0000] {logging_mixin.py:188} INFO - [2024-02-03T05:29:53.907+0000] {dag.py:3823} INFO - Setting next_dagrun for dataset_produces_2 to None, run_after=None
[2024-02-03T05:29:53.948+0000] {processor.py:183} INFO - Processing /home/airflow/.local/lib/python3.8/site-packages/airflow/example_dags/example_datasets.py took 0.150 seconds
[2024-02-03T05:30:24.079+0000] {processor.py:161} INFO - Started process (PID=521) to work on /home/airflow/.local/lib/python3.8/site-packages/airflow/example_dags/example_datasets.py
[2024-02-03T05:30:24.080+0000] {processor.py:830} INFO - Processing file /home/airflow/.local/lib/python3.8/site-packages/airflow/example_dags/example_datasets.py for tasks to queue
[2024-02-03T05:30:24.082+0000] {logging_mixin.py:188} INFO - [2024-02-03T05:30:24.081+0000] {dagbag.py:538} INFO - Filling up the DagBag from /home/airflow/.local/lib/python3.8/site-packages/airflow/example_dags/example_datasets.py
[2024-02-03T05:30:24.093+0000] {processor.py:840} INFO - DAG(s) 'dataset_consumes_1_never_scheduled', 'dataset_consumes_1', 'dataset_consumes_1_and_2', 'dataset_produces_1', 'dataset_produces_2', 'dataset_consumes_unknown_never_scheduled' retrieved from /home/airflow/.local/lib/python3.8/site-packages/airflow/example_dags/example_datasets.py
[2024-02-03T05:30:24.140+0000] {logging_mixin.py:188} INFO - [2024-02-03T05:30:24.139+0000] {dag.py:3036} INFO - Sync 6 DAGs
[2024-02-03T05:30:24.168+0000] {logging_mixin.py:188} INFO - [2024-02-03T05:30:24.168+0000] {dag.py:3823} INFO - Setting next_dagrun for dataset_consumes_1 to None, run_after=None
[2024-02-03T05:30:24.173+0000] {logging_mixin.py:188} INFO - [2024-02-03T05:30:24.173+0000] {dag.py:3823} INFO - Setting next_dagrun for dataset_consumes_1_and_2 to None, run_after=None
[2024-02-03T05:30:24.176+0000] {logging_mixin.py:188} INFO - [2024-02-03T05:30:24.176+0000] {dag.py:3823} INFO - Setting next_dagrun for dataset_consumes_1_never_scheduled to None, run_after=None
[2024-02-03T05:30:24.180+0000] {logging_mixin.py:188} INFO - [2024-02-03T05:30:24.179+0000] {dag.py:3823} INFO - Setting next_dagrun for dataset_consumes_unknown_never_scheduled to None, run_after=None
[2024-02-03T05:30:24.185+0000] {logging_mixin.py:188} INFO - [2024-02-03T05:30:24.185+0000] {dag.py:3823} INFO - Setting next_dagrun for dataset_produces_1 to 2024-02-02 00:00:00+00:00, run_after=2024-02-03 00:00:00+00:00
[2024-02-03T05:30:24.187+0000] {logging_mixin.py:188} INFO - [2024-02-03T05:30:24.187+0000] {dag.py:3823} INFO - Setting next_dagrun for dataset_produces_2 to None, run_after=None
[2024-02-03T05:30:24.228+0000] {processor.py:183} INFO - Processing /home/airflow/.local/lib/python3.8/site-packages/airflow/example_dags/example_datasets.py took 0.154 seconds
[2024-02-03T05:30:54.871+0000] {processor.py:161} INFO - Started process (PID=576) to work on /home/airflow/.local/lib/python3.8/site-packages/airflow/example_dags/example_datasets.py
[2024-02-03T05:30:54.873+0000] {processor.py:830} INFO - Processing file /home/airflow/.local/lib/python3.8/site-packages/airflow/example_dags/example_datasets.py for tasks to queue
[2024-02-03T05:30:54.875+0000] {logging_mixin.py:188} INFO - [2024-02-03T05:30:54.875+0000] {dagbag.py:538} INFO - Filling up the DagBag from /home/airflow/.local/lib/python3.8/site-packages/airflow/example_dags/example_datasets.py
[2024-02-03T05:30:54.886+0000] {processor.py:840} INFO - DAG(s) 'dataset_consumes_1_and_2', 'dataset_consumes_unknown_never_scheduled', 'dataset_produces_2', 'dataset_consumes_1', 'dataset_produces_1', 'dataset_consumes_1_never_scheduled' retrieved from /home/airflow/.local/lib/python3.8/site-packages/airflow/example_dags/example_datasets.py
[2024-02-03T05:30:54.969+0000] {logging_mixin.py:188} INFO - [2024-02-03T05:30:54.968+0000] {dag.py:3036} INFO - Sync 6 DAGs
[2024-02-03T05:30:55.016+0000] {logging_mixin.py:188} INFO - [2024-02-03T05:30:55.016+0000] {dag.py:3823} INFO - Setting next_dagrun for dataset_consumes_1 to None, run_after=None
[2024-02-03T05:30:55.021+0000] {logging_mixin.py:188} INFO - [2024-02-03T05:30:55.021+0000] {dag.py:3823} INFO - Setting next_dagrun for dataset_consumes_1_and_2 to None, run_after=None
[2024-02-03T05:30:55.024+0000] {logging_mixin.py:188} INFO - [2024-02-03T05:30:55.024+0000] {dag.py:3823} INFO - Setting next_dagrun for dataset_consumes_1_never_scheduled to None, run_after=None
[2024-02-03T05:30:55.026+0000] {logging_mixin.py:188} INFO - [2024-02-03T05:30:55.026+0000] {dag.py:3823} INFO - Setting next_dagrun for dataset_consumes_unknown_never_scheduled to None, run_after=None
[2024-02-03T05:30:55.031+0000] {logging_mixin.py:188} INFO - [2024-02-03T05:30:55.031+0000] {dag.py:3823} INFO - Setting next_dagrun for dataset_produces_1 to 2024-02-02 00:00:00+00:00, run_after=2024-02-03 00:00:00+00:00
[2024-02-03T05:30:55.034+0000] {logging_mixin.py:188} INFO - [2024-02-03T05:30:55.033+0000] {dag.py:3823} INFO - Setting next_dagrun for dataset_produces_2 to None, run_after=None
[2024-02-03T05:30:55.078+0000] {processor.py:183} INFO - Processing /home/airflow/.local/lib/python3.8/site-packages/airflow/example_dags/example_datasets.py took 0.209 seconds
[2024-02-03T05:31:25.839+0000] {processor.py:161} INFO - Started process (PID=637) to work on /home/airflow/.local/lib/python3.8/site-packages/airflow/example_dags/example_datasets.py
[2024-02-03T05:31:25.840+0000] {processor.py:830} INFO - Processing file /home/airflow/.local/lib/python3.8/site-packages/airflow/example_dags/example_datasets.py for tasks to queue
[2024-02-03T05:31:25.842+0000] {logging_mixin.py:188} INFO - [2024-02-03T05:31:25.842+0000] {dagbag.py:538} INFO - Filling up the DagBag from /home/airflow/.local/lib/python3.8/site-packages/airflow/example_dags/example_datasets.py
[2024-02-03T05:31:25.853+0000] {processor.py:840} INFO - DAG(s) 'dataset_consumes_1_and_2', 'dataset_consumes_unknown_never_scheduled', 'dataset_consumes_1', 'dataset_produces_1', 'dataset_consumes_1_never_scheduled', 'dataset_produces_2' retrieved from /home/airflow/.local/lib/python3.8/site-packages/airflow/example_dags/example_datasets.py
[2024-02-03T05:31:25.900+0000] {logging_mixin.py:188} INFO - [2024-02-03T05:31:25.900+0000] {dag.py:3036} INFO - Sync 6 DAGs
[2024-02-03T05:31:25.929+0000] {logging_mixin.py:188} INFO - [2024-02-03T05:31:25.929+0000] {dag.py:3823} INFO - Setting next_dagrun for dataset_consumes_1 to None, run_after=None
[2024-02-03T05:31:25.934+0000] {logging_mixin.py:188} INFO - [2024-02-03T05:31:25.934+0000] {dag.py:3823} INFO - Setting next_dagrun for dataset_consumes_1_and_2 to None, run_after=None
[2024-02-03T05:31:25.936+0000] {logging_mixin.py:188} INFO - [2024-02-03T05:31:25.936+0000] {dag.py:3823} INFO - Setting next_dagrun for dataset_consumes_1_never_scheduled to None, run_after=None
[2024-02-03T05:31:25.938+0000] {logging_mixin.py:188} INFO - [2024-02-03T05:31:25.938+0000] {dag.py:3823} INFO - Setting next_dagrun for dataset_consumes_unknown_never_scheduled to None, run_after=None
[2024-02-03T05:31:25.942+0000] {logging_mixin.py:188} INFO - [2024-02-03T05:31:25.942+0000] {dag.py:3823} INFO - Setting next_dagrun for dataset_produces_1 to 2024-02-02 00:00:00+00:00, run_after=2024-02-03 00:00:00+00:00
[2024-02-03T05:31:25.945+0000] {logging_mixin.py:188} INFO - [2024-02-03T05:31:25.945+0000] {dag.py:3823} INFO - Setting next_dagrun for dataset_produces_2 to None, run_after=None
[2024-02-03T05:31:25.990+0000] {processor.py:183} INFO - Processing /home/airflow/.local/lib/python3.8/site-packages/airflow/example_dags/example_datasets.py took 0.154 seconds
[2024-02-03T05:31:56.033+0000] {processor.py:161} INFO - Started process (PID=708) to work on /home/airflow/.local/lib/python3.8/site-packages/airflow/example_dags/example_datasets.py
[2024-02-03T05:31:56.034+0000] {processor.py:830} INFO - Processing file /home/airflow/.local/lib/python3.8/site-packages/airflow/example_dags/example_datasets.py for tasks to queue
[2024-02-03T05:31:56.036+0000] {logging_mixin.py:188} INFO - [2024-02-03T05:31:56.036+0000] {dagbag.py:538} INFO - Filling up the DagBag from /home/airflow/.local/lib/python3.8/site-packages/airflow/example_dags/example_datasets.py
[2024-02-03T05:31:56.045+0000] {processor.py:840} INFO - DAG(s) 'dataset_consumes_1_and_2', 'dataset_produces_1', 'dataset_consumes_1', 'dataset_produces_2', 'dataset_consumes_unknown_never_scheduled', 'dataset_consumes_1_never_scheduled' retrieved from /home/airflow/.local/lib/python3.8/site-packages/airflow/example_dags/example_datasets.py
[2024-02-03T05:31:56.088+0000] {logging_mixin.py:188} INFO - [2024-02-03T05:31:56.088+0000] {dag.py:3036} INFO - Sync 6 DAGs
[2024-02-03T05:31:56.116+0000] {logging_mixin.py:188} INFO - [2024-02-03T05:31:56.116+0000] {dag.py:3823} INFO - Setting next_dagrun for dataset_consumes_1 to None, run_after=None
[2024-02-03T05:31:56.121+0000] {logging_mixin.py:188} INFO - [2024-02-03T05:31:56.121+0000] {dag.py:3823} INFO - Setting next_dagrun for dataset_consumes_1_and_2 to None, run_after=None
[2024-02-03T05:31:56.124+0000] {logging_mixin.py:188} INFO - [2024-02-03T05:31:56.123+0000] {dag.py:3823} INFO - Setting next_dagrun for dataset_consumes_1_never_scheduled to None, run_after=None
[2024-02-03T05:31:56.126+0000] {logging_mixin.py:188} INFO - [2024-02-03T05:31:56.125+0000] {dag.py:3823} INFO - Setting next_dagrun for dataset_consumes_unknown_never_scheduled to None, run_after=None
[2024-02-03T05:31:56.130+0000] {logging_mixin.py:188} INFO - [2024-02-03T05:31:56.130+0000] {dag.py:3823} INFO - Setting next_dagrun for dataset_produces_1 to 2024-02-02 00:00:00+00:00, run_after=2024-02-03 00:00:00+00:00
[2024-02-03T05:31:56.132+0000] {logging_mixin.py:188} INFO - [2024-02-03T05:31:56.132+0000] {dag.py:3823} INFO - Setting next_dagrun for dataset_produces_2 to None, run_after=None
[2024-02-03T05:31:56.172+0000] {processor.py:183} INFO - Processing /home/airflow/.local/lib/python3.8/site-packages/airflow/example_dags/example_datasets.py took 0.142 seconds
[2024-02-03T05:32:26.275+0000] {processor.py:161} INFO - Started process (PID=763) to work on /home/airflow/.local/lib/python3.8/site-packages/airflow/example_dags/example_datasets.py
[2024-02-03T05:32:26.276+0000] {processor.py:830} INFO - Processing file /home/airflow/.local/lib/python3.8/site-packages/airflow/example_dags/example_datasets.py for tasks to queue
[2024-02-03T05:32:26.279+0000] {logging_mixin.py:188} INFO - [2024-02-03T05:32:26.278+0000] {dagbag.py:538} INFO - Filling up the DagBag from /home/airflow/.local/lib/python3.8/site-packages/airflow/example_dags/example_datasets.py
[2024-02-03T05:32:26.288+0000] {processor.py:840} INFO - DAG(s) 'dataset_consumes_1', 'dataset_consumes_1_never_scheduled', 'dataset_produces_2', 'dataset_produces_1', 'dataset_consumes_1_and_2', 'dataset_consumes_unknown_never_scheduled' retrieved from /home/airflow/.local/lib/python3.8/site-packages/airflow/example_dags/example_datasets.py
[2024-02-03T05:32:26.335+0000] {logging_mixin.py:188} INFO - [2024-02-03T05:32:26.335+0000] {dag.py:3036} INFO - Sync 6 DAGs
[2024-02-03T05:32:26.365+0000] {logging_mixin.py:188} INFO - [2024-02-03T05:32:26.365+0000] {dag.py:3823} INFO - Setting next_dagrun for dataset_consumes_1 to None, run_after=None
[2024-02-03T05:32:26.370+0000] {logging_mixin.py:188} INFO - [2024-02-03T05:32:26.370+0000] {dag.py:3823} INFO - Setting next_dagrun for dataset_consumes_1_and_2 to None, run_after=None
[2024-02-03T05:32:26.372+0000] {logging_mixin.py:188} INFO - [2024-02-03T05:32:26.372+0000] {dag.py:3823} INFO - Setting next_dagrun for dataset_consumes_1_never_scheduled to None, run_after=None
[2024-02-03T05:32:26.375+0000] {logging_mixin.py:188} INFO - [2024-02-03T05:32:26.374+0000] {dag.py:3823} INFO - Setting next_dagrun for dataset_consumes_unknown_never_scheduled to None, run_after=None
[2024-02-03T05:32:26.380+0000] {logging_mixin.py:188} INFO - [2024-02-03T05:32:26.379+0000] {dag.py:3823} INFO - Setting next_dagrun for dataset_produces_1 to 2024-02-02 00:00:00+00:00, run_after=2024-02-03 00:00:00+00:00
[2024-02-03T05:32:26.382+0000] {logging_mixin.py:188} INFO - [2024-02-03T05:32:26.382+0000] {dag.py:3823} INFO - Setting next_dagrun for dataset_produces_2 to None, run_after=None
[2024-02-03T05:32:26.432+0000] {processor.py:183} INFO - Processing /home/airflow/.local/lib/python3.8/site-packages/airflow/example_dags/example_datasets.py took 0.160 seconds
[2024-02-03T05:32:57.135+0000] {processor.py:161} INFO - Started process (PID=818) to work on /home/airflow/.local/lib/python3.8/site-packages/airflow/example_dags/example_datasets.py
[2024-02-03T05:32:57.136+0000] {processor.py:830} INFO - Processing file /home/airflow/.local/lib/python3.8/site-packages/airflow/example_dags/example_datasets.py for tasks to queue
[2024-02-03T05:32:57.138+0000] {logging_mixin.py:188} INFO - [2024-02-03T05:32:57.138+0000] {dagbag.py:538} INFO - Filling up the DagBag from /home/airflow/.local/lib/python3.8/site-packages/airflow/example_dags/example_datasets.py
[2024-02-03T05:32:57.147+0000] {processor.py:840} INFO - DAG(s) 'dataset_consumes_1_and_2', 'dataset_produces_2', 'dataset_produces_1', 'dataset_consumes_1_never_scheduled', 'dataset_consumes_1', 'dataset_consumes_unknown_never_scheduled' retrieved from /home/airflow/.local/lib/python3.8/site-packages/airflow/example_dags/example_datasets.py
[2024-02-03T05:32:57.188+0000] {logging_mixin.py:188} INFO - [2024-02-03T05:32:57.188+0000] {dag.py:3036} INFO - Sync 6 DAGs
[2024-02-03T05:32:57.215+0000] {logging_mixin.py:188} INFO - [2024-02-03T05:32:57.215+0000] {dag.py:3823} INFO - Setting next_dagrun for dataset_consumes_1 to None, run_after=None
[2024-02-03T05:32:57.220+0000] {logging_mixin.py:188} INFO - [2024-02-03T05:32:57.219+0000] {dag.py:3823} INFO - Setting next_dagrun for dataset_consumes_1_and_2 to None, run_after=None
[2024-02-03T05:32:57.221+0000] {logging_mixin.py:188} INFO - [2024-02-03T05:32:57.221+0000] {dag.py:3823} INFO - Setting next_dagrun for dataset_consumes_1_never_scheduled to None, run_after=None
[2024-02-03T05:32:57.223+0000] {logging_mixin.py:188} INFO - [2024-02-03T05:32:57.223+0000] {dag.py:3823} INFO - Setting next_dagrun for dataset_consumes_unknown_never_scheduled to None, run_after=None
[2024-02-03T05:32:57.227+0000] {logging_mixin.py:188} INFO - [2024-02-03T05:32:57.226+0000] {dag.py:3823} INFO - Setting next_dagrun for dataset_produces_1 to 2024-02-02 00:00:00+00:00, run_after=2024-02-03 00:00:00+00:00
[2024-02-03T05:32:57.228+0000] {logging_mixin.py:188} INFO - [2024-02-03T05:32:57.228+0000] {dag.py:3823} INFO - Setting next_dagrun for dataset_produces_2 to None, run_after=None
[2024-02-03T05:32:57.267+0000] {processor.py:183} INFO - Processing /home/airflow/.local/lib/python3.8/site-packages/airflow/example_dags/example_datasets.py took 0.135 seconds
[2024-02-03T06:00:02.605+0000] {processor.py:161} INFO - Started process (PID=81) to work on /home/airflow/.local/lib/python3.8/site-packages/airflow/example_dags/example_datasets.py
[2024-02-03T06:00:02.606+0000] {processor.py:830} INFO - Processing file /home/airflow/.local/lib/python3.8/site-packages/airflow/example_dags/example_datasets.py for tasks to queue
[2024-02-03T06:00:02.608+0000] {logging_mixin.py:188} INFO - [2024-02-03T06:00:02.608+0000] {dagbag.py:538} INFO - Filling up the DagBag from /home/airflow/.local/lib/python3.8/site-packages/airflow/example_dags/example_datasets.py
[2024-02-03T06:00:02.619+0000] {processor.py:840} INFO - DAG(s) 'dataset_produces_1', 'dataset_consumes_1', 'dataset_produces_2', 'dataset_consumes_1_and_2', 'dataset_consumes_unknown_never_scheduled', 'dataset_consumes_1_never_scheduled' retrieved from /home/airflow/.local/lib/python3.8/site-packages/airflow/example_dags/example_datasets.py
[2024-02-03T06:00:02.670+0000] {logging_mixin.py:188} INFO - [2024-02-03T06:00:02.669+0000] {dag.py:3036} INFO - Sync 6 DAGs
[2024-02-03T06:00:02.701+0000] {logging_mixin.py:188} INFO - [2024-02-03T06:00:02.700+0000] {dag.py:3823} INFO - Setting next_dagrun for dataset_consumes_1 to None, run_after=None
[2024-02-03T06:00:02.707+0000] {logging_mixin.py:188} INFO - [2024-02-03T06:00:02.706+0000] {dag.py:3823} INFO - Setting next_dagrun for dataset_consumes_1_and_2 to None, run_after=None
[2024-02-03T06:00:02.710+0000] {logging_mixin.py:188} INFO - [2024-02-03T06:00:02.709+0000] {dag.py:3823} INFO - Setting next_dagrun for dataset_consumes_1_never_scheduled to None, run_after=None
[2024-02-03T06:00:02.712+0000] {logging_mixin.py:188} INFO - [2024-02-03T06:00:02.712+0000] {dag.py:3823} INFO - Setting next_dagrun for dataset_consumes_unknown_never_scheduled to None, run_after=None
[2024-02-03T06:00:02.718+0000] {logging_mixin.py:188} INFO - [2024-02-03T06:00:02.717+0000] {dag.py:3823} INFO - Setting next_dagrun for dataset_produces_1 to 2024-02-02 00:00:00+00:00, run_after=2024-02-03 00:00:00+00:00
[2024-02-03T06:00:02.721+0000] {logging_mixin.py:188} INFO - [2024-02-03T06:00:02.720+0000] {dag.py:3823} INFO - Setting next_dagrun for dataset_produces_2 to None, run_after=None
[2024-02-03T06:00:02.770+0000] {processor.py:183} INFO - Processing /home/airflow/.local/lib/python3.8/site-packages/airflow/example_dags/example_datasets.py took 0.168 seconds
[2024-02-03T06:00:32.942+0000] {processor.py:161} INFO - Started process (PID=137) to work on /home/airflow/.local/lib/python3.8/site-packages/airflow/example_dags/example_datasets.py
[2024-02-03T06:00:32.943+0000] {processor.py:830} INFO - Processing file /home/airflow/.local/lib/python3.8/site-packages/airflow/example_dags/example_datasets.py for tasks to queue
[2024-02-03T06:00:32.945+0000] {logging_mixin.py:188} INFO - [2024-02-03T06:00:32.945+0000] {dagbag.py:538} INFO - Filling up the DagBag from /home/airflow/.local/lib/python3.8/site-packages/airflow/example_dags/example_datasets.py
[2024-02-03T06:00:32.956+0000] {processor.py:840} INFO - DAG(s) 'dataset_consumes_unknown_never_scheduled', 'dataset_consumes_1_and_2', 'dataset_produces_2', 'dataset_consumes_1', 'dataset_produces_1', 'dataset_consumes_1_never_scheduled' retrieved from /home/airflow/.local/lib/python3.8/site-packages/airflow/example_dags/example_datasets.py
[2024-02-03T06:00:33.030+0000] {logging_mixin.py:188} INFO - [2024-02-03T06:00:33.030+0000] {dag.py:3036} INFO - Sync 6 DAGs
[2024-02-03T06:00:33.066+0000] {logging_mixin.py:188} INFO - [2024-02-03T06:00:33.066+0000] {dag.py:3823} INFO - Setting next_dagrun for dataset_consumes_1 to None, run_after=None
[2024-02-03T06:00:33.072+0000] {logging_mixin.py:188} INFO - [2024-02-03T06:00:33.071+0000] {dag.py:3823} INFO - Setting next_dagrun for dataset_consumes_1_and_2 to None, run_after=None
[2024-02-03T06:00:33.075+0000] {logging_mixin.py:188} INFO - [2024-02-03T06:00:33.074+0000] {dag.py:3823} INFO - Setting next_dagrun for dataset_consumes_1_never_scheduled to None, run_after=None
[2024-02-03T06:00:33.078+0000] {logging_mixin.py:188} INFO - [2024-02-03T06:00:33.077+0000] {dag.py:3823} INFO - Setting next_dagrun for dataset_consumes_unknown_never_scheduled to None, run_after=None
[2024-02-03T06:00:33.082+0000] {logging_mixin.py:188} INFO - [2024-02-03T06:00:33.081+0000] {dag.py:3823} INFO - Setting next_dagrun for dataset_produces_1 to 2024-02-02 00:00:00+00:00, run_after=2024-02-03 00:00:00+00:00
[2024-02-03T06:00:33.083+0000] {logging_mixin.py:188} INFO - [2024-02-03T06:00:33.083+0000] {dag.py:3823} INFO - Setting next_dagrun for dataset_produces_2 to None, run_after=None
[2024-02-03T06:00:33.137+0000] {processor.py:183} INFO - Processing /home/airflow/.local/lib/python3.8/site-packages/airflow/example_dags/example_datasets.py took 0.198 seconds
[2024-02-03T06:01:03.425+0000] {processor.py:161} INFO - Started process (PID=191) to work on /home/airflow/.local/lib/python3.8/site-packages/airflow/example_dags/example_datasets.py
[2024-02-03T06:01:03.427+0000] {processor.py:830} INFO - Processing file /home/airflow/.local/lib/python3.8/site-packages/airflow/example_dags/example_datasets.py for tasks to queue
[2024-02-03T06:01:03.430+0000] {logging_mixin.py:188} INFO - [2024-02-03T06:01:03.429+0000] {dagbag.py:538} INFO - Filling up the DagBag from /home/airflow/.local/lib/python3.8/site-packages/airflow/example_dags/example_datasets.py
[2024-02-03T06:01:03.441+0000] {processor.py:840} INFO - DAG(s) 'dataset_produces_2', 'dataset_consumes_unknown_never_scheduled', 'dataset_produces_1', 'dataset_consumes_1_never_scheduled', 'dataset_consumes_1', 'dataset_consumes_1_and_2' retrieved from /home/airflow/.local/lib/python3.8/site-packages/airflow/example_dags/example_datasets.py
[2024-02-03T06:01:03.488+0000] {logging_mixin.py:188} INFO - [2024-02-03T06:01:03.488+0000] {dag.py:3036} INFO - Sync 6 DAGs
[2024-02-03T06:01:03.515+0000] {logging_mixin.py:188} INFO - [2024-02-03T06:01:03.514+0000] {dag.py:3823} INFO - Setting next_dagrun for dataset_consumes_1 to None, run_after=None
[2024-02-03T06:01:03.520+0000] {logging_mixin.py:188} INFO - [2024-02-03T06:01:03.519+0000] {dag.py:3823} INFO - Setting next_dagrun for dataset_consumes_1_and_2 to None, run_after=None
[2024-02-03T06:01:03.522+0000] {logging_mixin.py:188} INFO - [2024-02-03T06:01:03.521+0000] {dag.py:3823} INFO - Setting next_dagrun for dataset_consumes_1_never_scheduled to None, run_after=None
[2024-02-03T06:01:03.524+0000] {logging_mixin.py:188} INFO - [2024-02-03T06:01:03.524+0000] {dag.py:3823} INFO - Setting next_dagrun for dataset_consumes_unknown_never_scheduled to None, run_after=None
[2024-02-03T06:01:03.529+0000] {logging_mixin.py:188} INFO - [2024-02-03T06:01:03.528+0000] {dag.py:3823} INFO - Setting next_dagrun for dataset_produces_1 to 2024-02-02 00:00:00+00:00, run_after=2024-02-03 00:00:00+00:00
[2024-02-03T06:01:03.531+0000] {logging_mixin.py:188} INFO - [2024-02-03T06:01:03.530+0000] {dag.py:3823} INFO - Setting next_dagrun for dataset_produces_2 to None, run_after=None
[2024-02-03T06:01:03.571+0000] {processor.py:183} INFO - Processing /home/airflow/.local/lib/python3.8/site-packages/airflow/example_dags/example_datasets.py took 0.150 seconds
[2024-02-03T06:33:40.830+0000] {processor.py:161} INFO - Started process (PID=81) to work on /home/airflow/.local/lib/python3.8/site-packages/airflow/example_dags/example_datasets.py
[2024-02-03T06:33:40.838+0000] {processor.py:830} INFO - Processing file /home/airflow/.local/lib/python3.8/site-packages/airflow/example_dags/example_datasets.py for tasks to queue
[2024-02-03T06:33:40.855+0000] {logging_mixin.py:188} INFO - [2024-02-03T06:33:40.854+0000] {dagbag.py:538} INFO - Filling up the DagBag from /home/airflow/.local/lib/python3.8/site-packages/airflow/example_dags/example_datasets.py
[2024-02-03T06:33:40.923+0000] {processor.py:840} INFO - DAG(s) 'dataset_produces_2', 'dataset_produces_1', 'dataset_consumes_1', 'dataset_consumes_unknown_never_scheduled', 'dataset_consumes_1_never_scheduled', 'dataset_consumes_1_and_2' retrieved from /home/airflow/.local/lib/python3.8/site-packages/airflow/example_dags/example_datasets.py
[2024-02-03T06:33:40.964+0000] {logging_mixin.py:188} INFO - [2024-02-03T06:33:40.964+0000] {dag.py:3036} INFO - Sync 6 DAGs
[2024-02-03T06:33:41.044+0000] {logging_mixin.py:188} INFO - [2024-02-03T06:33:41.043+0000] {dag.py:3823} INFO - Setting next_dagrun for dataset_consumes_1 to None, run_after=None
[2024-02-03T06:33:41.050+0000] {logging_mixin.py:188} INFO - [2024-02-03T06:33:41.049+0000] {dag.py:3823} INFO - Setting next_dagrun for dataset_consumes_1_and_2 to None, run_after=None
[2024-02-03T06:33:41.053+0000] {logging_mixin.py:188} INFO - [2024-02-03T06:33:41.053+0000] {dag.py:3823} INFO - Setting next_dagrun for dataset_consumes_1_never_scheduled to None, run_after=None
[2024-02-03T06:33:41.056+0000] {logging_mixin.py:188} INFO - [2024-02-03T06:33:41.055+0000] {dag.py:3823} INFO - Setting next_dagrun for dataset_consumes_unknown_never_scheduled to None, run_after=None
[2024-02-03T06:33:41.062+0000] {logging_mixin.py:188} INFO - [2024-02-03T06:33:41.062+0000] {dag.py:3823} INFO - Setting next_dagrun for dataset_produces_1 to 2024-02-02 00:00:00+00:00, run_after=2024-02-03 00:00:00+00:00
[2024-02-03T06:33:41.065+0000] {logging_mixin.py:188} INFO - [2024-02-03T06:33:41.065+0000] {dag.py:3823} INFO - Setting next_dagrun for dataset_produces_2 to None, run_after=None
[2024-02-03T06:33:41.139+0000] {processor.py:183} INFO - Processing /home/airflow/.local/lib/python3.8/site-packages/airflow/example_dags/example_datasets.py took 0.337 seconds
[2024-02-03T06:34:11.944+0000] {processor.py:161} INFO - Started process (PID=136) to work on /home/airflow/.local/lib/python3.8/site-packages/airflow/example_dags/example_datasets.py
[2024-02-03T06:34:11.945+0000] {processor.py:830} INFO - Processing file /home/airflow/.local/lib/python3.8/site-packages/airflow/example_dags/example_datasets.py for tasks to queue
[2024-02-03T06:34:11.947+0000] {logging_mixin.py:188} INFO - [2024-02-03T06:34:11.947+0000] {dagbag.py:538} INFO - Filling up the DagBag from /home/airflow/.local/lib/python3.8/site-packages/airflow/example_dags/example_datasets.py
[2024-02-03T06:34:11.958+0000] {processor.py:840} INFO - DAG(s) 'dataset_consumes_1_never_scheduled', 'dataset_consumes_unknown_never_scheduled', 'dataset_consumes_1', 'dataset_consumes_1_and_2', 'dataset_produces_2', 'dataset_produces_1' retrieved from /home/airflow/.local/lib/python3.8/site-packages/airflow/example_dags/example_datasets.py
[2024-02-03T06:34:12.148+0000] {logging_mixin.py:188} INFO - [2024-02-03T06:34:12.148+0000] {dag.py:3036} INFO - Sync 6 DAGs
[2024-02-03T06:34:12.179+0000] {logging_mixin.py:188} INFO - [2024-02-03T06:34:12.179+0000] {dag.py:3823} INFO - Setting next_dagrun for dataset_consumes_1 to None, run_after=None
[2024-02-03T06:34:12.188+0000] {logging_mixin.py:188} INFO - [2024-02-03T06:34:12.187+0000] {dag.py:3823} INFO - Setting next_dagrun for dataset_consumes_1_and_2 to None, run_after=None
[2024-02-03T06:34:12.191+0000] {logging_mixin.py:188} INFO - [2024-02-03T06:34:12.191+0000] {dag.py:3823} INFO - Setting next_dagrun for dataset_consumes_1_never_scheduled to None, run_after=None
[2024-02-03T06:34:12.195+0000] {logging_mixin.py:188} INFO - [2024-02-03T06:34:12.195+0000] {dag.py:3823} INFO - Setting next_dagrun for dataset_consumes_unknown_never_scheduled to None, run_after=None
[2024-02-03T06:34:12.201+0000] {logging_mixin.py:188} INFO - [2024-02-03T06:34:12.200+0000] {dag.py:3823} INFO - Setting next_dagrun for dataset_produces_1 to 2024-02-02 00:00:00+00:00, run_after=2024-02-03 00:00:00+00:00
[2024-02-03T06:34:12.204+0000] {logging_mixin.py:188} INFO - [2024-02-03T06:34:12.204+0000] {dag.py:3823} INFO - Setting next_dagrun for dataset_produces_2 to None, run_after=None
[2024-02-03T06:34:12.257+0000] {processor.py:183} INFO - Processing /home/airflow/.local/lib/python3.8/site-packages/airflow/example_dags/example_datasets.py took 0.316 seconds
[2024-02-03T06:34:42.316+0000] {processor.py:161} INFO - Started process (PID=192) to work on /home/airflow/.local/lib/python3.8/site-packages/airflow/example_dags/example_datasets.py
[2024-02-03T06:34:42.317+0000] {processor.py:830} INFO - Processing file /home/airflow/.local/lib/python3.8/site-packages/airflow/example_dags/example_datasets.py for tasks to queue
[2024-02-03T06:34:42.319+0000] {logging_mixin.py:188} INFO - [2024-02-03T06:34:42.318+0000] {dagbag.py:538} INFO - Filling up the DagBag from /home/airflow/.local/lib/python3.8/site-packages/airflow/example_dags/example_datasets.py
[2024-02-03T06:34:42.328+0000] {processor.py:840} INFO - DAG(s) 'dataset_produces_2', 'dataset_produces_1', 'dataset_consumes_1', 'dataset_consumes_1_and_2', 'dataset_consumes_unknown_never_scheduled', 'dataset_consumes_1_never_scheduled' retrieved from /home/airflow/.local/lib/python3.8/site-packages/airflow/example_dags/example_datasets.py
[2024-02-03T06:34:42.375+0000] {logging_mixin.py:188} INFO - [2024-02-03T06:34:42.375+0000] {dag.py:3036} INFO - Sync 6 DAGs
[2024-02-03T06:34:42.404+0000] {logging_mixin.py:188} INFO - [2024-02-03T06:34:42.403+0000] {dag.py:3823} INFO - Setting next_dagrun for dataset_consumes_1 to None, run_after=None
[2024-02-03T06:34:42.408+0000] {logging_mixin.py:188} INFO - [2024-02-03T06:34:42.408+0000] {dag.py:3823} INFO - Setting next_dagrun for dataset_consumes_1_and_2 to None, run_after=None
[2024-02-03T06:34:42.410+0000] {logging_mixin.py:188} INFO - [2024-02-03T06:34:42.410+0000] {dag.py:3823} INFO - Setting next_dagrun for dataset_consumes_1_never_scheduled to None, run_after=None
[2024-02-03T06:34:42.412+0000] {logging_mixin.py:188} INFO - [2024-02-03T06:34:42.412+0000] {dag.py:3823} INFO - Setting next_dagrun for dataset_consumes_unknown_never_scheduled to None, run_after=None
[2024-02-03T06:34:42.415+0000] {logging_mixin.py:188} INFO - [2024-02-03T06:34:42.415+0000] {dag.py:3823} INFO - Setting next_dagrun for dataset_produces_1 to 2024-02-02 00:00:00+00:00, run_after=2024-02-03 00:00:00+00:00
[2024-02-03T06:34:42.417+0000] {logging_mixin.py:188} INFO - [2024-02-03T06:34:42.417+0000] {dag.py:3823} INFO - Setting next_dagrun for dataset_produces_2 to None, run_after=None
[2024-02-03T06:34:42.456+0000] {processor.py:183} INFO - Processing /home/airflow/.local/lib/python3.8/site-packages/airflow/example_dags/example_datasets.py took 0.143 seconds
[2024-02-03T06:35:12.685+0000] {processor.py:161} INFO - Started process (PID=246) to work on /home/airflow/.local/lib/python3.8/site-packages/airflow/example_dags/example_datasets.py
[2024-02-03T06:35:12.687+0000] {processor.py:830} INFO - Processing file /home/airflow/.local/lib/python3.8/site-packages/airflow/example_dags/example_datasets.py for tasks to queue
[2024-02-03T06:35:12.689+0000] {logging_mixin.py:188} INFO - [2024-02-03T06:35:12.688+0000] {dagbag.py:538} INFO - Filling up the DagBag from /home/airflow/.local/lib/python3.8/site-packages/airflow/example_dags/example_datasets.py
[2024-02-03T06:35:12.699+0000] {processor.py:840} INFO - DAG(s) 'dataset_consumes_unknown_never_scheduled', 'dataset_produces_1', 'dataset_consumes_1', 'dataset_consumes_1_never_scheduled', 'dataset_produces_2', 'dataset_consumes_1_and_2' retrieved from /home/airflow/.local/lib/python3.8/site-packages/airflow/example_dags/example_datasets.py
[2024-02-03T06:35:12.748+0000] {logging_mixin.py:188} INFO - [2024-02-03T06:35:12.747+0000] {dag.py:3036} INFO - Sync 6 DAGs
[2024-02-03T06:35:12.776+0000] {logging_mixin.py:188} INFO - [2024-02-03T06:35:12.776+0000] {dag.py:3823} INFO - Setting next_dagrun for dataset_consumes_1 to None, run_after=None
[2024-02-03T06:35:12.781+0000] {logging_mixin.py:188} INFO - [2024-02-03T06:35:12.780+0000] {dag.py:3823} INFO - Setting next_dagrun for dataset_consumes_1_and_2 to None, run_after=None
[2024-02-03T06:35:12.783+0000] {logging_mixin.py:188} INFO - [2024-02-03T06:35:12.782+0000] {dag.py:3823} INFO - Setting next_dagrun for dataset_consumes_1_never_scheduled to None, run_after=None
[2024-02-03T06:35:12.784+0000] {logging_mixin.py:188} INFO - [2024-02-03T06:35:12.784+0000] {dag.py:3823} INFO - Setting next_dagrun for dataset_consumes_unknown_never_scheduled to None, run_after=None
[2024-02-03T06:35:12.789+0000] {logging_mixin.py:188} INFO - [2024-02-03T06:35:12.789+0000] {dag.py:3823} INFO - Setting next_dagrun for dataset_produces_1 to 2024-02-02 00:00:00+00:00, run_after=2024-02-03 00:00:00+00:00
[2024-02-03T06:35:12.791+0000] {logging_mixin.py:188} INFO - [2024-02-03T06:35:12.791+0000] {dag.py:3823} INFO - Setting next_dagrun for dataset_produces_2 to None, run_after=None
[2024-02-03T06:35:12.828+0000] {processor.py:183} INFO - Processing /home/airflow/.local/lib/python3.8/site-packages/airflow/example_dags/example_datasets.py took 0.146 seconds
[2024-02-03T06:35:43.155+0000] {processor.py:161} INFO - Started process (PID=301) to work on /home/airflow/.local/lib/python3.8/site-packages/airflow/example_dags/example_datasets.py
[2024-02-03T06:35:43.156+0000] {processor.py:830} INFO - Processing file /home/airflow/.local/lib/python3.8/site-packages/airflow/example_dags/example_datasets.py for tasks to queue
[2024-02-03T06:35:43.158+0000] {logging_mixin.py:188} INFO - [2024-02-03T06:35:43.158+0000] {dagbag.py:538} INFO - Filling up the DagBag from /home/airflow/.local/lib/python3.8/site-packages/airflow/example_dags/example_datasets.py
[2024-02-03T06:35:43.169+0000] {processor.py:840} INFO - DAG(s) 'dataset_consumes_1_and_2', 'dataset_produces_2', 'dataset_produces_1', 'dataset_consumes_1_never_scheduled', 'dataset_consumes_1', 'dataset_consumes_unknown_never_scheduled' retrieved from /home/airflow/.local/lib/python3.8/site-packages/airflow/example_dags/example_datasets.py
[2024-02-03T06:35:43.213+0000] {logging_mixin.py:188} INFO - [2024-02-03T06:35:43.213+0000] {dag.py:3036} INFO - Sync 6 DAGs
[2024-02-03T06:35:43.242+0000] {logging_mixin.py:188} INFO - [2024-02-03T06:35:43.241+0000] {dag.py:3823} INFO - Setting next_dagrun for dataset_consumes_1 to None, run_after=None
[2024-02-03T06:35:43.247+0000] {logging_mixin.py:188} INFO - [2024-02-03T06:35:43.247+0000] {dag.py:3823} INFO - Setting next_dagrun for dataset_consumes_1_and_2 to None, run_after=None
[2024-02-03T06:35:43.249+0000] {logging_mixin.py:188} INFO - [2024-02-03T06:35:43.249+0000] {dag.py:3823} INFO - Setting next_dagrun for dataset_consumes_1_never_scheduled to None, run_after=None
[2024-02-03T06:35:43.250+0000] {logging_mixin.py:188} INFO - [2024-02-03T06:35:43.250+0000] {dag.py:3823} INFO - Setting next_dagrun for dataset_consumes_unknown_never_scheduled to None, run_after=None
[2024-02-03T06:35:43.254+0000] {logging_mixin.py:188} INFO - [2024-02-03T06:35:43.254+0000] {dag.py:3823} INFO - Setting next_dagrun for dataset_produces_1 to 2024-02-02 00:00:00+00:00, run_after=2024-02-03 00:00:00+00:00
[2024-02-03T06:35:43.256+0000] {logging_mixin.py:188} INFO - [2024-02-03T06:35:43.256+0000] {dag.py:3823} INFO - Setting next_dagrun for dataset_produces_2 to None, run_after=None
[2024-02-03T06:35:43.298+0000] {processor.py:183} INFO - Processing /home/airflow/.local/lib/python3.8/site-packages/airflow/example_dags/example_datasets.py took 0.145 seconds
[2024-02-03T06:36:13.612+0000] {processor.py:161} INFO - Started process (PID=356) to work on /home/airflow/.local/lib/python3.8/site-packages/airflow/example_dags/example_datasets.py
[2024-02-03T06:36:13.613+0000] {processor.py:830} INFO - Processing file /home/airflow/.local/lib/python3.8/site-packages/airflow/example_dags/example_datasets.py for tasks to queue
[2024-02-03T06:36:13.615+0000] {logging_mixin.py:188} INFO - [2024-02-03T06:36:13.615+0000] {dagbag.py:538} INFO - Filling up the DagBag from /home/airflow/.local/lib/python3.8/site-packages/airflow/example_dags/example_datasets.py
[2024-02-03T06:36:13.625+0000] {processor.py:840} INFO - DAG(s) 'dataset_consumes_unknown_never_scheduled', 'dataset_consumes_1_never_scheduled', 'dataset_consumes_1_and_2', 'dataset_produces_1', 'dataset_consumes_1', 'dataset_produces_2' retrieved from /home/airflow/.local/lib/python3.8/site-packages/airflow/example_dags/example_datasets.py
[2024-02-03T06:36:13.670+0000] {logging_mixin.py:188} INFO - [2024-02-03T06:36:13.669+0000] {dag.py:3036} INFO - Sync 6 DAGs
[2024-02-03T06:36:13.699+0000] {logging_mixin.py:188} INFO - [2024-02-03T06:36:13.698+0000] {dag.py:3823} INFO - Setting next_dagrun for dataset_consumes_1 to None, run_after=None
[2024-02-03T06:36:13.703+0000] {logging_mixin.py:188} INFO - [2024-02-03T06:36:13.703+0000] {dag.py:3823} INFO - Setting next_dagrun for dataset_consumes_1_and_2 to None, run_after=None
[2024-02-03T06:36:13.706+0000] {logging_mixin.py:188} INFO - [2024-02-03T06:36:13.705+0000] {dag.py:3823} INFO - Setting next_dagrun for dataset_consumes_1_never_scheduled to None, run_after=None
[2024-02-03T06:36:13.708+0000] {logging_mixin.py:188} INFO - [2024-02-03T06:36:13.707+0000] {dag.py:3823} INFO - Setting next_dagrun for dataset_consumes_unknown_never_scheduled to None, run_after=None
[2024-02-03T06:36:13.712+0000] {logging_mixin.py:188} INFO - [2024-02-03T06:36:13.712+0000] {dag.py:3823} INFO - Setting next_dagrun for dataset_produces_1 to 2024-02-02 00:00:00+00:00, run_after=2024-02-03 00:00:00+00:00
[2024-02-03T06:36:13.715+0000] {logging_mixin.py:188} INFO - [2024-02-03T06:36:13.714+0000] {dag.py:3823} INFO - Setting next_dagrun for dataset_produces_2 to None, run_after=None
[2024-02-03T06:36:13.752+0000] {processor.py:183} INFO - Processing /home/airflow/.local/lib/python3.8/site-packages/airflow/example_dags/example_datasets.py took 0.143 seconds
