[2024-02-03T05:26:17.548+0000] {processor.py:161} INFO - Started process (PID=61) to work on /home/airflow/.local/lib/python3.8/site-packages/airflow/example_dags/example_sensors.py
[2024-02-03T05:26:17.549+0000] {processor.py:830} INFO - Processing file /home/airflow/.local/lib/python3.8/site-packages/airflow/example_dags/example_sensors.py for tasks to queue
[2024-02-03T05:26:17.552+0000] {logging_mixin.py:188} INFO - [2024-02-03T05:26:17.551+0000] {dagbag.py:538} INFO - Filling up the DagBag from /home/airflow/.local/lib/python3.8/site-packages/airflow/example_dags/example_sensors.py
[2024-02-03T05:26:17.566+0000] {processor.py:840} INFO - DAG(s) 'example_sensors' retrieved from /home/airflow/.local/lib/python3.8/site-packages/airflow/example_dags/example_sensors.py
[2024-02-03T05:26:17.809+0000] {logging_mixin.py:188} INFO - [2024-02-03T05:26:17.809+0000] {dag.py:3036} INFO - Sync 1 DAGs
[2024-02-03T05:26:17.941+0000] {logging_mixin.py:188} INFO - [2024-02-03T05:26:17.940+0000] {dag.py:3823} INFO - Setting next_dagrun for example_sensors to None, run_after=None
[2024-02-03T05:26:18.066+0000] {processor.py:183} INFO - Processing /home/airflow/.local/lib/python3.8/site-packages/airflow/example_dags/example_sensors.py took 0.522 seconds
[2024-02-03T05:26:48.757+0000] {processor.py:161} INFO - Started process (PID=116) to work on /home/airflow/.local/lib/python3.8/site-packages/airflow/example_dags/example_sensors.py
[2024-02-03T05:26:48.758+0000] {processor.py:830} INFO - Processing file /home/airflow/.local/lib/python3.8/site-packages/airflow/example_dags/example_sensors.py for tasks to queue
[2024-02-03T05:26:48.760+0000] {logging_mixin.py:188} INFO - [2024-02-03T05:26:48.760+0000] {dagbag.py:538} INFO - Filling up the DagBag from /home/airflow/.local/lib/python3.8/site-packages/airflow/example_dags/example_sensors.py
[2024-02-03T05:26:48.769+0000] {processor.py:840} INFO - DAG(s) 'example_sensors' retrieved from /home/airflow/.local/lib/python3.8/site-packages/airflow/example_dags/example_sensors.py
[2024-02-03T05:26:48.800+0000] {logging_mixin.py:188} INFO - [2024-02-03T05:26:48.799+0000] {dag.py:3036} INFO - Sync 1 DAGs
[2024-02-03T05:26:48.814+0000] {logging_mixin.py:188} INFO - [2024-02-03T05:26:48.814+0000] {dag.py:3823} INFO - Setting next_dagrun for example_sensors to None, run_after=None
[2024-02-03T05:26:48.843+0000] {processor.py:183} INFO - Processing /home/airflow/.local/lib/python3.8/site-packages/airflow/example_dags/example_sensors.py took 0.088 seconds
[2024-02-03T05:27:19.075+0000] {processor.py:161} INFO - Started process (PID=171) to work on /home/airflow/.local/lib/python3.8/site-packages/airflow/example_dags/example_sensors.py
[2024-02-03T05:27:19.076+0000] {processor.py:830} INFO - Processing file /home/airflow/.local/lib/python3.8/site-packages/airflow/example_dags/example_sensors.py for tasks to queue
[2024-02-03T05:27:19.078+0000] {logging_mixin.py:188} INFO - [2024-02-03T05:27:19.078+0000] {dagbag.py:538} INFO - Filling up the DagBag from /home/airflow/.local/lib/python3.8/site-packages/airflow/example_dags/example_sensors.py
[2024-02-03T05:27:19.087+0000] {processor.py:840} INFO - DAG(s) 'example_sensors' retrieved from /home/airflow/.local/lib/python3.8/site-packages/airflow/example_dags/example_sensors.py
[2024-02-03T05:27:19.116+0000] {logging_mixin.py:188} INFO - [2024-02-03T05:27:19.115+0000] {dag.py:3036} INFO - Sync 1 DAGs
[2024-02-03T05:27:19.129+0000] {logging_mixin.py:188} INFO - [2024-02-03T05:27:19.129+0000] {dag.py:3823} INFO - Setting next_dagrun for example_sensors to None, run_after=None
[2024-02-03T05:27:19.151+0000] {processor.py:183} INFO - Processing /home/airflow/.local/lib/python3.8/site-packages/airflow/example_dags/example_sensors.py took 0.079 seconds
[2024-02-03T05:27:49.376+0000] {processor.py:161} INFO - Started process (PID=226) to work on /home/airflow/.local/lib/python3.8/site-packages/airflow/example_dags/example_sensors.py
[2024-02-03T05:27:49.377+0000] {processor.py:830} INFO - Processing file /home/airflow/.local/lib/python3.8/site-packages/airflow/example_dags/example_sensors.py for tasks to queue
[2024-02-03T05:27:49.379+0000] {logging_mixin.py:188} INFO - [2024-02-03T05:27:49.379+0000] {dagbag.py:538} INFO - Filling up the DagBag from /home/airflow/.local/lib/python3.8/site-packages/airflow/example_dags/example_sensors.py
[2024-02-03T05:27:49.389+0000] {processor.py:840} INFO - DAG(s) 'example_sensors' retrieved from /home/airflow/.local/lib/python3.8/site-packages/airflow/example_dags/example_sensors.py
[2024-02-03T05:27:49.419+0000] {logging_mixin.py:188} INFO - [2024-02-03T05:27:49.419+0000] {dag.py:3036} INFO - Sync 1 DAGs
[2024-02-03T05:27:49.434+0000] {logging_mixin.py:188} INFO - [2024-02-03T05:27:49.433+0000] {dag.py:3823} INFO - Setting next_dagrun for example_sensors to None, run_after=None
[2024-02-03T05:27:49.458+0000] {processor.py:183} INFO - Processing /home/airflow/.local/lib/python3.8/site-packages/airflow/example_dags/example_sensors.py took 0.085 seconds
[2024-02-03T05:28:19.513+0000] {processor.py:161} INFO - Started process (PID=281) to work on /home/airflow/.local/lib/python3.8/site-packages/airflow/example_dags/example_sensors.py
[2024-02-03T05:28:19.514+0000] {processor.py:830} INFO - Processing file /home/airflow/.local/lib/python3.8/site-packages/airflow/example_dags/example_sensors.py for tasks to queue
[2024-02-03T05:28:19.516+0000] {logging_mixin.py:188} INFO - [2024-02-03T05:28:19.516+0000] {dagbag.py:538} INFO - Filling up the DagBag from /home/airflow/.local/lib/python3.8/site-packages/airflow/example_dags/example_sensors.py
[2024-02-03T05:28:19.526+0000] {processor.py:840} INFO - DAG(s) 'example_sensors' retrieved from /home/airflow/.local/lib/python3.8/site-packages/airflow/example_dags/example_sensors.py
[2024-02-03T05:28:19.558+0000] {logging_mixin.py:188} INFO - [2024-02-03T05:28:19.557+0000] {dag.py:3036} INFO - Sync 1 DAGs
[2024-02-03T05:28:19.573+0000] {logging_mixin.py:188} INFO - [2024-02-03T05:28:19.572+0000] {dag.py:3823} INFO - Setting next_dagrun for example_sensors to None, run_after=None
[2024-02-03T05:28:19.599+0000] {processor.py:183} INFO - Processing /home/airflow/.local/lib/python3.8/site-packages/airflow/example_dags/example_sensors.py took 0.089 seconds
[2024-02-03T05:28:49.730+0000] {processor.py:161} INFO - Started process (PID=336) to work on /home/airflow/.local/lib/python3.8/site-packages/airflow/example_dags/example_sensors.py
[2024-02-03T05:28:49.731+0000] {processor.py:830} INFO - Processing file /home/airflow/.local/lib/python3.8/site-packages/airflow/example_dags/example_sensors.py for tasks to queue
[2024-02-03T05:28:49.734+0000] {logging_mixin.py:188} INFO - [2024-02-03T05:28:49.733+0000] {dagbag.py:538} INFO - Filling up the DagBag from /home/airflow/.local/lib/python3.8/site-packages/airflow/example_dags/example_sensors.py
[2024-02-03T05:28:49.743+0000] {processor.py:840} INFO - DAG(s) 'example_sensors' retrieved from /home/airflow/.local/lib/python3.8/site-packages/airflow/example_dags/example_sensors.py
[2024-02-03T05:28:49.774+0000] {logging_mixin.py:188} INFO - [2024-02-03T05:28:49.773+0000] {dag.py:3036} INFO - Sync 1 DAGs
[2024-02-03T05:28:49.788+0000] {logging_mixin.py:188} INFO - [2024-02-03T05:28:49.788+0000] {dag.py:3823} INFO - Setting next_dagrun for example_sensors to None, run_after=None
[2024-02-03T05:28:49.813+0000] {processor.py:183} INFO - Processing /home/airflow/.local/lib/python3.8/site-packages/airflow/example_dags/example_sensors.py took 0.086 seconds
[2024-02-03T05:29:19.940+0000] {processor.py:161} INFO - Started process (PID=391) to work on /home/airflow/.local/lib/python3.8/site-packages/airflow/example_dags/example_sensors.py
[2024-02-03T05:29:19.941+0000] {processor.py:830} INFO - Processing file /home/airflow/.local/lib/python3.8/site-packages/airflow/example_dags/example_sensors.py for tasks to queue
[2024-02-03T05:29:19.944+0000] {logging_mixin.py:188} INFO - [2024-02-03T05:29:19.943+0000] {dagbag.py:538} INFO - Filling up the DagBag from /home/airflow/.local/lib/python3.8/site-packages/airflow/example_dags/example_sensors.py
[2024-02-03T05:29:19.955+0000] {processor.py:840} INFO - DAG(s) 'example_sensors' retrieved from /home/airflow/.local/lib/python3.8/site-packages/airflow/example_dags/example_sensors.py
[2024-02-03T05:29:19.989+0000] {logging_mixin.py:188} INFO - [2024-02-03T05:29:19.989+0000] {dag.py:3036} INFO - Sync 1 DAGs
[2024-02-03T05:29:20.012+0000] {logging_mixin.py:188} INFO - [2024-02-03T05:29:20.011+0000] {dag.py:3823} INFO - Setting next_dagrun for example_sensors to None, run_after=None
[2024-02-03T05:29:20.039+0000] {processor.py:183} INFO - Processing /home/airflow/.local/lib/python3.8/site-packages/airflow/example_dags/example_sensors.py took 0.103 seconds
[2024-02-03T05:29:50.390+0000] {processor.py:161} INFO - Started process (PID=446) to work on /home/airflow/.local/lib/python3.8/site-packages/airflow/example_dags/example_sensors.py
[2024-02-03T05:29:50.392+0000] {processor.py:830} INFO - Processing file /home/airflow/.local/lib/python3.8/site-packages/airflow/example_dags/example_sensors.py for tasks to queue
[2024-02-03T05:29:50.394+0000] {logging_mixin.py:188} INFO - [2024-02-03T05:29:50.394+0000] {dagbag.py:538} INFO - Filling up the DagBag from /home/airflow/.local/lib/python3.8/site-packages/airflow/example_dags/example_sensors.py
[2024-02-03T05:29:50.405+0000] {processor.py:840} INFO - DAG(s) 'example_sensors' retrieved from /home/airflow/.local/lib/python3.8/site-packages/airflow/example_dags/example_sensors.py
[2024-02-03T05:29:50.439+0000] {logging_mixin.py:188} INFO - [2024-02-03T05:29:50.438+0000] {dag.py:3036} INFO - Sync 1 DAGs
[2024-02-03T05:29:50.455+0000] {logging_mixin.py:188} INFO - [2024-02-03T05:29:50.455+0000] {dag.py:3823} INFO - Setting next_dagrun for example_sensors to None, run_after=None
[2024-02-03T05:29:50.482+0000] {processor.py:183} INFO - Processing /home/airflow/.local/lib/python3.8/site-packages/airflow/example_dags/example_sensors.py took 0.095 seconds
[2024-02-03T05:30:20.590+0000] {processor.py:161} INFO - Started process (PID=501) to work on /home/airflow/.local/lib/python3.8/site-packages/airflow/example_dags/example_sensors.py
[2024-02-03T05:30:20.591+0000] {processor.py:830} INFO - Processing file /home/airflow/.local/lib/python3.8/site-packages/airflow/example_dags/example_sensors.py for tasks to queue
[2024-02-03T05:30:20.593+0000] {logging_mixin.py:188} INFO - [2024-02-03T05:30:20.592+0000] {dagbag.py:538} INFO - Filling up the DagBag from /home/airflow/.local/lib/python3.8/site-packages/airflow/example_dags/example_sensors.py
[2024-02-03T05:30:20.603+0000] {processor.py:840} INFO - DAG(s) 'example_sensors' retrieved from /home/airflow/.local/lib/python3.8/site-packages/airflow/example_dags/example_sensors.py
[2024-02-03T05:30:20.633+0000] {logging_mixin.py:188} INFO - [2024-02-03T05:30:20.633+0000] {dag.py:3036} INFO - Sync 1 DAGs
[2024-02-03T05:30:20.647+0000] {logging_mixin.py:188} INFO - [2024-02-03T05:30:20.646+0000] {dag.py:3823} INFO - Setting next_dagrun for example_sensors to None, run_after=None
[2024-02-03T05:30:20.669+0000] {processor.py:183} INFO - Processing /home/airflow/.local/lib/python3.8/site-packages/airflow/example_dags/example_sensors.py took 0.083 seconds
[2024-02-03T05:30:51.280+0000] {processor.py:161} INFO - Started process (PID=555) to work on /home/airflow/.local/lib/python3.8/site-packages/airflow/example_dags/example_sensors.py
[2024-02-03T05:30:51.282+0000] {processor.py:830} INFO - Processing file /home/airflow/.local/lib/python3.8/site-packages/airflow/example_dags/example_sensors.py for tasks to queue
[2024-02-03T05:30:51.284+0000] {logging_mixin.py:188} INFO - [2024-02-03T05:30:51.283+0000] {dagbag.py:538} INFO - Filling up the DagBag from /home/airflow/.local/lib/python3.8/site-packages/airflow/example_dags/example_sensors.py
[2024-02-03T05:30:51.294+0000] {processor.py:840} INFO - DAG(s) 'example_sensors' retrieved from /home/airflow/.local/lib/python3.8/site-packages/airflow/example_dags/example_sensors.py
[2024-02-03T05:30:51.334+0000] {logging_mixin.py:188} INFO - [2024-02-03T05:30:51.334+0000] {dag.py:3036} INFO - Sync 1 DAGs
[2024-02-03T05:30:51.352+0000] {logging_mixin.py:188} INFO - [2024-02-03T05:30:51.352+0000] {dag.py:3823} INFO - Setting next_dagrun for example_sensors to None, run_after=None
[2024-02-03T05:30:51.379+0000] {processor.py:183} INFO - Processing /home/airflow/.local/lib/python3.8/site-packages/airflow/example_dags/example_sensors.py took 0.102 seconds
[2024-02-03T05:31:22.402+0000] {processor.py:161} INFO - Started process (PID=611) to work on /home/airflow/.local/lib/python3.8/site-packages/airflow/example_dags/example_sensors.py
[2024-02-03T05:31:22.403+0000] {processor.py:830} INFO - Processing file /home/airflow/.local/lib/python3.8/site-packages/airflow/example_dags/example_sensors.py for tasks to queue
[2024-02-03T05:31:22.405+0000] {logging_mixin.py:188} INFO - [2024-02-03T05:31:22.405+0000] {dagbag.py:538} INFO - Filling up the DagBag from /home/airflow/.local/lib/python3.8/site-packages/airflow/example_dags/example_sensors.py
[2024-02-03T05:31:22.415+0000] {processor.py:840} INFO - DAG(s) 'example_sensors' retrieved from /home/airflow/.local/lib/python3.8/site-packages/airflow/example_dags/example_sensors.py
[2024-02-03T05:31:22.446+0000] {logging_mixin.py:188} INFO - [2024-02-03T05:31:22.446+0000] {dag.py:3036} INFO - Sync 1 DAGs
[2024-02-03T05:31:22.463+0000] {logging_mixin.py:188} INFO - [2024-02-03T05:31:22.463+0000] {dag.py:3823} INFO - Setting next_dagrun for example_sensors to None, run_after=None
[2024-02-03T05:31:22.487+0000] {processor.py:183} INFO - Processing /home/airflow/.local/lib/python3.8/site-packages/airflow/example_dags/example_sensors.py took 0.088 seconds
[2024-02-03T05:31:53.584+0000] {processor.py:161} INFO - Started process (PID=682) to work on /home/airflow/.local/lib/python3.8/site-packages/airflow/example_dags/example_sensors.py
[2024-02-03T05:31:53.586+0000] {processor.py:830} INFO - Processing file /home/airflow/.local/lib/python3.8/site-packages/airflow/example_dags/example_sensors.py for tasks to queue
[2024-02-03T05:31:53.589+0000] {logging_mixin.py:188} INFO - [2024-02-03T05:31:53.588+0000] {dagbag.py:538} INFO - Filling up the DagBag from /home/airflow/.local/lib/python3.8/site-packages/airflow/example_dags/example_sensors.py
[2024-02-03T05:31:53.603+0000] {processor.py:840} INFO - DAG(s) 'example_sensors' retrieved from /home/airflow/.local/lib/python3.8/site-packages/airflow/example_dags/example_sensors.py
[2024-02-03T05:31:53.639+0000] {logging_mixin.py:188} INFO - [2024-02-03T05:31:53.638+0000] {dag.py:3036} INFO - Sync 1 DAGs
[2024-02-03T05:31:53.655+0000] {logging_mixin.py:188} INFO - [2024-02-03T05:31:53.654+0000] {dag.py:3823} INFO - Setting next_dagrun for example_sensors to None, run_after=None
[2024-02-03T05:31:53.688+0000] {processor.py:183} INFO - Processing /home/airflow/.local/lib/python3.8/site-packages/airflow/example_dags/example_sensors.py took 0.107 seconds
[2024-02-03T05:32:24.042+0000] {processor.py:161} INFO - Started process (PID=737) to work on /home/airflow/.local/lib/python3.8/site-packages/airflow/example_dags/example_sensors.py
[2024-02-03T05:32:24.043+0000] {processor.py:830} INFO - Processing file /home/airflow/.local/lib/python3.8/site-packages/airflow/example_dags/example_sensors.py for tasks to queue
[2024-02-03T05:32:24.045+0000] {logging_mixin.py:188} INFO - [2024-02-03T05:32:24.045+0000] {dagbag.py:538} INFO - Filling up the DagBag from /home/airflow/.local/lib/python3.8/site-packages/airflow/example_dags/example_sensors.py
[2024-02-03T05:32:24.055+0000] {processor.py:840} INFO - DAG(s) 'example_sensors' retrieved from /home/airflow/.local/lib/python3.8/site-packages/airflow/example_dags/example_sensors.py
[2024-02-03T05:32:24.085+0000] {logging_mixin.py:188} INFO - [2024-02-03T05:32:24.084+0000] {dag.py:3036} INFO - Sync 1 DAGs
[2024-02-03T05:32:24.098+0000] {logging_mixin.py:188} INFO - [2024-02-03T05:32:24.098+0000] {dag.py:3823} INFO - Setting next_dagrun for example_sensors to None, run_after=None
[2024-02-03T05:32:24.125+0000] {processor.py:183} INFO - Processing /home/airflow/.local/lib/python3.8/site-packages/airflow/example_dags/example_sensors.py took 0.086 seconds
[2024-02-03T05:32:55.005+0000] {processor.py:161} INFO - Started process (PID=792) to work on /home/airflow/.local/lib/python3.8/site-packages/airflow/example_dags/example_sensors.py
[2024-02-03T05:32:55.006+0000] {processor.py:830} INFO - Processing file /home/airflow/.local/lib/python3.8/site-packages/airflow/example_dags/example_sensors.py for tasks to queue
[2024-02-03T05:32:55.008+0000] {logging_mixin.py:188} INFO - [2024-02-03T05:32:55.008+0000] {dagbag.py:538} INFO - Filling up the DagBag from /home/airflow/.local/lib/python3.8/site-packages/airflow/example_dags/example_sensors.py
[2024-02-03T05:32:55.017+0000] {processor.py:840} INFO - DAG(s) 'example_sensors' retrieved from /home/airflow/.local/lib/python3.8/site-packages/airflow/example_dags/example_sensors.py
[2024-02-03T05:32:55.046+0000] {logging_mixin.py:188} INFO - [2024-02-03T05:32:55.046+0000] {dag.py:3036} INFO - Sync 1 DAGs
[2024-02-03T05:32:55.061+0000] {logging_mixin.py:188} INFO - [2024-02-03T05:32:55.061+0000] {dag.py:3823} INFO - Setting next_dagrun for example_sensors to None, run_after=None
[2024-02-03T05:32:55.087+0000] {processor.py:183} INFO - Processing /home/airflow/.local/lib/python3.8/site-packages/airflow/example_dags/example_sensors.py took 0.085 seconds
[2024-02-03T06:00:01.221+0000] {processor.py:161} INFO - Started process (PID=61) to work on /home/airflow/.local/lib/python3.8/site-packages/airflow/example_dags/example_sensors.py
[2024-02-03T06:00:01.222+0000] {processor.py:830} INFO - Processing file /home/airflow/.local/lib/python3.8/site-packages/airflow/example_dags/example_sensors.py for tasks to queue
[2024-02-03T06:00:01.226+0000] {logging_mixin.py:188} INFO - [2024-02-03T06:00:01.225+0000] {dagbag.py:538} INFO - Filling up the DagBag from /home/airflow/.local/lib/python3.8/site-packages/airflow/example_dags/example_sensors.py
[2024-02-03T06:00:01.237+0000] {processor.py:840} INFO - DAG(s) 'example_sensors' retrieved from /home/airflow/.local/lib/python3.8/site-packages/airflow/example_dags/example_sensors.py
[2024-02-03T06:00:01.270+0000] {logging_mixin.py:188} INFO - [2024-02-03T06:00:01.269+0000] {dag.py:3036} INFO - Sync 1 DAGs
[2024-02-03T06:00:01.288+0000] {logging_mixin.py:188} INFO - [2024-02-03T06:00:01.287+0000] {dag.py:3823} INFO - Setting next_dagrun for example_sensors to None, run_after=None
[2024-02-03T06:00:01.315+0000] {processor.py:183} INFO - Processing /home/airflow/.local/lib/python3.8/site-packages/airflow/example_dags/example_sensors.py took 0.098 seconds
[2024-02-03T06:00:31.529+0000] {processor.py:161} INFO - Started process (PID=116) to work on /home/airflow/.local/lib/python3.8/site-packages/airflow/example_dags/example_sensors.py
[2024-02-03T06:00:31.531+0000] {processor.py:830} INFO - Processing file /home/airflow/.local/lib/python3.8/site-packages/airflow/example_dags/example_sensors.py for tasks to queue
[2024-02-03T06:00:31.532+0000] {logging_mixin.py:188} INFO - [2024-02-03T06:00:31.532+0000] {dagbag.py:538} INFO - Filling up the DagBag from /home/airflow/.local/lib/python3.8/site-packages/airflow/example_dags/example_sensors.py
[2024-02-03T06:00:31.542+0000] {processor.py:840} INFO - DAG(s) 'example_sensors' retrieved from /home/airflow/.local/lib/python3.8/site-packages/airflow/example_dags/example_sensors.py
[2024-02-03T06:00:31.572+0000] {logging_mixin.py:188} INFO - [2024-02-03T06:00:31.571+0000] {dag.py:3036} INFO - Sync 1 DAGs
[2024-02-03T06:00:31.586+0000] {logging_mixin.py:188} INFO - [2024-02-03T06:00:31.586+0000] {dag.py:3823} INFO - Setting next_dagrun for example_sensors to None, run_after=None
[2024-02-03T06:00:31.611+0000] {processor.py:183} INFO - Processing /home/airflow/.local/lib/python3.8/site-packages/airflow/example_dags/example_sensors.py took 0.084 seconds
[2024-02-03T06:01:02.197+0000] {processor.py:161} INFO - Started process (PID=171) to work on /home/airflow/.local/lib/python3.8/site-packages/airflow/example_dags/example_sensors.py
[2024-02-03T06:01:02.197+0000] {processor.py:830} INFO - Processing file /home/airflow/.local/lib/python3.8/site-packages/airflow/example_dags/example_sensors.py for tasks to queue
[2024-02-03T06:01:02.199+0000] {logging_mixin.py:188} INFO - [2024-02-03T06:01:02.199+0000] {dagbag.py:538} INFO - Filling up the DagBag from /home/airflow/.local/lib/python3.8/site-packages/airflow/example_dags/example_sensors.py
[2024-02-03T06:01:02.209+0000] {processor.py:840} INFO - DAG(s) 'example_sensors' retrieved from /home/airflow/.local/lib/python3.8/site-packages/airflow/example_dags/example_sensors.py
[2024-02-03T06:01:02.238+0000] {logging_mixin.py:188} INFO - [2024-02-03T06:01:02.238+0000] {dag.py:3036} INFO - Sync 1 DAGs
[2024-02-03T06:01:02.254+0000] {logging_mixin.py:188} INFO - [2024-02-03T06:01:02.253+0000] {dag.py:3823} INFO - Setting next_dagrun for example_sensors to None, run_after=None
[2024-02-03T06:01:02.277+0000] {processor.py:183} INFO - Processing /home/airflow/.local/lib/python3.8/site-packages/airflow/example_dags/example_sensors.py took 0.083 seconds
[2024-02-03T06:33:38.306+0000] {processor.py:161} INFO - Started process (PID=61) to work on /home/airflow/.local/lib/python3.8/site-packages/airflow/example_dags/example_sensors.py
[2024-02-03T06:33:38.310+0000] {processor.py:830} INFO - Processing file /home/airflow/.local/lib/python3.8/site-packages/airflow/example_dags/example_sensors.py for tasks to queue
[2024-02-03T06:33:38.313+0000] {logging_mixin.py:188} INFO - [2024-02-03T06:33:38.313+0000] {dagbag.py:538} INFO - Filling up the DagBag from /home/airflow/.local/lib/python3.8/site-packages/airflow/example_dags/example_sensors.py
[2024-02-03T06:33:38.327+0000] {processor.py:840} INFO - DAG(s) 'example_sensors' retrieved from /home/airflow/.local/lib/python3.8/site-packages/airflow/example_dags/example_sensors.py
[2024-02-03T06:33:38.343+0000] {logging_mixin.py:188} INFO - [2024-02-03T06:33:38.342+0000] {dag.py:3036} INFO - Sync 1 DAGs
[2024-02-03T06:33:38.365+0000] {logging_mixin.py:188} INFO - [2024-02-03T06:33:38.364+0000] {dag.py:3823} INFO - Setting next_dagrun for example_sensors to None, run_after=None
[2024-02-03T06:33:38.400+0000] {processor.py:183} INFO - Processing /home/airflow/.local/lib/python3.8/site-packages/airflow/example_dags/example_sensors.py took 0.103 seconds
[2024-02-03T06:34:09.807+0000] {processor.py:161} INFO - Started process (PID=116) to work on /home/airflow/.local/lib/python3.8/site-packages/airflow/example_dags/example_sensors.py
[2024-02-03T06:34:09.808+0000] {processor.py:830} INFO - Processing file /home/airflow/.local/lib/python3.8/site-packages/airflow/example_dags/example_sensors.py for tasks to queue
[2024-02-03T06:34:09.810+0000] {logging_mixin.py:188} INFO - [2024-02-03T06:34:09.810+0000] {dagbag.py:538} INFO - Filling up the DagBag from /home/airflow/.local/lib/python3.8/site-packages/airflow/example_dags/example_sensors.py
[2024-02-03T06:34:09.821+0000] {processor.py:840} INFO - DAG(s) 'example_sensors' retrieved from /home/airflow/.local/lib/python3.8/site-packages/airflow/example_dags/example_sensors.py
[2024-02-03T06:34:09.943+0000] {logging_mixin.py:188} INFO - [2024-02-03T06:34:09.942+0000] {dag.py:3036} INFO - Sync 1 DAGs
[2024-02-03T06:34:09.957+0000] {logging_mixin.py:188} INFO - [2024-02-03T06:34:09.956+0000] {dag.py:3823} INFO - Setting next_dagrun for example_sensors to None, run_after=None
[2024-02-03T06:34:09.983+0000] {processor.py:183} INFO - Processing /home/airflow/.local/lib/python3.8/site-packages/airflow/example_dags/example_sensors.py took 0.179 seconds
[2024-02-03T06:34:40.024+0000] {processor.py:161} INFO - Started process (PID=171) to work on /home/airflow/.local/lib/python3.8/site-packages/airflow/example_dags/example_sensors.py
[2024-02-03T06:34:40.025+0000] {processor.py:830} INFO - Processing file /home/airflow/.local/lib/python3.8/site-packages/airflow/example_dags/example_sensors.py for tasks to queue
[2024-02-03T06:34:40.027+0000] {logging_mixin.py:188} INFO - [2024-02-03T06:34:40.027+0000] {dagbag.py:538} INFO - Filling up the DagBag from /home/airflow/.local/lib/python3.8/site-packages/airflow/example_dags/example_sensors.py
[2024-02-03T06:34:40.037+0000] {processor.py:840} INFO - DAG(s) 'example_sensors' retrieved from /home/airflow/.local/lib/python3.8/site-packages/airflow/example_dags/example_sensors.py
[2024-02-03T06:34:40.067+0000] {logging_mixin.py:188} INFO - [2024-02-03T06:34:40.067+0000] {dag.py:3036} INFO - Sync 1 DAGs
[2024-02-03T06:34:40.081+0000] {logging_mixin.py:188} INFO - [2024-02-03T06:34:40.081+0000] {dag.py:3823} INFO - Setting next_dagrun for example_sensors to None, run_after=None
[2024-02-03T06:34:40.102+0000] {processor.py:183} INFO - Processing /home/airflow/.local/lib/python3.8/site-packages/airflow/example_dags/example_sensors.py took 0.081 seconds
[2024-02-03T06:35:10.434+0000] {processor.py:161} INFO - Started process (PID=226) to work on /home/airflow/.local/lib/python3.8/site-packages/airflow/example_dags/example_sensors.py
[2024-02-03T06:35:10.435+0000] {processor.py:830} INFO - Processing file /home/airflow/.local/lib/python3.8/site-packages/airflow/example_dags/example_sensors.py for tasks to queue
[2024-02-03T06:35:10.437+0000] {logging_mixin.py:188} INFO - [2024-02-03T06:35:10.436+0000] {dagbag.py:538} INFO - Filling up the DagBag from /home/airflow/.local/lib/python3.8/site-packages/airflow/example_dags/example_sensors.py
[2024-02-03T06:35:10.446+0000] {processor.py:840} INFO - DAG(s) 'example_sensors' retrieved from /home/airflow/.local/lib/python3.8/site-packages/airflow/example_dags/example_sensors.py
[2024-02-03T06:35:10.476+0000] {logging_mixin.py:188} INFO - [2024-02-03T06:35:10.476+0000] {dag.py:3036} INFO - Sync 1 DAGs
[2024-02-03T06:35:10.490+0000] {logging_mixin.py:188} INFO - [2024-02-03T06:35:10.490+0000] {dag.py:3823} INFO - Setting next_dagrun for example_sensors to None, run_after=None
[2024-02-03T06:35:10.514+0000] {processor.py:183} INFO - Processing /home/airflow/.local/lib/python3.8/site-packages/airflow/example_dags/example_sensors.py took 0.083 seconds
[2024-02-03T06:35:40.826+0000] {processor.py:161} INFO - Started process (PID=281) to work on /home/airflow/.local/lib/python3.8/site-packages/airflow/example_dags/example_sensors.py
[2024-02-03T06:35:40.827+0000] {processor.py:830} INFO - Processing file /home/airflow/.local/lib/python3.8/site-packages/airflow/example_dags/example_sensors.py for tasks to queue
[2024-02-03T06:35:40.829+0000] {logging_mixin.py:188} INFO - [2024-02-03T06:35:40.829+0000] {dagbag.py:538} INFO - Filling up the DagBag from /home/airflow/.local/lib/python3.8/site-packages/airflow/example_dags/example_sensors.py
[2024-02-03T06:35:40.841+0000] {processor.py:840} INFO - DAG(s) 'example_sensors' retrieved from /home/airflow/.local/lib/python3.8/site-packages/airflow/example_dags/example_sensors.py
[2024-02-03T06:35:40.875+0000] {logging_mixin.py:188} INFO - [2024-02-03T06:35:40.874+0000] {dag.py:3036} INFO - Sync 1 DAGs
[2024-02-03T06:35:40.891+0000] {logging_mixin.py:188} INFO - [2024-02-03T06:35:40.890+0000] {dag.py:3823} INFO - Setting next_dagrun for example_sensors to None, run_after=None
[2024-02-03T06:35:40.919+0000] {processor.py:183} INFO - Processing /home/airflow/.local/lib/python3.8/site-packages/airflow/example_dags/example_sensors.py took 0.096 seconds
[2024-02-03T06:36:11.279+0000] {processor.py:161} INFO - Started process (PID=336) to work on /home/airflow/.local/lib/python3.8/site-packages/airflow/example_dags/example_sensors.py
[2024-02-03T06:36:11.280+0000] {processor.py:830} INFO - Processing file /home/airflow/.local/lib/python3.8/site-packages/airflow/example_dags/example_sensors.py for tasks to queue
[2024-02-03T06:36:11.282+0000] {logging_mixin.py:188} INFO - [2024-02-03T06:36:11.281+0000] {dagbag.py:538} INFO - Filling up the DagBag from /home/airflow/.local/lib/python3.8/site-packages/airflow/example_dags/example_sensors.py
[2024-02-03T06:36:11.293+0000] {processor.py:840} INFO - DAG(s) 'example_sensors' retrieved from /home/airflow/.local/lib/python3.8/site-packages/airflow/example_dags/example_sensors.py
[2024-02-03T06:36:11.323+0000] {logging_mixin.py:188} INFO - [2024-02-03T06:36:11.323+0000] {dag.py:3036} INFO - Sync 1 DAGs
[2024-02-03T06:36:11.339+0000] {logging_mixin.py:188} INFO - [2024-02-03T06:36:11.339+0000] {dag.py:3823} INFO - Setting next_dagrun for example_sensors to None, run_after=None
[2024-02-03T06:36:11.365+0000] {processor.py:183} INFO - Processing /home/airflow/.local/lib/python3.8/site-packages/airflow/example_dags/example_sensors.py took 0.089 seconds
