[2024-02-03T05:26:16.584+0000] {processor.py:161} INFO - Started process (PID=56) to work on /home/airflow/.local/lib/python3.8/site-packages/airflow/example_dags/example_subdag_operator.py
[2024-02-03T05:26:16.586+0000] {processor.py:830} INFO - Processing file /home/airflow/.local/lib/python3.8/site-packages/airflow/example_dags/example_subdag_operator.py for tasks to queue
[2024-02-03T05:26:16.590+0000] {logging_mixin.py:188} INFO - [2024-02-03T05:26:16.589+0000] {dagbag.py:538} INFO - Filling up the DagBag from /home/airflow/.local/lib/python3.8/site-packages/airflow/example_dags/example_subdag_operator.py
[2024-02-03T05:26:16.631+0000] {processor.py:840} INFO - DAG(s) 'example_subdag_operator.section-1', 'example_subdag_operator.section-2', 'example_subdag_operator' retrieved from /home/airflow/.local/lib/python3.8/site-packages/airflow/example_dags/example_subdag_operator.py
[2024-02-03T05:26:16.801+0000] {logging_mixin.py:188} INFO - [2024-02-03T05:26:16.800+0000] {dag.py:3036} INFO - Sync 3 DAGs
[2024-02-03T05:26:16.836+0000] {logging_mixin.py:188} INFO - [2024-02-03T05:26:16.836+0000] {dag.py:3823} INFO - Setting next_dagrun for example_subdag_operator to 2022-01-01 00:00:00+00:00, run_after=2022-01-01 00:00:00+00:00
[2024-02-03T05:26:16.844+0000] {logging_mixin.py:188} INFO - [2024-02-03T05:26:16.843+0000] {dag.py:3823} INFO - Setting next_dagrun for example_subdag_operator.section-1 to None, run_after=None
[2024-02-03T05:26:16.848+0000] {logging_mixin.py:188} INFO - [2024-02-03T05:26:16.847+0000] {dag.py:3823} INFO - Setting next_dagrun for example_subdag_operator.section-2 to None, run_after=None
[2024-02-03T05:26:16.867+0000] {logging_mixin.py:188} INFO - [2024-02-03T05:26:16.866+0000] {dag.py:3036} INFO - Sync 2 DAGs
[2024-02-03T05:26:16.878+0000] {logging_mixin.py:188} INFO - [2024-02-03T05:26:16.877+0000] {dag.py:3823} INFO - Setting next_dagrun for example_subdag_operator.section-1 to None, run_after=None
[2024-02-03T05:26:16.879+0000] {logging_mixin.py:188} INFO - [2024-02-03T05:26:16.879+0000] {dag.py:3823} INFO - Setting next_dagrun for example_subdag_operator.section-2 to None, run_after=None
[2024-02-03T05:26:16.905+0000] {processor.py:183} INFO - Processing /home/airflow/.local/lib/python3.8/site-packages/airflow/example_dags/example_subdag_operator.py took 0.327 seconds
[2024-02-03T05:26:47.423+0000] {processor.py:161} INFO - Started process (PID=111) to work on /home/airflow/.local/lib/python3.8/site-packages/airflow/example_dags/example_subdag_operator.py
[2024-02-03T05:26:47.425+0000] {processor.py:830} INFO - Processing file /home/airflow/.local/lib/python3.8/site-packages/airflow/example_dags/example_subdag_operator.py for tasks to queue
[2024-02-03T05:26:47.427+0000] {logging_mixin.py:188} INFO - [2024-02-03T05:26:47.426+0000] {dagbag.py:538} INFO - Filling up the DagBag from /home/airflow/.local/lib/python3.8/site-packages/airflow/example_dags/example_subdag_operator.py
[2024-02-03T05:26:47.453+0000] {processor.py:840} INFO - DAG(s) 'example_subdag_operator.section-1', 'example_subdag_operator.section-2', 'example_subdag_operator' retrieved from /home/airflow/.local/lib/python3.8/site-packages/airflow/example_dags/example_subdag_operator.py
[2024-02-03T05:26:47.473+0000] {logging_mixin.py:188} INFO - [2024-02-03T05:26:47.473+0000] {dag.py:3036} INFO - Sync 3 DAGs
[2024-02-03T05:26:47.496+0000] {logging_mixin.py:188} INFO - [2024-02-03T05:26:47.495+0000] {dag.py:3823} INFO - Setting next_dagrun for example_subdag_operator to 2022-01-01 00:00:00+00:00, run_after=2022-01-01 00:00:00+00:00
[2024-02-03T05:26:47.500+0000] {logging_mixin.py:188} INFO - [2024-02-03T05:26:47.500+0000] {dag.py:3823} INFO - Setting next_dagrun for example_subdag_operator.section-1 to None, run_after=None
[2024-02-03T05:26:47.502+0000] {logging_mixin.py:188} INFO - [2024-02-03T05:26:47.501+0000] {dag.py:3823} INFO - Setting next_dagrun for example_subdag_operator.section-2 to None, run_after=None
[2024-02-03T05:26:47.509+0000] {logging_mixin.py:188} INFO - [2024-02-03T05:26:47.509+0000] {dag.py:3036} INFO - Sync 2 DAGs
[2024-02-03T05:26:47.515+0000] {logging_mixin.py:188} INFO - [2024-02-03T05:26:47.515+0000] {dag.py:3823} INFO - Setting next_dagrun for example_subdag_operator.section-1 to None, run_after=None
[2024-02-03T05:26:47.516+0000] {logging_mixin.py:188} INFO - [2024-02-03T05:26:47.516+0000] {dag.py:3823} INFO - Setting next_dagrun for example_subdag_operator.section-2 to None, run_after=None
[2024-02-03T05:26:47.531+0000] {processor.py:183} INFO - Processing /home/airflow/.local/lib/python3.8/site-packages/airflow/example_dags/example_subdag_operator.py took 0.111 seconds
[2024-02-03T05:27:17.759+0000] {processor.py:161} INFO - Started process (PID=166) to work on /home/airflow/.local/lib/python3.8/site-packages/airflow/example_dags/example_subdag_operator.py
[2024-02-03T05:27:17.760+0000] {processor.py:830} INFO - Processing file /home/airflow/.local/lib/python3.8/site-packages/airflow/example_dags/example_subdag_operator.py for tasks to queue
[2024-02-03T05:27:17.762+0000] {logging_mixin.py:188} INFO - [2024-02-03T05:27:17.761+0000] {dagbag.py:538} INFO - Filling up the DagBag from /home/airflow/.local/lib/python3.8/site-packages/airflow/example_dags/example_subdag_operator.py
[2024-02-03T05:27:17.794+0000] {processor.py:840} INFO - DAG(s) 'example_subdag_operator.section-1', 'example_subdag_operator.section-2', 'example_subdag_operator' retrieved from /home/airflow/.local/lib/python3.8/site-packages/airflow/example_dags/example_subdag_operator.py
[2024-02-03T05:27:17.816+0000] {logging_mixin.py:188} INFO - [2024-02-03T05:27:17.816+0000] {dag.py:3036} INFO - Sync 3 DAGs
[2024-02-03T05:27:17.841+0000] {logging_mixin.py:188} INFO - [2024-02-03T05:27:17.841+0000] {dag.py:3823} INFO - Setting next_dagrun for example_subdag_operator to 2022-01-01 00:00:00+00:00, run_after=2022-01-01 00:00:00+00:00
[2024-02-03T05:27:17.846+0000] {logging_mixin.py:188} INFO - [2024-02-03T05:27:17.845+0000] {dag.py:3823} INFO - Setting next_dagrun for example_subdag_operator.section-1 to None, run_after=None
[2024-02-03T05:27:17.848+0000] {logging_mixin.py:188} INFO - [2024-02-03T05:27:17.847+0000] {dag.py:3823} INFO - Setting next_dagrun for example_subdag_operator.section-2 to None, run_after=None
[2024-02-03T05:27:17.860+0000] {logging_mixin.py:188} INFO - [2024-02-03T05:27:17.860+0000] {dag.py:3036} INFO - Sync 2 DAGs
[2024-02-03T05:27:17.866+0000] {logging_mixin.py:188} INFO - [2024-02-03T05:27:17.866+0000] {dag.py:3823} INFO - Setting next_dagrun for example_subdag_operator.section-1 to None, run_after=None
[2024-02-03T05:27:17.867+0000] {logging_mixin.py:188} INFO - [2024-02-03T05:27:17.867+0000] {dag.py:3823} INFO - Setting next_dagrun for example_subdag_operator.section-2 to None, run_after=None
[2024-02-03T05:27:17.883+0000] {processor.py:183} INFO - Processing /home/airflow/.local/lib/python3.8/site-packages/airflow/example_dags/example_subdag_operator.py took 0.126 seconds
[2024-02-03T05:27:47.911+0000] {processor.py:161} INFO - Started process (PID=221) to work on /home/airflow/.local/lib/python3.8/site-packages/airflow/example_dags/example_subdag_operator.py
[2024-02-03T05:27:47.912+0000] {processor.py:830} INFO - Processing file /home/airflow/.local/lib/python3.8/site-packages/airflow/example_dags/example_subdag_operator.py for tasks to queue
[2024-02-03T05:27:47.914+0000] {logging_mixin.py:188} INFO - [2024-02-03T05:27:47.914+0000] {dagbag.py:538} INFO - Filling up the DagBag from /home/airflow/.local/lib/python3.8/site-packages/airflow/example_dags/example_subdag_operator.py
[2024-02-03T05:27:47.940+0000] {processor.py:840} INFO - DAG(s) 'example_subdag_operator.section-1', 'example_subdag_operator.section-2', 'example_subdag_operator' retrieved from /home/airflow/.local/lib/python3.8/site-packages/airflow/example_dags/example_subdag_operator.py
[2024-02-03T05:27:47.960+0000] {logging_mixin.py:188} INFO - [2024-02-03T05:27:47.960+0000] {dag.py:3036} INFO - Sync 3 DAGs
[2024-02-03T05:27:47.987+0000] {logging_mixin.py:188} INFO - [2024-02-03T05:27:47.987+0000] {dag.py:3823} INFO - Setting next_dagrun for example_subdag_operator to 2022-01-01 00:00:00+00:00, run_after=2022-01-01 00:00:00+00:00
[2024-02-03T05:27:47.996+0000] {logging_mixin.py:188} INFO - [2024-02-03T05:27:47.995+0000] {dag.py:3823} INFO - Setting next_dagrun for example_subdag_operator.section-1 to None, run_after=None
[2024-02-03T05:27:47.999+0000] {logging_mixin.py:188} INFO - [2024-02-03T05:27:47.999+0000] {dag.py:3823} INFO - Setting next_dagrun for example_subdag_operator.section-2 to None, run_after=None
[2024-02-03T05:27:48.011+0000] {logging_mixin.py:188} INFO - [2024-02-03T05:27:48.010+0000] {dag.py:3036} INFO - Sync 2 DAGs
[2024-02-03T05:27:48.018+0000] {logging_mixin.py:188} INFO - [2024-02-03T05:27:48.018+0000] {dag.py:3823} INFO - Setting next_dagrun for example_subdag_operator.section-1 to None, run_after=None
[2024-02-03T05:27:48.019+0000] {logging_mixin.py:188} INFO - [2024-02-03T05:27:48.019+0000] {dag.py:3823} INFO - Setting next_dagrun for example_subdag_operator.section-2 to None, run_after=None
[2024-02-03T05:27:48.034+0000] {processor.py:183} INFO - Processing /home/airflow/.local/lib/python3.8/site-packages/airflow/example_dags/example_subdag_operator.py took 0.126 seconds
[2024-02-03T05:28:18.975+0000] {processor.py:161} INFO - Started process (PID=276) to work on /home/airflow/.local/lib/python3.8/site-packages/airflow/example_dags/example_subdag_operator.py
[2024-02-03T05:28:18.976+0000] {processor.py:830} INFO - Processing file /home/airflow/.local/lib/python3.8/site-packages/airflow/example_dags/example_subdag_operator.py for tasks to queue
[2024-02-03T05:28:18.978+0000] {logging_mixin.py:188} INFO - [2024-02-03T05:28:18.978+0000] {dagbag.py:538} INFO - Filling up the DagBag from /home/airflow/.local/lib/python3.8/site-packages/airflow/example_dags/example_subdag_operator.py
[2024-02-03T05:28:19.006+0000] {processor.py:840} INFO - DAG(s) 'example_subdag_operator.section-1', 'example_subdag_operator.section-2', 'example_subdag_operator' retrieved from /home/airflow/.local/lib/python3.8/site-packages/airflow/example_dags/example_subdag_operator.py
[2024-02-03T05:28:19.026+0000] {logging_mixin.py:188} INFO - [2024-02-03T05:28:19.025+0000] {dag.py:3036} INFO - Sync 3 DAGs
[2024-02-03T05:28:19.049+0000] {logging_mixin.py:188} INFO - [2024-02-03T05:28:19.049+0000] {dag.py:3823} INFO - Setting next_dagrun for example_subdag_operator to 2022-01-01 00:00:00+00:00, run_after=2022-01-01 00:00:00+00:00
[2024-02-03T05:28:19.054+0000] {logging_mixin.py:188} INFO - [2024-02-03T05:28:19.054+0000] {dag.py:3823} INFO - Setting next_dagrun for example_subdag_operator.section-1 to None, run_after=None
[2024-02-03T05:28:19.056+0000] {logging_mixin.py:188} INFO - [2024-02-03T05:28:19.055+0000] {dag.py:3823} INFO - Setting next_dagrun for example_subdag_operator.section-2 to None, run_after=None
[2024-02-03T05:28:19.064+0000] {logging_mixin.py:188} INFO - [2024-02-03T05:28:19.063+0000] {dag.py:3036} INFO - Sync 2 DAGs
[2024-02-03T05:28:19.071+0000] {logging_mixin.py:188} INFO - [2024-02-03T05:28:19.071+0000] {dag.py:3823} INFO - Setting next_dagrun for example_subdag_operator.section-1 to None, run_after=None
[2024-02-03T05:28:19.072+0000] {logging_mixin.py:188} INFO - [2024-02-03T05:28:19.072+0000] {dag.py:3823} INFO - Setting next_dagrun for example_subdag_operator.section-2 to None, run_after=None
[2024-02-03T05:28:19.087+0000] {processor.py:183} INFO - Processing /home/airflow/.local/lib/python3.8/site-packages/airflow/example_dags/example_subdag_operator.py took 0.115 seconds
[2024-02-03T05:28:49.175+0000] {processor.py:161} INFO - Started process (PID=330) to work on /home/airflow/.local/lib/python3.8/site-packages/airflow/example_dags/example_subdag_operator.py
[2024-02-03T05:28:49.176+0000] {processor.py:830} INFO - Processing file /home/airflow/.local/lib/python3.8/site-packages/airflow/example_dags/example_subdag_operator.py for tasks to queue
[2024-02-03T05:28:49.178+0000] {logging_mixin.py:188} INFO - [2024-02-03T05:28:49.177+0000] {dagbag.py:538} INFO - Filling up the DagBag from /home/airflow/.local/lib/python3.8/site-packages/airflow/example_dags/example_subdag_operator.py
[2024-02-03T05:28:49.201+0000] {processor.py:840} INFO - DAG(s) 'example_subdag_operator.section-1', 'example_subdag_operator.section-2', 'example_subdag_operator' retrieved from /home/airflow/.local/lib/python3.8/site-packages/airflow/example_dags/example_subdag_operator.py
[2024-02-03T05:28:49.219+0000] {logging_mixin.py:188} INFO - [2024-02-03T05:28:49.219+0000] {dag.py:3036} INFO - Sync 3 DAGs
[2024-02-03T05:28:49.242+0000] {logging_mixin.py:188} INFO - [2024-02-03T05:28:49.242+0000] {dag.py:3823} INFO - Setting next_dagrun for example_subdag_operator to 2022-01-01 00:00:00+00:00, run_after=2022-01-01 00:00:00+00:00
[2024-02-03T05:28:49.247+0000] {logging_mixin.py:188} INFO - [2024-02-03T05:28:49.246+0000] {dag.py:3823} INFO - Setting next_dagrun for example_subdag_operator.section-1 to None, run_after=None
[2024-02-03T05:28:49.248+0000] {logging_mixin.py:188} INFO - [2024-02-03T05:28:49.248+0000] {dag.py:3823} INFO - Setting next_dagrun for example_subdag_operator.section-2 to None, run_after=None
[2024-02-03T05:28:49.256+0000] {logging_mixin.py:188} INFO - [2024-02-03T05:28:49.256+0000] {dag.py:3036} INFO - Sync 2 DAGs
[2024-02-03T05:28:49.262+0000] {logging_mixin.py:188} INFO - [2024-02-03T05:28:49.262+0000] {dag.py:3823} INFO - Setting next_dagrun for example_subdag_operator.section-1 to None, run_after=None
[2024-02-03T05:28:49.263+0000] {logging_mixin.py:188} INFO - [2024-02-03T05:28:49.263+0000] {dag.py:3823} INFO - Setting next_dagrun for example_subdag_operator.section-2 to None, run_after=None
[2024-02-03T05:28:49.276+0000] {processor.py:183} INFO - Processing /home/airflow/.local/lib/python3.8/site-packages/airflow/example_dags/example_subdag_operator.py took 0.104 seconds
[2024-02-03T05:29:19.487+0000] {processor.py:161} INFO - Started process (PID=385) to work on /home/airflow/.local/lib/python3.8/site-packages/airflow/example_dags/example_subdag_operator.py
[2024-02-03T05:29:19.488+0000] {processor.py:830} INFO - Processing file /home/airflow/.local/lib/python3.8/site-packages/airflow/example_dags/example_subdag_operator.py for tasks to queue
[2024-02-03T05:29:19.490+0000] {logging_mixin.py:188} INFO - [2024-02-03T05:29:19.489+0000] {dagbag.py:538} INFO - Filling up the DagBag from /home/airflow/.local/lib/python3.8/site-packages/airflow/example_dags/example_subdag_operator.py
[2024-02-03T05:29:19.517+0000] {processor.py:840} INFO - DAG(s) 'example_subdag_operator.section-1', 'example_subdag_operator.section-2', 'example_subdag_operator' retrieved from /home/airflow/.local/lib/python3.8/site-packages/airflow/example_dags/example_subdag_operator.py
[2024-02-03T05:29:19.537+0000] {logging_mixin.py:188} INFO - [2024-02-03T05:29:19.537+0000] {dag.py:3036} INFO - Sync 3 DAGs
[2024-02-03T05:29:19.563+0000] {logging_mixin.py:188} INFO - [2024-02-03T05:29:19.562+0000] {dag.py:3823} INFO - Setting next_dagrun for example_subdag_operator to 2022-01-01 00:00:00+00:00, run_after=2022-01-01 00:00:00+00:00
[2024-02-03T05:29:19.567+0000] {logging_mixin.py:188} INFO - [2024-02-03T05:29:19.567+0000] {dag.py:3823} INFO - Setting next_dagrun for example_subdag_operator.section-1 to None, run_after=None
[2024-02-03T05:29:19.569+0000] {logging_mixin.py:188} INFO - [2024-02-03T05:29:19.569+0000] {dag.py:3823} INFO - Setting next_dagrun for example_subdag_operator.section-2 to None, run_after=None
[2024-02-03T05:29:19.577+0000] {logging_mixin.py:188} INFO - [2024-02-03T05:29:19.576+0000] {dag.py:3036} INFO - Sync 2 DAGs
[2024-02-03T05:29:19.583+0000] {logging_mixin.py:188} INFO - [2024-02-03T05:29:19.583+0000] {dag.py:3823} INFO - Setting next_dagrun for example_subdag_operator.section-1 to None, run_after=None
[2024-02-03T05:29:19.584+0000] {logging_mixin.py:188} INFO - [2024-02-03T05:29:19.584+0000] {dag.py:3823} INFO - Setting next_dagrun for example_subdag_operator.section-2 to None, run_after=None
[2024-02-03T05:29:19.602+0000] {processor.py:183} INFO - Processing /home/airflow/.local/lib/python3.8/site-packages/airflow/example_dags/example_subdag_operator.py took 0.118 seconds
[2024-02-03T05:29:49.895+0000] {processor.py:161} INFO - Started process (PID=440) to work on /home/airflow/.local/lib/python3.8/site-packages/airflow/example_dags/example_subdag_operator.py
[2024-02-03T05:29:49.897+0000] {processor.py:830} INFO - Processing file /home/airflow/.local/lib/python3.8/site-packages/airflow/example_dags/example_subdag_operator.py for tasks to queue
[2024-02-03T05:29:49.899+0000] {logging_mixin.py:188} INFO - [2024-02-03T05:29:49.898+0000] {dagbag.py:538} INFO - Filling up the DagBag from /home/airflow/.local/lib/python3.8/site-packages/airflow/example_dags/example_subdag_operator.py
[2024-02-03T05:29:49.925+0000] {processor.py:840} INFO - DAG(s) 'example_subdag_operator.section-1', 'example_subdag_operator.section-2', 'example_subdag_operator' retrieved from /home/airflow/.local/lib/python3.8/site-packages/airflow/example_dags/example_subdag_operator.py
[2024-02-03T05:29:49.945+0000] {logging_mixin.py:188} INFO - [2024-02-03T05:29:49.945+0000] {dag.py:3036} INFO - Sync 3 DAGs
[2024-02-03T05:29:49.971+0000] {logging_mixin.py:188} INFO - [2024-02-03T05:29:49.971+0000] {dag.py:3823} INFO - Setting next_dagrun for example_subdag_operator to 2022-01-01 00:00:00+00:00, run_after=2022-01-01 00:00:00+00:00
[2024-02-03T05:29:49.976+0000] {logging_mixin.py:188} INFO - [2024-02-03T05:29:49.976+0000] {dag.py:3823} INFO - Setting next_dagrun for example_subdag_operator.section-1 to None, run_after=None
[2024-02-03T05:29:49.978+0000] {logging_mixin.py:188} INFO - [2024-02-03T05:29:49.978+0000] {dag.py:3823} INFO - Setting next_dagrun for example_subdag_operator.section-2 to None, run_after=None
[2024-02-03T05:29:49.987+0000] {logging_mixin.py:188} INFO - [2024-02-03T05:29:49.987+0000] {dag.py:3036} INFO - Sync 2 DAGs
[2024-02-03T05:29:49.993+0000] {logging_mixin.py:188} INFO - [2024-02-03T05:29:49.993+0000] {dag.py:3823} INFO - Setting next_dagrun for example_subdag_operator.section-1 to None, run_after=None
[2024-02-03T05:29:49.994+0000] {logging_mixin.py:188} INFO - [2024-02-03T05:29:49.994+0000] {dag.py:3823} INFO - Setting next_dagrun for example_subdag_operator.section-2 to None, run_after=None
[2024-02-03T05:29:50.010+0000] {processor.py:183} INFO - Processing /home/airflow/.local/lib/python3.8/site-packages/airflow/example_dags/example_subdag_operator.py took 0.119 seconds
[2024-02-03T05:30:20.139+0000] {processor.py:161} INFO - Started process (PID=495) to work on /home/airflow/.local/lib/python3.8/site-packages/airflow/example_dags/example_subdag_operator.py
[2024-02-03T05:30:20.140+0000] {processor.py:830} INFO - Processing file /home/airflow/.local/lib/python3.8/site-packages/airflow/example_dags/example_subdag_operator.py for tasks to queue
[2024-02-03T05:30:20.143+0000] {logging_mixin.py:188} INFO - [2024-02-03T05:30:20.143+0000] {dagbag.py:538} INFO - Filling up the DagBag from /home/airflow/.local/lib/python3.8/site-packages/airflow/example_dags/example_subdag_operator.py
[2024-02-03T05:30:20.174+0000] {processor.py:840} INFO - DAG(s) 'example_subdag_operator.section-1', 'example_subdag_operator.section-2', 'example_subdag_operator' retrieved from /home/airflow/.local/lib/python3.8/site-packages/airflow/example_dags/example_subdag_operator.py
[2024-02-03T05:30:20.194+0000] {logging_mixin.py:188} INFO - [2024-02-03T05:30:20.194+0000] {dag.py:3036} INFO - Sync 3 DAGs
[2024-02-03T05:30:20.221+0000] {logging_mixin.py:188} INFO - [2024-02-03T05:30:20.221+0000] {dag.py:3823} INFO - Setting next_dagrun for example_subdag_operator to 2022-01-01 00:00:00+00:00, run_after=2022-01-01 00:00:00+00:00
[2024-02-03T05:30:20.226+0000] {logging_mixin.py:188} INFO - [2024-02-03T05:30:20.226+0000] {dag.py:3823} INFO - Setting next_dagrun for example_subdag_operator.section-1 to None, run_after=None
[2024-02-03T05:30:20.229+0000] {logging_mixin.py:188} INFO - [2024-02-03T05:30:20.229+0000] {dag.py:3823} INFO - Setting next_dagrun for example_subdag_operator.section-2 to None, run_after=None
[2024-02-03T05:30:20.238+0000] {logging_mixin.py:188} INFO - [2024-02-03T05:30:20.238+0000] {dag.py:3036} INFO - Sync 2 DAGs
[2024-02-03T05:30:20.246+0000] {logging_mixin.py:188} INFO - [2024-02-03T05:30:20.245+0000] {dag.py:3823} INFO - Setting next_dagrun for example_subdag_operator.section-1 to None, run_after=None
[2024-02-03T05:30:20.247+0000] {logging_mixin.py:188} INFO - [2024-02-03T05:30:20.247+0000] {dag.py:3823} INFO - Setting next_dagrun for example_subdag_operator.section-2 to None, run_after=None
[2024-02-03T05:30:20.268+0000] {processor.py:183} INFO - Processing /home/airflow/.local/lib/python3.8/site-packages/airflow/example_dags/example_subdag_operator.py took 0.132 seconds
[2024-02-03T05:30:50.706+0000] {processor.py:161} INFO - Started process (PID=550) to work on /home/airflow/.local/lib/python3.8/site-packages/airflow/example_dags/example_subdag_operator.py
[2024-02-03T05:30:50.709+0000] {processor.py:830} INFO - Processing file /home/airflow/.local/lib/python3.8/site-packages/airflow/example_dags/example_subdag_operator.py for tasks to queue
[2024-02-03T05:30:50.718+0000] {logging_mixin.py:188} INFO - [2024-02-03T05:30:50.717+0000] {dagbag.py:538} INFO - Filling up the DagBag from /home/airflow/.local/lib/python3.8/site-packages/airflow/example_dags/example_subdag_operator.py
[2024-02-03T05:30:50.854+0000] {processor.py:840} INFO - DAG(s) 'example_subdag_operator.section-1', 'example_subdag_operator.section-2', 'example_subdag_operator' retrieved from /home/airflow/.local/lib/python3.8/site-packages/airflow/example_dags/example_subdag_operator.py
[2024-02-03T05:30:50.911+0000] {logging_mixin.py:188} INFO - [2024-02-03T05:30:50.911+0000] {dag.py:3036} INFO - Sync 3 DAGs
[2024-02-03T05:30:50.972+0000] {logging_mixin.py:188} INFO - [2024-02-03T05:30:50.972+0000] {dag.py:3823} INFO - Setting next_dagrun for example_subdag_operator to 2022-01-01 00:00:00+00:00, run_after=2022-01-01 00:00:00+00:00
[2024-02-03T05:30:50.978+0000] {logging_mixin.py:188} INFO - [2024-02-03T05:30:50.978+0000] {dag.py:3823} INFO - Setting next_dagrun for example_subdag_operator.section-1 to None, run_after=None
[2024-02-03T05:30:50.980+0000] {logging_mixin.py:188} INFO - [2024-02-03T05:30:50.980+0000] {dag.py:3823} INFO - Setting next_dagrun for example_subdag_operator.section-2 to None, run_after=None
[2024-02-03T05:30:51.004+0000] {logging_mixin.py:188} INFO - [2024-02-03T05:30:51.004+0000] {dag.py:3036} INFO - Sync 2 DAGs
[2024-02-03T05:30:51.013+0000] {logging_mixin.py:188} INFO - [2024-02-03T05:30:51.013+0000] {dag.py:3823} INFO - Setting next_dagrun for example_subdag_operator.section-1 to None, run_after=None
[2024-02-03T05:30:51.014+0000] {logging_mixin.py:188} INFO - [2024-02-03T05:30:51.014+0000] {dag.py:3823} INFO - Setting next_dagrun for example_subdag_operator.section-2 to None, run_after=None
[2024-02-03T05:30:51.035+0000] {processor.py:183} INFO - Processing /home/airflow/.local/lib/python3.8/site-packages/airflow/example_dags/example_subdag_operator.py took 0.332 seconds
[2024-02-03T05:31:21.935+0000] {processor.py:161} INFO - Started process (PID=606) to work on /home/airflow/.local/lib/python3.8/site-packages/airflow/example_dags/example_subdag_operator.py
[2024-02-03T05:31:21.936+0000] {processor.py:830} INFO - Processing file /home/airflow/.local/lib/python3.8/site-packages/airflow/example_dags/example_subdag_operator.py for tasks to queue
[2024-02-03T05:31:21.938+0000] {logging_mixin.py:188} INFO - [2024-02-03T05:31:21.938+0000] {dagbag.py:538} INFO - Filling up the DagBag from /home/airflow/.local/lib/python3.8/site-packages/airflow/example_dags/example_subdag_operator.py
[2024-02-03T05:31:21.966+0000] {processor.py:840} INFO - DAG(s) 'example_subdag_operator.section-1', 'example_subdag_operator.section-2', 'example_subdag_operator' retrieved from /home/airflow/.local/lib/python3.8/site-packages/airflow/example_dags/example_subdag_operator.py
[2024-02-03T05:31:21.988+0000] {logging_mixin.py:188} INFO - [2024-02-03T05:31:21.987+0000] {dag.py:3036} INFO - Sync 3 DAGs
[2024-02-03T05:31:22.015+0000] {logging_mixin.py:188} INFO - [2024-02-03T05:31:22.015+0000] {dag.py:3823} INFO - Setting next_dagrun for example_subdag_operator to 2022-01-01 00:00:00+00:00, run_after=2022-01-01 00:00:00+00:00
[2024-02-03T05:31:22.020+0000] {logging_mixin.py:188} INFO - [2024-02-03T05:31:22.020+0000] {dag.py:3823} INFO - Setting next_dagrun for example_subdag_operator.section-1 to None, run_after=None
[2024-02-03T05:31:22.022+0000] {logging_mixin.py:188} INFO - [2024-02-03T05:31:22.022+0000] {dag.py:3823} INFO - Setting next_dagrun for example_subdag_operator.section-2 to None, run_after=None
[2024-02-03T05:31:22.032+0000] {logging_mixin.py:188} INFO - [2024-02-03T05:31:22.031+0000] {dag.py:3036} INFO - Sync 2 DAGs
[2024-02-03T05:31:22.038+0000] {logging_mixin.py:188} INFO - [2024-02-03T05:31:22.038+0000] {dag.py:3823} INFO - Setting next_dagrun for example_subdag_operator.section-1 to None, run_after=None
[2024-02-03T05:31:22.039+0000] {logging_mixin.py:188} INFO - [2024-02-03T05:31:22.039+0000] {dag.py:3823} INFO - Setting next_dagrun for example_subdag_operator.section-2 to None, run_after=None
[2024-02-03T05:31:22.057+0000] {processor.py:183} INFO - Processing /home/airflow/.local/lib/python3.8/site-packages/airflow/example_dags/example_subdag_operator.py took 0.125 seconds
[2024-02-03T05:31:52.099+0000] {processor.py:161} INFO - Started process (PID=676) to work on /home/airflow/.local/lib/python3.8/site-packages/airflow/example_dags/example_subdag_operator.py
[2024-02-03T05:31:52.100+0000] {processor.py:830} INFO - Processing file /home/airflow/.local/lib/python3.8/site-packages/airflow/example_dags/example_subdag_operator.py for tasks to queue
[2024-02-03T05:31:52.102+0000] {logging_mixin.py:188} INFO - [2024-02-03T05:31:52.101+0000] {dagbag.py:538} INFO - Filling up the DagBag from /home/airflow/.local/lib/python3.8/site-packages/airflow/example_dags/example_subdag_operator.py
[2024-02-03T05:31:52.128+0000] {processor.py:840} INFO - DAG(s) 'example_subdag_operator.section-1', 'example_subdag_operator.section-2', 'example_subdag_operator' retrieved from /home/airflow/.local/lib/python3.8/site-packages/airflow/example_dags/example_subdag_operator.py
[2024-02-03T05:31:52.147+0000] {logging_mixin.py:188} INFO - [2024-02-03T05:31:52.147+0000] {dag.py:3036} INFO - Sync 3 DAGs
[2024-02-03T05:31:52.169+0000] {logging_mixin.py:188} INFO - [2024-02-03T05:31:52.169+0000] {dag.py:3823} INFO - Setting next_dagrun for example_subdag_operator to 2022-01-01 00:00:00+00:00, run_after=2022-01-01 00:00:00+00:00
[2024-02-03T05:31:52.173+0000] {logging_mixin.py:188} INFO - [2024-02-03T05:31:52.173+0000] {dag.py:3823} INFO - Setting next_dagrun for example_subdag_operator.section-1 to None, run_after=None
[2024-02-03T05:31:52.174+0000] {logging_mixin.py:188} INFO - [2024-02-03T05:31:52.174+0000] {dag.py:3823} INFO - Setting next_dagrun for example_subdag_operator.section-2 to None, run_after=None
[2024-02-03T05:31:52.182+0000] {logging_mixin.py:188} INFO - [2024-02-03T05:31:52.181+0000] {dag.py:3036} INFO - Sync 2 DAGs
[2024-02-03T05:31:52.187+0000] {logging_mixin.py:188} INFO - [2024-02-03T05:31:52.187+0000] {dag.py:3823} INFO - Setting next_dagrun for example_subdag_operator.section-1 to None, run_after=None
[2024-02-03T05:31:52.188+0000] {logging_mixin.py:188} INFO - [2024-02-03T05:31:52.187+0000] {dag.py:3823} INFO - Setting next_dagrun for example_subdag_operator.section-2 to None, run_after=None
[2024-02-03T05:31:52.203+0000] {processor.py:183} INFO - Processing /home/airflow/.local/lib/python3.8/site-packages/airflow/example_dags/example_subdag_operator.py took 0.107 seconds
[2024-02-03T05:32:22.348+0000] {processor.py:161} INFO - Started process (PID=731) to work on /home/airflow/.local/lib/python3.8/site-packages/airflow/example_dags/example_subdag_operator.py
[2024-02-03T05:32:22.349+0000] {processor.py:830} INFO - Processing file /home/airflow/.local/lib/python3.8/site-packages/airflow/example_dags/example_subdag_operator.py for tasks to queue
[2024-02-03T05:32:22.350+0000] {logging_mixin.py:188} INFO - [2024-02-03T05:32:22.350+0000] {dagbag.py:538} INFO - Filling up the DagBag from /home/airflow/.local/lib/python3.8/site-packages/airflow/example_dags/example_subdag_operator.py
[2024-02-03T05:32:22.376+0000] {processor.py:840} INFO - DAG(s) 'example_subdag_operator.section-1', 'example_subdag_operator.section-2', 'example_subdag_operator' retrieved from /home/airflow/.local/lib/python3.8/site-packages/airflow/example_dags/example_subdag_operator.py
[2024-02-03T05:32:22.395+0000] {logging_mixin.py:188} INFO - [2024-02-03T05:32:22.395+0000] {dag.py:3036} INFO - Sync 3 DAGs
[2024-02-03T05:32:22.420+0000] {logging_mixin.py:188} INFO - [2024-02-03T05:32:22.419+0000] {dag.py:3823} INFO - Setting next_dagrun for example_subdag_operator to 2022-01-01 00:00:00+00:00, run_after=2022-01-01 00:00:00+00:00
[2024-02-03T05:32:22.424+0000] {logging_mixin.py:188} INFO - [2024-02-03T05:32:22.423+0000] {dag.py:3823} INFO - Setting next_dagrun for example_subdag_operator.section-1 to None, run_after=None
[2024-02-03T05:32:22.425+0000] {logging_mixin.py:188} INFO - [2024-02-03T05:32:22.425+0000] {dag.py:3823} INFO - Setting next_dagrun for example_subdag_operator.section-2 to None, run_after=None
[2024-02-03T05:32:22.433+0000] {logging_mixin.py:188} INFO - [2024-02-03T05:32:22.433+0000] {dag.py:3036} INFO - Sync 2 DAGs
[2024-02-03T05:32:22.439+0000] {logging_mixin.py:188} INFO - [2024-02-03T05:32:22.439+0000] {dag.py:3823} INFO - Setting next_dagrun for example_subdag_operator.section-1 to None, run_after=None
[2024-02-03T05:32:22.440+0000] {logging_mixin.py:188} INFO - [2024-02-03T05:32:22.440+0000] {dag.py:3823} INFO - Setting next_dagrun for example_subdag_operator.section-2 to None, run_after=None
[2024-02-03T05:32:22.455+0000] {processor.py:183} INFO - Processing /home/airflow/.local/lib/python3.8/site-packages/airflow/example_dags/example_subdag_operator.py took 0.110 seconds
[2024-02-03T05:32:52.542+0000] {processor.py:161} INFO - Started process (PID=786) to work on /home/airflow/.local/lib/python3.8/site-packages/airflow/example_dags/example_subdag_operator.py
[2024-02-03T05:32:52.543+0000] {processor.py:830} INFO - Processing file /home/airflow/.local/lib/python3.8/site-packages/airflow/example_dags/example_subdag_operator.py for tasks to queue
[2024-02-03T05:32:52.545+0000] {logging_mixin.py:188} INFO - [2024-02-03T05:32:52.545+0000] {dagbag.py:538} INFO - Filling up the DagBag from /home/airflow/.local/lib/python3.8/site-packages/airflow/example_dags/example_subdag_operator.py
[2024-02-03T05:32:52.570+0000] {processor.py:840} INFO - DAG(s) 'example_subdag_operator.section-1', 'example_subdag_operator.section-2', 'example_subdag_operator' retrieved from /home/airflow/.local/lib/python3.8/site-packages/airflow/example_dags/example_subdag_operator.py
[2024-02-03T05:32:52.590+0000] {logging_mixin.py:188} INFO - [2024-02-03T05:32:52.589+0000] {dag.py:3036} INFO - Sync 3 DAGs
[2024-02-03T05:32:52.613+0000] {logging_mixin.py:188} INFO - [2024-02-03T05:32:52.612+0000] {dag.py:3823} INFO - Setting next_dagrun for example_subdag_operator to 2022-01-01 00:00:00+00:00, run_after=2022-01-01 00:00:00+00:00
[2024-02-03T05:32:52.617+0000] {logging_mixin.py:188} INFO - [2024-02-03T05:32:52.617+0000] {dag.py:3823} INFO - Setting next_dagrun for example_subdag_operator.section-1 to None, run_after=None
[2024-02-03T05:32:52.618+0000] {logging_mixin.py:188} INFO - [2024-02-03T05:32:52.618+0000] {dag.py:3823} INFO - Setting next_dagrun for example_subdag_operator.section-2 to None, run_after=None
[2024-02-03T05:32:52.626+0000] {logging_mixin.py:188} INFO - [2024-02-03T05:32:52.626+0000] {dag.py:3036} INFO - Sync 2 DAGs
[2024-02-03T05:32:52.632+0000] {logging_mixin.py:188} INFO - [2024-02-03T05:32:52.632+0000] {dag.py:3823} INFO - Setting next_dagrun for example_subdag_operator.section-1 to None, run_after=None
[2024-02-03T05:32:52.633+0000] {logging_mixin.py:188} INFO - [2024-02-03T05:32:52.632+0000] {dag.py:3823} INFO - Setting next_dagrun for example_subdag_operator.section-2 to None, run_after=None
[2024-02-03T05:32:52.648+0000] {processor.py:183} INFO - Processing /home/airflow/.local/lib/python3.8/site-packages/airflow/example_dags/example_subdag_operator.py took 0.109 seconds
[2024-02-03T05:33:22.759+0000] {processor.py:161} INFO - Started process (PID=841) to work on /home/airflow/.local/lib/python3.8/site-packages/airflow/example_dags/example_subdag_operator.py
[2024-02-03T05:33:22.762+0000] {processor.py:830} INFO - Processing file /home/airflow/.local/lib/python3.8/site-packages/airflow/example_dags/example_subdag_operator.py for tasks to queue
[2024-02-03T05:33:22.766+0000] {logging_mixin.py:188} INFO - [2024-02-03T05:33:22.765+0000] {dagbag.py:538} INFO - Filling up the DagBag from /home/airflow/.local/lib/python3.8/site-packages/airflow/example_dags/example_subdag_operator.py
[2024-02-03T05:33:22.807+0000] {processor.py:840} INFO - DAG(s) 'example_subdag_operator.section-1', 'example_subdag_operator.section-2', 'example_subdag_operator' retrieved from /home/airflow/.local/lib/python3.8/site-packages/airflow/example_dags/example_subdag_operator.py
[2024-02-03T05:33:22.833+0000] {logging_mixin.py:188} INFO - [2024-02-03T05:33:22.833+0000] {dag.py:3036} INFO - Sync 3 DAGs
[2024-02-03T05:33:22.868+0000] {logging_mixin.py:188} INFO - [2024-02-03T05:33:22.867+0000] {dag.py:3823} INFO - Setting next_dagrun for example_subdag_operator to 2022-01-01 00:00:00+00:00, run_after=2022-01-01 00:00:00+00:00
[2024-02-03T05:33:22.875+0000] {logging_mixin.py:188} INFO - [2024-02-03T05:33:22.874+0000] {dag.py:3823} INFO - Setting next_dagrun for example_subdag_operator.section-1 to None, run_after=None
[2024-02-03T05:33:22.878+0000] {logging_mixin.py:188} INFO - [2024-02-03T05:33:22.877+0000] {dag.py:3823} INFO - Setting next_dagrun for example_subdag_operator.section-2 to None, run_after=None
[2024-02-03T05:33:22.890+0000] {logging_mixin.py:188} INFO - [2024-02-03T05:33:22.890+0000] {dag.py:3036} INFO - Sync 2 DAGs
[2024-02-03T05:33:22.902+0000] {logging_mixin.py:188} INFO - [2024-02-03T05:33:22.901+0000] {dag.py:3823} INFO - Setting next_dagrun for example_subdag_operator.section-1 to None, run_after=None
[2024-02-03T05:33:22.903+0000] {logging_mixin.py:188} INFO - [2024-02-03T05:33:22.903+0000] {dag.py:3823} INFO - Setting next_dagrun for example_subdag_operator.section-2 to None, run_after=None
[2024-02-03T05:33:22.931+0000] {processor.py:183} INFO - Processing /home/airflow/.local/lib/python3.8/site-packages/airflow/example_dags/example_subdag_operator.py took 0.176 seconds
[2024-02-03T06:00:00.566+0000] {processor.py:161} INFO - Started process (PID=56) to work on /home/airflow/.local/lib/python3.8/site-packages/airflow/example_dags/example_subdag_operator.py
[2024-02-03T06:00:00.567+0000] {processor.py:830} INFO - Processing file /home/airflow/.local/lib/python3.8/site-packages/airflow/example_dags/example_subdag_operator.py for tasks to queue
[2024-02-03T06:00:00.569+0000] {logging_mixin.py:188} INFO - [2024-02-03T06:00:00.569+0000] {dagbag.py:538} INFO - Filling up the DagBag from /home/airflow/.local/lib/python3.8/site-packages/airflow/example_dags/example_subdag_operator.py
[2024-02-03T06:00:00.633+0000] {processor.py:840} INFO - DAG(s) 'example_subdag_operator.section-1', 'example_subdag_operator.section-2', 'example_subdag_operator' retrieved from /home/airflow/.local/lib/python3.8/site-packages/airflow/example_dags/example_subdag_operator.py
[2024-02-03T06:00:00.662+0000] {logging_mixin.py:188} INFO - [2024-02-03T06:00:00.662+0000] {dag.py:3036} INFO - Sync 3 DAGs
[2024-02-03T06:00:00.701+0000] {logging_mixin.py:188} INFO - [2024-02-03T06:00:00.700+0000] {dag.py:3823} INFO - Setting next_dagrun for example_subdag_operator to 2022-01-01 00:00:00+00:00, run_after=2022-01-01 00:00:00+00:00
[2024-02-03T06:00:00.708+0000] {logging_mixin.py:188} INFO - [2024-02-03T06:00:00.707+0000] {dag.py:3823} INFO - Setting next_dagrun for example_subdag_operator.section-1 to None, run_after=None
[2024-02-03T06:00:00.711+0000] {logging_mixin.py:188} INFO - [2024-02-03T06:00:00.710+0000] {dag.py:3823} INFO - Setting next_dagrun for example_subdag_operator.section-2 to None, run_after=None
[2024-02-03T06:00:00.726+0000] {logging_mixin.py:188} INFO - [2024-02-03T06:00:00.725+0000] {dag.py:3036} INFO - Sync 2 DAGs
[2024-02-03T06:00:00.736+0000] {logging_mixin.py:188} INFO - [2024-02-03T06:00:00.736+0000] {dag.py:3823} INFO - Setting next_dagrun for example_subdag_operator.section-1 to None, run_after=None
[2024-02-03T06:00:00.737+0000] {logging_mixin.py:188} INFO - [2024-02-03T06:00:00.737+0000] {dag.py:3823} INFO - Setting next_dagrun for example_subdag_operator.section-2 to None, run_after=None
[2024-02-03T06:00:00.758+0000] {processor.py:183} INFO - Processing /home/airflow/.local/lib/python3.8/site-packages/airflow/example_dags/example_subdag_operator.py took 0.195 seconds
[2024-02-03T06:00:31.124+0000] {processor.py:161} INFO - Started process (PID=111) to work on /home/airflow/.local/lib/python3.8/site-packages/airflow/example_dags/example_subdag_operator.py
[2024-02-03T06:00:31.126+0000] {processor.py:830} INFO - Processing file /home/airflow/.local/lib/python3.8/site-packages/airflow/example_dags/example_subdag_operator.py for tasks to queue
[2024-02-03T06:00:31.128+0000] {logging_mixin.py:188} INFO - [2024-02-03T06:00:31.127+0000] {dagbag.py:538} INFO - Filling up the DagBag from /home/airflow/.local/lib/python3.8/site-packages/airflow/example_dags/example_subdag_operator.py
[2024-02-03T06:00:31.154+0000] {processor.py:840} INFO - DAG(s) 'example_subdag_operator.section-1', 'example_subdag_operator.section-2', 'example_subdag_operator' retrieved from /home/airflow/.local/lib/python3.8/site-packages/airflow/example_dags/example_subdag_operator.py
[2024-02-03T06:00:31.175+0000] {logging_mixin.py:188} INFO - [2024-02-03T06:00:31.175+0000] {dag.py:3036} INFO - Sync 3 DAGs
[2024-02-03T06:00:31.202+0000] {logging_mixin.py:188} INFO - [2024-02-03T06:00:31.202+0000] {dag.py:3823} INFO - Setting next_dagrun for example_subdag_operator to 2022-01-01 00:00:00+00:00, run_after=2022-01-01 00:00:00+00:00
[2024-02-03T06:00:31.207+0000] {logging_mixin.py:188} INFO - [2024-02-03T06:00:31.207+0000] {dag.py:3823} INFO - Setting next_dagrun for example_subdag_operator.section-1 to None, run_after=None
[2024-02-03T06:00:31.210+0000] {logging_mixin.py:188} INFO - [2024-02-03T06:00:31.209+0000] {dag.py:3823} INFO - Setting next_dagrun for example_subdag_operator.section-2 to None, run_after=None
[2024-02-03T06:00:31.219+0000] {logging_mixin.py:188} INFO - [2024-02-03T06:00:31.218+0000] {dag.py:3036} INFO - Sync 2 DAGs
[2024-02-03T06:00:31.226+0000] {logging_mixin.py:188} INFO - [2024-02-03T06:00:31.226+0000] {dag.py:3823} INFO - Setting next_dagrun for example_subdag_operator.section-1 to None, run_after=None
[2024-02-03T06:00:31.227+0000] {logging_mixin.py:188} INFO - [2024-02-03T06:00:31.227+0000] {dag.py:3823} INFO - Setting next_dagrun for example_subdag_operator.section-2 to None, run_after=None
[2024-02-03T06:00:31.245+0000] {processor.py:183} INFO - Processing /home/airflow/.local/lib/python3.8/site-packages/airflow/example_dags/example_subdag_operator.py took 0.124 seconds
[2024-02-03T06:01:01.762+0000] {processor.py:161} INFO - Started process (PID=166) to work on /home/airflow/.local/lib/python3.8/site-packages/airflow/example_dags/example_subdag_operator.py
[2024-02-03T06:01:01.763+0000] {processor.py:830} INFO - Processing file /home/airflow/.local/lib/python3.8/site-packages/airflow/example_dags/example_subdag_operator.py for tasks to queue
[2024-02-03T06:01:01.765+0000] {logging_mixin.py:188} INFO - [2024-02-03T06:01:01.765+0000] {dagbag.py:538} INFO - Filling up the DagBag from /home/airflow/.local/lib/python3.8/site-packages/airflow/example_dags/example_subdag_operator.py
[2024-02-03T06:01:01.793+0000] {processor.py:840} INFO - DAG(s) 'example_subdag_operator.section-1', 'example_subdag_operator.section-2', 'example_subdag_operator' retrieved from /home/airflow/.local/lib/python3.8/site-packages/airflow/example_dags/example_subdag_operator.py
[2024-02-03T06:01:01.813+0000] {logging_mixin.py:188} INFO - [2024-02-03T06:01:01.812+0000] {dag.py:3036} INFO - Sync 3 DAGs
[2024-02-03T06:01:01.848+0000] {logging_mixin.py:188} INFO - [2024-02-03T06:01:01.847+0000] {dag.py:3823} INFO - Setting next_dagrun for example_subdag_operator to 2022-01-01 00:00:00+00:00, run_after=2022-01-01 00:00:00+00:00
[2024-02-03T06:01:01.853+0000] {logging_mixin.py:188} INFO - [2024-02-03T06:01:01.853+0000] {dag.py:3823} INFO - Setting next_dagrun for example_subdag_operator.section-1 to None, run_after=None
[2024-02-03T06:01:01.856+0000] {logging_mixin.py:188} INFO - [2024-02-03T06:01:01.856+0000] {dag.py:3823} INFO - Setting next_dagrun for example_subdag_operator.section-2 to None, run_after=None
[2024-02-03T06:01:01.868+0000] {logging_mixin.py:188} INFO - [2024-02-03T06:01:01.868+0000] {dag.py:3036} INFO - Sync 2 DAGs
[2024-02-03T06:01:01.874+0000] {logging_mixin.py:188} INFO - [2024-02-03T06:01:01.874+0000] {dag.py:3823} INFO - Setting next_dagrun for example_subdag_operator.section-1 to None, run_after=None
[2024-02-03T06:01:01.875+0000] {logging_mixin.py:188} INFO - [2024-02-03T06:01:01.875+0000] {dag.py:3823} INFO - Setting next_dagrun for example_subdag_operator.section-2 to None, run_after=None
[2024-02-03T06:01:01.890+0000] {processor.py:183} INFO - Processing /home/airflow/.local/lib/python3.8/site-packages/airflow/example_dags/example_subdag_operator.py took 0.131 seconds
[2024-02-03T06:33:37.871+0000] {processor.py:161} INFO - Started process (PID=56) to work on /home/airflow/.local/lib/python3.8/site-packages/airflow/example_dags/example_subdag_operator.py
[2024-02-03T06:33:37.873+0000] {processor.py:830} INFO - Processing file /home/airflow/.local/lib/python3.8/site-packages/airflow/example_dags/example_subdag_operator.py for tasks to queue
[2024-02-03T06:33:37.876+0000] {logging_mixin.py:188} INFO - [2024-02-03T06:33:37.875+0000] {dagbag.py:538} INFO - Filling up the DagBag from /home/airflow/.local/lib/python3.8/site-packages/airflow/example_dags/example_subdag_operator.py
[2024-02-03T06:33:37.910+0000] {processor.py:840} INFO - DAG(s) 'example_subdag_operator.section-1', 'example_subdag_operator.section-2', 'example_subdag_operator' retrieved from /home/airflow/.local/lib/python3.8/site-packages/airflow/example_dags/example_subdag_operator.py
[2024-02-03T06:33:37.916+0000] {logging_mixin.py:188} INFO - [2024-02-03T06:33:37.916+0000] {dag.py:3036} INFO - Sync 3 DAGs
[2024-02-03T06:33:37.948+0000] {logging_mixin.py:188} INFO - [2024-02-03T06:33:37.948+0000] {dag.py:3823} INFO - Setting next_dagrun for example_subdag_operator to 2022-01-01 00:00:00+00:00, run_after=2022-01-01 00:00:00+00:00
[2024-02-03T06:33:37.953+0000] {logging_mixin.py:188} INFO - [2024-02-03T06:33:37.952+0000] {dag.py:3823} INFO - Setting next_dagrun for example_subdag_operator.section-1 to None, run_after=None
[2024-02-03T06:33:37.955+0000] {logging_mixin.py:188} INFO - [2024-02-03T06:33:37.954+0000] {dag.py:3823} INFO - Setting next_dagrun for example_subdag_operator.section-2 to None, run_after=None
[2024-02-03T06:33:37.965+0000] {logging_mixin.py:188} INFO - [2024-02-03T06:33:37.964+0000] {dag.py:3036} INFO - Sync 2 DAGs
[2024-02-03T06:33:37.972+0000] {logging_mixin.py:188} INFO - [2024-02-03T06:33:37.972+0000] {dag.py:3823} INFO - Setting next_dagrun for example_subdag_operator.section-1 to None, run_after=None
[2024-02-03T06:33:37.974+0000] {logging_mixin.py:188} INFO - [2024-02-03T06:33:37.973+0000] {dag.py:3823} INFO - Setting next_dagrun for example_subdag_operator.section-2 to None, run_after=None
[2024-02-03T06:33:38.005+0000] {processor.py:183} INFO - Processing /home/airflow/.local/lib/python3.8/site-packages/airflow/example_dags/example_subdag_operator.py took 0.139 seconds
[2024-02-03T06:34:09.200+0000] {processor.py:161} INFO - Started process (PID=111) to work on /home/airflow/.local/lib/python3.8/site-packages/airflow/example_dags/example_subdag_operator.py
[2024-02-03T06:34:09.202+0000] {processor.py:830} INFO - Processing file /home/airflow/.local/lib/python3.8/site-packages/airflow/example_dags/example_subdag_operator.py for tasks to queue
[2024-02-03T06:34:09.203+0000] {logging_mixin.py:188} INFO - [2024-02-03T06:34:09.203+0000] {dagbag.py:538} INFO - Filling up the DagBag from /home/airflow/.local/lib/python3.8/site-packages/airflow/example_dags/example_subdag_operator.py
[2024-02-03T06:34:09.230+0000] {processor.py:840} INFO - DAG(s) 'example_subdag_operator.section-1', 'example_subdag_operator.section-2', 'example_subdag_operator' retrieved from /home/airflow/.local/lib/python3.8/site-packages/airflow/example_dags/example_subdag_operator.py
[2024-02-03T06:34:09.344+0000] {logging_mixin.py:188} INFO - [2024-02-03T06:34:09.344+0000] {dag.py:3036} INFO - Sync 3 DAGs
[2024-02-03T06:34:09.367+0000] {logging_mixin.py:188} INFO - [2024-02-03T06:34:09.367+0000] {dag.py:3823} INFO - Setting next_dagrun for example_subdag_operator to 2022-01-01 00:00:00+00:00, run_after=2022-01-01 00:00:00+00:00
[2024-02-03T06:34:09.371+0000] {logging_mixin.py:188} INFO - [2024-02-03T06:34:09.371+0000] {dag.py:3823} INFO - Setting next_dagrun for example_subdag_operator.section-1 to None, run_after=None
[2024-02-03T06:34:09.372+0000] {logging_mixin.py:188} INFO - [2024-02-03T06:34:09.372+0000] {dag.py:3823} INFO - Setting next_dagrun for example_subdag_operator.section-2 to None, run_after=None
[2024-02-03T06:34:09.382+0000] {logging_mixin.py:188} INFO - [2024-02-03T06:34:09.382+0000] {dag.py:3036} INFO - Sync 2 DAGs
[2024-02-03T06:34:09.388+0000] {logging_mixin.py:188} INFO - [2024-02-03T06:34:09.388+0000] {dag.py:3823} INFO - Setting next_dagrun for example_subdag_operator.section-1 to None, run_after=None
[2024-02-03T06:34:09.389+0000] {logging_mixin.py:188} INFO - [2024-02-03T06:34:09.389+0000] {dag.py:3823} INFO - Setting next_dagrun for example_subdag_operator.section-2 to None, run_after=None
[2024-02-03T06:34:09.405+0000] {processor.py:183} INFO - Processing /home/airflow/.local/lib/python3.8/site-packages/airflow/example_dags/example_subdag_operator.py took 0.207 seconds
[2024-02-03T06:34:39.649+0000] {processor.py:161} INFO - Started process (PID=166) to work on /home/airflow/.local/lib/python3.8/site-packages/airflow/example_dags/example_subdag_operator.py
[2024-02-03T06:34:39.650+0000] {processor.py:830} INFO - Processing file /home/airflow/.local/lib/python3.8/site-packages/airflow/example_dags/example_subdag_operator.py for tasks to queue
[2024-02-03T06:34:39.652+0000] {logging_mixin.py:188} INFO - [2024-02-03T06:34:39.651+0000] {dagbag.py:538} INFO - Filling up the DagBag from /home/airflow/.local/lib/python3.8/site-packages/airflow/example_dags/example_subdag_operator.py
[2024-02-03T06:34:39.682+0000] {processor.py:840} INFO - DAG(s) 'example_subdag_operator.section-1', 'example_subdag_operator.section-2', 'example_subdag_operator' retrieved from /home/airflow/.local/lib/python3.8/site-packages/airflow/example_dags/example_subdag_operator.py
[2024-02-03T06:34:39.703+0000] {logging_mixin.py:188} INFO - [2024-02-03T06:34:39.703+0000] {dag.py:3036} INFO - Sync 3 DAGs
[2024-02-03T06:34:39.734+0000] {logging_mixin.py:188} INFO - [2024-02-03T06:34:39.734+0000] {dag.py:3823} INFO - Setting next_dagrun for example_subdag_operator to 2022-01-01 00:00:00+00:00, run_after=2022-01-01 00:00:00+00:00
[2024-02-03T06:34:39.740+0000] {logging_mixin.py:188} INFO - [2024-02-03T06:34:39.740+0000] {dag.py:3823} INFO - Setting next_dagrun for example_subdag_operator.section-1 to None, run_after=None
[2024-02-03T06:34:39.742+0000] {logging_mixin.py:188} INFO - [2024-02-03T06:34:39.742+0000] {dag.py:3823} INFO - Setting next_dagrun for example_subdag_operator.section-2 to None, run_after=None
[2024-02-03T06:34:39.751+0000] {logging_mixin.py:188} INFO - [2024-02-03T06:34:39.750+0000] {dag.py:3036} INFO - Sync 2 DAGs
[2024-02-03T06:34:39.758+0000] {logging_mixin.py:188} INFO - [2024-02-03T06:34:39.757+0000] {dag.py:3823} INFO - Setting next_dagrun for example_subdag_operator.section-1 to None, run_after=None
[2024-02-03T06:34:39.758+0000] {logging_mixin.py:188} INFO - [2024-02-03T06:34:39.758+0000] {dag.py:3823} INFO - Setting next_dagrun for example_subdag_operator.section-2 to None, run_after=None
[2024-02-03T06:34:39.780+0000] {processor.py:183} INFO - Processing /home/airflow/.local/lib/python3.8/site-packages/airflow/example_dags/example_subdag_operator.py took 0.135 seconds
[2024-02-03T06:35:09.992+0000] {processor.py:161} INFO - Started process (PID=221) to work on /home/airflow/.local/lib/python3.8/site-packages/airflow/example_dags/example_subdag_operator.py
[2024-02-03T06:35:09.993+0000] {processor.py:830} INFO - Processing file /home/airflow/.local/lib/python3.8/site-packages/airflow/example_dags/example_subdag_operator.py for tasks to queue
[2024-02-03T06:35:09.995+0000] {logging_mixin.py:188} INFO - [2024-02-03T06:35:09.995+0000] {dagbag.py:538} INFO - Filling up the DagBag from /home/airflow/.local/lib/python3.8/site-packages/airflow/example_dags/example_subdag_operator.py
[2024-02-03T06:35:10.021+0000] {processor.py:840} INFO - DAG(s) 'example_subdag_operator.section-1', 'example_subdag_operator.section-2', 'example_subdag_operator' retrieved from /home/airflow/.local/lib/python3.8/site-packages/airflow/example_dags/example_subdag_operator.py
[2024-02-03T06:35:10.041+0000] {logging_mixin.py:188} INFO - [2024-02-03T06:35:10.041+0000] {dag.py:3036} INFO - Sync 3 DAGs
[2024-02-03T06:35:10.068+0000] {logging_mixin.py:188} INFO - [2024-02-03T06:35:10.068+0000] {dag.py:3823} INFO - Setting next_dagrun for example_subdag_operator to 2022-01-01 00:00:00+00:00, run_after=2022-01-01 00:00:00+00:00
[2024-02-03T06:35:10.073+0000] {logging_mixin.py:188} INFO - [2024-02-03T06:35:10.072+0000] {dag.py:3823} INFO - Setting next_dagrun for example_subdag_operator.section-1 to None, run_after=None
[2024-02-03T06:35:10.074+0000] {logging_mixin.py:188} INFO - [2024-02-03T06:35:10.074+0000] {dag.py:3823} INFO - Setting next_dagrun for example_subdag_operator.section-2 to None, run_after=None
[2024-02-03T06:35:10.083+0000] {logging_mixin.py:188} INFO - [2024-02-03T06:35:10.082+0000] {dag.py:3036} INFO - Sync 2 DAGs
[2024-02-03T06:35:10.089+0000] {logging_mixin.py:188} INFO - [2024-02-03T06:35:10.088+0000] {dag.py:3823} INFO - Setting next_dagrun for example_subdag_operator.section-1 to None, run_after=None
[2024-02-03T06:35:10.089+0000] {logging_mixin.py:188} INFO - [2024-02-03T06:35:10.089+0000] {dag.py:3823} INFO - Setting next_dagrun for example_subdag_operator.section-2 to None, run_after=None
[2024-02-03T06:35:10.106+0000] {processor.py:183} INFO - Processing /home/airflow/.local/lib/python3.8/site-packages/airflow/example_dags/example_subdag_operator.py took 0.116 seconds
[2024-02-03T06:35:40.135+0000] {processor.py:161} INFO - Started process (PID=275) to work on /home/airflow/.local/lib/python3.8/site-packages/airflow/example_dags/example_subdag_operator.py
[2024-02-03T06:35:40.136+0000] {processor.py:830} INFO - Processing file /home/airflow/.local/lib/python3.8/site-packages/airflow/example_dags/example_subdag_operator.py for tasks to queue
[2024-02-03T06:35:40.137+0000] {logging_mixin.py:188} INFO - [2024-02-03T06:35:40.137+0000] {dagbag.py:538} INFO - Filling up the DagBag from /home/airflow/.local/lib/python3.8/site-packages/airflow/example_dags/example_subdag_operator.py
[2024-02-03T06:35:40.163+0000] {processor.py:840} INFO - DAG(s) 'example_subdag_operator.section-1', 'example_subdag_operator.section-2', 'example_subdag_operator' retrieved from /home/airflow/.local/lib/python3.8/site-packages/airflow/example_dags/example_subdag_operator.py
[2024-02-03T06:35:40.183+0000] {logging_mixin.py:188} INFO - [2024-02-03T06:35:40.182+0000] {dag.py:3036} INFO - Sync 3 DAGs
[2024-02-03T06:35:40.208+0000] {logging_mixin.py:188} INFO - [2024-02-03T06:35:40.208+0000] {dag.py:3823} INFO - Setting next_dagrun for example_subdag_operator to 2022-01-01 00:00:00+00:00, run_after=2022-01-01 00:00:00+00:00
[2024-02-03T06:35:40.213+0000] {logging_mixin.py:188} INFO - [2024-02-03T06:35:40.213+0000] {dag.py:3823} INFO - Setting next_dagrun for example_subdag_operator.section-1 to None, run_after=None
[2024-02-03T06:35:40.215+0000] {logging_mixin.py:188} INFO - [2024-02-03T06:35:40.215+0000] {dag.py:3823} INFO - Setting next_dagrun for example_subdag_operator.section-2 to None, run_after=None
[2024-02-03T06:35:40.223+0000] {logging_mixin.py:188} INFO - [2024-02-03T06:35:40.223+0000] {dag.py:3036} INFO - Sync 2 DAGs
[2024-02-03T06:35:40.229+0000] {logging_mixin.py:188} INFO - [2024-02-03T06:35:40.229+0000] {dag.py:3823} INFO - Setting next_dagrun for example_subdag_operator.section-1 to None, run_after=None
[2024-02-03T06:35:40.230+0000] {logging_mixin.py:188} INFO - [2024-02-03T06:35:40.230+0000] {dag.py:3823} INFO - Setting next_dagrun for example_subdag_operator.section-2 to None, run_after=None
[2024-02-03T06:35:40.244+0000] {processor.py:183} INFO - Processing /home/airflow/.local/lib/python3.8/site-packages/airflow/example_dags/example_subdag_operator.py took 0.112 seconds
[2024-02-03T06:36:10.819+0000] {processor.py:161} INFO - Started process (PID=331) to work on /home/airflow/.local/lib/python3.8/site-packages/airflow/example_dags/example_subdag_operator.py
[2024-02-03T06:36:10.820+0000] {processor.py:830} INFO - Processing file /home/airflow/.local/lib/python3.8/site-packages/airflow/example_dags/example_subdag_operator.py for tasks to queue
[2024-02-03T06:36:10.822+0000] {logging_mixin.py:188} INFO - [2024-02-03T06:36:10.822+0000] {dagbag.py:538} INFO - Filling up the DagBag from /home/airflow/.local/lib/python3.8/site-packages/airflow/example_dags/example_subdag_operator.py
[2024-02-03T06:36:10.849+0000] {processor.py:840} INFO - DAG(s) 'example_subdag_operator.section-1', 'example_subdag_operator.section-2', 'example_subdag_operator' retrieved from /home/airflow/.local/lib/python3.8/site-packages/airflow/example_dags/example_subdag_operator.py
[2024-02-03T06:36:10.868+0000] {logging_mixin.py:188} INFO - [2024-02-03T06:36:10.868+0000] {dag.py:3036} INFO - Sync 3 DAGs
[2024-02-03T06:36:10.896+0000] {logging_mixin.py:188} INFO - [2024-02-03T06:36:10.896+0000] {dag.py:3823} INFO - Setting next_dagrun for example_subdag_operator to 2022-01-01 00:00:00+00:00, run_after=2022-01-01 00:00:00+00:00
[2024-02-03T06:36:10.902+0000] {logging_mixin.py:188} INFO - [2024-02-03T06:36:10.901+0000] {dag.py:3823} INFO - Setting next_dagrun for example_subdag_operator.section-1 to None, run_after=None
[2024-02-03T06:36:10.905+0000] {logging_mixin.py:188} INFO - [2024-02-03T06:36:10.905+0000] {dag.py:3823} INFO - Setting next_dagrun for example_subdag_operator.section-2 to None, run_after=None
[2024-02-03T06:36:10.915+0000] {logging_mixin.py:188} INFO - [2024-02-03T06:36:10.914+0000] {dag.py:3036} INFO - Sync 2 DAGs
[2024-02-03T06:36:10.923+0000] {logging_mixin.py:188} INFO - [2024-02-03T06:36:10.922+0000] {dag.py:3823} INFO - Setting next_dagrun for example_subdag_operator.section-1 to None, run_after=None
[2024-02-03T06:36:10.924+0000] {logging_mixin.py:188} INFO - [2024-02-03T06:36:10.924+0000] {dag.py:3823} INFO - Setting next_dagrun for example_subdag_operator.section-2 to None, run_after=None
[2024-02-03T06:36:10.947+0000] {processor.py:183} INFO - Processing /home/airflow/.local/lib/python3.8/site-packages/airflow/example_dags/example_subdag_operator.py took 0.130 seconds
