[2024-02-03T05:26:16.517+0000] {processor.py:161} INFO - Started process (PID=55) to work on /home/airflow/.local/lib/python3.8/site-packages/airflow/example_dags/example_python_operator.py
[2024-02-03T05:26:16.519+0000] {processor.py:830} INFO - Processing file /home/airflow/.local/lib/python3.8/site-packages/airflow/example_dags/example_python_operator.py for tasks to queue
[2024-02-03T05:26:16.522+0000] {logging_mixin.py:188} INFO - [2024-02-03T05:26:16.522+0000] {dagbag.py:538} INFO - Filling up the DagBag from /home/airflow/.local/lib/python3.8/site-packages/airflow/example_dags/example_python_operator.py
[2024-02-03T05:26:16.555+0000] {processor.py:840} INFO - DAG(s) 'example_python_operator' retrieved from /home/airflow/.local/lib/python3.8/site-packages/airflow/example_dags/example_python_operator.py
[2024-02-03T05:26:16.746+0000] {logging_mixin.py:188} INFO - [2024-02-03T05:26:16.745+0000] {dag.py:3036} INFO - Sync 1 DAGs
[2024-02-03T05:26:16.768+0000] {logging_mixin.py:188} INFO - [2024-02-03T05:26:16.767+0000] {dag.py:3823} INFO - Setting next_dagrun for example_python_operator to None, run_after=None
[2024-02-03T05:26:16.821+0000] {processor.py:183} INFO - Processing /home/airflow/.local/lib/python3.8/site-packages/airflow/example_dags/example_python_operator.py took 0.309 seconds
[2024-02-03T05:26:47.329+0000] {processor.py:161} INFO - Started process (PID=110) to work on /home/airflow/.local/lib/python3.8/site-packages/airflow/example_dags/example_python_operator.py
[2024-02-03T05:26:47.330+0000] {processor.py:830} INFO - Processing file /home/airflow/.local/lib/python3.8/site-packages/airflow/example_dags/example_python_operator.py for tasks to queue
[2024-02-03T05:26:47.332+0000] {logging_mixin.py:188} INFO - [2024-02-03T05:26:47.332+0000] {dagbag.py:538} INFO - Filling up the DagBag from /home/airflow/.local/lib/python3.8/site-packages/airflow/example_dags/example_python_operator.py
[2024-02-03T05:26:47.343+0000] {processor.py:840} INFO - DAG(s) 'example_python_operator' retrieved from /home/airflow/.local/lib/python3.8/site-packages/airflow/example_dags/example_python_operator.py
[2024-02-03T05:26:47.369+0000] {logging_mixin.py:188} INFO - [2024-02-03T05:26:47.369+0000] {dag.py:3036} INFO - Sync 1 DAGs
[2024-02-03T05:26:47.384+0000] {logging_mixin.py:188} INFO - [2024-02-03T05:26:47.384+0000] {dag.py:3823} INFO - Setting next_dagrun for example_python_operator to None, run_after=None
[2024-02-03T05:26:47.410+0000] {processor.py:183} INFO - Processing /home/airflow/.local/lib/python3.8/site-packages/airflow/example_dags/example_python_operator.py took 0.084 seconds
[2024-02-03T05:27:17.651+0000] {processor.py:161} INFO - Started process (PID=165) to work on /home/airflow/.local/lib/python3.8/site-packages/airflow/example_dags/example_python_operator.py
[2024-02-03T05:27:17.653+0000] {processor.py:830} INFO - Processing file /home/airflow/.local/lib/python3.8/site-packages/airflow/example_dags/example_python_operator.py for tasks to queue
[2024-02-03T05:27:17.654+0000] {logging_mixin.py:188} INFO - [2024-02-03T05:27:17.654+0000] {dagbag.py:538} INFO - Filling up the DagBag from /home/airflow/.local/lib/python3.8/site-packages/airflow/example_dags/example_python_operator.py
[2024-02-03T05:27:17.665+0000] {processor.py:840} INFO - DAG(s) 'example_python_operator' retrieved from /home/airflow/.local/lib/python3.8/site-packages/airflow/example_dags/example_python_operator.py
[2024-02-03T05:27:17.692+0000] {logging_mixin.py:188} INFO - [2024-02-03T05:27:17.692+0000] {dag.py:3036} INFO - Sync 1 DAGs
[2024-02-03T05:27:17.709+0000] {logging_mixin.py:188} INFO - [2024-02-03T05:27:17.708+0000] {dag.py:3823} INFO - Setting next_dagrun for example_python_operator to None, run_after=None
[2024-02-03T05:27:17.735+0000] {processor.py:183} INFO - Processing /home/airflow/.local/lib/python3.8/site-packages/airflow/example_dags/example_python_operator.py took 0.086 seconds
[2024-02-03T05:27:47.811+0000] {processor.py:161} INFO - Started process (PID=220) to work on /home/airflow/.local/lib/python3.8/site-packages/airflow/example_dags/example_python_operator.py
[2024-02-03T05:27:47.812+0000] {processor.py:830} INFO - Processing file /home/airflow/.local/lib/python3.8/site-packages/airflow/example_dags/example_python_operator.py for tasks to queue
[2024-02-03T05:27:47.814+0000] {logging_mixin.py:188} INFO - [2024-02-03T05:27:47.814+0000] {dagbag.py:538} INFO - Filling up the DagBag from /home/airflow/.local/lib/python3.8/site-packages/airflow/example_dags/example_python_operator.py
[2024-02-03T05:27:47.825+0000] {processor.py:840} INFO - DAG(s) 'example_python_operator' retrieved from /home/airflow/.local/lib/python3.8/site-packages/airflow/example_dags/example_python_operator.py
[2024-02-03T05:27:47.848+0000] {logging_mixin.py:188} INFO - [2024-02-03T05:27:47.848+0000] {dag.py:3036} INFO - Sync 1 DAGs
[2024-02-03T05:27:47.862+0000] {logging_mixin.py:188} INFO - [2024-02-03T05:27:47.861+0000] {dag.py:3823} INFO - Setting next_dagrun for example_python_operator to None, run_after=None
[2024-02-03T05:27:47.886+0000] {processor.py:183} INFO - Processing /home/airflow/.local/lib/python3.8/site-packages/airflow/example_dags/example_python_operator.py took 0.078 seconds
[2024-02-03T05:28:17.935+0000] {processor.py:161} INFO - Started process (PID=274) to work on /home/airflow/.local/lib/python3.8/site-packages/airflow/example_dags/example_python_operator.py
[2024-02-03T05:28:17.936+0000] {processor.py:830} INFO - Processing file /home/airflow/.local/lib/python3.8/site-packages/airflow/example_dags/example_python_operator.py for tasks to queue
[2024-02-03T05:28:17.938+0000] {logging_mixin.py:188} INFO - [2024-02-03T05:28:17.938+0000] {dagbag.py:538} INFO - Filling up the DagBag from /home/airflow/.local/lib/python3.8/site-packages/airflow/example_dags/example_python_operator.py
[2024-02-03T05:28:17.949+0000] {processor.py:840} INFO - DAG(s) 'example_python_operator' retrieved from /home/airflow/.local/lib/python3.8/site-packages/airflow/example_dags/example_python_operator.py
[2024-02-03T05:28:17.975+0000] {logging_mixin.py:188} INFO - [2024-02-03T05:28:17.974+0000] {dag.py:3036} INFO - Sync 1 DAGs
[2024-02-03T05:28:17.988+0000] {logging_mixin.py:188} INFO - [2024-02-03T05:28:17.988+0000] {dag.py:3823} INFO - Setting next_dagrun for example_python_operator to None, run_after=None
[2024-02-03T05:28:18.010+0000] {processor.py:183} INFO - Processing /home/airflow/.local/lib/python3.8/site-packages/airflow/example_dags/example_python_operator.py took 0.078 seconds
[2024-02-03T05:28:48.147+0000] {processor.py:161} INFO - Started process (PID=329) to work on /home/airflow/.local/lib/python3.8/site-packages/airflow/example_dags/example_python_operator.py
[2024-02-03T05:28:48.148+0000] {processor.py:830} INFO - Processing file /home/airflow/.local/lib/python3.8/site-packages/airflow/example_dags/example_python_operator.py for tasks to queue
[2024-02-03T05:28:48.150+0000] {logging_mixin.py:188} INFO - [2024-02-03T05:28:48.150+0000] {dagbag.py:538} INFO - Filling up the DagBag from /home/airflow/.local/lib/python3.8/site-packages/airflow/example_dags/example_python_operator.py
[2024-02-03T05:28:48.161+0000] {processor.py:840} INFO - DAG(s) 'example_python_operator' retrieved from /home/airflow/.local/lib/python3.8/site-packages/airflow/example_dags/example_python_operator.py
[2024-02-03T05:28:48.186+0000] {logging_mixin.py:188} INFO - [2024-02-03T05:28:48.186+0000] {dag.py:3036} INFO - Sync 1 DAGs
[2024-02-03T05:28:48.200+0000] {logging_mixin.py:188} INFO - [2024-02-03T05:28:48.200+0000] {dag.py:3823} INFO - Setting next_dagrun for example_python_operator to None, run_after=None
[2024-02-03T05:28:48.223+0000] {processor.py:183} INFO - Processing /home/airflow/.local/lib/python3.8/site-packages/airflow/example_dags/example_python_operator.py took 0.079 seconds
[2024-02-03T05:29:18.451+0000] {processor.py:161} INFO - Started process (PID=384) to work on /home/airflow/.local/lib/python3.8/site-packages/airflow/example_dags/example_python_operator.py
[2024-02-03T05:29:18.452+0000] {processor.py:830} INFO - Processing file /home/airflow/.local/lib/python3.8/site-packages/airflow/example_dags/example_python_operator.py for tasks to queue
[2024-02-03T05:29:18.454+0000] {logging_mixin.py:188} INFO - [2024-02-03T05:29:18.454+0000] {dagbag.py:538} INFO - Filling up the DagBag from /home/airflow/.local/lib/python3.8/site-packages/airflow/example_dags/example_python_operator.py
[2024-02-03T05:29:18.466+0000] {processor.py:840} INFO - DAG(s) 'example_python_operator' retrieved from /home/airflow/.local/lib/python3.8/site-packages/airflow/example_dags/example_python_operator.py
[2024-02-03T05:29:18.491+0000] {logging_mixin.py:188} INFO - [2024-02-03T05:29:18.491+0000] {dag.py:3036} INFO - Sync 1 DAGs
[2024-02-03T05:29:18.507+0000] {logging_mixin.py:188} INFO - [2024-02-03T05:29:18.507+0000] {dag.py:3823} INFO - Setting next_dagrun for example_python_operator to None, run_after=None
[2024-02-03T05:29:18.533+0000] {processor.py:183} INFO - Processing /home/airflow/.local/lib/python3.8/site-packages/airflow/example_dags/example_python_operator.py took 0.085 seconds
[2024-02-03T05:29:48.860+0000] {processor.py:161} INFO - Started process (PID=439) to work on /home/airflow/.local/lib/python3.8/site-packages/airflow/example_dags/example_python_operator.py
[2024-02-03T05:29:48.861+0000] {processor.py:830} INFO - Processing file /home/airflow/.local/lib/python3.8/site-packages/airflow/example_dags/example_python_operator.py for tasks to queue
[2024-02-03T05:29:48.863+0000] {logging_mixin.py:188} INFO - [2024-02-03T05:29:48.863+0000] {dagbag.py:538} INFO - Filling up the DagBag from /home/airflow/.local/lib/python3.8/site-packages/airflow/example_dags/example_python_operator.py
[2024-02-03T05:29:48.875+0000] {processor.py:840} INFO - DAG(s) 'example_python_operator' retrieved from /home/airflow/.local/lib/python3.8/site-packages/airflow/example_dags/example_python_operator.py
[2024-02-03T05:29:48.902+0000] {logging_mixin.py:188} INFO - [2024-02-03T05:29:48.902+0000] {dag.py:3036} INFO - Sync 1 DAGs
[2024-02-03T05:29:48.917+0000] {logging_mixin.py:188} INFO - [2024-02-03T05:29:48.917+0000] {dag.py:3823} INFO - Setting next_dagrun for example_python_operator to None, run_after=None
[2024-02-03T05:29:48.944+0000] {processor.py:183} INFO - Processing /home/airflow/.local/lib/python3.8/site-packages/airflow/example_dags/example_python_operator.py took 0.088 seconds
[2024-02-03T05:30:19.109+0000] {processor.py:161} INFO - Started process (PID=494) to work on /home/airflow/.local/lib/python3.8/site-packages/airflow/example_dags/example_python_operator.py
[2024-02-03T05:30:19.110+0000] {processor.py:830} INFO - Processing file /home/airflow/.local/lib/python3.8/site-packages/airflow/example_dags/example_python_operator.py for tasks to queue
[2024-02-03T05:30:19.112+0000] {logging_mixin.py:188} INFO - [2024-02-03T05:30:19.112+0000] {dagbag.py:538} INFO - Filling up the DagBag from /home/airflow/.local/lib/python3.8/site-packages/airflow/example_dags/example_python_operator.py
[2024-02-03T05:30:19.123+0000] {processor.py:840} INFO - DAG(s) 'example_python_operator' retrieved from /home/airflow/.local/lib/python3.8/site-packages/airflow/example_dags/example_python_operator.py
[2024-02-03T05:30:19.147+0000] {logging_mixin.py:188} INFO - [2024-02-03T05:30:19.147+0000] {dag.py:3036} INFO - Sync 1 DAGs
[2024-02-03T05:30:19.164+0000] {logging_mixin.py:188} INFO - [2024-02-03T05:30:19.164+0000] {dag.py:3823} INFO - Setting next_dagrun for example_python_operator to None, run_after=None
[2024-02-03T05:30:19.188+0000] {processor.py:183} INFO - Processing /home/airflow/.local/lib/python3.8/site-packages/airflow/example_dags/example_python_operator.py took 0.082 seconds
[2024-02-03T05:30:49.665+0000] {processor.py:161} INFO - Started process (PID=549) to work on /home/airflow/.local/lib/python3.8/site-packages/airflow/example_dags/example_python_operator.py
[2024-02-03T05:30:49.666+0000] {processor.py:830} INFO - Processing file /home/airflow/.local/lib/python3.8/site-packages/airflow/example_dags/example_python_operator.py for tasks to queue
[2024-02-03T05:30:49.668+0000] {logging_mixin.py:188} INFO - [2024-02-03T05:30:49.668+0000] {dagbag.py:538} INFO - Filling up the DagBag from /home/airflow/.local/lib/python3.8/site-packages/airflow/example_dags/example_python_operator.py
[2024-02-03T05:30:49.680+0000] {processor.py:840} INFO - DAG(s) 'example_python_operator' retrieved from /home/airflow/.local/lib/python3.8/site-packages/airflow/example_dags/example_python_operator.py
[2024-02-03T05:30:49.708+0000] {logging_mixin.py:188} INFO - [2024-02-03T05:30:49.708+0000] {dag.py:3036} INFO - Sync 1 DAGs
[2024-02-03T05:30:49.724+0000] {logging_mixin.py:188} INFO - [2024-02-03T05:30:49.724+0000] {dag.py:3823} INFO - Setting next_dagrun for example_python_operator to None, run_after=None
[2024-02-03T05:30:49.753+0000] {processor.py:183} INFO - Processing /home/airflow/.local/lib/python3.8/site-packages/airflow/example_dags/example_python_operator.py took 0.091 seconds
[2024-02-03T05:31:19.894+0000] {processor.py:161} INFO - Started process (PID=604) to work on /home/airflow/.local/lib/python3.8/site-packages/airflow/example_dags/example_python_operator.py
[2024-02-03T05:31:19.895+0000] {processor.py:830} INFO - Processing file /home/airflow/.local/lib/python3.8/site-packages/airflow/example_dags/example_python_operator.py for tasks to queue
[2024-02-03T05:31:19.897+0000] {logging_mixin.py:188} INFO - [2024-02-03T05:31:19.897+0000] {dagbag.py:538} INFO - Filling up the DagBag from /home/airflow/.local/lib/python3.8/site-packages/airflow/example_dags/example_python_operator.py
[2024-02-03T05:31:19.908+0000] {processor.py:840} INFO - DAG(s) 'example_python_operator' retrieved from /home/airflow/.local/lib/python3.8/site-packages/airflow/example_dags/example_python_operator.py
[2024-02-03T05:31:19.934+0000] {logging_mixin.py:188} INFO - [2024-02-03T05:31:19.934+0000] {dag.py:3036} INFO - Sync 1 DAGs
[2024-02-03T05:31:19.948+0000] {logging_mixin.py:188} INFO - [2024-02-03T05:31:19.948+0000] {dag.py:3823} INFO - Setting next_dagrun for example_python_operator to None, run_after=None
[2024-02-03T05:31:19.972+0000] {processor.py:183} INFO - Processing /home/airflow/.local/lib/python3.8/site-packages/airflow/example_dags/example_python_operator.py took 0.082 seconds
[2024-02-03T05:31:50.054+0000] {processor.py:161} INFO - Started process (PID=675) to work on /home/airflow/.local/lib/python3.8/site-packages/airflow/example_dags/example_python_operator.py
[2024-02-03T05:31:50.056+0000] {processor.py:830} INFO - Processing file /home/airflow/.local/lib/python3.8/site-packages/airflow/example_dags/example_python_operator.py for tasks to queue
[2024-02-03T05:31:50.058+0000] {logging_mixin.py:188} INFO - [2024-02-03T05:31:50.057+0000] {dagbag.py:538} INFO - Filling up the DagBag from /home/airflow/.local/lib/python3.8/site-packages/airflow/example_dags/example_python_operator.py
[2024-02-03T05:31:50.069+0000] {processor.py:840} INFO - DAG(s) 'example_python_operator' retrieved from /home/airflow/.local/lib/python3.8/site-packages/airflow/example_dags/example_python_operator.py
[2024-02-03T05:31:50.094+0000] {logging_mixin.py:188} INFO - [2024-02-03T05:31:50.093+0000] {dag.py:3036} INFO - Sync 1 DAGs
[2024-02-03T05:31:50.108+0000] {logging_mixin.py:188} INFO - [2024-02-03T05:31:50.108+0000] {dag.py:3823} INFO - Setting next_dagrun for example_python_operator to None, run_after=None
[2024-02-03T05:31:50.130+0000] {processor.py:183} INFO - Processing /home/airflow/.local/lib/python3.8/site-packages/airflow/example_dags/example_python_operator.py took 0.079 seconds
[2024-02-03T05:32:20.304+0000] {processor.py:161} INFO - Started process (PID=730) to work on /home/airflow/.local/lib/python3.8/site-packages/airflow/example_dags/example_python_operator.py
[2024-02-03T05:32:20.305+0000] {processor.py:830} INFO - Processing file /home/airflow/.local/lib/python3.8/site-packages/airflow/example_dags/example_python_operator.py for tasks to queue
[2024-02-03T05:32:20.307+0000] {logging_mixin.py:188} INFO - [2024-02-03T05:32:20.307+0000] {dagbag.py:538} INFO - Filling up the DagBag from /home/airflow/.local/lib/python3.8/site-packages/airflow/example_dags/example_python_operator.py
[2024-02-03T05:32:20.318+0000] {processor.py:840} INFO - DAG(s) 'example_python_operator' retrieved from /home/airflow/.local/lib/python3.8/site-packages/airflow/example_dags/example_python_operator.py
[2024-02-03T05:32:20.343+0000] {logging_mixin.py:188} INFO - [2024-02-03T05:32:20.342+0000] {dag.py:3036} INFO - Sync 1 DAGs
[2024-02-03T05:32:20.357+0000] {logging_mixin.py:188} INFO - [2024-02-03T05:32:20.357+0000] {dag.py:3823} INFO - Setting next_dagrun for example_python_operator to None, run_after=None
[2024-02-03T05:32:20.387+0000] {processor.py:183} INFO - Processing /home/airflow/.local/lib/python3.8/site-packages/airflow/example_dags/example_python_operator.py took 0.085 seconds
[2024-02-03T05:32:50.499+0000] {processor.py:161} INFO - Started process (PID=785) to work on /home/airflow/.local/lib/python3.8/site-packages/airflow/example_dags/example_python_operator.py
[2024-02-03T05:32:50.500+0000] {processor.py:830} INFO - Processing file /home/airflow/.local/lib/python3.8/site-packages/airflow/example_dags/example_python_operator.py for tasks to queue
[2024-02-03T05:32:50.503+0000] {logging_mixin.py:188} INFO - [2024-02-03T05:32:50.502+0000] {dagbag.py:538} INFO - Filling up the DagBag from /home/airflow/.local/lib/python3.8/site-packages/airflow/example_dags/example_python_operator.py
[2024-02-03T05:32:50.516+0000] {processor.py:840} INFO - DAG(s) 'example_python_operator' retrieved from /home/airflow/.local/lib/python3.8/site-packages/airflow/example_dags/example_python_operator.py
[2024-02-03T05:32:50.541+0000] {logging_mixin.py:188} INFO - [2024-02-03T05:32:50.541+0000] {dag.py:3036} INFO - Sync 1 DAGs
[2024-02-03T05:32:50.555+0000] {logging_mixin.py:188} INFO - [2024-02-03T05:32:50.555+0000] {dag.py:3823} INFO - Setting next_dagrun for example_python_operator to None, run_after=None
[2024-02-03T05:32:50.578+0000] {processor.py:183} INFO - Processing /home/airflow/.local/lib/python3.8/site-packages/airflow/example_dags/example_python_operator.py took 0.083 seconds
[2024-02-03T05:33:20.697+0000] {processor.py:161} INFO - Started process (PID=840) to work on /home/airflow/.local/lib/python3.8/site-packages/airflow/example_dags/example_python_operator.py
[2024-02-03T05:33:20.698+0000] {processor.py:830} INFO - Processing file /home/airflow/.local/lib/python3.8/site-packages/airflow/example_dags/example_python_operator.py for tasks to queue
[2024-02-03T05:33:20.700+0000] {logging_mixin.py:188} INFO - [2024-02-03T05:33:20.700+0000] {dagbag.py:538} INFO - Filling up the DagBag from /home/airflow/.local/lib/python3.8/site-packages/airflow/example_dags/example_python_operator.py
[2024-02-03T05:33:20.711+0000] {processor.py:840} INFO - DAG(s) 'example_python_operator' retrieved from /home/airflow/.local/lib/python3.8/site-packages/airflow/example_dags/example_python_operator.py
[2024-02-03T05:33:20.736+0000] {logging_mixin.py:188} INFO - [2024-02-03T05:33:20.736+0000] {dag.py:3036} INFO - Sync 1 DAGs
[2024-02-03T05:33:20.752+0000] {logging_mixin.py:188} INFO - [2024-02-03T05:33:20.752+0000] {dag.py:3823} INFO - Setting next_dagrun for example_python_operator to None, run_after=None
[2024-02-03T05:33:20.777+0000] {processor.py:183} INFO - Processing /home/airflow/.local/lib/python3.8/site-packages/airflow/example_dags/example_python_operator.py took 0.083 seconds
[2024-02-03T06:00:00.432+0000] {processor.py:161} INFO - Started process (PID=55) to work on /home/airflow/.local/lib/python3.8/site-packages/airflow/example_dags/example_python_operator.py
[2024-02-03T06:00:00.433+0000] {processor.py:830} INFO - Processing file /home/airflow/.local/lib/python3.8/site-packages/airflow/example_dags/example_python_operator.py for tasks to queue
[2024-02-03T06:00:00.435+0000] {logging_mixin.py:188} INFO - [2024-02-03T06:00:00.435+0000] {dagbag.py:538} INFO - Filling up the DagBag from /home/airflow/.local/lib/python3.8/site-packages/airflow/example_dags/example_python_operator.py
[2024-02-03T06:00:00.449+0000] {processor.py:840} INFO - DAG(s) 'example_python_operator' retrieved from /home/airflow/.local/lib/python3.8/site-packages/airflow/example_dags/example_python_operator.py
[2024-02-03T06:00:00.627+0000] {logging_mixin.py:188} INFO - [2024-02-03T06:00:00.627+0000] {dag.py:3036} INFO - Sync 1 DAGs
[2024-02-03T06:00:00.642+0000] {logging_mixin.py:188} INFO - [2024-02-03T06:00:00.641+0000] {dag.py:3823} INFO - Setting next_dagrun for example_python_operator to None, run_after=None
[2024-02-03T06:00:00.706+0000] {processor.py:183} INFO - Processing /home/airflow/.local/lib/python3.8/site-packages/airflow/example_dags/example_python_operator.py took 0.277 seconds
[2024-02-03T06:00:31.013+0000] {processor.py:161} INFO - Started process (PID=110) to work on /home/airflow/.local/lib/python3.8/site-packages/airflow/example_dags/example_python_operator.py
[2024-02-03T06:00:31.015+0000] {processor.py:830} INFO - Processing file /home/airflow/.local/lib/python3.8/site-packages/airflow/example_dags/example_python_operator.py for tasks to queue
[2024-02-03T06:00:31.016+0000] {logging_mixin.py:188} INFO - [2024-02-03T06:00:31.016+0000] {dagbag.py:538} INFO - Filling up the DagBag from /home/airflow/.local/lib/python3.8/site-packages/airflow/example_dags/example_python_operator.py
[2024-02-03T06:00:31.028+0000] {processor.py:840} INFO - DAG(s) 'example_python_operator' retrieved from /home/airflow/.local/lib/python3.8/site-packages/airflow/example_dags/example_python_operator.py
[2024-02-03T06:00:31.056+0000] {logging_mixin.py:188} INFO - [2024-02-03T06:00:31.055+0000] {dag.py:3036} INFO - Sync 1 DAGs
[2024-02-03T06:00:31.072+0000] {logging_mixin.py:188} INFO - [2024-02-03T06:00:31.072+0000] {dag.py:3823} INFO - Setting next_dagrun for example_python_operator to None, run_after=None
[2024-02-03T06:00:31.099+0000] {processor.py:183} INFO - Processing /home/airflow/.local/lib/python3.8/site-packages/airflow/example_dags/example_python_operator.py took 0.088 seconds
[2024-02-03T06:01:01.645+0000] {processor.py:161} INFO - Started process (PID=165) to work on /home/airflow/.local/lib/python3.8/site-packages/airflow/example_dags/example_python_operator.py
[2024-02-03T06:01:01.647+0000] {processor.py:830} INFO - Processing file /home/airflow/.local/lib/python3.8/site-packages/airflow/example_dags/example_python_operator.py for tasks to queue
[2024-02-03T06:01:01.649+0000] {logging_mixin.py:188} INFO - [2024-02-03T06:01:01.649+0000] {dagbag.py:538} INFO - Filling up the DagBag from /home/airflow/.local/lib/python3.8/site-packages/airflow/example_dags/example_python_operator.py
[2024-02-03T06:01:01.661+0000] {processor.py:840} INFO - DAG(s) 'example_python_operator' retrieved from /home/airflow/.local/lib/python3.8/site-packages/airflow/example_dags/example_python_operator.py
[2024-02-03T06:01:01.687+0000] {logging_mixin.py:188} INFO - [2024-02-03T06:01:01.686+0000] {dag.py:3036} INFO - Sync 1 DAGs
[2024-02-03T06:01:01.702+0000] {logging_mixin.py:188} INFO - [2024-02-03T06:01:01.701+0000] {dag.py:3823} INFO - Setting next_dagrun for example_python_operator to None, run_after=None
[2024-02-03T06:01:01.728+0000] {processor.py:183} INFO - Processing /home/airflow/.local/lib/python3.8/site-packages/airflow/example_dags/example_python_operator.py took 0.086 seconds
[2024-02-03T06:33:37.772+0000] {processor.py:161} INFO - Started process (PID=55) to work on /home/airflow/.local/lib/python3.8/site-packages/airflow/example_dags/example_python_operator.py
[2024-02-03T06:33:37.774+0000] {processor.py:830} INFO - Processing file /home/airflow/.local/lib/python3.8/site-packages/airflow/example_dags/example_python_operator.py for tasks to queue
[2024-02-03T06:33:37.776+0000] {logging_mixin.py:188} INFO - [2024-02-03T06:33:37.775+0000] {dagbag.py:538} INFO - Filling up the DagBag from /home/airflow/.local/lib/python3.8/site-packages/airflow/example_dags/example_python_operator.py
[2024-02-03T06:33:37.790+0000] {processor.py:840} INFO - DAG(s) 'example_python_operator' retrieved from /home/airflow/.local/lib/python3.8/site-packages/airflow/example_dags/example_python_operator.py
[2024-02-03T06:33:37.810+0000] {logging_mixin.py:188} INFO - [2024-02-03T06:33:37.810+0000] {dag.py:3036} INFO - Sync 1 DAGs
[2024-02-03T06:33:37.832+0000] {logging_mixin.py:188} INFO - [2024-02-03T06:33:37.832+0000] {dag.py:3823} INFO - Setting next_dagrun for example_python_operator to None, run_after=None
[2024-02-03T06:33:37.867+0000] {processor.py:183} INFO - Processing /home/airflow/.local/lib/python3.8/site-packages/airflow/example_dags/example_python_operator.py took 0.098 seconds
[2024-02-03T06:34:08.997+0000] {processor.py:161} INFO - Started process (PID=110) to work on /home/airflow/.local/lib/python3.8/site-packages/airflow/example_dags/example_python_operator.py
[2024-02-03T06:34:08.998+0000] {processor.py:830} INFO - Processing file /home/airflow/.local/lib/python3.8/site-packages/airflow/example_dags/example_python_operator.py for tasks to queue
[2024-02-03T06:34:09.000+0000] {logging_mixin.py:188} INFO - [2024-02-03T06:34:09.000+0000] {dagbag.py:538} INFO - Filling up the DagBag from /home/airflow/.local/lib/python3.8/site-packages/airflow/example_dags/example_python_operator.py
[2024-02-03T06:34:09.011+0000] {processor.py:840} INFO - DAG(s) 'example_python_operator' retrieved from /home/airflow/.local/lib/python3.8/site-packages/airflow/example_dags/example_python_operator.py
[2024-02-03T06:34:09.135+0000] {logging_mixin.py:188} INFO - [2024-02-03T06:34:09.134+0000] {dag.py:3036} INFO - Sync 1 DAGs
[2024-02-03T06:34:09.150+0000] {logging_mixin.py:188} INFO - [2024-02-03T06:34:09.149+0000] {dag.py:3823} INFO - Setting next_dagrun for example_python_operator to None, run_after=None
[2024-02-03T06:34:09.175+0000] {processor.py:183} INFO - Processing /home/airflow/.local/lib/python3.8/site-packages/airflow/example_dags/example_python_operator.py took 0.181 seconds
[2024-02-03T06:34:39.540+0000] {processor.py:161} INFO - Started process (PID=165) to work on /home/airflow/.local/lib/python3.8/site-packages/airflow/example_dags/example_python_operator.py
[2024-02-03T06:34:39.542+0000] {processor.py:830} INFO - Processing file /home/airflow/.local/lib/python3.8/site-packages/airflow/example_dags/example_python_operator.py for tasks to queue
[2024-02-03T06:34:39.544+0000] {logging_mixin.py:188} INFO - [2024-02-03T06:34:39.543+0000] {dagbag.py:538} INFO - Filling up the DagBag from /home/airflow/.local/lib/python3.8/site-packages/airflow/example_dags/example_python_operator.py
[2024-02-03T06:34:39.554+0000] {processor.py:840} INFO - DAG(s) 'example_python_operator' retrieved from /home/airflow/.local/lib/python3.8/site-packages/airflow/example_dags/example_python_operator.py
[2024-02-03T06:34:39.582+0000] {logging_mixin.py:188} INFO - [2024-02-03T06:34:39.582+0000] {dag.py:3036} INFO - Sync 1 DAGs
[2024-02-03T06:34:39.596+0000] {logging_mixin.py:188} INFO - [2024-02-03T06:34:39.596+0000] {dag.py:3823} INFO - Setting next_dagrun for example_python_operator to None, run_after=None
[2024-02-03T06:34:39.621+0000] {processor.py:183} INFO - Processing /home/airflow/.local/lib/python3.8/site-packages/airflow/example_dags/example_python_operator.py took 0.083 seconds
[2024-02-03T06:35:09.882+0000] {processor.py:161} INFO - Started process (PID=220) to work on /home/airflow/.local/lib/python3.8/site-packages/airflow/example_dags/example_python_operator.py
[2024-02-03T06:35:09.883+0000] {processor.py:830} INFO - Processing file /home/airflow/.local/lib/python3.8/site-packages/airflow/example_dags/example_python_operator.py for tasks to queue
[2024-02-03T06:35:09.885+0000] {logging_mixin.py:188} INFO - [2024-02-03T06:35:09.884+0000] {dagbag.py:538} INFO - Filling up the DagBag from /home/airflow/.local/lib/python3.8/site-packages/airflow/example_dags/example_python_operator.py
[2024-02-03T06:35:09.895+0000] {processor.py:840} INFO - DAG(s) 'example_python_operator' retrieved from /home/airflow/.local/lib/python3.8/site-packages/airflow/example_dags/example_python_operator.py
[2024-02-03T06:35:09.921+0000] {logging_mixin.py:188} INFO - [2024-02-03T06:35:09.921+0000] {dag.py:3036} INFO - Sync 1 DAGs
[2024-02-03T06:35:09.935+0000] {logging_mixin.py:188} INFO - [2024-02-03T06:35:09.935+0000] {dag.py:3823} INFO - Setting next_dagrun for example_python_operator to None, run_after=None
[2024-02-03T06:35:09.966+0000] {processor.py:183} INFO - Processing /home/airflow/.local/lib/python3.8/site-packages/airflow/example_dags/example_python_operator.py took 0.087 seconds
[2024-02-03T06:35:40.027+0000] {processor.py:161} INFO - Started process (PID=274) to work on /home/airflow/.local/lib/python3.8/site-packages/airflow/example_dags/example_python_operator.py
[2024-02-03T06:35:40.028+0000] {processor.py:830} INFO - Processing file /home/airflow/.local/lib/python3.8/site-packages/airflow/example_dags/example_python_operator.py for tasks to queue
[2024-02-03T06:35:40.030+0000] {logging_mixin.py:188} INFO - [2024-02-03T06:35:40.030+0000] {dagbag.py:538} INFO - Filling up the DagBag from /home/airflow/.local/lib/python3.8/site-packages/airflow/example_dags/example_python_operator.py
[2024-02-03T06:35:40.040+0000] {processor.py:840} INFO - DAG(s) 'example_python_operator' retrieved from /home/airflow/.local/lib/python3.8/site-packages/airflow/example_dags/example_python_operator.py
[2024-02-03T06:35:40.066+0000] {logging_mixin.py:188} INFO - [2024-02-03T06:35:40.066+0000] {dag.py:3036} INFO - Sync 1 DAGs
[2024-02-03T06:35:40.081+0000] {logging_mixin.py:188} INFO - [2024-02-03T06:35:40.081+0000] {dag.py:3823} INFO - Setting next_dagrun for example_python_operator to None, run_after=None
[2024-02-03T06:35:40.103+0000] {processor.py:183} INFO - Processing /home/airflow/.local/lib/python3.8/site-packages/airflow/example_dags/example_python_operator.py took 0.078 seconds
[2024-02-03T06:36:10.710+0000] {processor.py:161} INFO - Started process (PID=330) to work on /home/airflow/.local/lib/python3.8/site-packages/airflow/example_dags/example_python_operator.py
[2024-02-03T06:36:10.711+0000] {processor.py:830} INFO - Processing file /home/airflow/.local/lib/python3.8/site-packages/airflow/example_dags/example_python_operator.py for tasks to queue
[2024-02-03T06:36:10.713+0000] {logging_mixin.py:188} INFO - [2024-02-03T06:36:10.712+0000] {dagbag.py:538} INFO - Filling up the DagBag from /home/airflow/.local/lib/python3.8/site-packages/airflow/example_dags/example_python_operator.py
[2024-02-03T06:36:10.723+0000] {processor.py:840} INFO - DAG(s) 'example_python_operator' retrieved from /home/airflow/.local/lib/python3.8/site-packages/airflow/example_dags/example_python_operator.py
[2024-02-03T06:36:10.755+0000] {logging_mixin.py:188} INFO - [2024-02-03T06:36:10.755+0000] {dag.py:3036} INFO - Sync 1 DAGs
[2024-02-03T06:36:10.770+0000] {logging_mixin.py:188} INFO - [2024-02-03T06:36:10.769+0000] {dag.py:3823} INFO - Setting next_dagrun for example_python_operator to None, run_after=None
[2024-02-03T06:36:10.793+0000] {processor.py:183} INFO - Processing /home/airflow/.local/lib/python3.8/site-packages/airflow/example_dags/example_python_operator.py took 0.086 seconds
