[2024-02-03T05:26:15.648+0000] {processor.py:161} INFO - Started process (PID=51) to work on /home/airflow/.local/lib/python3.8/site-packages/airflow/example_dags/example_latest_only.py
[2024-02-03T05:26:15.650+0000] {processor.py:830} INFO - Processing file /home/airflow/.local/lib/python3.8/site-packages/airflow/example_dags/example_latest_only.py for tasks to queue
[2024-02-03T05:26:15.652+0000] {logging_mixin.py:188} INFO - [2024-02-03T05:26:15.652+0000] {dagbag.py:538} INFO - Filling up the DagBag from /home/airflow/.local/lib/python3.8/site-packages/airflow/example_dags/example_latest_only.py
[2024-02-03T05:26:15.661+0000] {processor.py:840} INFO - DAG(s) 'latest_only' retrieved from /home/airflow/.local/lib/python3.8/site-packages/airflow/example_dags/example_latest_only.py
[2024-02-03T05:26:15.816+0000] {logging_mixin.py:188} INFO - [2024-02-03T05:26:15.815+0000] {dag.py:3036} INFO - Sync 1 DAGs
[2024-02-03T05:26:15.846+0000] {logging_mixin.py:188} INFO - [2024-02-03T05:26:15.846+0000] {dag.py:3823} INFO - Setting next_dagrun for latest_only to 2024-02-03 00:00:00+00:00, run_after=2024-02-03 04:00:00+00:00
[2024-02-03T05:26:15.879+0000] {processor.py:183} INFO - Processing /home/airflow/.local/lib/python3.8/site-packages/airflow/example_dags/example_latest_only.py took 0.234 seconds
[2024-02-03T05:26:46.066+0000] {processor.py:161} INFO - Started process (PID=106) to work on /home/airflow/.local/lib/python3.8/site-packages/airflow/example_dags/example_latest_only.py
[2024-02-03T05:26:46.067+0000] {processor.py:830} INFO - Processing file /home/airflow/.local/lib/python3.8/site-packages/airflow/example_dags/example_latest_only.py for tasks to queue
[2024-02-03T05:26:46.069+0000] {logging_mixin.py:188} INFO - [2024-02-03T05:26:46.069+0000] {dagbag.py:538} INFO - Filling up the DagBag from /home/airflow/.local/lib/python3.8/site-packages/airflow/example_dags/example_latest_only.py
[2024-02-03T05:26:46.074+0000] {processor.py:840} INFO - DAG(s) 'latest_only' retrieved from /home/airflow/.local/lib/python3.8/site-packages/airflow/example_dags/example_latest_only.py
[2024-02-03T05:26:46.097+0000] {logging_mixin.py:188} INFO - [2024-02-03T05:26:46.097+0000] {dag.py:3036} INFO - Sync 1 DAGs
[2024-02-03T05:26:46.122+0000] {logging_mixin.py:188} INFO - [2024-02-03T05:26:46.122+0000] {dag.py:3823} INFO - Setting next_dagrun for latest_only to 2024-02-03 00:00:00+00:00, run_after=2024-02-03 04:00:00+00:00
[2024-02-03T05:26:46.144+0000] {processor.py:183} INFO - Processing /home/airflow/.local/lib/python3.8/site-packages/airflow/example_dags/example_latest_only.py took 0.081 seconds
[2024-02-03T05:27:16.365+0000] {processor.py:161} INFO - Started process (PID=161) to work on /home/airflow/.local/lib/python3.8/site-packages/airflow/example_dags/example_latest_only.py
[2024-02-03T05:27:16.367+0000] {processor.py:830} INFO - Processing file /home/airflow/.local/lib/python3.8/site-packages/airflow/example_dags/example_latest_only.py for tasks to queue
[2024-02-03T05:27:16.369+0000] {logging_mixin.py:188} INFO - [2024-02-03T05:27:16.368+0000] {dagbag.py:538} INFO - Filling up the DagBag from /home/airflow/.local/lib/python3.8/site-packages/airflow/example_dags/example_latest_only.py
[2024-02-03T05:27:16.374+0000] {processor.py:840} INFO - DAG(s) 'latest_only' retrieved from /home/airflow/.local/lib/python3.8/site-packages/airflow/example_dags/example_latest_only.py
[2024-02-03T05:27:16.398+0000] {logging_mixin.py:188} INFO - [2024-02-03T05:27:16.398+0000] {dag.py:3036} INFO - Sync 1 DAGs
[2024-02-03T05:27:16.425+0000] {logging_mixin.py:188} INFO - [2024-02-03T05:27:16.424+0000] {dag.py:3823} INFO - Setting next_dagrun for latest_only to 2024-02-03 00:00:00+00:00, run_after=2024-02-03 04:00:00+00:00
[2024-02-03T05:27:16.448+0000] {processor.py:183} INFO - Processing /home/airflow/.local/lib/python3.8/site-packages/airflow/example_dags/example_latest_only.py took 0.085 seconds
[2024-02-03T05:27:46.640+0000] {processor.py:161} INFO - Started process (PID=216) to work on /home/airflow/.local/lib/python3.8/site-packages/airflow/example_dags/example_latest_only.py
[2024-02-03T05:27:46.641+0000] {processor.py:830} INFO - Processing file /home/airflow/.local/lib/python3.8/site-packages/airflow/example_dags/example_latest_only.py for tasks to queue
[2024-02-03T05:27:46.644+0000] {logging_mixin.py:188} INFO - [2024-02-03T05:27:46.643+0000] {dagbag.py:538} INFO - Filling up the DagBag from /home/airflow/.local/lib/python3.8/site-packages/airflow/example_dags/example_latest_only.py
[2024-02-03T05:27:46.649+0000] {processor.py:840} INFO - DAG(s) 'latest_only' retrieved from /home/airflow/.local/lib/python3.8/site-packages/airflow/example_dags/example_latest_only.py
[2024-02-03T05:27:46.672+0000] {logging_mixin.py:188} INFO - [2024-02-03T05:27:46.672+0000] {dag.py:3036} INFO - Sync 1 DAGs
[2024-02-03T05:27:46.698+0000] {logging_mixin.py:188} INFO - [2024-02-03T05:27:46.697+0000] {dag.py:3823} INFO - Setting next_dagrun for latest_only to 2024-02-03 00:00:00+00:00, run_after=2024-02-03 04:00:00+00:00
[2024-02-03T05:27:46.720+0000] {processor.py:183} INFO - Processing /home/airflow/.local/lib/python3.8/site-packages/airflow/example_dags/example_latest_only.py took 0.083 seconds
[2024-02-03T05:28:16.778+0000] {processor.py:161} INFO - Started process (PID=271) to work on /home/airflow/.local/lib/python3.8/site-packages/airflow/example_dags/example_latest_only.py
[2024-02-03T05:28:16.779+0000] {processor.py:830} INFO - Processing file /home/airflow/.local/lib/python3.8/site-packages/airflow/example_dags/example_latest_only.py for tasks to queue
[2024-02-03T05:28:16.781+0000] {logging_mixin.py:188} INFO - [2024-02-03T05:28:16.780+0000] {dagbag.py:538} INFO - Filling up the DagBag from /home/airflow/.local/lib/python3.8/site-packages/airflow/example_dags/example_latest_only.py
[2024-02-03T05:28:16.786+0000] {processor.py:840} INFO - DAG(s) 'latest_only' retrieved from /home/airflow/.local/lib/python3.8/site-packages/airflow/example_dags/example_latest_only.py
[2024-02-03T05:28:16.811+0000] {logging_mixin.py:188} INFO - [2024-02-03T05:28:16.810+0000] {dag.py:3036} INFO - Sync 1 DAGs
[2024-02-03T05:28:16.837+0000] {logging_mixin.py:188} INFO - [2024-02-03T05:28:16.837+0000] {dag.py:3823} INFO - Setting next_dagrun for latest_only to 2024-02-03 00:00:00+00:00, run_after=2024-02-03 04:00:00+00:00
[2024-02-03T05:28:16.863+0000] {processor.py:183} INFO - Processing /home/airflow/.local/lib/python3.8/site-packages/airflow/example_dags/example_latest_only.py took 0.088 seconds
[2024-02-03T05:28:46.956+0000] {processor.py:161} INFO - Started process (PID=326) to work on /home/airflow/.local/lib/python3.8/site-packages/airflow/example_dags/example_latest_only.py
[2024-02-03T05:28:46.957+0000] {processor.py:830} INFO - Processing file /home/airflow/.local/lib/python3.8/site-packages/airflow/example_dags/example_latest_only.py for tasks to queue
[2024-02-03T05:28:46.959+0000] {logging_mixin.py:188} INFO - [2024-02-03T05:28:46.959+0000] {dagbag.py:538} INFO - Filling up the DagBag from /home/airflow/.local/lib/python3.8/site-packages/airflow/example_dags/example_latest_only.py
[2024-02-03T05:28:46.964+0000] {processor.py:840} INFO - DAG(s) 'latest_only' retrieved from /home/airflow/.local/lib/python3.8/site-packages/airflow/example_dags/example_latest_only.py
[2024-02-03T05:28:46.988+0000] {logging_mixin.py:188} INFO - [2024-02-03T05:28:46.988+0000] {dag.py:3036} INFO - Sync 1 DAGs
[2024-02-03T05:28:47.016+0000] {logging_mixin.py:188} INFO - [2024-02-03T05:28:47.016+0000] {dag.py:3823} INFO - Setting next_dagrun for latest_only to 2024-02-03 00:00:00+00:00, run_after=2024-02-03 04:00:00+00:00
[2024-02-03T05:28:47.040+0000] {processor.py:183} INFO - Processing /home/airflow/.local/lib/python3.8/site-packages/airflow/example_dags/example_latest_only.py took 0.087 seconds
[2024-02-03T05:29:17.298+0000] {processor.py:161} INFO - Started process (PID=381) to work on /home/airflow/.local/lib/python3.8/site-packages/airflow/example_dags/example_latest_only.py
[2024-02-03T05:29:17.299+0000] {processor.py:830} INFO - Processing file /home/airflow/.local/lib/python3.8/site-packages/airflow/example_dags/example_latest_only.py for tasks to queue
[2024-02-03T05:29:17.300+0000] {logging_mixin.py:188} INFO - [2024-02-03T05:29:17.300+0000] {dagbag.py:538} INFO - Filling up the DagBag from /home/airflow/.local/lib/python3.8/site-packages/airflow/example_dags/example_latest_only.py
[2024-02-03T05:29:17.305+0000] {processor.py:840} INFO - DAG(s) 'latest_only' retrieved from /home/airflow/.local/lib/python3.8/site-packages/airflow/example_dags/example_latest_only.py
[2024-02-03T05:29:17.329+0000] {logging_mixin.py:188} INFO - [2024-02-03T05:29:17.329+0000] {dag.py:3036} INFO - Sync 1 DAGs
[2024-02-03T05:29:17.355+0000] {logging_mixin.py:188} INFO - [2024-02-03T05:29:17.355+0000] {dag.py:3823} INFO - Setting next_dagrun for latest_only to 2024-02-03 00:00:00+00:00, run_after=2024-02-03 04:00:00+00:00
[2024-02-03T05:29:17.381+0000] {processor.py:183} INFO - Processing /home/airflow/.local/lib/python3.8/site-packages/airflow/example_dags/example_latest_only.py took 0.086 seconds
[2024-02-03T05:29:47.687+0000] {processor.py:161} INFO - Started process (PID=436) to work on /home/airflow/.local/lib/python3.8/site-packages/airflow/example_dags/example_latest_only.py
[2024-02-03T05:29:47.689+0000] {processor.py:830} INFO - Processing file /home/airflow/.local/lib/python3.8/site-packages/airflow/example_dags/example_latest_only.py for tasks to queue
[2024-02-03T05:29:47.692+0000] {logging_mixin.py:188} INFO - [2024-02-03T05:29:47.691+0000] {dagbag.py:538} INFO - Filling up the DagBag from /home/airflow/.local/lib/python3.8/site-packages/airflow/example_dags/example_latest_only.py
[2024-02-03T05:29:47.698+0000] {processor.py:840} INFO - DAG(s) 'latest_only' retrieved from /home/airflow/.local/lib/python3.8/site-packages/airflow/example_dags/example_latest_only.py
[2024-02-03T05:29:47.726+0000] {logging_mixin.py:188} INFO - [2024-02-03T05:29:47.726+0000] {dag.py:3036} INFO - Sync 1 DAGs
[2024-02-03T05:29:47.755+0000] {logging_mixin.py:188} INFO - [2024-02-03T05:29:47.755+0000] {dag.py:3823} INFO - Setting next_dagrun for latest_only to 2024-02-03 00:00:00+00:00, run_after=2024-02-03 04:00:00+00:00
[2024-02-03T05:29:47.784+0000] {processor.py:183} INFO - Processing /home/airflow/.local/lib/python3.8/site-packages/airflow/example_dags/example_latest_only.py took 0.100 seconds
[2024-02-03T05:30:17.930+0000] {processor.py:161} INFO - Started process (PID=491) to work on /home/airflow/.local/lib/python3.8/site-packages/airflow/example_dags/example_latest_only.py
[2024-02-03T05:30:17.931+0000] {processor.py:830} INFO - Processing file /home/airflow/.local/lib/python3.8/site-packages/airflow/example_dags/example_latest_only.py for tasks to queue
[2024-02-03T05:30:17.933+0000] {logging_mixin.py:188} INFO - [2024-02-03T05:30:17.933+0000] {dagbag.py:538} INFO - Filling up the DagBag from /home/airflow/.local/lib/python3.8/site-packages/airflow/example_dags/example_latest_only.py
[2024-02-03T05:30:17.938+0000] {processor.py:840} INFO - DAG(s) 'latest_only' retrieved from /home/airflow/.local/lib/python3.8/site-packages/airflow/example_dags/example_latest_only.py
[2024-02-03T05:30:17.960+0000] {logging_mixin.py:188} INFO - [2024-02-03T05:30:17.959+0000] {dag.py:3036} INFO - Sync 1 DAGs
[2024-02-03T05:30:17.985+0000] {logging_mixin.py:188} INFO - [2024-02-03T05:30:17.984+0000] {dag.py:3823} INFO - Setting next_dagrun for latest_only to 2024-02-03 00:00:00+00:00, run_after=2024-02-03 04:00:00+00:00
[2024-02-03T05:30:18.008+0000] {processor.py:183} INFO - Processing /home/airflow/.local/lib/python3.8/site-packages/airflow/example_dags/example_latest_only.py took 0.082 seconds
[2024-02-03T05:30:48.331+0000] {processor.py:161} INFO - Started process (PID=546) to work on /home/airflow/.local/lib/python3.8/site-packages/airflow/example_dags/example_latest_only.py
[2024-02-03T05:30:48.332+0000] {processor.py:830} INFO - Processing file /home/airflow/.local/lib/python3.8/site-packages/airflow/example_dags/example_latest_only.py for tasks to queue
[2024-02-03T05:30:48.334+0000] {logging_mixin.py:188} INFO - [2024-02-03T05:30:48.333+0000] {dagbag.py:538} INFO - Filling up the DagBag from /home/airflow/.local/lib/python3.8/site-packages/airflow/example_dags/example_latest_only.py
[2024-02-03T05:30:48.339+0000] {processor.py:840} INFO - DAG(s) 'latest_only' retrieved from /home/airflow/.local/lib/python3.8/site-packages/airflow/example_dags/example_latest_only.py
[2024-02-03T05:30:48.367+0000] {logging_mixin.py:188} INFO - [2024-02-03T05:30:48.367+0000] {dag.py:3036} INFO - Sync 1 DAGs
[2024-02-03T05:30:48.394+0000] {logging_mixin.py:188} INFO - [2024-02-03T05:30:48.394+0000] {dag.py:3823} INFO - Setting next_dagrun for latest_only to 2024-02-03 00:00:00+00:00, run_after=2024-02-03 04:00:00+00:00
[2024-02-03T05:30:48.418+0000] {processor.py:183} INFO - Processing /home/airflow/.local/lib/python3.8/site-packages/airflow/example_dags/example_latest_only.py took 0.090 seconds
[2024-02-03T05:31:18.633+0000] {processor.py:161} INFO - Started process (PID=601) to work on /home/airflow/.local/lib/python3.8/site-packages/airflow/example_dags/example_latest_only.py
[2024-02-03T05:31:18.634+0000] {processor.py:830} INFO - Processing file /home/airflow/.local/lib/python3.8/site-packages/airflow/example_dags/example_latest_only.py for tasks to queue
[2024-02-03T05:31:18.636+0000] {logging_mixin.py:188} INFO - [2024-02-03T05:31:18.635+0000] {dagbag.py:538} INFO - Filling up the DagBag from /home/airflow/.local/lib/python3.8/site-packages/airflow/example_dags/example_latest_only.py
[2024-02-03T05:31:18.640+0000] {processor.py:840} INFO - DAG(s) 'latest_only' retrieved from /home/airflow/.local/lib/python3.8/site-packages/airflow/example_dags/example_latest_only.py
[2024-02-03T05:31:18.666+0000] {logging_mixin.py:188} INFO - [2024-02-03T05:31:18.666+0000] {dag.py:3036} INFO - Sync 1 DAGs
[2024-02-03T05:31:18.708+0000] {logging_mixin.py:188} INFO - [2024-02-03T05:31:18.707+0000] {dag.py:3823} INFO - Setting next_dagrun for latest_only to 2024-02-03 00:00:00+00:00, run_after=2024-02-03 04:00:00+00:00
[2024-02-03T05:31:18.751+0000] {processor.py:183} INFO - Processing /home/airflow/.local/lib/python3.8/site-packages/airflow/example_dags/example_latest_only.py took 0.121 seconds
[2024-02-03T05:31:48.921+0000] {processor.py:161} INFO - Started process (PID=672) to work on /home/airflow/.local/lib/python3.8/site-packages/airflow/example_dags/example_latest_only.py
[2024-02-03T05:31:48.922+0000] {processor.py:830} INFO - Processing file /home/airflow/.local/lib/python3.8/site-packages/airflow/example_dags/example_latest_only.py for tasks to queue
[2024-02-03T05:31:48.924+0000] {logging_mixin.py:188} INFO - [2024-02-03T05:31:48.924+0000] {dagbag.py:538} INFO - Filling up the DagBag from /home/airflow/.local/lib/python3.8/site-packages/airflow/example_dags/example_latest_only.py
[2024-02-03T05:31:48.930+0000] {processor.py:840} INFO - DAG(s) 'latest_only' retrieved from /home/airflow/.local/lib/python3.8/site-packages/airflow/example_dags/example_latest_only.py
[2024-02-03T05:31:48.953+0000] {logging_mixin.py:188} INFO - [2024-02-03T05:31:48.953+0000] {dag.py:3036} INFO - Sync 1 DAGs
[2024-02-03T05:31:48.978+0000] {logging_mixin.py:188} INFO - [2024-02-03T05:31:48.978+0000] {dag.py:3823} INFO - Setting next_dagrun for latest_only to 2024-02-03 00:00:00+00:00, run_after=2024-02-03 04:00:00+00:00
[2024-02-03T05:31:49.002+0000] {processor.py:183} INFO - Processing /home/airflow/.local/lib/python3.8/site-packages/airflow/example_dags/example_latest_only.py took 0.084 seconds
[2024-02-03T05:32:19.174+0000] {processor.py:161} INFO - Started process (PID=727) to work on /home/airflow/.local/lib/python3.8/site-packages/airflow/example_dags/example_latest_only.py
[2024-02-03T05:32:19.176+0000] {processor.py:830} INFO - Processing file /home/airflow/.local/lib/python3.8/site-packages/airflow/example_dags/example_latest_only.py for tasks to queue
[2024-02-03T05:32:19.178+0000] {logging_mixin.py:188} INFO - [2024-02-03T05:32:19.177+0000] {dagbag.py:538} INFO - Filling up the DagBag from /home/airflow/.local/lib/python3.8/site-packages/airflow/example_dags/example_latest_only.py
[2024-02-03T05:32:19.183+0000] {processor.py:840} INFO - DAG(s) 'latest_only' retrieved from /home/airflow/.local/lib/python3.8/site-packages/airflow/example_dags/example_latest_only.py
[2024-02-03T05:32:19.205+0000] {logging_mixin.py:188} INFO - [2024-02-03T05:32:19.204+0000] {dag.py:3036} INFO - Sync 1 DAGs
[2024-02-03T05:32:19.231+0000] {logging_mixin.py:188} INFO - [2024-02-03T05:32:19.230+0000] {dag.py:3823} INFO - Setting next_dagrun for latest_only to 2024-02-03 00:00:00+00:00, run_after=2024-02-03 04:00:00+00:00
[2024-02-03T05:32:19.255+0000] {processor.py:183} INFO - Processing /home/airflow/.local/lib/python3.8/site-packages/airflow/example_dags/example_latest_only.py took 0.084 seconds
[2024-02-03T05:32:49.373+0000] {processor.py:161} INFO - Started process (PID=782) to work on /home/airflow/.local/lib/python3.8/site-packages/airflow/example_dags/example_latest_only.py
[2024-02-03T05:32:49.374+0000] {processor.py:830} INFO - Processing file /home/airflow/.local/lib/python3.8/site-packages/airflow/example_dags/example_latest_only.py for tasks to queue
[2024-02-03T05:32:49.376+0000] {logging_mixin.py:188} INFO - [2024-02-03T05:32:49.376+0000] {dagbag.py:538} INFO - Filling up the DagBag from /home/airflow/.local/lib/python3.8/site-packages/airflow/example_dags/example_latest_only.py
[2024-02-03T05:32:49.380+0000] {processor.py:840} INFO - DAG(s) 'latest_only' retrieved from /home/airflow/.local/lib/python3.8/site-packages/airflow/example_dags/example_latest_only.py
[2024-02-03T05:32:49.402+0000] {logging_mixin.py:188} INFO - [2024-02-03T05:32:49.401+0000] {dag.py:3036} INFO - Sync 1 DAGs
[2024-02-03T05:32:49.426+0000] {logging_mixin.py:188} INFO - [2024-02-03T05:32:49.426+0000] {dag.py:3823} INFO - Setting next_dagrun for latest_only to 2024-02-03 00:00:00+00:00, run_after=2024-02-03 04:00:00+00:00
[2024-02-03T05:32:49.448+0000] {processor.py:183} INFO - Processing /home/airflow/.local/lib/python3.8/site-packages/airflow/example_dags/example_latest_only.py took 0.078 seconds
[2024-02-03T05:33:19.567+0000] {processor.py:161} INFO - Started process (PID=837) to work on /home/airflow/.local/lib/python3.8/site-packages/airflow/example_dags/example_latest_only.py
[2024-02-03T05:33:19.568+0000] {processor.py:830} INFO - Processing file /home/airflow/.local/lib/python3.8/site-packages/airflow/example_dags/example_latest_only.py for tasks to queue
[2024-02-03T05:33:19.570+0000] {logging_mixin.py:188} INFO - [2024-02-03T05:33:19.569+0000] {dagbag.py:538} INFO - Filling up the DagBag from /home/airflow/.local/lib/python3.8/site-packages/airflow/example_dags/example_latest_only.py
[2024-02-03T05:33:19.575+0000] {processor.py:840} INFO - DAG(s) 'latest_only' retrieved from /home/airflow/.local/lib/python3.8/site-packages/airflow/example_dags/example_latest_only.py
[2024-02-03T05:33:19.596+0000] {logging_mixin.py:188} INFO - [2024-02-03T05:33:19.595+0000] {dag.py:3036} INFO - Sync 1 DAGs
[2024-02-03T05:33:19.619+0000] {logging_mixin.py:188} INFO - [2024-02-03T05:33:19.619+0000] {dag.py:3823} INFO - Setting next_dagrun for latest_only to 2024-02-03 00:00:00+00:00, run_after=2024-02-03 04:00:00+00:00
[2024-02-03T05:33:19.643+0000] {processor.py:183} INFO - Processing /home/airflow/.local/lib/python3.8/site-packages/airflow/example_dags/example_latest_only.py took 0.079 seconds
[2024-02-03T05:59:59.985+0000] {processor.py:161} INFO - Started process (PID=51) to work on /home/airflow/.local/lib/python3.8/site-packages/airflow/example_dags/example_latest_only.py
[2024-02-03T05:59:59.990+0000] {processor.py:830} INFO - Processing file /home/airflow/.local/lib/python3.8/site-packages/airflow/example_dags/example_latest_only.py for tasks to queue
[2024-02-03T05:59:59.997+0000] {logging_mixin.py:188} INFO - [2024-02-03T05:59:59.996+0000] {dagbag.py:538} INFO - Filling up the DagBag from /home/airflow/.local/lib/python3.8/site-packages/airflow/example_dags/example_latest_only.py
[2024-02-03T06:00:00.042+0000] {processor.py:840} INFO - DAG(s) 'latest_only' retrieved from /home/airflow/.local/lib/python3.8/site-packages/airflow/example_dags/example_latest_only.py
[2024-02-03T06:00:00.084+0000] {logging_mixin.py:188} INFO - [2024-02-03T06:00:00.083+0000] {dag.py:3036} INFO - Sync 1 DAGs
[2024-02-03T06:00:00.122+0000] {logging_mixin.py:188} INFO - [2024-02-03T06:00:00.122+0000] {dag.py:3823} INFO - Setting next_dagrun for latest_only to 2024-02-03 00:00:00+00:00, run_after=2024-02-03 04:00:00+00:00
[2024-02-03T06:00:00.150+0000] {processor.py:183} INFO - Processing /home/airflow/.local/lib/python3.8/site-packages/airflow/example_dags/example_latest_only.py took 0.175 seconds
[2024-02-03T06:00:30.782+0000] {processor.py:161} INFO - Started process (PID=106) to work on /home/airflow/.local/lib/python3.8/site-packages/airflow/example_dags/example_latest_only.py
[2024-02-03T06:00:30.783+0000] {processor.py:830} INFO - Processing file /home/airflow/.local/lib/python3.8/site-packages/airflow/example_dags/example_latest_only.py for tasks to queue
[2024-02-03T06:00:30.785+0000] {logging_mixin.py:188} INFO - [2024-02-03T06:00:30.785+0000] {dagbag.py:538} INFO - Filling up the DagBag from /home/airflow/.local/lib/python3.8/site-packages/airflow/example_dags/example_latest_only.py
[2024-02-03T06:00:30.790+0000] {processor.py:840} INFO - DAG(s) 'latest_only' retrieved from /home/airflow/.local/lib/python3.8/site-packages/airflow/example_dags/example_latest_only.py
[2024-02-03T06:00:30.814+0000] {logging_mixin.py:188} INFO - [2024-02-03T06:00:30.814+0000] {dag.py:3036} INFO - Sync 1 DAGs
[2024-02-03T06:00:30.842+0000] {logging_mixin.py:188} INFO - [2024-02-03T06:00:30.841+0000] {dag.py:3823} INFO - Setting next_dagrun for latest_only to 2024-02-03 00:00:00+00:00, run_after=2024-02-03 04:00:00+00:00
[2024-02-03T06:00:30.866+0000] {processor.py:183} INFO - Processing /home/airflow/.local/lib/python3.8/site-packages/airflow/example_dags/example_latest_only.py took 0.087 seconds
[2024-02-03T06:01:01.232+0000] {processor.py:161} INFO - Started process (PID=161) to work on /home/airflow/.local/lib/python3.8/site-packages/airflow/example_dags/example_latest_only.py
[2024-02-03T06:01:01.234+0000] {processor.py:830} INFO - Processing file /home/airflow/.local/lib/python3.8/site-packages/airflow/example_dags/example_latest_only.py for tasks to queue
[2024-02-03T06:01:01.236+0000] {logging_mixin.py:188} INFO - [2024-02-03T06:01:01.235+0000] {dagbag.py:538} INFO - Filling up the DagBag from /home/airflow/.local/lib/python3.8/site-packages/airflow/example_dags/example_latest_only.py
[2024-02-03T06:01:01.242+0000] {processor.py:840} INFO - DAG(s) 'latest_only' retrieved from /home/airflow/.local/lib/python3.8/site-packages/airflow/example_dags/example_latest_only.py
[2024-02-03T06:01:01.267+0000] {logging_mixin.py:188} INFO - [2024-02-03T06:01:01.266+0000] {dag.py:3036} INFO - Sync 1 DAGs
[2024-02-03T06:01:01.293+0000] {logging_mixin.py:188} INFO - [2024-02-03T06:01:01.293+0000] {dag.py:3823} INFO - Setting next_dagrun for latest_only to 2024-02-03 00:00:00+00:00, run_after=2024-02-03 04:00:00+00:00
[2024-02-03T06:01:01.316+0000] {processor.py:183} INFO - Processing /home/airflow/.local/lib/python3.8/site-packages/airflow/example_dags/example_latest_only.py took 0.087 seconds
[2024-02-03T06:33:37.472+0000] {processor.py:161} INFO - Started process (PID=51) to work on /home/airflow/.local/lib/python3.8/site-packages/airflow/example_dags/example_latest_only.py
[2024-02-03T06:33:37.474+0000] {processor.py:830} INFO - Processing file /home/airflow/.local/lib/python3.8/site-packages/airflow/example_dags/example_latest_only.py for tasks to queue
[2024-02-03T06:33:37.477+0000] {logging_mixin.py:188} INFO - [2024-02-03T06:33:37.476+0000] {dagbag.py:538} INFO - Filling up the DagBag from /home/airflow/.local/lib/python3.8/site-packages/airflow/example_dags/example_latest_only.py
[2024-02-03T06:33:37.486+0000] {processor.py:840} INFO - DAG(s) 'latest_only' retrieved from /home/airflow/.local/lib/python3.8/site-packages/airflow/example_dags/example_latest_only.py
[2024-02-03T06:33:37.508+0000] {logging_mixin.py:188} INFO - [2024-02-03T06:33:37.508+0000] {dag.py:3036} INFO - Sync 1 DAGs
[2024-02-03T06:33:37.537+0000] {logging_mixin.py:188} INFO - [2024-02-03T06:33:37.536+0000] {dag.py:3823} INFO - Setting next_dagrun for latest_only to 2024-02-03 00:00:00+00:00, run_after=2024-02-03 04:00:00+00:00
[2024-02-03T06:33:37.564+0000] {processor.py:183} INFO - Processing /home/airflow/.local/lib/python3.8/site-packages/airflow/example_dags/example_latest_only.py took 0.096 seconds
[2024-02-03T06:34:08.580+0000] {processor.py:161} INFO - Started process (PID=106) to work on /home/airflow/.local/lib/python3.8/site-packages/airflow/example_dags/example_latest_only.py
[2024-02-03T06:34:08.582+0000] {processor.py:830} INFO - Processing file /home/airflow/.local/lib/python3.8/site-packages/airflow/example_dags/example_latest_only.py for tasks to queue
[2024-02-03T06:34:08.584+0000] {logging_mixin.py:188} INFO - [2024-02-03T06:34:08.584+0000] {dagbag.py:538} INFO - Filling up the DagBag from /home/airflow/.local/lib/python3.8/site-packages/airflow/example_dags/example_latest_only.py
[2024-02-03T06:34:08.589+0000] {processor.py:840} INFO - DAG(s) 'latest_only' retrieved from /home/airflow/.local/lib/python3.8/site-packages/airflow/example_dags/example_latest_only.py
[2024-02-03T06:34:08.707+0000] {logging_mixin.py:188} INFO - [2024-02-03T06:34:08.707+0000] {dag.py:3036} INFO - Sync 1 DAGs
[2024-02-03T06:34:08.733+0000] {logging_mixin.py:188} INFO - [2024-02-03T06:34:08.732+0000] {dag.py:3823} INFO - Setting next_dagrun for latest_only to 2024-02-03 00:00:00+00:00, run_after=2024-02-03 04:00:00+00:00
[2024-02-03T06:34:08.757+0000] {processor.py:183} INFO - Processing /home/airflow/.local/lib/python3.8/site-packages/airflow/example_dags/example_latest_only.py took 0.181 seconds
[2024-02-03T06:34:39.297+0000] {processor.py:161} INFO - Started process (PID=161) to work on /home/airflow/.local/lib/python3.8/site-packages/airflow/example_dags/example_latest_only.py
[2024-02-03T06:34:39.298+0000] {processor.py:830} INFO - Processing file /home/airflow/.local/lib/python3.8/site-packages/airflow/example_dags/example_latest_only.py for tasks to queue
[2024-02-03T06:34:39.300+0000] {logging_mixin.py:188} INFO - [2024-02-03T06:34:39.300+0000] {dagbag.py:538} INFO - Filling up the DagBag from /home/airflow/.local/lib/python3.8/site-packages/airflow/example_dags/example_latest_only.py
[2024-02-03T06:34:39.305+0000] {processor.py:840} INFO - DAG(s) 'latest_only' retrieved from /home/airflow/.local/lib/python3.8/site-packages/airflow/example_dags/example_latest_only.py
[2024-02-03T06:34:39.328+0000] {logging_mixin.py:188} INFO - [2024-02-03T06:34:39.328+0000] {dag.py:3036} INFO - Sync 1 DAGs
[2024-02-03T06:34:39.355+0000] {logging_mixin.py:188} INFO - [2024-02-03T06:34:39.354+0000] {dag.py:3823} INFO - Setting next_dagrun for latest_only to 2024-02-03 00:00:00+00:00, run_after=2024-02-03 04:00:00+00:00
[2024-02-03T06:34:39.379+0000] {processor.py:183} INFO - Processing /home/airflow/.local/lib/python3.8/site-packages/airflow/example_dags/example_latest_only.py took 0.085 seconds
[2024-02-03T06:35:09.559+0000] {processor.py:161} INFO - Started process (PID=216) to work on /home/airflow/.local/lib/python3.8/site-packages/airflow/example_dags/example_latest_only.py
[2024-02-03T06:35:09.560+0000] {processor.py:830} INFO - Processing file /home/airflow/.local/lib/python3.8/site-packages/airflow/example_dags/example_latest_only.py for tasks to queue
[2024-02-03T06:35:09.562+0000] {logging_mixin.py:188} INFO - [2024-02-03T06:35:09.562+0000] {dagbag.py:538} INFO - Filling up the DagBag from /home/airflow/.local/lib/python3.8/site-packages/airflow/example_dags/example_latest_only.py
[2024-02-03T06:35:09.566+0000] {processor.py:840} INFO - DAG(s) 'latest_only' retrieved from /home/airflow/.local/lib/python3.8/site-packages/airflow/example_dags/example_latest_only.py
[2024-02-03T06:35:09.588+0000] {logging_mixin.py:188} INFO - [2024-02-03T06:35:09.587+0000] {dag.py:3036} INFO - Sync 1 DAGs
[2024-02-03T06:35:09.613+0000] {logging_mixin.py:188} INFO - [2024-02-03T06:35:09.613+0000] {dag.py:3823} INFO - Setting next_dagrun for latest_only to 2024-02-03 00:00:00+00:00, run_after=2024-02-03 04:00:00+00:00
[2024-02-03T06:35:09.638+0000] {processor.py:183} INFO - Processing /home/airflow/.local/lib/python3.8/site-packages/airflow/example_dags/example_latest_only.py took 0.082 seconds
[2024-02-03T06:35:39.793+0000] {processor.py:161} INFO - Started process (PID=271) to work on /home/airflow/.local/lib/python3.8/site-packages/airflow/example_dags/example_latest_only.py
[2024-02-03T06:35:39.794+0000] {processor.py:830} INFO - Processing file /home/airflow/.local/lib/python3.8/site-packages/airflow/example_dags/example_latest_only.py for tasks to queue
[2024-02-03T06:35:39.796+0000] {logging_mixin.py:188} INFO - [2024-02-03T06:35:39.795+0000] {dagbag.py:538} INFO - Filling up the DagBag from /home/airflow/.local/lib/python3.8/site-packages/airflow/example_dags/example_latest_only.py
[2024-02-03T06:35:39.800+0000] {processor.py:840} INFO - DAG(s) 'latest_only' retrieved from /home/airflow/.local/lib/python3.8/site-packages/airflow/example_dags/example_latest_only.py
[2024-02-03T06:35:39.823+0000] {logging_mixin.py:188} INFO - [2024-02-03T06:35:39.823+0000] {dag.py:3036} INFO - Sync 1 DAGs
[2024-02-03T06:35:39.850+0000] {logging_mixin.py:188} INFO - [2024-02-03T06:35:39.849+0000] {dag.py:3823} INFO - Setting next_dagrun for latest_only to 2024-02-03 00:00:00+00:00, run_after=2024-02-03 04:00:00+00:00
[2024-02-03T06:35:39.876+0000] {processor.py:183} INFO - Processing /home/airflow/.local/lib/python3.8/site-packages/airflow/example_dags/example_latest_only.py took 0.086 seconds
[2024-02-03T06:36:10.465+0000] {processor.py:161} INFO - Started process (PID=326) to work on /home/airflow/.local/lib/python3.8/site-packages/airflow/example_dags/example_latest_only.py
[2024-02-03T06:36:10.466+0000] {processor.py:830} INFO - Processing file /home/airflow/.local/lib/python3.8/site-packages/airflow/example_dags/example_latest_only.py for tasks to queue
[2024-02-03T06:36:10.468+0000] {logging_mixin.py:188} INFO - [2024-02-03T06:36:10.468+0000] {dagbag.py:538} INFO - Filling up the DagBag from /home/airflow/.local/lib/python3.8/site-packages/airflow/example_dags/example_latest_only.py
[2024-02-03T06:36:10.473+0000] {processor.py:840} INFO - DAG(s) 'latest_only' retrieved from /home/airflow/.local/lib/python3.8/site-packages/airflow/example_dags/example_latest_only.py
[2024-02-03T06:36:10.496+0000] {logging_mixin.py:188} INFO - [2024-02-03T06:36:10.495+0000] {dag.py:3036} INFO - Sync 1 DAGs
[2024-02-03T06:36:10.522+0000] {logging_mixin.py:188} INFO - [2024-02-03T06:36:10.522+0000] {dag.py:3823} INFO - Setting next_dagrun for latest_only to 2024-02-03 00:00:00+00:00, run_after=2024-02-03 04:00:00+00:00
[2024-02-03T06:36:10.549+0000] {processor.py:183} INFO - Processing /home/airflow/.local/lib/python3.8/site-packages/airflow/example_dags/example_latest_only.py took 0.087 seconds
