[2024-02-03T05:26:20.687+0000] {processor.py:161} INFO - Started process (PID=76) to work on /home/airflow/.local/lib/python3.8/site-packages/airflow/example_dags/example_branch_labels.py
[2024-02-03T05:26:20.688+0000] {processor.py:830} INFO - Processing file /home/airflow/.local/lib/python3.8/site-packages/airflow/example_dags/example_branch_labels.py for tasks to queue
[2024-02-03T05:26:20.690+0000] {logging_mixin.py:188} INFO - [2024-02-03T05:26:20.690+0000] {dagbag.py:538} INFO - Filling up the DagBag from /home/airflow/.local/lib/python3.8/site-packages/airflow/example_dags/example_branch_labels.py
[2024-02-03T05:26:20.701+0000] {processor.py:840} INFO - DAG(s) 'example_branch_labels' retrieved from /home/airflow/.local/lib/python3.8/site-packages/airflow/example_dags/example_branch_labels.py
[2024-02-03T05:26:20.857+0000] {logging_mixin.py:188} INFO - [2024-02-03T05:26:20.857+0000] {dag.py:3036} INFO - Sync 1 DAGs
[2024-02-03T05:26:20.892+0000] {logging_mixin.py:188} INFO - [2024-02-03T05:26:20.892+0000] {dag.py:3823} INFO - Setting next_dagrun for example_branch_labels to 2024-02-02 00:00:00+00:00, run_after=2024-02-03 00:00:00+00:00
[2024-02-03T05:26:20.924+0000] {processor.py:183} INFO - Processing /home/airflow/.local/lib/python3.8/site-packages/airflow/example_dags/example_branch_labels.py took 0.240 seconds
[2024-02-03T05:26:50.964+0000] {processor.py:161} INFO - Started process (PID=131) to work on /home/airflow/.local/lib/python3.8/site-packages/airflow/example_dags/example_branch_labels.py
[2024-02-03T05:26:50.965+0000] {processor.py:830} INFO - Processing file /home/airflow/.local/lib/python3.8/site-packages/airflow/example_dags/example_branch_labels.py for tasks to queue
[2024-02-03T05:26:50.966+0000] {logging_mixin.py:188} INFO - [2024-02-03T05:26:50.966+0000] {dagbag.py:538} INFO - Filling up the DagBag from /home/airflow/.local/lib/python3.8/site-packages/airflow/example_dags/example_branch_labels.py
[2024-02-03T05:26:50.975+0000] {processor.py:840} INFO - DAG(s) 'example_branch_labels' retrieved from /home/airflow/.local/lib/python3.8/site-packages/airflow/example_dags/example_branch_labels.py
[2024-02-03T05:26:51.001+0000] {logging_mixin.py:188} INFO - [2024-02-03T05:26:51.000+0000] {dag.py:3036} INFO - Sync 1 DAGs
[2024-02-03T05:26:51.027+0000] {logging_mixin.py:188} INFO - [2024-02-03T05:26:51.027+0000] {dag.py:3823} INFO - Setting next_dagrun for example_branch_labels to 2024-02-02 00:00:00+00:00, run_after=2024-02-03 00:00:00+00:00
[2024-02-03T05:26:51.052+0000] {processor.py:183} INFO - Processing /home/airflow/.local/lib/python3.8/site-packages/airflow/example_dags/example_branch_labels.py took 0.091 seconds
[2024-02-03T05:27:21.114+0000] {processor.py:161} INFO - Started process (PID=186) to work on /home/airflow/.local/lib/python3.8/site-packages/airflow/example_dags/example_branch_labels.py
[2024-02-03T05:27:21.116+0000] {processor.py:830} INFO - Processing file /home/airflow/.local/lib/python3.8/site-packages/airflow/example_dags/example_branch_labels.py for tasks to queue
[2024-02-03T05:27:21.118+0000] {logging_mixin.py:188} INFO - [2024-02-03T05:27:21.117+0000] {dagbag.py:538} INFO - Filling up the DagBag from /home/airflow/.local/lib/python3.8/site-packages/airflow/example_dags/example_branch_labels.py
[2024-02-03T05:27:21.127+0000] {processor.py:840} INFO - DAG(s) 'example_branch_labels' retrieved from /home/airflow/.local/lib/python3.8/site-packages/airflow/example_dags/example_branch_labels.py
[2024-02-03T05:27:21.157+0000] {logging_mixin.py:188} INFO - [2024-02-03T05:27:21.156+0000] {dag.py:3036} INFO - Sync 1 DAGs
[2024-02-03T05:27:21.187+0000] {logging_mixin.py:188} INFO - [2024-02-03T05:27:21.187+0000] {dag.py:3823} INFO - Setting next_dagrun for example_branch_labels to 2024-02-02 00:00:00+00:00, run_after=2024-02-03 00:00:00+00:00
[2024-02-03T05:27:21.218+0000] {processor.py:183} INFO - Processing /home/airflow/.local/lib/python3.8/site-packages/airflow/example_dags/example_branch_labels.py took 0.106 seconds
[2024-02-03T05:27:51.331+0000] {processor.py:161} INFO - Started process (PID=241) to work on /home/airflow/.local/lib/python3.8/site-packages/airflow/example_dags/example_branch_labels.py
[2024-02-03T05:27:51.332+0000] {processor.py:830} INFO - Processing file /home/airflow/.local/lib/python3.8/site-packages/airflow/example_dags/example_branch_labels.py for tasks to queue
[2024-02-03T05:27:51.334+0000] {logging_mixin.py:188} INFO - [2024-02-03T05:27:51.334+0000] {dagbag.py:538} INFO - Filling up the DagBag from /home/airflow/.local/lib/python3.8/site-packages/airflow/example_dags/example_branch_labels.py
[2024-02-03T05:27:51.343+0000] {processor.py:840} INFO - DAG(s) 'example_branch_labels' retrieved from /home/airflow/.local/lib/python3.8/site-packages/airflow/example_dags/example_branch_labels.py
[2024-02-03T05:27:51.369+0000] {logging_mixin.py:188} INFO - [2024-02-03T05:27:51.369+0000] {dag.py:3036} INFO - Sync 1 DAGs
[2024-02-03T05:27:51.398+0000] {logging_mixin.py:188} INFO - [2024-02-03T05:27:51.398+0000] {dag.py:3823} INFO - Setting next_dagrun for example_branch_labels to 2024-02-02 00:00:00+00:00, run_after=2024-02-03 00:00:00+00:00
[2024-02-03T05:27:51.421+0000] {processor.py:183} INFO - Processing /home/airflow/.local/lib/python3.8/site-packages/airflow/example_dags/example_branch_labels.py took 0.093 seconds
[2024-02-03T05:28:21.536+0000] {processor.py:161} INFO - Started process (PID=296) to work on /home/airflow/.local/lib/python3.8/site-packages/airflow/example_dags/example_branch_labels.py
[2024-02-03T05:28:21.537+0000] {processor.py:830} INFO - Processing file /home/airflow/.local/lib/python3.8/site-packages/airflow/example_dags/example_branch_labels.py for tasks to queue
[2024-02-03T05:28:21.538+0000] {logging_mixin.py:188} INFO - [2024-02-03T05:28:21.538+0000] {dagbag.py:538} INFO - Filling up the DagBag from /home/airflow/.local/lib/python3.8/site-packages/airflow/example_dags/example_branch_labels.py
[2024-02-03T05:28:21.547+0000] {processor.py:840} INFO - DAG(s) 'example_branch_labels' retrieved from /home/airflow/.local/lib/python3.8/site-packages/airflow/example_dags/example_branch_labels.py
[2024-02-03T05:28:21.572+0000] {logging_mixin.py:188} INFO - [2024-02-03T05:28:21.572+0000] {dag.py:3036} INFO - Sync 1 DAGs
[2024-02-03T05:28:21.601+0000] {logging_mixin.py:188} INFO - [2024-02-03T05:28:21.601+0000] {dag.py:3823} INFO - Setting next_dagrun for example_branch_labels to 2024-02-02 00:00:00+00:00, run_after=2024-02-03 00:00:00+00:00
[2024-02-03T05:28:21.626+0000] {processor.py:183} INFO - Processing /home/airflow/.local/lib/python3.8/site-packages/airflow/example_dags/example_branch_labels.py took 0.093 seconds
[2024-02-03T05:28:51.861+0000] {processor.py:161} INFO - Started process (PID=351) to work on /home/airflow/.local/lib/python3.8/site-packages/airflow/example_dags/example_branch_labels.py
[2024-02-03T05:28:51.862+0000] {processor.py:830} INFO - Processing file /home/airflow/.local/lib/python3.8/site-packages/airflow/example_dags/example_branch_labels.py for tasks to queue
[2024-02-03T05:28:51.864+0000] {logging_mixin.py:188} INFO - [2024-02-03T05:28:51.864+0000] {dagbag.py:538} INFO - Filling up the DagBag from /home/airflow/.local/lib/python3.8/site-packages/airflow/example_dags/example_branch_labels.py
[2024-02-03T05:28:51.874+0000] {processor.py:840} INFO - DAG(s) 'example_branch_labels' retrieved from /home/airflow/.local/lib/python3.8/site-packages/airflow/example_dags/example_branch_labels.py
[2024-02-03T05:28:51.900+0000] {logging_mixin.py:188} INFO - [2024-02-03T05:28:51.900+0000] {dag.py:3036} INFO - Sync 1 DAGs
[2024-02-03T05:28:51.929+0000] {logging_mixin.py:188} INFO - [2024-02-03T05:28:51.929+0000] {dag.py:3823} INFO - Setting next_dagrun for example_branch_labels to 2024-02-02 00:00:00+00:00, run_after=2024-02-03 00:00:00+00:00
[2024-02-03T05:28:51.953+0000] {processor.py:183} INFO - Processing /home/airflow/.local/lib/python3.8/site-packages/airflow/example_dags/example_branch_labels.py took 0.096 seconds
[2024-02-03T05:29:22.234+0000] {processor.py:161} INFO - Started process (PID=406) to work on /home/airflow/.local/lib/python3.8/site-packages/airflow/example_dags/example_branch_labels.py
[2024-02-03T05:29:22.235+0000] {processor.py:830} INFO - Processing file /home/airflow/.local/lib/python3.8/site-packages/airflow/example_dags/example_branch_labels.py for tasks to queue
[2024-02-03T05:29:22.237+0000] {logging_mixin.py:188} INFO - [2024-02-03T05:29:22.237+0000] {dagbag.py:538} INFO - Filling up the DagBag from /home/airflow/.local/lib/python3.8/site-packages/airflow/example_dags/example_branch_labels.py
[2024-02-03T05:29:22.245+0000] {processor.py:840} INFO - DAG(s) 'example_branch_labels' retrieved from /home/airflow/.local/lib/python3.8/site-packages/airflow/example_dags/example_branch_labels.py
[2024-02-03T05:29:22.270+0000] {logging_mixin.py:188} INFO - [2024-02-03T05:29:22.270+0000] {dag.py:3036} INFO - Sync 1 DAGs
[2024-02-03T05:29:22.298+0000] {logging_mixin.py:188} INFO - [2024-02-03T05:29:22.297+0000] {dag.py:3823} INFO - Setting next_dagrun for example_branch_labels to 2024-02-02 00:00:00+00:00, run_after=2024-02-03 00:00:00+00:00
[2024-02-03T05:29:22.322+0000] {processor.py:183} INFO - Processing /home/airflow/.local/lib/python3.8/site-packages/airflow/example_dags/example_branch_labels.py took 0.090 seconds
[2024-02-03T05:29:52.482+0000] {processor.py:161} INFO - Started process (PID=461) to work on /home/airflow/.local/lib/python3.8/site-packages/airflow/example_dags/example_branch_labels.py
[2024-02-03T05:29:52.483+0000] {processor.py:830} INFO - Processing file /home/airflow/.local/lib/python3.8/site-packages/airflow/example_dags/example_branch_labels.py for tasks to queue
[2024-02-03T05:29:52.485+0000] {logging_mixin.py:188} INFO - [2024-02-03T05:29:52.485+0000] {dagbag.py:538} INFO - Filling up the DagBag from /home/airflow/.local/lib/python3.8/site-packages/airflow/example_dags/example_branch_labels.py
[2024-02-03T05:29:52.493+0000] {processor.py:840} INFO - DAG(s) 'example_branch_labels' retrieved from /home/airflow/.local/lib/python3.8/site-packages/airflow/example_dags/example_branch_labels.py
[2024-02-03T05:29:52.520+0000] {logging_mixin.py:188} INFO - [2024-02-03T05:29:52.520+0000] {dag.py:3036} INFO - Sync 1 DAGs
[2024-02-03T05:29:52.545+0000] {logging_mixin.py:188} INFO - [2024-02-03T05:29:52.545+0000] {dag.py:3823} INFO - Setting next_dagrun for example_branch_labels to 2024-02-02 00:00:00+00:00, run_after=2024-02-03 00:00:00+00:00
[2024-02-03T05:29:52.568+0000] {processor.py:183} INFO - Processing /home/airflow/.local/lib/python3.8/site-packages/airflow/example_dags/example_branch_labels.py took 0.088 seconds
[2024-02-03T05:30:22.645+0000] {processor.py:161} INFO - Started process (PID=516) to work on /home/airflow/.local/lib/python3.8/site-packages/airflow/example_dags/example_branch_labels.py
[2024-02-03T05:30:22.646+0000] {processor.py:830} INFO - Processing file /home/airflow/.local/lib/python3.8/site-packages/airflow/example_dags/example_branch_labels.py for tasks to queue
[2024-02-03T05:30:22.648+0000] {logging_mixin.py:188} INFO - [2024-02-03T05:30:22.648+0000] {dagbag.py:538} INFO - Filling up the DagBag from /home/airflow/.local/lib/python3.8/site-packages/airflow/example_dags/example_branch_labels.py
[2024-02-03T05:30:22.656+0000] {processor.py:840} INFO - DAG(s) 'example_branch_labels' retrieved from /home/airflow/.local/lib/python3.8/site-packages/airflow/example_dags/example_branch_labels.py
[2024-02-03T05:30:22.681+0000] {logging_mixin.py:188} INFO - [2024-02-03T05:30:22.681+0000] {dag.py:3036} INFO - Sync 1 DAGs
[2024-02-03T05:30:22.709+0000] {logging_mixin.py:188} INFO - [2024-02-03T05:30:22.708+0000] {dag.py:3823} INFO - Setting next_dagrun for example_branch_labels to 2024-02-02 00:00:00+00:00, run_after=2024-02-03 00:00:00+00:00
[2024-02-03T05:30:22.730+0000] {processor.py:183} INFO - Processing /home/airflow/.local/lib/python3.8/site-packages/airflow/example_dags/example_branch_labels.py took 0.088 seconds
[2024-02-03T05:30:53.623+0000] {processor.py:161} INFO - Started process (PID=571) to work on /home/airflow/.local/lib/python3.8/site-packages/airflow/example_dags/example_branch_labels.py
[2024-02-03T05:30:53.625+0000] {processor.py:830} INFO - Processing file /home/airflow/.local/lib/python3.8/site-packages/airflow/example_dags/example_branch_labels.py for tasks to queue
[2024-02-03T05:30:53.628+0000] {logging_mixin.py:188} INFO - [2024-02-03T05:30:53.627+0000] {dagbag.py:538} INFO - Filling up the DagBag from /home/airflow/.local/lib/python3.8/site-packages/airflow/example_dags/example_branch_labels.py
[2024-02-03T05:30:53.637+0000] {processor.py:840} INFO - DAG(s) 'example_branch_labels' retrieved from /home/airflow/.local/lib/python3.8/site-packages/airflow/example_dags/example_branch_labels.py
[2024-02-03T05:30:53.669+0000] {logging_mixin.py:188} INFO - [2024-02-03T05:30:53.669+0000] {dag.py:3036} INFO - Sync 1 DAGs
[2024-02-03T05:30:53.711+0000] {logging_mixin.py:188} INFO - [2024-02-03T05:30:53.710+0000] {dag.py:3823} INFO - Setting next_dagrun for example_branch_labels to 2024-02-02 00:00:00+00:00, run_after=2024-02-03 00:00:00+00:00
[2024-02-03T05:30:53.750+0000] {processor.py:183} INFO - Processing /home/airflow/.local/lib/python3.8/site-packages/airflow/example_dags/example_branch_labels.py took 0.130 seconds
[2024-02-03T05:31:24.500+0000] {processor.py:161} INFO - Started process (PID=626) to work on /home/airflow/.local/lib/python3.8/site-packages/airflow/example_dags/example_branch_labels.py
[2024-02-03T05:31:24.501+0000] {processor.py:830} INFO - Processing file /home/airflow/.local/lib/python3.8/site-packages/airflow/example_dags/example_branch_labels.py for tasks to queue
[2024-02-03T05:31:24.503+0000] {logging_mixin.py:188} INFO - [2024-02-03T05:31:24.503+0000] {dagbag.py:538} INFO - Filling up the DagBag from /home/airflow/.local/lib/python3.8/site-packages/airflow/example_dags/example_branch_labels.py
[2024-02-03T05:31:24.512+0000] {processor.py:840} INFO - DAG(s) 'example_branch_labels' retrieved from /home/airflow/.local/lib/python3.8/site-packages/airflow/example_dags/example_branch_labels.py
[2024-02-03T05:31:24.539+0000] {logging_mixin.py:188} INFO - [2024-02-03T05:31:24.538+0000] {dag.py:3036} INFO - Sync 1 DAGs
[2024-02-03T05:31:24.570+0000] {logging_mixin.py:188} INFO - [2024-02-03T05:31:24.569+0000] {dag.py:3823} INFO - Setting next_dagrun for example_branch_labels to 2024-02-02 00:00:00+00:00, run_after=2024-02-03 00:00:00+00:00
[2024-02-03T05:31:24.601+0000] {processor.py:183} INFO - Processing /home/airflow/.local/lib/python3.8/site-packages/airflow/example_dags/example_branch_labels.py took 0.104 seconds
[2024-02-03T05:31:54.684+0000] {processor.py:161} INFO - Started process (PID=697) to work on /home/airflow/.local/lib/python3.8/site-packages/airflow/example_dags/example_branch_labels.py
[2024-02-03T05:31:54.686+0000] {processor.py:830} INFO - Processing file /home/airflow/.local/lib/python3.8/site-packages/airflow/example_dags/example_branch_labels.py for tasks to queue
[2024-02-03T05:31:54.688+0000] {logging_mixin.py:188} INFO - [2024-02-03T05:31:54.688+0000] {dagbag.py:538} INFO - Filling up the DagBag from /home/airflow/.local/lib/python3.8/site-packages/airflow/example_dags/example_branch_labels.py
[2024-02-03T05:31:54.697+0000] {processor.py:840} INFO - DAG(s) 'example_branch_labels' retrieved from /home/airflow/.local/lib/python3.8/site-packages/airflow/example_dags/example_branch_labels.py
[2024-02-03T05:31:54.723+0000] {logging_mixin.py:188} INFO - [2024-02-03T05:31:54.723+0000] {dag.py:3036} INFO - Sync 1 DAGs
[2024-02-03T05:31:54.755+0000] {logging_mixin.py:188} INFO - [2024-02-03T05:31:54.755+0000] {dag.py:3823} INFO - Setting next_dagrun for example_branch_labels to 2024-02-02 00:00:00+00:00, run_after=2024-02-03 00:00:00+00:00
[2024-02-03T05:31:54.786+0000] {processor.py:183} INFO - Processing /home/airflow/.local/lib/python3.8/site-packages/airflow/example_dags/example_branch_labels.py took 0.106 seconds
[2024-02-03T05:32:24.878+0000] {processor.py:161} INFO - Started process (PID=752) to work on /home/airflow/.local/lib/python3.8/site-packages/airflow/example_dags/example_branch_labels.py
[2024-02-03T05:32:24.879+0000] {processor.py:830} INFO - Processing file /home/airflow/.local/lib/python3.8/site-packages/airflow/example_dags/example_branch_labels.py for tasks to queue
[2024-02-03T05:32:24.881+0000] {logging_mixin.py:188} INFO - [2024-02-03T05:32:24.880+0000] {dagbag.py:538} INFO - Filling up the DagBag from /home/airflow/.local/lib/python3.8/site-packages/airflow/example_dags/example_branch_labels.py
[2024-02-03T05:32:24.889+0000] {processor.py:840} INFO - DAG(s) 'example_branch_labels' retrieved from /home/airflow/.local/lib/python3.8/site-packages/airflow/example_dags/example_branch_labels.py
[2024-02-03T05:32:24.914+0000] {logging_mixin.py:188} INFO - [2024-02-03T05:32:24.914+0000] {dag.py:3036} INFO - Sync 1 DAGs
[2024-02-03T05:32:24.944+0000] {logging_mixin.py:188} INFO - [2024-02-03T05:32:24.944+0000] {dag.py:3823} INFO - Setting next_dagrun for example_branch_labels to 2024-02-02 00:00:00+00:00, run_after=2024-02-03 00:00:00+00:00
[2024-02-03T05:32:24.968+0000] {processor.py:183} INFO - Processing /home/airflow/.local/lib/python3.8/site-packages/airflow/example_dags/example_branch_labels.py took 0.093 seconds
[2024-02-03T05:32:55.866+0000] {processor.py:161} INFO - Started process (PID=813) to work on /home/airflow/.local/lib/python3.8/site-packages/airflow/example_dags/example_branch_labels.py
[2024-02-03T05:32:55.867+0000] {processor.py:830} INFO - Processing file /home/airflow/.local/lib/python3.8/site-packages/airflow/example_dags/example_branch_labels.py for tasks to queue
[2024-02-03T05:32:55.869+0000] {logging_mixin.py:188} INFO - [2024-02-03T05:32:55.869+0000] {dagbag.py:538} INFO - Filling up the DagBag from /home/airflow/.local/lib/python3.8/site-packages/airflow/example_dags/example_branch_labels.py
[2024-02-03T05:32:55.878+0000] {processor.py:840} INFO - DAG(s) 'example_branch_labels' retrieved from /home/airflow/.local/lib/python3.8/site-packages/airflow/example_dags/example_branch_labels.py
[2024-02-03T05:32:55.903+0000] {logging_mixin.py:188} INFO - [2024-02-03T05:32:55.902+0000] {dag.py:3036} INFO - Sync 1 DAGs
[2024-02-03T05:32:55.930+0000] {logging_mixin.py:188} INFO - [2024-02-03T05:32:55.930+0000] {dag.py:3823} INFO - Setting next_dagrun for example_branch_labels to 2024-02-02 00:00:00+00:00, run_after=2024-02-03 00:00:00+00:00
[2024-02-03T05:32:55.951+0000] {processor.py:183} INFO - Processing /home/airflow/.local/lib/python3.8/site-packages/airflow/example_dags/example_branch_labels.py took 0.087 seconds
[2024-02-03T06:00:02.279+0000] {processor.py:161} INFO - Started process (PID=76) to work on /home/airflow/.local/lib/python3.8/site-packages/airflow/example_dags/example_branch_labels.py
[2024-02-03T06:00:02.280+0000] {processor.py:830} INFO - Processing file /home/airflow/.local/lib/python3.8/site-packages/airflow/example_dags/example_branch_labels.py for tasks to queue
[2024-02-03T06:00:02.282+0000] {logging_mixin.py:188} INFO - [2024-02-03T06:00:02.281+0000] {dagbag.py:538} INFO - Filling up the DagBag from /home/airflow/.local/lib/python3.8/site-packages/airflow/example_dags/example_branch_labels.py
[2024-02-03T06:00:02.290+0000] {processor.py:840} INFO - DAG(s) 'example_branch_labels' retrieved from /home/airflow/.local/lib/python3.8/site-packages/airflow/example_dags/example_branch_labels.py
[2024-02-03T06:00:02.317+0000] {logging_mixin.py:188} INFO - [2024-02-03T06:00:02.317+0000] {dag.py:3036} INFO - Sync 1 DAGs
[2024-02-03T06:00:02.348+0000] {logging_mixin.py:188} INFO - [2024-02-03T06:00:02.348+0000] {dag.py:3823} INFO - Setting next_dagrun for example_branch_labels to 2024-02-02 00:00:00+00:00, run_after=2024-02-03 00:00:00+00:00
[2024-02-03T06:00:02.374+0000] {processor.py:183} INFO - Processing /home/airflow/.local/lib/python3.8/site-packages/airflow/example_dags/example_branch_labels.py took 0.098 seconds
[2024-02-03T06:00:32.571+0000] {processor.py:161} INFO - Started process (PID=131) to work on /home/airflow/.local/lib/python3.8/site-packages/airflow/example_dags/example_branch_labels.py
[2024-02-03T06:00:32.573+0000] {processor.py:830} INFO - Processing file /home/airflow/.local/lib/python3.8/site-packages/airflow/example_dags/example_branch_labels.py for tasks to queue
[2024-02-03T06:00:32.575+0000] {logging_mixin.py:188} INFO - [2024-02-03T06:00:32.575+0000] {dagbag.py:538} INFO - Filling up the DagBag from /home/airflow/.local/lib/python3.8/site-packages/airflow/example_dags/example_branch_labels.py
[2024-02-03T06:00:32.583+0000] {processor.py:840} INFO - DAG(s) 'example_branch_labels' retrieved from /home/airflow/.local/lib/python3.8/site-packages/airflow/example_dags/example_branch_labels.py
[2024-02-03T06:00:32.610+0000] {logging_mixin.py:188} INFO - [2024-02-03T06:00:32.610+0000] {dag.py:3036} INFO - Sync 1 DAGs
[2024-02-03T06:00:32.640+0000] {logging_mixin.py:188} INFO - [2024-02-03T06:00:32.639+0000] {dag.py:3823} INFO - Setting next_dagrun for example_branch_labels to 2024-02-02 00:00:00+00:00, run_after=2024-02-03 00:00:00+00:00
[2024-02-03T06:00:32.665+0000] {processor.py:183} INFO - Processing /home/airflow/.local/lib/python3.8/site-packages/airflow/example_dags/example_branch_labels.py took 0.096 seconds
[2024-02-03T06:01:03.071+0000] {processor.py:161} INFO - Started process (PID=186) to work on /home/airflow/.local/lib/python3.8/site-packages/airflow/example_dags/example_branch_labels.py
[2024-02-03T06:01:03.072+0000] {processor.py:830} INFO - Processing file /home/airflow/.local/lib/python3.8/site-packages/airflow/example_dags/example_branch_labels.py for tasks to queue
[2024-02-03T06:01:03.075+0000] {logging_mixin.py:188} INFO - [2024-02-03T06:01:03.075+0000] {dagbag.py:538} INFO - Filling up the DagBag from /home/airflow/.local/lib/python3.8/site-packages/airflow/example_dags/example_branch_labels.py
[2024-02-03T06:01:03.083+0000] {processor.py:840} INFO - DAG(s) 'example_branch_labels' retrieved from /home/airflow/.local/lib/python3.8/site-packages/airflow/example_dags/example_branch_labels.py
[2024-02-03T06:01:03.115+0000] {logging_mixin.py:188} INFO - [2024-02-03T06:01:03.115+0000] {dag.py:3036} INFO - Sync 1 DAGs
[2024-02-03T06:01:03.150+0000] {logging_mixin.py:188} INFO - [2024-02-03T06:01:03.149+0000] {dag.py:3823} INFO - Setting next_dagrun for example_branch_labels to 2024-02-02 00:00:00+00:00, run_after=2024-02-03 00:00:00+00:00
[2024-02-03T06:01:03.177+0000] {processor.py:183} INFO - Processing /home/airflow/.local/lib/python3.8/site-packages/airflow/example_dags/example_branch_labels.py took 0.108 seconds
[2024-02-03T06:33:40.106+0000] {processor.py:161} INFO - Started process (PID=76) to work on /home/airflow/.local/lib/python3.8/site-packages/airflow/example_dags/example_branch_labels.py
[2024-02-03T06:33:40.112+0000] {processor.py:830} INFO - Processing file /home/airflow/.local/lib/python3.8/site-packages/airflow/example_dags/example_branch_labels.py for tasks to queue
[2024-02-03T06:33:40.132+0000] {logging_mixin.py:188} INFO - [2024-02-03T06:33:40.130+0000] {dagbag.py:538} INFO - Filling up the DagBag from /home/airflow/.local/lib/python3.8/site-packages/airflow/example_dags/example_branch_labels.py
[2024-02-03T06:33:40.182+0000] {processor.py:840} INFO - DAG(s) 'example_branch_labels' retrieved from /home/airflow/.local/lib/python3.8/site-packages/airflow/example_dags/example_branch_labels.py
[2024-02-03T06:33:40.224+0000] {logging_mixin.py:188} INFO - [2024-02-03T06:33:40.224+0000] {dag.py:3036} INFO - Sync 1 DAGs
[2024-02-03T06:33:40.284+0000] {logging_mixin.py:188} INFO - [2024-02-03T06:33:40.284+0000] {dag.py:3823} INFO - Setting next_dagrun for example_branch_labels to 2024-02-02 00:00:00+00:00, run_after=2024-02-03 00:00:00+00:00
[2024-02-03T06:33:40.354+0000] {processor.py:183} INFO - Processing /home/airflow/.local/lib/python3.8/site-packages/airflow/example_dags/example_branch_labels.py took 0.254 seconds
[2024-02-03T06:34:11.329+0000] {processor.py:161} INFO - Started process (PID=131) to work on /home/airflow/.local/lib/python3.8/site-packages/airflow/example_dags/example_branch_labels.py
[2024-02-03T06:34:11.330+0000] {processor.py:830} INFO - Processing file /home/airflow/.local/lib/python3.8/site-packages/airflow/example_dags/example_branch_labels.py for tasks to queue
[2024-02-03T06:34:11.332+0000] {logging_mixin.py:188} INFO - [2024-02-03T06:34:11.332+0000] {dagbag.py:538} INFO - Filling up the DagBag from /home/airflow/.local/lib/python3.8/site-packages/airflow/example_dags/example_branch_labels.py
[2024-02-03T06:34:11.341+0000] {processor.py:840} INFO - DAG(s) 'example_branch_labels' retrieved from /home/airflow/.local/lib/python3.8/site-packages/airflow/example_dags/example_branch_labels.py
[2024-02-03T06:34:11.460+0000] {logging_mixin.py:188} INFO - [2024-02-03T06:34:11.460+0000] {dag.py:3036} INFO - Sync 1 DAGs
[2024-02-03T06:34:11.486+0000] {logging_mixin.py:188} INFO - [2024-02-03T06:34:11.485+0000] {dag.py:3823} INFO - Setting next_dagrun for example_branch_labels to 2024-02-02 00:00:00+00:00, run_after=2024-02-03 00:00:00+00:00
[2024-02-03T06:34:11.513+0000] {processor.py:183} INFO - Processing /home/airflow/.local/lib/python3.8/site-packages/airflow/example_dags/example_branch_labels.py took 0.187 seconds
[2024-02-03T06:34:41.944+0000] {processor.py:161} INFO - Started process (PID=186) to work on /home/airflow/.local/lib/python3.8/site-packages/airflow/example_dags/example_branch_labels.py
[2024-02-03T06:34:41.945+0000] {processor.py:830} INFO - Processing file /home/airflow/.local/lib/python3.8/site-packages/airflow/example_dags/example_branch_labels.py for tasks to queue
[2024-02-03T06:34:41.946+0000] {logging_mixin.py:188} INFO - [2024-02-03T06:34:41.946+0000] {dagbag.py:538} INFO - Filling up the DagBag from /home/airflow/.local/lib/python3.8/site-packages/airflow/example_dags/example_branch_labels.py
[2024-02-03T06:34:41.956+0000] {processor.py:840} INFO - DAG(s) 'example_branch_labels' retrieved from /home/airflow/.local/lib/python3.8/site-packages/airflow/example_dags/example_branch_labels.py
[2024-02-03T06:34:41.982+0000] {logging_mixin.py:188} INFO - [2024-02-03T06:34:41.982+0000] {dag.py:3036} INFO - Sync 1 DAGs
[2024-02-03T06:34:42.011+0000] {logging_mixin.py:188} INFO - [2024-02-03T06:34:42.011+0000] {dag.py:3823} INFO - Setting next_dagrun for example_branch_labels to 2024-02-02 00:00:00+00:00, run_after=2024-02-03 00:00:00+00:00
[2024-02-03T06:34:42.036+0000] {processor.py:183} INFO - Processing /home/airflow/.local/lib/python3.8/site-packages/airflow/example_dags/example_branch_labels.py took 0.096 seconds
[2024-02-03T06:35:12.367+0000] {processor.py:161} INFO - Started process (PID=241) to work on /home/airflow/.local/lib/python3.8/site-packages/airflow/example_dags/example_branch_labels.py
[2024-02-03T06:35:12.369+0000] {processor.py:830} INFO - Processing file /home/airflow/.local/lib/python3.8/site-packages/airflow/example_dags/example_branch_labels.py for tasks to queue
[2024-02-03T06:35:12.370+0000] {logging_mixin.py:188} INFO - [2024-02-03T06:35:12.370+0000] {dagbag.py:538} INFO - Filling up the DagBag from /home/airflow/.local/lib/python3.8/site-packages/airflow/example_dags/example_branch_labels.py
[2024-02-03T06:35:12.379+0000] {processor.py:840} INFO - DAG(s) 'example_branch_labels' retrieved from /home/airflow/.local/lib/python3.8/site-packages/airflow/example_dags/example_branch_labels.py
[2024-02-03T06:35:12.401+0000] {logging_mixin.py:188} INFO - [2024-02-03T06:35:12.401+0000] {dag.py:3036} INFO - Sync 1 DAGs
[2024-02-03T06:35:12.428+0000] {logging_mixin.py:188} INFO - [2024-02-03T06:35:12.428+0000] {dag.py:3823} INFO - Setting next_dagrun for example_branch_labels to 2024-02-02 00:00:00+00:00, run_after=2024-02-03 00:00:00+00:00
[2024-02-03T06:35:12.453+0000] {processor.py:183} INFO - Processing /home/airflow/.local/lib/python3.8/site-packages/airflow/example_dags/example_branch_labels.py took 0.088 seconds
[2024-02-03T06:35:42.893+0000] {processor.py:161} INFO - Started process (PID=296) to work on /home/airflow/.local/lib/python3.8/site-packages/airflow/example_dags/example_branch_labels.py
[2024-02-03T06:35:42.894+0000] {processor.py:830} INFO - Processing file /home/airflow/.local/lib/python3.8/site-packages/airflow/example_dags/example_branch_labels.py for tasks to queue
[2024-02-03T06:35:42.896+0000] {logging_mixin.py:188} INFO - [2024-02-03T06:35:42.895+0000] {dagbag.py:538} INFO - Filling up the DagBag from /home/airflow/.local/lib/python3.8/site-packages/airflow/example_dags/example_branch_labels.py
[2024-02-03T06:35:42.904+0000] {processor.py:840} INFO - DAG(s) 'example_branch_labels' retrieved from /home/airflow/.local/lib/python3.8/site-packages/airflow/example_dags/example_branch_labels.py
[2024-02-03T06:35:42.927+0000] {logging_mixin.py:188} INFO - [2024-02-03T06:35:42.927+0000] {dag.py:3036} INFO - Sync 1 DAGs
[2024-02-03T06:35:42.952+0000] {logging_mixin.py:188} INFO - [2024-02-03T06:35:42.952+0000] {dag.py:3823} INFO - Setting next_dagrun for example_branch_labels to 2024-02-02 00:00:00+00:00, run_after=2024-02-03 00:00:00+00:00
[2024-02-03T06:35:42.977+0000] {processor.py:183} INFO - Processing /home/airflow/.local/lib/python3.8/site-packages/airflow/example_dags/example_branch_labels.py took 0.087 seconds
[2024-02-03T06:36:13.322+0000] {processor.py:161} INFO - Started process (PID=351) to work on /home/airflow/.local/lib/python3.8/site-packages/airflow/example_dags/example_branch_labels.py
[2024-02-03T06:36:13.324+0000] {processor.py:830} INFO - Processing file /home/airflow/.local/lib/python3.8/site-packages/airflow/example_dags/example_branch_labels.py for tasks to queue
[2024-02-03T06:36:13.326+0000] {logging_mixin.py:188} INFO - [2024-02-03T06:36:13.326+0000] {dagbag.py:538} INFO - Filling up the DagBag from /home/airflow/.local/lib/python3.8/site-packages/airflow/example_dags/example_branch_labels.py
[2024-02-03T06:36:13.335+0000] {processor.py:840} INFO - DAG(s) 'example_branch_labels' retrieved from /home/airflow/.local/lib/python3.8/site-packages/airflow/example_dags/example_branch_labels.py
[2024-02-03T06:36:13.360+0000] {logging_mixin.py:188} INFO - [2024-02-03T06:36:13.359+0000] {dag.py:3036} INFO - Sync 1 DAGs
[2024-02-03T06:36:13.386+0000] {logging_mixin.py:188} INFO - [2024-02-03T06:36:13.385+0000] {dag.py:3823} INFO - Setting next_dagrun for example_branch_labels to 2024-02-02 00:00:00+00:00, run_after=2024-02-03 00:00:00+00:00
[2024-02-03T06:36:13.407+0000] {processor.py:183} INFO - Processing /home/airflow/.local/lib/python3.8/site-packages/airflow/example_dags/example_branch_labels.py took 0.088 seconds
