[2024-02-03T05:26:18.618+0000] {processor.py:161} INFO - Started process (PID=65) to work on /home/airflow/.local/lib/python3.8/site-packages/airflow/example_dags/example_branch_day_of_week_operator.py
[2024-02-03T05:26:18.620+0000] {processor.py:830} INFO - Processing file /home/airflow/.local/lib/python3.8/site-packages/airflow/example_dags/example_branch_day_of_week_operator.py for tasks to queue
[2024-02-03T05:26:18.622+0000] {logging_mixin.py:188} INFO - [2024-02-03T05:26:18.622+0000] {dagbag.py:538} INFO - Filling up the DagBag from /home/airflow/.local/lib/python3.8/site-packages/airflow/example_dags/example_branch_day_of_week_operator.py
[2024-02-03T05:26:18.669+0000] {processor.py:840} INFO - DAG(s) 'example_weekday_branch_operator' retrieved from /home/airflow/.local/lib/python3.8/site-packages/airflow/example_dags/example_branch_day_of_week_operator.py
[2024-02-03T05:26:19.318+0000] {logging_mixin.py:188} INFO - [2024-02-03T05:26:19.318+0000] {dag.py:3036} INFO - Sync 1 DAGs
[2024-02-03T05:26:19.354+0000] {logging_mixin.py:188} INFO - [2024-02-03T05:26:19.353+0000] {dag.py:3823} INFO - Setting next_dagrun for example_weekday_branch_operator to 2024-02-02 00:00:00+00:00, run_after=2024-02-03 00:00:00+00:00
[2024-02-03T05:26:19.390+0000] {processor.py:183} INFO - Processing /home/airflow/.local/lib/python3.8/site-packages/airflow/example_dags/example_branch_day_of_week_operator.py took 0.776 seconds
[2024-02-03T05:26:49.885+0000] {processor.py:161} INFO - Started process (PID=120) to work on /home/airflow/.local/lib/python3.8/site-packages/airflow/example_dags/example_branch_day_of_week_operator.py
[2024-02-03T05:26:49.886+0000] {processor.py:830} INFO - Processing file /home/airflow/.local/lib/python3.8/site-packages/airflow/example_dags/example_branch_day_of_week_operator.py for tasks to queue
[2024-02-03T05:26:49.889+0000] {logging_mixin.py:188} INFO - [2024-02-03T05:26:49.888+0000] {dagbag.py:538} INFO - Filling up the DagBag from /home/airflow/.local/lib/python3.8/site-packages/airflow/example_dags/example_branch_day_of_week_operator.py
[2024-02-03T05:26:49.898+0000] {processor.py:840} INFO - DAG(s) 'example_weekday_branch_operator' retrieved from /home/airflow/.local/lib/python3.8/site-packages/airflow/example_dags/example_branch_day_of_week_operator.py
[2024-02-03T05:26:49.940+0000] {logging_mixin.py:188} INFO - [2024-02-03T05:26:49.939+0000] {dag.py:3036} INFO - Sync 1 DAGs
[2024-02-03T05:26:49.972+0000] {logging_mixin.py:188} INFO - [2024-02-03T05:26:49.972+0000] {dag.py:3823} INFO - Setting next_dagrun for example_weekday_branch_operator to 2024-02-02 00:00:00+00:00, run_after=2024-02-03 00:00:00+00:00
[2024-02-03T05:26:50.002+0000] {processor.py:183} INFO - Processing /home/airflow/.local/lib/python3.8/site-packages/airflow/example_dags/example_branch_day_of_week_operator.py took 0.120 seconds
[2024-02-03T05:27:20.194+0000] {processor.py:161} INFO - Started process (PID=175) to work on /home/airflow/.local/lib/python3.8/site-packages/airflow/example_dags/example_branch_day_of_week_operator.py
[2024-02-03T05:27:20.195+0000] {processor.py:830} INFO - Processing file /home/airflow/.local/lib/python3.8/site-packages/airflow/example_dags/example_branch_day_of_week_operator.py for tasks to queue
[2024-02-03T05:27:20.197+0000] {logging_mixin.py:188} INFO - [2024-02-03T05:27:20.196+0000] {dagbag.py:538} INFO - Filling up the DagBag from /home/airflow/.local/lib/python3.8/site-packages/airflow/example_dags/example_branch_day_of_week_operator.py
[2024-02-03T05:27:20.204+0000] {processor.py:840} INFO - DAG(s) 'example_weekday_branch_operator' retrieved from /home/airflow/.local/lib/python3.8/site-packages/airflow/example_dags/example_branch_day_of_week_operator.py
[2024-02-03T05:27:20.227+0000] {logging_mixin.py:188} INFO - [2024-02-03T05:27:20.227+0000] {dag.py:3036} INFO - Sync 1 DAGs
[2024-02-03T05:27:20.253+0000] {logging_mixin.py:188} INFO - [2024-02-03T05:27:20.253+0000] {dag.py:3823} INFO - Setting next_dagrun for example_weekday_branch_operator to 2024-02-02 00:00:00+00:00, run_after=2024-02-03 00:00:00+00:00
[2024-02-03T05:27:20.277+0000] {processor.py:183} INFO - Processing /home/airflow/.local/lib/python3.8/site-packages/airflow/example_dags/example_branch_day_of_week_operator.py took 0.086 seconds
[2024-02-03T05:27:50.500+0000] {processor.py:161} INFO - Started process (PID=230) to work on /home/airflow/.local/lib/python3.8/site-packages/airflow/example_dags/example_branch_day_of_week_operator.py
[2024-02-03T05:27:50.501+0000] {processor.py:830} INFO - Processing file /home/airflow/.local/lib/python3.8/site-packages/airflow/example_dags/example_branch_day_of_week_operator.py for tasks to queue
[2024-02-03T05:27:50.503+0000] {logging_mixin.py:188} INFO - [2024-02-03T05:27:50.502+0000] {dagbag.py:538} INFO - Filling up the DagBag from /home/airflow/.local/lib/python3.8/site-packages/airflow/example_dags/example_branch_day_of_week_operator.py
[2024-02-03T05:27:50.511+0000] {processor.py:840} INFO - DAG(s) 'example_weekday_branch_operator' retrieved from /home/airflow/.local/lib/python3.8/site-packages/airflow/example_dags/example_branch_day_of_week_operator.py
[2024-02-03T05:27:50.535+0000] {logging_mixin.py:188} INFO - [2024-02-03T05:27:50.535+0000] {dag.py:3036} INFO - Sync 1 DAGs
[2024-02-03T05:27:50.562+0000] {logging_mixin.py:188} INFO - [2024-02-03T05:27:50.562+0000] {dag.py:3823} INFO - Setting next_dagrun for example_weekday_branch_operator to 2024-02-02 00:00:00+00:00, run_after=2024-02-03 00:00:00+00:00
[2024-02-03T05:27:50.589+0000] {processor.py:183} INFO - Processing /home/airflow/.local/lib/python3.8/site-packages/airflow/example_dags/example_branch_day_of_week_operator.py took 0.092 seconds
[2024-02-03T05:28:20.669+0000] {processor.py:161} INFO - Started process (PID=285) to work on /home/airflow/.local/lib/python3.8/site-packages/airflow/example_dags/example_branch_day_of_week_operator.py
[2024-02-03T05:28:20.670+0000] {processor.py:830} INFO - Processing file /home/airflow/.local/lib/python3.8/site-packages/airflow/example_dags/example_branch_day_of_week_operator.py for tasks to queue
[2024-02-03T05:28:20.672+0000] {logging_mixin.py:188} INFO - [2024-02-03T05:28:20.672+0000] {dagbag.py:538} INFO - Filling up the DagBag from /home/airflow/.local/lib/python3.8/site-packages/airflow/example_dags/example_branch_day_of_week_operator.py
[2024-02-03T05:28:20.680+0000] {processor.py:840} INFO - DAG(s) 'example_weekday_branch_operator' retrieved from /home/airflow/.local/lib/python3.8/site-packages/airflow/example_dags/example_branch_day_of_week_operator.py
[2024-02-03T05:28:20.705+0000] {logging_mixin.py:188} INFO - [2024-02-03T05:28:20.704+0000] {dag.py:3036} INFO - Sync 1 DAGs
[2024-02-03T05:28:20.733+0000] {logging_mixin.py:188} INFO - [2024-02-03T05:28:20.733+0000] {dag.py:3823} INFO - Setting next_dagrun for example_weekday_branch_operator to 2024-02-02 00:00:00+00:00, run_after=2024-02-03 00:00:00+00:00
[2024-02-03T05:28:20.761+0000] {processor.py:183} INFO - Processing /home/airflow/.local/lib/python3.8/site-packages/airflow/example_dags/example_branch_day_of_week_operator.py took 0.096 seconds
[2024-02-03T05:28:50.975+0000] {processor.py:161} INFO - Started process (PID=340) to work on /home/airflow/.local/lib/python3.8/site-packages/airflow/example_dags/example_branch_day_of_week_operator.py
[2024-02-03T05:28:50.976+0000] {processor.py:830} INFO - Processing file /home/airflow/.local/lib/python3.8/site-packages/airflow/example_dags/example_branch_day_of_week_operator.py for tasks to queue
[2024-02-03T05:28:50.978+0000] {logging_mixin.py:188} INFO - [2024-02-03T05:28:50.978+0000] {dagbag.py:538} INFO - Filling up the DagBag from /home/airflow/.local/lib/python3.8/site-packages/airflow/example_dags/example_branch_day_of_week_operator.py
[2024-02-03T05:28:50.987+0000] {processor.py:840} INFO - DAG(s) 'example_weekday_branch_operator' retrieved from /home/airflow/.local/lib/python3.8/site-packages/airflow/example_dags/example_branch_day_of_week_operator.py
[2024-02-03T05:28:51.013+0000] {logging_mixin.py:188} INFO - [2024-02-03T05:28:51.013+0000] {dag.py:3036} INFO - Sync 1 DAGs
[2024-02-03T05:28:51.040+0000] {logging_mixin.py:188} INFO - [2024-02-03T05:28:51.039+0000] {dag.py:3823} INFO - Setting next_dagrun for example_weekday_branch_operator to 2024-02-02 00:00:00+00:00, run_after=2024-02-03 00:00:00+00:00
[2024-02-03T05:28:51.067+0000] {processor.py:183} INFO - Processing /home/airflow/.local/lib/python3.8/site-packages/airflow/example_dags/example_branch_day_of_week_operator.py took 0.095 seconds
[2024-02-03T05:29:21.158+0000] {processor.py:161} INFO - Started process (PID=395) to work on /home/airflow/.local/lib/python3.8/site-packages/airflow/example_dags/example_branch_day_of_week_operator.py
[2024-02-03T05:29:21.159+0000] {processor.py:830} INFO - Processing file /home/airflow/.local/lib/python3.8/site-packages/airflow/example_dags/example_branch_day_of_week_operator.py for tasks to queue
[2024-02-03T05:29:21.162+0000] {logging_mixin.py:188} INFO - [2024-02-03T05:29:21.161+0000] {dagbag.py:538} INFO - Filling up the DagBag from /home/airflow/.local/lib/python3.8/site-packages/airflow/example_dags/example_branch_day_of_week_operator.py
[2024-02-03T05:29:21.170+0000] {processor.py:840} INFO - DAG(s) 'example_weekday_branch_operator' retrieved from /home/airflow/.local/lib/python3.8/site-packages/airflow/example_dags/example_branch_day_of_week_operator.py
[2024-02-03T05:29:21.195+0000] {logging_mixin.py:188} INFO - [2024-02-03T05:29:21.194+0000] {dag.py:3036} INFO - Sync 1 DAGs
[2024-02-03T05:29:21.223+0000] {logging_mixin.py:188} INFO - [2024-02-03T05:29:21.222+0000] {dag.py:3823} INFO - Setting next_dagrun for example_weekday_branch_operator to 2024-02-02 00:00:00+00:00, run_after=2024-02-03 00:00:00+00:00
[2024-02-03T05:29:21.248+0000] {processor.py:183} INFO - Processing /home/airflow/.local/lib/python3.8/site-packages/airflow/example_dags/example_branch_day_of_week_operator.py took 0.093 seconds
[2024-02-03T05:29:51.562+0000] {processor.py:161} INFO - Started process (PID=450) to work on /home/airflow/.local/lib/python3.8/site-packages/airflow/example_dags/example_branch_day_of_week_operator.py
[2024-02-03T05:29:51.563+0000] {processor.py:830} INFO - Processing file /home/airflow/.local/lib/python3.8/site-packages/airflow/example_dags/example_branch_day_of_week_operator.py for tasks to queue
[2024-02-03T05:29:51.565+0000] {logging_mixin.py:188} INFO - [2024-02-03T05:29:51.565+0000] {dagbag.py:538} INFO - Filling up the DagBag from /home/airflow/.local/lib/python3.8/site-packages/airflow/example_dags/example_branch_day_of_week_operator.py
[2024-02-03T05:29:51.575+0000] {processor.py:840} INFO - DAG(s) 'example_weekday_branch_operator' retrieved from /home/airflow/.local/lib/python3.8/site-packages/airflow/example_dags/example_branch_day_of_week_operator.py
[2024-02-03T05:29:51.603+0000] {logging_mixin.py:188} INFO - [2024-02-03T05:29:51.603+0000] {dag.py:3036} INFO - Sync 1 DAGs
[2024-02-03T05:29:51.633+0000] {logging_mixin.py:188} INFO - [2024-02-03T05:29:51.633+0000] {dag.py:3823} INFO - Setting next_dagrun for example_weekday_branch_operator to 2024-02-02 00:00:00+00:00, run_after=2024-02-03 00:00:00+00:00
[2024-02-03T05:29:51.660+0000] {processor.py:183} INFO - Processing /home/airflow/.local/lib/python3.8/site-packages/airflow/example_dags/example_branch_day_of_week_operator.py took 0.102 seconds
[2024-02-03T05:30:21.816+0000] {processor.py:161} INFO - Started process (PID=505) to work on /home/airflow/.local/lib/python3.8/site-packages/airflow/example_dags/example_branch_day_of_week_operator.py
[2024-02-03T05:30:21.817+0000] {processor.py:830} INFO - Processing file /home/airflow/.local/lib/python3.8/site-packages/airflow/example_dags/example_branch_day_of_week_operator.py for tasks to queue
[2024-02-03T05:30:21.819+0000] {logging_mixin.py:188} INFO - [2024-02-03T05:30:21.819+0000] {dagbag.py:538} INFO - Filling up the DagBag from /home/airflow/.local/lib/python3.8/site-packages/airflow/example_dags/example_branch_day_of_week_operator.py
[2024-02-03T05:30:21.828+0000] {processor.py:840} INFO - DAG(s) 'example_weekday_branch_operator' retrieved from /home/airflow/.local/lib/python3.8/site-packages/airflow/example_dags/example_branch_day_of_week_operator.py
[2024-02-03T05:30:21.853+0000] {logging_mixin.py:188} INFO - [2024-02-03T05:30:21.853+0000] {dag.py:3036} INFO - Sync 1 DAGs
[2024-02-03T05:30:21.881+0000] {logging_mixin.py:188} INFO - [2024-02-03T05:30:21.881+0000] {dag.py:3823} INFO - Setting next_dagrun for example_weekday_branch_operator to 2024-02-02 00:00:00+00:00, run_after=2024-02-03 00:00:00+00:00
[2024-02-03T05:30:21.906+0000] {processor.py:183} INFO - Processing /home/airflow/.local/lib/python3.8/site-packages/airflow/example_dags/example_branch_day_of_week_operator.py took 0.093 seconds
[2024-02-03T05:30:52.728+0000] {processor.py:161} INFO - Started process (PID=560) to work on /home/airflow/.local/lib/python3.8/site-packages/airflow/example_dags/example_branch_day_of_week_operator.py
[2024-02-03T05:30:52.729+0000] {processor.py:830} INFO - Processing file /home/airflow/.local/lib/python3.8/site-packages/airflow/example_dags/example_branch_day_of_week_operator.py for tasks to queue
[2024-02-03T05:30:52.731+0000] {logging_mixin.py:188} INFO - [2024-02-03T05:30:52.730+0000] {dagbag.py:538} INFO - Filling up the DagBag from /home/airflow/.local/lib/python3.8/site-packages/airflow/example_dags/example_branch_day_of_week_operator.py
[2024-02-03T05:30:52.739+0000] {processor.py:840} INFO - DAG(s) 'example_weekday_branch_operator' retrieved from /home/airflow/.local/lib/python3.8/site-packages/airflow/example_dags/example_branch_day_of_week_operator.py
[2024-02-03T05:30:52.763+0000] {logging_mixin.py:188} INFO - [2024-02-03T05:30:52.763+0000] {dag.py:3036} INFO - Sync 1 DAGs
[2024-02-03T05:30:52.790+0000] {logging_mixin.py:188} INFO - [2024-02-03T05:30:52.790+0000] {dag.py:3823} INFO - Setting next_dagrun for example_weekday_branch_operator to 2024-02-02 00:00:00+00:00, run_after=2024-02-03 00:00:00+00:00
[2024-02-03T05:30:52.820+0000] {processor.py:183} INFO - Processing /home/airflow/.local/lib/python3.8/site-packages/airflow/example_dags/example_branch_day_of_week_operator.py took 0.096 seconds
[2024-02-03T05:31:23.596+0000] {processor.py:161} INFO - Started process (PID=615) to work on /home/airflow/.local/lib/python3.8/site-packages/airflow/example_dags/example_branch_day_of_week_operator.py
[2024-02-03T05:31:23.598+0000] {processor.py:830} INFO - Processing file /home/airflow/.local/lib/python3.8/site-packages/airflow/example_dags/example_branch_day_of_week_operator.py for tasks to queue
[2024-02-03T05:31:23.600+0000] {logging_mixin.py:188} INFO - [2024-02-03T05:31:23.600+0000] {dagbag.py:538} INFO - Filling up the DagBag from /home/airflow/.local/lib/python3.8/site-packages/airflow/example_dags/example_branch_day_of_week_operator.py
[2024-02-03T05:31:23.611+0000] {processor.py:840} INFO - DAG(s) 'example_weekday_branch_operator' retrieved from /home/airflow/.local/lib/python3.8/site-packages/airflow/example_dags/example_branch_day_of_week_operator.py
[2024-02-03T05:31:23.642+0000] {logging_mixin.py:188} INFO - [2024-02-03T05:31:23.642+0000] {dag.py:3036} INFO - Sync 1 DAGs
[2024-02-03T05:31:23.675+0000] {logging_mixin.py:188} INFO - [2024-02-03T05:31:23.675+0000] {dag.py:3823} INFO - Setting next_dagrun for example_weekday_branch_operator to 2024-02-02 00:00:00+00:00, run_after=2024-02-03 00:00:00+00:00
[2024-02-03T05:31:23.709+0000] {processor.py:183} INFO - Processing /home/airflow/.local/lib/python3.8/site-packages/airflow/example_dags/example_branch_day_of_week_operator.py took 0.117 seconds
[2024-02-03T05:31:53.754+0000] {processor.py:161} INFO - Started process (PID=685) to work on /home/airflow/.local/lib/python3.8/site-packages/airflow/example_dags/example_branch_day_of_week_operator.py
[2024-02-03T05:31:53.755+0000] {processor.py:830} INFO - Processing file /home/airflow/.local/lib/python3.8/site-packages/airflow/example_dags/example_branch_day_of_week_operator.py for tasks to queue
[2024-02-03T05:31:53.757+0000] {logging_mixin.py:188} INFO - [2024-02-03T05:31:53.757+0000] {dagbag.py:538} INFO - Filling up the DagBag from /home/airflow/.local/lib/python3.8/site-packages/airflow/example_dags/example_branch_day_of_week_operator.py
[2024-02-03T05:31:53.767+0000] {processor.py:840} INFO - DAG(s) 'example_weekday_branch_operator' retrieved from /home/airflow/.local/lib/python3.8/site-packages/airflow/example_dags/example_branch_day_of_week_operator.py
[2024-02-03T05:31:53.792+0000] {logging_mixin.py:188} INFO - [2024-02-03T05:31:53.792+0000] {dag.py:3036} INFO - Sync 1 DAGs
[2024-02-03T05:31:53.826+0000] {logging_mixin.py:188} INFO - [2024-02-03T05:31:53.825+0000] {dag.py:3823} INFO - Setting next_dagrun for example_weekday_branch_operator to 2024-02-02 00:00:00+00:00, run_after=2024-02-03 00:00:00+00:00
[2024-02-03T05:31:53.851+0000] {processor.py:183} INFO - Processing /home/airflow/.local/lib/python3.8/site-packages/airflow/example_dags/example_branch_day_of_week_operator.py took 0.100 seconds
[2024-02-03T05:32:24.262+0000] {processor.py:161} INFO - Started process (PID=741) to work on /home/airflow/.local/lib/python3.8/site-packages/airflow/example_dags/example_branch_day_of_week_operator.py
[2024-02-03T05:32:24.263+0000] {processor.py:830} INFO - Processing file /home/airflow/.local/lib/python3.8/site-packages/airflow/example_dags/example_branch_day_of_week_operator.py for tasks to queue
[2024-02-03T05:32:24.265+0000] {logging_mixin.py:188} INFO - [2024-02-03T05:32:24.265+0000] {dagbag.py:538} INFO - Filling up the DagBag from /home/airflow/.local/lib/python3.8/site-packages/airflow/example_dags/example_branch_day_of_week_operator.py
[2024-02-03T05:32:24.273+0000] {processor.py:840} INFO - DAG(s) 'example_weekday_branch_operator' retrieved from /home/airflow/.local/lib/python3.8/site-packages/airflow/example_dags/example_branch_day_of_week_operator.py
[2024-02-03T05:32:24.298+0000] {logging_mixin.py:188} INFO - [2024-02-03T05:32:24.297+0000] {dag.py:3036} INFO - Sync 1 DAGs
[2024-02-03T05:32:24.323+0000] {logging_mixin.py:188} INFO - [2024-02-03T05:32:24.323+0000] {dag.py:3823} INFO - Setting next_dagrun for example_weekday_branch_operator to 2024-02-02 00:00:00+00:00, run_after=2024-02-03 00:00:00+00:00
[2024-02-03T05:32:24.346+0000] {processor.py:183} INFO - Processing /home/airflow/.local/lib/python3.8/site-packages/airflow/example_dags/example_branch_day_of_week_operator.py took 0.087 seconds
[2024-02-03T05:32:55.251+0000] {processor.py:161} INFO - Started process (PID=802) to work on /home/airflow/.local/lib/python3.8/site-packages/airflow/example_dags/example_branch_day_of_week_operator.py
[2024-02-03T05:32:55.252+0000] {processor.py:830} INFO - Processing file /home/airflow/.local/lib/python3.8/site-packages/airflow/example_dags/example_branch_day_of_week_operator.py for tasks to queue
[2024-02-03T05:32:55.254+0000] {logging_mixin.py:188} INFO - [2024-02-03T05:32:55.254+0000] {dagbag.py:538} INFO - Filling up the DagBag from /home/airflow/.local/lib/python3.8/site-packages/airflow/example_dags/example_branch_day_of_week_operator.py
[2024-02-03T05:32:55.262+0000] {processor.py:840} INFO - DAG(s) 'example_weekday_branch_operator' retrieved from /home/airflow/.local/lib/python3.8/site-packages/airflow/example_dags/example_branch_day_of_week_operator.py
[2024-02-03T05:32:55.287+0000] {logging_mixin.py:188} INFO - [2024-02-03T05:32:55.287+0000] {dag.py:3036} INFO - Sync 1 DAGs
[2024-02-03T05:32:55.319+0000] {logging_mixin.py:188} INFO - [2024-02-03T05:32:55.319+0000] {dag.py:3823} INFO - Setting next_dagrun for example_weekday_branch_operator to 2024-02-02 00:00:00+00:00, run_after=2024-02-03 00:00:00+00:00
[2024-02-03T05:32:55.343+0000] {processor.py:183} INFO - Processing /home/airflow/.local/lib/python3.8/site-packages/airflow/example_dags/example_branch_day_of_week_operator.py took 0.095 seconds
[2024-02-03T06:00:01.507+0000] {processor.py:161} INFO - Started process (PID=65) to work on /home/airflow/.local/lib/python3.8/site-packages/airflow/example_dags/example_branch_day_of_week_operator.py
[2024-02-03T06:00:01.508+0000] {processor.py:830} INFO - Processing file /home/airflow/.local/lib/python3.8/site-packages/airflow/example_dags/example_branch_day_of_week_operator.py for tasks to queue
[2024-02-03T06:00:01.510+0000] {logging_mixin.py:188} INFO - [2024-02-03T06:00:01.510+0000] {dagbag.py:538} INFO - Filling up the DagBag from /home/airflow/.local/lib/python3.8/site-packages/airflow/example_dags/example_branch_day_of_week_operator.py
[2024-02-03T06:00:01.520+0000] {processor.py:840} INFO - DAG(s) 'example_weekday_branch_operator' retrieved from /home/airflow/.local/lib/python3.8/site-packages/airflow/example_dags/example_branch_day_of_week_operator.py
[2024-02-03T06:00:01.548+0000] {logging_mixin.py:188} INFO - [2024-02-03T06:00:01.548+0000] {dag.py:3036} INFO - Sync 1 DAGs
[2024-02-03T06:00:01.580+0000] {logging_mixin.py:188} INFO - [2024-02-03T06:00:01.580+0000] {dag.py:3823} INFO - Setting next_dagrun for example_weekday_branch_operator to 2024-02-02 00:00:00+00:00, run_after=2024-02-03 00:00:00+00:00
[2024-02-03T06:00:01.607+0000] {processor.py:183} INFO - Processing /home/airflow/.local/lib/python3.8/site-packages/airflow/example_dags/example_branch_day_of_week_operator.py took 0.104 seconds
[2024-02-03T06:00:31.768+0000] {processor.py:161} INFO - Started process (PID=120) to work on /home/airflow/.local/lib/python3.8/site-packages/airflow/example_dags/example_branch_day_of_week_operator.py
[2024-02-03T06:00:31.769+0000] {processor.py:830} INFO - Processing file /home/airflow/.local/lib/python3.8/site-packages/airflow/example_dags/example_branch_day_of_week_operator.py for tasks to queue
[2024-02-03T06:00:31.771+0000] {logging_mixin.py:188} INFO - [2024-02-03T06:00:31.770+0000] {dagbag.py:538} INFO - Filling up the DagBag from /home/airflow/.local/lib/python3.8/site-packages/airflow/example_dags/example_branch_day_of_week_operator.py
[2024-02-03T06:00:31.779+0000] {processor.py:840} INFO - DAG(s) 'example_weekday_branch_operator' retrieved from /home/airflow/.local/lib/python3.8/site-packages/airflow/example_dags/example_branch_day_of_week_operator.py
[2024-02-03T06:00:31.803+0000] {logging_mixin.py:188} INFO - [2024-02-03T06:00:31.802+0000] {dag.py:3036} INFO - Sync 1 DAGs
[2024-02-03T06:00:31.832+0000] {logging_mixin.py:188} INFO - [2024-02-03T06:00:31.832+0000] {dag.py:3823} INFO - Setting next_dagrun for example_weekday_branch_operator to 2024-02-02 00:00:00+00:00, run_after=2024-02-03 00:00:00+00:00
[2024-02-03T06:00:31.856+0000] {processor.py:183} INFO - Processing /home/airflow/.local/lib/python3.8/site-packages/airflow/example_dags/example_branch_day_of_week_operator.py took 0.091 seconds
[2024-02-03T06:01:02.414+0000] {processor.py:161} INFO - Started process (PID=175) to work on /home/airflow/.local/lib/python3.8/site-packages/airflow/example_dags/example_branch_day_of_week_operator.py
[2024-02-03T06:01:02.415+0000] {processor.py:830} INFO - Processing file /home/airflow/.local/lib/python3.8/site-packages/airflow/example_dags/example_branch_day_of_week_operator.py for tasks to queue
[2024-02-03T06:01:02.417+0000] {logging_mixin.py:188} INFO - [2024-02-03T06:01:02.417+0000] {dagbag.py:538} INFO - Filling up the DagBag from /home/airflow/.local/lib/python3.8/site-packages/airflow/example_dags/example_branch_day_of_week_operator.py
[2024-02-03T06:01:02.426+0000] {processor.py:840} INFO - DAG(s) 'example_weekday_branch_operator' retrieved from /home/airflow/.local/lib/python3.8/site-packages/airflow/example_dags/example_branch_day_of_week_operator.py
[2024-02-03T06:01:02.453+0000] {logging_mixin.py:188} INFO - [2024-02-03T06:01:02.453+0000] {dag.py:3036} INFO - Sync 1 DAGs
[2024-02-03T06:01:02.495+0000] {logging_mixin.py:188} INFO - [2024-02-03T06:01:02.494+0000] {dag.py:3823} INFO - Setting next_dagrun for example_weekday_branch_operator to 2024-02-02 00:00:00+00:00, run_after=2024-02-03 00:00:00+00:00
[2024-02-03T06:01:02.524+0000] {processor.py:183} INFO - Processing /home/airflow/.local/lib/python3.8/site-packages/airflow/example_dags/example_branch_day_of_week_operator.py took 0.114 seconds
[2024-02-03T06:33:38.632+0000] {processor.py:161} INFO - Started process (PID=65) to work on /home/airflow/.local/lib/python3.8/site-packages/airflow/example_dags/example_branch_day_of_week_operator.py
[2024-02-03T06:33:38.636+0000] {processor.py:830} INFO - Processing file /home/airflow/.local/lib/python3.8/site-packages/airflow/example_dags/example_branch_day_of_week_operator.py for tasks to queue
[2024-02-03T06:33:38.639+0000] {logging_mixin.py:188} INFO - [2024-02-03T06:33:38.639+0000] {dagbag.py:538} INFO - Filling up the DagBag from /home/airflow/.local/lib/python3.8/site-packages/airflow/example_dags/example_branch_day_of_week_operator.py
[2024-02-03T06:33:38.652+0000] {processor.py:840} INFO - DAG(s) 'example_weekday_branch_operator' retrieved from /home/airflow/.local/lib/python3.8/site-packages/airflow/example_dags/example_branch_day_of_week_operator.py
[2024-02-03T06:33:38.671+0000] {logging_mixin.py:188} INFO - [2024-02-03T06:33:38.670+0000] {dag.py:3036} INFO - Sync 1 DAGs
[2024-02-03T06:33:38.708+0000] {logging_mixin.py:188} INFO - [2024-02-03T06:33:38.708+0000] {dag.py:3823} INFO - Setting next_dagrun for example_weekday_branch_operator to 2024-02-02 00:00:00+00:00, run_after=2024-02-03 00:00:00+00:00
[2024-02-03T06:33:38.745+0000] {processor.py:183} INFO - Processing /home/airflow/.local/lib/python3.8/site-packages/airflow/example_dags/example_branch_day_of_week_operator.py took 0.121 seconds
[2024-02-03T06:34:10.215+0000] {processor.py:161} INFO - Started process (PID=120) to work on /home/airflow/.local/lib/python3.8/site-packages/airflow/example_dags/example_branch_day_of_week_operator.py
[2024-02-03T06:34:10.216+0000] {processor.py:830} INFO - Processing file /home/airflow/.local/lib/python3.8/site-packages/airflow/example_dags/example_branch_day_of_week_operator.py for tasks to queue
[2024-02-03T06:34:10.218+0000] {logging_mixin.py:188} INFO - [2024-02-03T06:34:10.218+0000] {dagbag.py:538} INFO - Filling up the DagBag from /home/airflow/.local/lib/python3.8/site-packages/airflow/example_dags/example_branch_day_of_week_operator.py
[2024-02-03T06:34:10.226+0000] {processor.py:840} INFO - DAG(s) 'example_weekday_branch_operator' retrieved from /home/airflow/.local/lib/python3.8/site-packages/airflow/example_dags/example_branch_day_of_week_operator.py
[2024-02-03T06:34:10.346+0000] {logging_mixin.py:188} INFO - [2024-02-03T06:34:10.346+0000] {dag.py:3036} INFO - Sync 1 DAGs
[2024-02-03T06:34:10.371+0000] {logging_mixin.py:188} INFO - [2024-02-03T06:34:10.371+0000] {dag.py:3823} INFO - Setting next_dagrun for example_weekday_branch_operator to 2024-02-02 00:00:00+00:00, run_after=2024-02-03 00:00:00+00:00
[2024-02-03T06:34:10.394+0000] {processor.py:183} INFO - Processing /home/airflow/.local/lib/python3.8/site-packages/airflow/example_dags/example_branch_day_of_week_operator.py took 0.183 seconds
[2024-02-03T06:34:41.250+0000] {processor.py:161} INFO - Started process (PID=175) to work on /home/airflow/.local/lib/python3.8/site-packages/airflow/example_dags/example_branch_day_of_week_operator.py
[2024-02-03T06:34:41.251+0000] {processor.py:830} INFO - Processing file /home/airflow/.local/lib/python3.8/site-packages/airflow/example_dags/example_branch_day_of_week_operator.py for tasks to queue
[2024-02-03T06:34:41.253+0000] {logging_mixin.py:188} INFO - [2024-02-03T06:34:41.253+0000] {dagbag.py:538} INFO - Filling up the DagBag from /home/airflow/.local/lib/python3.8/site-packages/airflow/example_dags/example_branch_day_of_week_operator.py
[2024-02-03T06:34:41.261+0000] {processor.py:840} INFO - DAG(s) 'example_weekday_branch_operator' retrieved from /home/airflow/.local/lib/python3.8/site-packages/airflow/example_dags/example_branch_day_of_week_operator.py
[2024-02-03T06:34:41.286+0000] {logging_mixin.py:188} INFO - [2024-02-03T06:34:41.286+0000] {dag.py:3036} INFO - Sync 1 DAGs
[2024-02-03T06:34:41.314+0000] {logging_mixin.py:188} INFO - [2024-02-03T06:34:41.314+0000] {dag.py:3823} INFO - Setting next_dagrun for example_weekday_branch_operator to 2024-02-02 00:00:00+00:00, run_after=2024-02-03 00:00:00+00:00
[2024-02-03T06:34:41.338+0000] {processor.py:183} INFO - Processing /home/airflow/.local/lib/python3.8/site-packages/airflow/example_dags/example_branch_day_of_week_operator.py took 0.090 seconds
[2024-02-03T06:35:11.670+0000] {processor.py:161} INFO - Started process (PID=230) to work on /home/airflow/.local/lib/python3.8/site-packages/airflow/example_dags/example_branch_day_of_week_operator.py
[2024-02-03T06:35:11.672+0000] {processor.py:830} INFO - Processing file /home/airflow/.local/lib/python3.8/site-packages/airflow/example_dags/example_branch_day_of_week_operator.py for tasks to queue
[2024-02-03T06:35:11.673+0000] {logging_mixin.py:188} INFO - [2024-02-03T06:35:11.673+0000] {dagbag.py:538} INFO - Filling up the DagBag from /home/airflow/.local/lib/python3.8/site-packages/airflow/example_dags/example_branch_day_of_week_operator.py
[2024-02-03T06:35:11.681+0000] {processor.py:840} INFO - DAG(s) 'example_weekday_branch_operator' retrieved from /home/airflow/.local/lib/python3.8/site-packages/airflow/example_dags/example_branch_day_of_week_operator.py
[2024-02-03T06:35:11.706+0000] {logging_mixin.py:188} INFO - [2024-02-03T06:35:11.706+0000] {dag.py:3036} INFO - Sync 1 DAGs
[2024-02-03T06:35:11.734+0000] {logging_mixin.py:188} INFO - [2024-02-03T06:35:11.734+0000] {dag.py:3823} INFO - Setting next_dagrun for example_weekday_branch_operator to 2024-02-02 00:00:00+00:00, run_after=2024-02-03 00:00:00+00:00
[2024-02-03T06:35:11.758+0000] {processor.py:183} INFO - Processing /home/airflow/.local/lib/python3.8/site-packages/airflow/example_dags/example_branch_day_of_week_operator.py took 0.091 seconds
[2024-02-03T06:35:42.076+0000] {processor.py:161} INFO - Started process (PID=285) to work on /home/airflow/.local/lib/python3.8/site-packages/airflow/example_dags/example_branch_day_of_week_operator.py
[2024-02-03T06:35:42.077+0000] {processor.py:830} INFO - Processing file /home/airflow/.local/lib/python3.8/site-packages/airflow/example_dags/example_branch_day_of_week_operator.py for tasks to queue
[2024-02-03T06:35:42.079+0000] {logging_mixin.py:188} INFO - [2024-02-03T06:35:42.079+0000] {dagbag.py:538} INFO - Filling up the DagBag from /home/airflow/.local/lib/python3.8/site-packages/airflow/example_dags/example_branch_day_of_week_operator.py
[2024-02-03T06:35:42.087+0000] {processor.py:840} INFO - DAG(s) 'example_weekday_branch_operator' retrieved from /home/airflow/.local/lib/python3.8/site-packages/airflow/example_dags/example_branch_day_of_week_operator.py
[2024-02-03T06:35:42.111+0000] {logging_mixin.py:188} INFO - [2024-02-03T06:35:42.111+0000] {dag.py:3036} INFO - Sync 1 DAGs
[2024-02-03T06:35:42.139+0000] {logging_mixin.py:188} INFO - [2024-02-03T06:35:42.139+0000] {dag.py:3823} INFO - Setting next_dagrun for example_weekday_branch_operator to 2024-02-02 00:00:00+00:00, run_after=2024-02-03 00:00:00+00:00
[2024-02-03T06:35:42.163+0000] {processor.py:183} INFO - Processing /home/airflow/.local/lib/python3.8/site-packages/airflow/example_dags/example_branch_day_of_week_operator.py took 0.089 seconds
[2024-02-03T06:36:12.524+0000] {processor.py:161} INFO - Started process (PID=340) to work on /home/airflow/.local/lib/python3.8/site-packages/airflow/example_dags/example_branch_day_of_week_operator.py
[2024-02-03T06:36:12.525+0000] {processor.py:830} INFO - Processing file /home/airflow/.local/lib/python3.8/site-packages/airflow/example_dags/example_branch_day_of_week_operator.py for tasks to queue
[2024-02-03T06:36:12.527+0000] {logging_mixin.py:188} INFO - [2024-02-03T06:36:12.526+0000] {dagbag.py:538} INFO - Filling up the DagBag from /home/airflow/.local/lib/python3.8/site-packages/airflow/example_dags/example_branch_day_of_week_operator.py
[2024-02-03T06:36:12.534+0000] {processor.py:840} INFO - DAG(s) 'example_weekday_branch_operator' retrieved from /home/airflow/.local/lib/python3.8/site-packages/airflow/example_dags/example_branch_day_of_week_operator.py
[2024-02-03T06:36:12.559+0000] {logging_mixin.py:188} INFO - [2024-02-03T06:36:12.558+0000] {dag.py:3036} INFO - Sync 1 DAGs
[2024-02-03T06:36:12.586+0000] {logging_mixin.py:188} INFO - [2024-02-03T06:36:12.586+0000] {dag.py:3823} INFO - Setting next_dagrun for example_weekday_branch_operator to 2024-02-02 00:00:00+00:00, run_after=2024-02-03 00:00:00+00:00
[2024-02-03T06:36:12.609+0000] {processor.py:183} INFO - Processing /home/airflow/.local/lib/python3.8/site-packages/airflow/example_dags/example_branch_day_of_week_operator.py took 0.088 seconds
