[2024-02-03T05:26:21.162+0000] {processor.py:161} INFO - Started process (PID=79) to work on /home/airflow/.local/lib/python3.8/site-packages/airflow/example_dags/example_latest_only_with_trigger.py
[2024-02-03T05:26:21.163+0000] {processor.py:830} INFO - Processing file /home/airflow/.local/lib/python3.8/site-packages/airflow/example_dags/example_latest_only_with_trigger.py for tasks to queue
[2024-02-03T05:26:21.166+0000] {logging_mixin.py:188} INFO - [2024-02-03T05:26:21.165+0000] {dagbag.py:538} INFO - Filling up the DagBag from /home/airflow/.local/lib/python3.8/site-packages/airflow/example_dags/example_latest_only_with_trigger.py
[2024-02-03T05:26:21.174+0000] {processor.py:840} INFO - DAG(s) 'latest_only_with_trigger' retrieved from /home/airflow/.local/lib/python3.8/site-packages/airflow/example_dags/example_latest_only_with_trigger.py
[2024-02-03T05:26:21.321+0000] {logging_mixin.py:188} INFO - [2024-02-03T05:26:21.320+0000] {dag.py:3036} INFO - Sync 1 DAGs
[2024-02-03T05:26:21.364+0000] {logging_mixin.py:188} INFO - [2024-02-03T05:26:21.363+0000] {dag.py:3823} INFO - Setting next_dagrun for latest_only_with_trigger to 2024-02-03 00:00:00+00:00, run_after=2024-02-03 04:00:00+00:00
[2024-02-03T05:26:21.400+0000] {processor.py:183} INFO - Processing /home/airflow/.local/lib/python3.8/site-packages/airflow/example_dags/example_latest_only_with_trigger.py took 0.242 seconds
[2024-02-03T05:26:52.078+0000] {processor.py:161} INFO - Started process (PID=134) to work on /home/airflow/.local/lib/python3.8/site-packages/airflow/example_dags/example_latest_only_with_trigger.py
[2024-02-03T05:26:52.080+0000] {processor.py:830} INFO - Processing file /home/airflow/.local/lib/python3.8/site-packages/airflow/example_dags/example_latest_only_with_trigger.py for tasks to queue
[2024-02-03T05:26:52.082+0000] {logging_mixin.py:188} INFO - [2024-02-03T05:26:52.081+0000] {dagbag.py:538} INFO - Filling up the DagBag from /home/airflow/.local/lib/python3.8/site-packages/airflow/example_dags/example_latest_only_with_trigger.py
[2024-02-03T05:26:52.088+0000] {processor.py:840} INFO - DAG(s) 'latest_only_with_trigger' retrieved from /home/airflow/.local/lib/python3.8/site-packages/airflow/example_dags/example_latest_only_with_trigger.py
[2024-02-03T05:26:52.115+0000] {logging_mixin.py:188} INFO - [2024-02-03T05:26:52.114+0000] {dag.py:3036} INFO - Sync 1 DAGs
[2024-02-03T05:26:52.146+0000] {logging_mixin.py:188} INFO - [2024-02-03T05:26:52.145+0000] {dag.py:3823} INFO - Setting next_dagrun for latest_only_with_trigger to 2024-02-03 00:00:00+00:00, run_after=2024-02-03 04:00:00+00:00
[2024-02-03T05:26:52.177+0000] {processor.py:183} INFO - Processing /home/airflow/.local/lib/python3.8/site-packages/airflow/example_dags/example_latest_only_with_trigger.py took 0.102 seconds
[2024-02-03T05:27:22.234+0000] {processor.py:161} INFO - Started process (PID=189) to work on /home/airflow/.local/lib/python3.8/site-packages/airflow/example_dags/example_latest_only_with_trigger.py
[2024-02-03T05:27:22.235+0000] {processor.py:830} INFO - Processing file /home/airflow/.local/lib/python3.8/site-packages/airflow/example_dags/example_latest_only_with_trigger.py for tasks to queue
[2024-02-03T05:27:22.237+0000] {logging_mixin.py:188} INFO - [2024-02-03T05:27:22.237+0000] {dagbag.py:538} INFO - Filling up the DagBag from /home/airflow/.local/lib/python3.8/site-packages/airflow/example_dags/example_latest_only_with_trigger.py
[2024-02-03T05:27:22.243+0000] {processor.py:840} INFO - DAG(s) 'latest_only_with_trigger' retrieved from /home/airflow/.local/lib/python3.8/site-packages/airflow/example_dags/example_latest_only_with_trigger.py
[2024-02-03T05:27:22.267+0000] {logging_mixin.py:188} INFO - [2024-02-03T05:27:22.266+0000] {dag.py:3036} INFO - Sync 1 DAGs
[2024-02-03T05:27:22.290+0000] {logging_mixin.py:188} INFO - [2024-02-03T05:27:22.290+0000] {dag.py:3823} INFO - Setting next_dagrun for latest_only_with_trigger to 2024-02-03 00:00:00+00:00, run_after=2024-02-03 04:00:00+00:00
[2024-02-03T05:27:22.315+0000] {processor.py:183} INFO - Processing /home/airflow/.local/lib/python3.8/site-packages/airflow/example_dags/example_latest_only_with_trigger.py took 0.085 seconds
[2024-02-03T05:27:52.512+0000] {processor.py:161} INFO - Started process (PID=244) to work on /home/airflow/.local/lib/python3.8/site-packages/airflow/example_dags/example_latest_only_with_trigger.py
[2024-02-03T05:27:52.513+0000] {processor.py:830} INFO - Processing file /home/airflow/.local/lib/python3.8/site-packages/airflow/example_dags/example_latest_only_with_trigger.py for tasks to queue
[2024-02-03T05:27:52.515+0000] {logging_mixin.py:188} INFO - [2024-02-03T05:27:52.515+0000] {dagbag.py:538} INFO - Filling up the DagBag from /home/airflow/.local/lib/python3.8/site-packages/airflow/example_dags/example_latest_only_with_trigger.py
[2024-02-03T05:27:52.521+0000] {processor.py:840} INFO - DAG(s) 'latest_only_with_trigger' retrieved from /home/airflow/.local/lib/python3.8/site-packages/airflow/example_dags/example_latest_only_with_trigger.py
[2024-02-03T05:27:52.544+0000] {logging_mixin.py:188} INFO - [2024-02-03T05:27:52.543+0000] {dag.py:3036} INFO - Sync 1 DAGs
[2024-02-03T05:27:52.569+0000] {logging_mixin.py:188} INFO - [2024-02-03T05:27:52.569+0000] {dag.py:3823} INFO - Setting next_dagrun for latest_only_with_trigger to 2024-02-03 00:00:00+00:00, run_after=2024-02-03 04:00:00+00:00
[2024-02-03T05:27:52.595+0000] {processor.py:183} INFO - Processing /home/airflow/.local/lib/python3.8/site-packages/airflow/example_dags/example_latest_only_with_trigger.py took 0.086 seconds
[2024-02-03T05:28:22.712+0000] {processor.py:161} INFO - Started process (PID=299) to work on /home/airflow/.local/lib/python3.8/site-packages/airflow/example_dags/example_latest_only_with_trigger.py
[2024-02-03T05:28:22.714+0000] {processor.py:830} INFO - Processing file /home/airflow/.local/lib/python3.8/site-packages/airflow/example_dags/example_latest_only_with_trigger.py for tasks to queue
[2024-02-03T05:28:22.715+0000] {logging_mixin.py:188} INFO - [2024-02-03T05:28:22.715+0000] {dagbag.py:538} INFO - Filling up the DagBag from /home/airflow/.local/lib/python3.8/site-packages/airflow/example_dags/example_latest_only_with_trigger.py
[2024-02-03T05:28:22.722+0000] {processor.py:840} INFO - DAG(s) 'latest_only_with_trigger' retrieved from /home/airflow/.local/lib/python3.8/site-packages/airflow/example_dags/example_latest_only_with_trigger.py
[2024-02-03T05:28:22.748+0000] {logging_mixin.py:188} INFO - [2024-02-03T05:28:22.747+0000] {dag.py:3036} INFO - Sync 1 DAGs
[2024-02-03T05:28:22.777+0000] {logging_mixin.py:188} INFO - [2024-02-03T05:28:22.776+0000] {dag.py:3823} INFO - Setting next_dagrun for latest_only_with_trigger to 2024-02-03 00:00:00+00:00, run_after=2024-02-03 04:00:00+00:00
[2024-02-03T05:28:22.804+0000] {processor.py:183} INFO - Processing /home/airflow/.local/lib/python3.8/site-packages/airflow/example_dags/example_latest_only_with_trigger.py took 0.094 seconds
[2024-02-03T05:28:53.008+0000] {processor.py:161} INFO - Started process (PID=354) to work on /home/airflow/.local/lib/python3.8/site-packages/airflow/example_dags/example_latest_only_with_trigger.py
[2024-02-03T05:28:53.009+0000] {processor.py:830} INFO - Processing file /home/airflow/.local/lib/python3.8/site-packages/airflow/example_dags/example_latest_only_with_trigger.py for tasks to queue
[2024-02-03T05:28:53.011+0000] {logging_mixin.py:188} INFO - [2024-02-03T05:28:53.011+0000] {dagbag.py:538} INFO - Filling up the DagBag from /home/airflow/.local/lib/python3.8/site-packages/airflow/example_dags/example_latest_only_with_trigger.py
[2024-02-03T05:28:53.016+0000] {processor.py:840} INFO - DAG(s) 'latest_only_with_trigger' retrieved from /home/airflow/.local/lib/python3.8/site-packages/airflow/example_dags/example_latest_only_with_trigger.py
[2024-02-03T05:28:53.043+0000] {logging_mixin.py:188} INFO - [2024-02-03T05:28:53.042+0000] {dag.py:3036} INFO - Sync 1 DAGs
[2024-02-03T05:28:53.073+0000] {logging_mixin.py:188} INFO - [2024-02-03T05:28:53.073+0000] {dag.py:3823} INFO - Setting next_dagrun for latest_only_with_trigger to 2024-02-03 00:00:00+00:00, run_after=2024-02-03 04:00:00+00:00
[2024-02-03T05:28:53.102+0000] {processor.py:183} INFO - Processing /home/airflow/.local/lib/python3.8/site-packages/airflow/example_dags/example_latest_only_with_trigger.py took 0.097 seconds
[2024-02-03T05:29:23.339+0000] {processor.py:161} INFO - Started process (PID=409) to work on /home/airflow/.local/lib/python3.8/site-packages/airflow/example_dags/example_latest_only_with_trigger.py
[2024-02-03T05:29:23.340+0000] {processor.py:830} INFO - Processing file /home/airflow/.local/lib/python3.8/site-packages/airflow/example_dags/example_latest_only_with_trigger.py for tasks to queue
[2024-02-03T05:29:23.342+0000] {logging_mixin.py:188} INFO - [2024-02-03T05:29:23.342+0000] {dagbag.py:538} INFO - Filling up the DagBag from /home/airflow/.local/lib/python3.8/site-packages/airflow/example_dags/example_latest_only_with_trigger.py
[2024-02-03T05:29:23.348+0000] {processor.py:840} INFO - DAG(s) 'latest_only_with_trigger' retrieved from /home/airflow/.local/lib/python3.8/site-packages/airflow/example_dags/example_latest_only_with_trigger.py
[2024-02-03T05:29:23.370+0000] {logging_mixin.py:188} INFO - [2024-02-03T05:29:23.370+0000] {dag.py:3036} INFO - Sync 1 DAGs
[2024-02-03T05:29:23.398+0000] {logging_mixin.py:188} INFO - [2024-02-03T05:29:23.397+0000] {dag.py:3823} INFO - Setting next_dagrun for latest_only_with_trigger to 2024-02-03 00:00:00+00:00, run_after=2024-02-03 04:00:00+00:00
[2024-02-03T05:29:23.425+0000] {processor.py:183} INFO - Processing /home/airflow/.local/lib/python3.8/site-packages/airflow/example_dags/example_latest_only_with_trigger.py took 0.089 seconds
[2024-02-03T05:29:53.675+0000] {processor.py:161} INFO - Started process (PID=464) to work on /home/airflow/.local/lib/python3.8/site-packages/airflow/example_dags/example_latest_only_with_trigger.py
[2024-02-03T05:29:53.677+0000] {processor.py:830} INFO - Processing file /home/airflow/.local/lib/python3.8/site-packages/airflow/example_dags/example_latest_only_with_trigger.py for tasks to queue
[2024-02-03T05:29:53.679+0000] {logging_mixin.py:188} INFO - [2024-02-03T05:29:53.679+0000] {dagbag.py:538} INFO - Filling up the DagBag from /home/airflow/.local/lib/python3.8/site-packages/airflow/example_dags/example_latest_only_with_trigger.py
[2024-02-03T05:29:53.688+0000] {processor.py:840} INFO - DAG(s) 'latest_only_with_trigger' retrieved from /home/airflow/.local/lib/python3.8/site-packages/airflow/example_dags/example_latest_only_with_trigger.py
[2024-02-03T05:29:53.718+0000] {logging_mixin.py:188} INFO - [2024-02-03T05:29:53.717+0000] {dag.py:3036} INFO - Sync 1 DAGs
[2024-02-03T05:29:53.747+0000] {logging_mixin.py:188} INFO - [2024-02-03T05:29:53.746+0000] {dag.py:3823} INFO - Setting next_dagrun for latest_only_with_trigger to 2024-02-03 00:00:00+00:00, run_after=2024-02-03 04:00:00+00:00
[2024-02-03T05:29:53.773+0000] {processor.py:183} INFO - Processing /home/airflow/.local/lib/python3.8/site-packages/airflow/example_dags/example_latest_only_with_trigger.py took 0.102 seconds
[2024-02-03T05:30:23.822+0000] {processor.py:161} INFO - Started process (PID=519) to work on /home/airflow/.local/lib/python3.8/site-packages/airflow/example_dags/example_latest_only_with_trigger.py
[2024-02-03T05:30:23.823+0000] {processor.py:830} INFO - Processing file /home/airflow/.local/lib/python3.8/site-packages/airflow/example_dags/example_latest_only_with_trigger.py for tasks to queue
[2024-02-03T05:30:23.825+0000] {logging_mixin.py:188} INFO - [2024-02-03T05:30:23.825+0000] {dagbag.py:538} INFO - Filling up the DagBag from /home/airflow/.local/lib/python3.8/site-packages/airflow/example_dags/example_latest_only_with_trigger.py
[2024-02-03T05:30:23.830+0000] {processor.py:840} INFO - DAG(s) 'latest_only_with_trigger' retrieved from /home/airflow/.local/lib/python3.8/site-packages/airflow/example_dags/example_latest_only_with_trigger.py
[2024-02-03T05:30:23.855+0000] {logging_mixin.py:188} INFO - [2024-02-03T05:30:23.855+0000] {dag.py:3036} INFO - Sync 1 DAGs
[2024-02-03T05:30:23.880+0000] {logging_mixin.py:188} INFO - [2024-02-03T05:30:23.880+0000] {dag.py:3823} INFO - Setting next_dagrun for latest_only_with_trigger to 2024-02-03 00:00:00+00:00, run_after=2024-02-03 04:00:00+00:00
[2024-02-03T05:30:23.905+0000] {processor.py:183} INFO - Processing /home/airflow/.local/lib/python3.8/site-packages/airflow/example_dags/example_latest_only_with_trigger.py took 0.086 seconds
[2024-02-03T05:30:54.748+0000] {processor.py:161} INFO - Started process (PID=574) to work on /home/airflow/.local/lib/python3.8/site-packages/airflow/example_dags/example_latest_only_with_trigger.py
[2024-02-03T05:30:54.749+0000] {processor.py:830} INFO - Processing file /home/airflow/.local/lib/python3.8/site-packages/airflow/example_dags/example_latest_only_with_trigger.py for tasks to queue
[2024-02-03T05:30:54.751+0000] {logging_mixin.py:188} INFO - [2024-02-03T05:30:54.751+0000] {dagbag.py:538} INFO - Filling up the DagBag from /home/airflow/.local/lib/python3.8/site-packages/airflow/example_dags/example_latest_only_with_trigger.py
[2024-02-03T05:30:54.757+0000] {processor.py:840} INFO - DAG(s) 'latest_only_with_trigger' retrieved from /home/airflow/.local/lib/python3.8/site-packages/airflow/example_dags/example_latest_only_with_trigger.py
[2024-02-03T05:30:54.785+0000] {logging_mixin.py:188} INFO - [2024-02-03T05:30:54.785+0000] {dag.py:3036} INFO - Sync 1 DAGs
[2024-02-03T05:30:54.816+0000] {logging_mixin.py:188} INFO - [2024-02-03T05:30:54.815+0000] {dag.py:3823} INFO - Setting next_dagrun for latest_only_with_trigger to 2024-02-03 00:00:00+00:00, run_after=2024-02-03 04:00:00+00:00
[2024-02-03T05:30:54.842+0000] {processor.py:183} INFO - Processing /home/airflow/.local/lib/python3.8/site-packages/airflow/example_dags/example_latest_only_with_trigger.py took 0.098 seconds
[2024-02-03T05:31:25.709+0000] {processor.py:161} INFO - Started process (PID=635) to work on /home/airflow/.local/lib/python3.8/site-packages/airflow/example_dags/example_latest_only_with_trigger.py
[2024-02-03T05:31:25.710+0000] {processor.py:830} INFO - Processing file /home/airflow/.local/lib/python3.8/site-packages/airflow/example_dags/example_latest_only_with_trigger.py for tasks to queue
[2024-02-03T05:31:25.712+0000] {logging_mixin.py:188} INFO - [2024-02-03T05:31:25.712+0000] {dagbag.py:538} INFO - Filling up the DagBag from /home/airflow/.local/lib/python3.8/site-packages/airflow/example_dags/example_latest_only_with_trigger.py
[2024-02-03T05:31:25.718+0000] {processor.py:840} INFO - DAG(s) 'latest_only_with_trigger' retrieved from /home/airflow/.local/lib/python3.8/site-packages/airflow/example_dags/example_latest_only_with_trigger.py
[2024-02-03T05:31:25.741+0000] {logging_mixin.py:188} INFO - [2024-02-03T05:31:25.741+0000] {dag.py:3036} INFO - Sync 1 DAGs
[2024-02-03T05:31:25.773+0000] {logging_mixin.py:188} INFO - [2024-02-03T05:31:25.773+0000] {dag.py:3823} INFO - Setting next_dagrun for latest_only_with_trigger to 2024-02-03 00:00:00+00:00, run_after=2024-02-03 04:00:00+00:00
[2024-02-03T05:31:25.812+0000] {processor.py:183} INFO - Processing /home/airflow/.local/lib/python3.8/site-packages/airflow/example_dags/example_latest_only_with_trigger.py took 0.106 seconds
[2024-02-03T05:31:55.918+0000] {processor.py:161} INFO - Started process (PID=706) to work on /home/airflow/.local/lib/python3.8/site-packages/airflow/example_dags/example_latest_only_with_trigger.py
[2024-02-03T05:31:55.919+0000] {processor.py:830} INFO - Processing file /home/airflow/.local/lib/python3.8/site-packages/airflow/example_dags/example_latest_only_with_trigger.py for tasks to queue
[2024-02-03T05:31:55.920+0000] {logging_mixin.py:188} INFO - [2024-02-03T05:31:55.920+0000] {dagbag.py:538} INFO - Filling up the DagBag from /home/airflow/.local/lib/python3.8/site-packages/airflow/example_dags/example_latest_only_with_trigger.py
[2024-02-03T05:31:55.926+0000] {processor.py:840} INFO - DAG(s) 'latest_only_with_trigger' retrieved from /home/airflow/.local/lib/python3.8/site-packages/airflow/example_dags/example_latest_only_with_trigger.py
[2024-02-03T05:31:55.950+0000] {logging_mixin.py:188} INFO - [2024-02-03T05:31:55.950+0000] {dag.py:3036} INFO - Sync 1 DAGs
[2024-02-03T05:31:55.978+0000] {logging_mixin.py:188} INFO - [2024-02-03T05:31:55.978+0000] {dag.py:3823} INFO - Setting next_dagrun for latest_only_with_trigger to 2024-02-03 00:00:00+00:00, run_after=2024-02-03 04:00:00+00:00
[2024-02-03T05:31:56.006+0000] {processor.py:183} INFO - Processing /home/airflow/.local/lib/python3.8/site-packages/airflow/example_dags/example_latest_only_with_trigger.py took 0.092 seconds
[2024-02-03T05:32:26.055+0000] {processor.py:161} INFO - Started process (PID=761) to work on /home/airflow/.local/lib/python3.8/site-packages/airflow/example_dags/example_latest_only_with_trigger.py
[2024-02-03T05:32:26.056+0000] {processor.py:830} INFO - Processing file /home/airflow/.local/lib/python3.8/site-packages/airflow/example_dags/example_latest_only_with_trigger.py for tasks to queue
[2024-02-03T05:32:26.058+0000] {logging_mixin.py:188} INFO - [2024-02-03T05:32:26.058+0000] {dagbag.py:538} INFO - Filling up the DagBag from /home/airflow/.local/lib/python3.8/site-packages/airflow/example_dags/example_latest_only_with_trigger.py
[2024-02-03T05:32:26.063+0000] {processor.py:840} INFO - DAG(s) 'latest_only_with_trigger' retrieved from /home/airflow/.local/lib/python3.8/site-packages/airflow/example_dags/example_latest_only_with_trigger.py
[2024-02-03T05:32:26.085+0000] {logging_mixin.py:188} INFO - [2024-02-03T05:32:26.085+0000] {dag.py:3036} INFO - Sync 1 DAGs
[2024-02-03T05:32:26.108+0000] {logging_mixin.py:188} INFO - [2024-02-03T05:32:26.108+0000] {dag.py:3823} INFO - Setting next_dagrun for latest_only_with_trigger to 2024-02-03 00:00:00+00:00, run_after=2024-02-03 04:00:00+00:00
[2024-02-03T05:32:26.133+0000] {processor.py:183} INFO - Processing /home/airflow/.local/lib/python3.8/site-packages/airflow/example_dags/example_latest_only_with_trigger.py took 0.081 seconds
[2024-02-03T05:32:57.027+0000] {processor.py:161} INFO - Started process (PID=816) to work on /home/airflow/.local/lib/python3.8/site-packages/airflow/example_dags/example_latest_only_with_trigger.py
[2024-02-03T05:32:57.028+0000] {processor.py:830} INFO - Processing file /home/airflow/.local/lib/python3.8/site-packages/airflow/example_dags/example_latest_only_with_trigger.py for tasks to queue
[2024-02-03T05:32:57.030+0000] {logging_mixin.py:188} INFO - [2024-02-03T05:32:57.030+0000] {dagbag.py:538} INFO - Filling up the DagBag from /home/airflow/.local/lib/python3.8/site-packages/airflow/example_dags/example_latest_only_with_trigger.py
[2024-02-03T05:32:57.036+0000] {processor.py:840} INFO - DAG(s) 'latest_only_with_trigger' retrieved from /home/airflow/.local/lib/python3.8/site-packages/airflow/example_dags/example_latest_only_with_trigger.py
[2024-02-03T05:32:57.059+0000] {logging_mixin.py:188} INFO - [2024-02-03T05:32:57.058+0000] {dag.py:3036} INFO - Sync 1 DAGs
[2024-02-03T05:32:57.084+0000] {logging_mixin.py:188} INFO - [2024-02-03T05:32:57.084+0000] {dag.py:3823} INFO - Setting next_dagrun for latest_only_with_trigger to 2024-02-03 00:00:00+00:00, run_after=2024-02-03 04:00:00+00:00
[2024-02-03T05:32:57.110+0000] {processor.py:183} INFO - Processing /home/airflow/.local/lib/python3.8/site-packages/airflow/example_dags/example_latest_only_with_trigger.py took 0.085 seconds
[2024-02-03T06:00:02.488+0000] {processor.py:161} INFO - Started process (PID=79) to work on /home/airflow/.local/lib/python3.8/site-packages/airflow/example_dags/example_latest_only_with_trigger.py
[2024-02-03T06:00:02.490+0000] {processor.py:830} INFO - Processing file /home/airflow/.local/lib/python3.8/site-packages/airflow/example_dags/example_latest_only_with_trigger.py for tasks to queue
[2024-02-03T06:00:02.492+0000] {logging_mixin.py:188} INFO - [2024-02-03T06:00:02.491+0000] {dagbag.py:538} INFO - Filling up the DagBag from /home/airflow/.local/lib/python3.8/site-packages/airflow/example_dags/example_latest_only_with_trigger.py
[2024-02-03T06:00:02.498+0000] {processor.py:840} INFO - DAG(s) 'latest_only_with_trigger' retrieved from /home/airflow/.local/lib/python3.8/site-packages/airflow/example_dags/example_latest_only_with_trigger.py
[2024-02-03T06:00:02.522+0000] {logging_mixin.py:188} INFO - [2024-02-03T06:00:02.522+0000] {dag.py:3036} INFO - Sync 1 DAGs
[2024-02-03T06:00:02.550+0000] {logging_mixin.py:188} INFO - [2024-02-03T06:00:02.550+0000] {dag.py:3823} INFO - Setting next_dagrun for latest_only_with_trigger to 2024-02-03 00:00:00+00:00, run_after=2024-02-03 04:00:00+00:00
[2024-02-03T06:00:02.576+0000] {processor.py:183} INFO - Processing /home/airflow/.local/lib/python3.8/site-packages/airflow/example_dags/example_latest_only_with_trigger.py took 0.091 seconds
[2024-02-03T06:00:32.779+0000] {processor.py:161} INFO - Started process (PID=134) to work on /home/airflow/.local/lib/python3.8/site-packages/airflow/example_dags/example_latest_only_with_trigger.py
[2024-02-03T06:00:32.780+0000] {processor.py:830} INFO - Processing file /home/airflow/.local/lib/python3.8/site-packages/airflow/example_dags/example_latest_only_with_trigger.py for tasks to queue
[2024-02-03T06:00:32.782+0000] {logging_mixin.py:188} INFO - [2024-02-03T06:00:32.782+0000] {dagbag.py:538} INFO - Filling up the DagBag from /home/airflow/.local/lib/python3.8/site-packages/airflow/example_dags/example_latest_only_with_trigger.py
[2024-02-03T06:00:32.788+0000] {processor.py:840} INFO - DAG(s) 'latest_only_with_trigger' retrieved from /home/airflow/.local/lib/python3.8/site-packages/airflow/example_dags/example_latest_only_with_trigger.py
[2024-02-03T06:00:32.812+0000] {logging_mixin.py:188} INFO - [2024-02-03T06:00:32.811+0000] {dag.py:3036} INFO - Sync 1 DAGs
[2024-02-03T06:00:32.837+0000] {logging_mixin.py:188} INFO - [2024-02-03T06:00:32.836+0000] {dag.py:3823} INFO - Setting next_dagrun for latest_only_with_trigger to 2024-02-03 00:00:00+00:00, run_after=2024-02-03 04:00:00+00:00
[2024-02-03T06:00:32.861+0000] {processor.py:183} INFO - Processing /home/airflow/.local/lib/python3.8/site-packages/airflow/example_dags/example_latest_only_with_trigger.py took 0.085 seconds
[2024-02-03T06:01:03.307+0000] {processor.py:161} INFO - Started process (PID=189) to work on /home/airflow/.local/lib/python3.8/site-packages/airflow/example_dags/example_latest_only_with_trigger.py
[2024-02-03T06:01:03.309+0000] {processor.py:830} INFO - Processing file /home/airflow/.local/lib/python3.8/site-packages/airflow/example_dags/example_latest_only_with_trigger.py for tasks to queue
[2024-02-03T06:01:03.312+0000] {logging_mixin.py:188} INFO - [2024-02-03T06:01:03.312+0000] {dagbag.py:538} INFO - Filling up the DagBag from /home/airflow/.local/lib/python3.8/site-packages/airflow/example_dags/example_latest_only_with_trigger.py
[2024-02-03T06:01:03.319+0000] {processor.py:840} INFO - DAG(s) 'latest_only_with_trigger' retrieved from /home/airflow/.local/lib/python3.8/site-packages/airflow/example_dags/example_latest_only_with_trigger.py
[2024-02-03T06:01:03.344+0000] {logging_mixin.py:188} INFO - [2024-02-03T06:01:03.344+0000] {dag.py:3036} INFO - Sync 1 DAGs
[2024-02-03T06:01:03.369+0000] {logging_mixin.py:188} INFO - [2024-02-03T06:01:03.369+0000] {dag.py:3823} INFO - Setting next_dagrun for latest_only_with_trigger to 2024-02-03 00:00:00+00:00, run_after=2024-02-03 04:00:00+00:00
[2024-02-03T06:01:03.395+0000] {processor.py:183} INFO - Processing /home/airflow/.local/lib/python3.8/site-packages/airflow/example_dags/example_latest_only_with_trigger.py took 0.091 seconds
[2024-02-03T06:33:40.543+0000] {processor.py:161} INFO - Started process (PID=79) to work on /home/airflow/.local/lib/python3.8/site-packages/airflow/example_dags/example_latest_only_with_trigger.py
[2024-02-03T06:33:40.551+0000] {processor.py:830} INFO - Processing file /home/airflow/.local/lib/python3.8/site-packages/airflow/example_dags/example_latest_only_with_trigger.py for tasks to queue
[2024-02-03T06:33:40.559+0000] {logging_mixin.py:188} INFO - [2024-02-03T06:33:40.559+0000] {dagbag.py:538} INFO - Filling up the DagBag from /home/airflow/.local/lib/python3.8/site-packages/airflow/example_dags/example_latest_only_with_trigger.py
[2024-02-03T06:33:40.573+0000] {processor.py:840} INFO - DAG(s) 'latest_only_with_trigger' retrieved from /home/airflow/.local/lib/python3.8/site-packages/airflow/example_dags/example_latest_only_with_trigger.py
[2024-02-03T06:33:40.615+0000] {logging_mixin.py:188} INFO - [2024-02-03T06:33:40.615+0000] {dag.py:3036} INFO - Sync 1 DAGs
[2024-02-03T06:33:40.697+0000] {logging_mixin.py:188} INFO - [2024-02-03T06:33:40.697+0000] {dag.py:3823} INFO - Setting next_dagrun for latest_only_with_trigger to 2024-02-03 00:00:00+00:00, run_after=2024-02-03 04:00:00+00:00
[2024-02-03T06:33:40.751+0000] {processor.py:183} INFO - Processing /home/airflow/.local/lib/python3.8/site-packages/airflow/example_dags/example_latest_only_with_trigger.py took 0.232 seconds
[2024-02-03T06:34:11.728+0000] {processor.py:161} INFO - Started process (PID=134) to work on /home/airflow/.local/lib/python3.8/site-packages/airflow/example_dags/example_latest_only_with_trigger.py
[2024-02-03T06:34:11.729+0000] {processor.py:830} INFO - Processing file /home/airflow/.local/lib/python3.8/site-packages/airflow/example_dags/example_latest_only_with_trigger.py for tasks to queue
[2024-02-03T06:34:11.732+0000] {logging_mixin.py:188} INFO - [2024-02-03T06:34:11.731+0000] {dagbag.py:538} INFO - Filling up the DagBag from /home/airflow/.local/lib/python3.8/site-packages/airflow/example_dags/example_latest_only_with_trigger.py
[2024-02-03T06:34:11.738+0000] {processor.py:840} INFO - DAG(s) 'latest_only_with_trigger' retrieved from /home/airflow/.local/lib/python3.8/site-packages/airflow/example_dags/example_latest_only_with_trigger.py
[2024-02-03T06:34:11.865+0000] {logging_mixin.py:188} INFO - [2024-02-03T06:34:11.864+0000] {dag.py:3036} INFO - Sync 1 DAGs
[2024-02-03T06:34:11.889+0000] {logging_mixin.py:188} INFO - [2024-02-03T06:34:11.889+0000] {dag.py:3823} INFO - Setting next_dagrun for latest_only_with_trigger to 2024-02-03 00:00:00+00:00, run_after=2024-02-03 04:00:00+00:00
[2024-02-03T06:34:11.916+0000] {processor.py:183} INFO - Processing /home/airflow/.local/lib/python3.8/site-packages/airflow/example_dags/example_latest_only_with_trigger.py took 0.191 seconds
[2024-02-03T06:34:42.160+0000] {processor.py:161} INFO - Started process (PID=189) to work on /home/airflow/.local/lib/python3.8/site-packages/airflow/example_dags/example_latest_only_with_trigger.py
[2024-02-03T06:34:42.161+0000] {processor.py:830} INFO - Processing file /home/airflow/.local/lib/python3.8/site-packages/airflow/example_dags/example_latest_only_with_trigger.py for tasks to queue
[2024-02-03T06:34:42.163+0000] {logging_mixin.py:188} INFO - [2024-02-03T06:34:42.163+0000] {dagbag.py:538} INFO - Filling up the DagBag from /home/airflow/.local/lib/python3.8/site-packages/airflow/example_dags/example_latest_only_with_trigger.py
[2024-02-03T06:34:42.169+0000] {processor.py:840} INFO - DAG(s) 'latest_only_with_trigger' retrieved from /home/airflow/.local/lib/python3.8/site-packages/airflow/example_dags/example_latest_only_with_trigger.py
[2024-02-03T06:34:42.196+0000] {logging_mixin.py:188} INFO - [2024-02-03T06:34:42.196+0000] {dag.py:3036} INFO - Sync 1 DAGs
[2024-02-03T06:34:42.223+0000] {logging_mixin.py:188} INFO - [2024-02-03T06:34:42.223+0000] {dag.py:3823} INFO - Setting next_dagrun for latest_only_with_trigger to 2024-02-03 00:00:00+00:00, run_after=2024-02-03 04:00:00+00:00
[2024-02-03T06:34:42.246+0000] {processor.py:183} INFO - Processing /home/airflow/.local/lib/python3.8/site-packages/airflow/example_dags/example_latest_only_with_trigger.py took 0.089 seconds
[2024-02-03T06:35:12.573+0000] {processor.py:161} INFO - Started process (PID=244) to work on /home/airflow/.local/lib/python3.8/site-packages/airflow/example_dags/example_latest_only_with_trigger.py
[2024-02-03T06:35:12.574+0000] {processor.py:830} INFO - Processing file /home/airflow/.local/lib/python3.8/site-packages/airflow/example_dags/example_latest_only_with_trigger.py for tasks to queue
[2024-02-03T06:35:12.576+0000] {logging_mixin.py:188} INFO - [2024-02-03T06:35:12.575+0000] {dagbag.py:538} INFO - Filling up the DagBag from /home/airflow/.local/lib/python3.8/site-packages/airflow/example_dags/example_latest_only_with_trigger.py
[2024-02-03T06:35:12.582+0000] {processor.py:840} INFO - DAG(s) 'latest_only_with_trigger' retrieved from /home/airflow/.local/lib/python3.8/site-packages/airflow/example_dags/example_latest_only_with_trigger.py
[2024-02-03T06:35:12.606+0000] {logging_mixin.py:188} INFO - [2024-02-03T06:35:12.606+0000] {dag.py:3036} INFO - Sync 1 DAGs
[2024-02-03T06:35:12.632+0000] {logging_mixin.py:188} INFO - [2024-02-03T06:35:12.632+0000] {dag.py:3823} INFO - Setting next_dagrun for latest_only_with_trigger to 2024-02-03 00:00:00+00:00, run_after=2024-02-03 04:00:00+00:00
[2024-02-03T06:35:12.657+0000] {processor.py:183} INFO - Processing /home/airflow/.local/lib/python3.8/site-packages/airflow/example_dags/example_latest_only_with_trigger.py took 0.087 seconds
[2024-02-03T06:35:43.046+0000] {processor.py:161} INFO - Started process (PID=299) to work on /home/airflow/.local/lib/python3.8/site-packages/airflow/example_dags/example_latest_only_with_trigger.py
[2024-02-03T06:35:43.047+0000] {processor.py:830} INFO - Processing file /home/airflow/.local/lib/python3.8/site-packages/airflow/example_dags/example_latest_only_with_trigger.py for tasks to queue
[2024-02-03T06:35:43.048+0000] {logging_mixin.py:188} INFO - [2024-02-03T06:35:43.048+0000] {dagbag.py:538} INFO - Filling up the DagBag from /home/airflow/.local/lib/python3.8/site-packages/airflow/example_dags/example_latest_only_with_trigger.py
[2024-02-03T06:35:43.054+0000] {processor.py:840} INFO - DAG(s) 'latest_only_with_trigger' retrieved from /home/airflow/.local/lib/python3.8/site-packages/airflow/example_dags/example_latest_only_with_trigger.py
[2024-02-03T06:35:43.080+0000] {logging_mixin.py:188} INFO - [2024-02-03T06:35:43.079+0000] {dag.py:3036} INFO - Sync 1 DAGs
[2024-02-03T06:35:43.107+0000] {logging_mixin.py:188} INFO - [2024-02-03T06:35:43.107+0000] {dag.py:3823} INFO - Setting next_dagrun for latest_only_with_trigger to 2024-02-03 00:00:00+00:00, run_after=2024-02-03 04:00:00+00:00
[2024-02-03T06:35:43.130+0000] {processor.py:183} INFO - Processing /home/airflow/.local/lib/python3.8/site-packages/airflow/example_dags/example_latest_only_with_trigger.py took 0.087 seconds
[2024-02-03T06:36:13.478+0000] {processor.py:161} INFO - Started process (PID=354) to work on /home/airflow/.local/lib/python3.8/site-packages/airflow/example_dags/example_latest_only_with_trigger.py
[2024-02-03T06:36:13.479+0000] {processor.py:830} INFO - Processing file /home/airflow/.local/lib/python3.8/site-packages/airflow/example_dags/example_latest_only_with_trigger.py for tasks to queue
[2024-02-03T06:36:13.481+0000] {logging_mixin.py:188} INFO - [2024-02-03T06:36:13.480+0000] {dagbag.py:538} INFO - Filling up the DagBag from /home/airflow/.local/lib/python3.8/site-packages/airflow/example_dags/example_latest_only_with_trigger.py
[2024-02-03T06:36:13.486+0000] {processor.py:840} INFO - DAG(s) 'latest_only_with_trigger' retrieved from /home/airflow/.local/lib/python3.8/site-packages/airflow/example_dags/example_latest_only_with_trigger.py
[2024-02-03T06:36:13.511+0000] {logging_mixin.py:188} INFO - [2024-02-03T06:36:13.511+0000] {dag.py:3036} INFO - Sync 1 DAGs
[2024-02-03T06:36:13.540+0000] {logging_mixin.py:188} INFO - [2024-02-03T06:36:13.540+0000] {dag.py:3823} INFO - Setting next_dagrun for latest_only_with_trigger to 2024-02-03 00:00:00+00:00, run_after=2024-02-03 04:00:00+00:00
[2024-02-03T06:36:13.574+0000] {processor.py:183} INFO - Processing /home/airflow/.local/lib/python3.8/site-packages/airflow/example_dags/example_latest_only_with_trigger.py took 0.099 seconds
