[2024-02-03T05:26:16.200+0000] {processor.py:161} INFO - Started process (PID=54) to work on /home/airflow/.local/lib/python3.8/site-packages/airflow/example_dags/example_nested_branch_dag.py
[2024-02-03T05:26:16.201+0000] {processor.py:830} INFO - Processing file /home/airflow/.local/lib/python3.8/site-packages/airflow/example_dags/example_nested_branch_dag.py for tasks to queue
[2024-02-03T05:26:16.204+0000] {logging_mixin.py:188} INFO - [2024-02-03T05:26:16.204+0000] {dagbag.py:538} INFO - Filling up the DagBag from /home/airflow/.local/lib/python3.8/site-packages/airflow/example_dags/example_nested_branch_dag.py
[2024-02-03T05:26:16.223+0000] {processor.py:840} INFO - DAG(s) 'example_nested_branch_dag' retrieved from /home/airflow/.local/lib/python3.8/site-packages/airflow/example_dags/example_nested_branch_dag.py
[2024-02-03T05:26:16.407+0000] {logging_mixin.py:188} INFO - [2024-02-03T05:26:16.406+0000] {dag.py:3036} INFO - Sync 1 DAGs
[2024-02-03T05:26:16.441+0000] {logging_mixin.py:188} INFO - [2024-02-03T05:26:16.440+0000] {dag.py:3823} INFO - Setting next_dagrun for example_nested_branch_dag to 2024-02-02 00:00:00+00:00, run_after=2024-02-03 00:00:00+00:00
[2024-02-03T05:26:16.476+0000] {processor.py:183} INFO - Processing /home/airflow/.local/lib/python3.8/site-packages/airflow/example_dags/example_nested_branch_dag.py took 0.280 seconds
[2024-02-03T05:26:47.208+0000] {processor.py:161} INFO - Started process (PID=109) to work on /home/airflow/.local/lib/python3.8/site-packages/airflow/example_dags/example_nested_branch_dag.py
[2024-02-03T05:26:47.209+0000] {processor.py:830} INFO - Processing file /home/airflow/.local/lib/python3.8/site-packages/airflow/example_dags/example_nested_branch_dag.py for tasks to queue
[2024-02-03T05:26:47.211+0000] {logging_mixin.py:188} INFO - [2024-02-03T05:26:47.210+0000] {dagbag.py:538} INFO - Filling up the DagBag from /home/airflow/.local/lib/python3.8/site-packages/airflow/example_dags/example_nested_branch_dag.py
[2024-02-03T05:26:47.222+0000] {processor.py:840} INFO - DAG(s) 'example_nested_branch_dag' retrieved from /home/airflow/.local/lib/python3.8/site-packages/airflow/example_dags/example_nested_branch_dag.py
[2024-02-03T05:26:47.250+0000] {logging_mixin.py:188} INFO - [2024-02-03T05:26:47.250+0000] {dag.py:3036} INFO - Sync 1 DAGs
[2024-02-03T05:26:47.279+0000] {logging_mixin.py:188} INFO - [2024-02-03T05:26:47.279+0000] {dag.py:3823} INFO - Setting next_dagrun for example_nested_branch_dag to 2024-02-02 00:00:00+00:00, run_after=2024-02-03 00:00:00+00:00
[2024-02-03T05:26:47.303+0000] {processor.py:183} INFO - Processing /home/airflow/.local/lib/python3.8/site-packages/airflow/example_dags/example_nested_branch_dag.py took 0.098 seconds
[2024-02-03T05:27:17.532+0000] {processor.py:161} INFO - Started process (PID=164) to work on /home/airflow/.local/lib/python3.8/site-packages/airflow/example_dags/example_nested_branch_dag.py
[2024-02-03T05:27:17.533+0000] {processor.py:830} INFO - Processing file /home/airflow/.local/lib/python3.8/site-packages/airflow/example_dags/example_nested_branch_dag.py for tasks to queue
[2024-02-03T05:27:17.535+0000] {logging_mixin.py:188} INFO - [2024-02-03T05:27:17.535+0000] {dagbag.py:538} INFO - Filling up the DagBag from /home/airflow/.local/lib/python3.8/site-packages/airflow/example_dags/example_nested_branch_dag.py
[2024-02-03T05:27:17.547+0000] {processor.py:840} INFO - DAG(s) 'example_nested_branch_dag' retrieved from /home/airflow/.local/lib/python3.8/site-packages/airflow/example_dags/example_nested_branch_dag.py
[2024-02-03T05:27:17.572+0000] {logging_mixin.py:188} INFO - [2024-02-03T05:27:17.572+0000] {dag.py:3036} INFO - Sync 1 DAGs
[2024-02-03T05:27:17.600+0000] {logging_mixin.py:188} INFO - [2024-02-03T05:27:17.600+0000] {dag.py:3823} INFO - Setting next_dagrun for example_nested_branch_dag to 2024-02-02 00:00:00+00:00, run_after=2024-02-03 00:00:00+00:00
[2024-02-03T05:27:17.624+0000] {processor.py:183} INFO - Processing /home/airflow/.local/lib/python3.8/site-packages/airflow/example_dags/example_nested_branch_dag.py took 0.095 seconds
[2024-02-03T05:27:47.692+0000] {processor.py:161} INFO - Started process (PID=218) to work on /home/airflow/.local/lib/python3.8/site-packages/airflow/example_dags/example_nested_branch_dag.py
[2024-02-03T05:27:47.693+0000] {processor.py:830} INFO - Processing file /home/airflow/.local/lib/python3.8/site-packages/airflow/example_dags/example_nested_branch_dag.py for tasks to queue
[2024-02-03T05:27:47.695+0000] {logging_mixin.py:188} INFO - [2024-02-03T05:27:47.694+0000] {dagbag.py:538} INFO - Filling up the DagBag from /home/airflow/.local/lib/python3.8/site-packages/airflow/example_dags/example_nested_branch_dag.py
[2024-02-03T05:27:47.705+0000] {processor.py:840} INFO - DAG(s) 'example_nested_branch_dag' retrieved from /home/airflow/.local/lib/python3.8/site-packages/airflow/example_dags/example_nested_branch_dag.py
[2024-02-03T05:27:47.729+0000] {logging_mixin.py:188} INFO - [2024-02-03T05:27:47.729+0000] {dag.py:3036} INFO - Sync 1 DAGs
[2024-02-03T05:27:47.755+0000] {logging_mixin.py:188} INFO - [2024-02-03T05:27:47.755+0000] {dag.py:3823} INFO - Setting next_dagrun for example_nested_branch_dag to 2024-02-02 00:00:00+00:00, run_after=2024-02-03 00:00:00+00:00
[2024-02-03T05:27:47.781+0000] {processor.py:183} INFO - Processing /home/airflow/.local/lib/python3.8/site-packages/airflow/example_dags/example_nested_branch_dag.py took 0.092 seconds
[2024-02-03T05:28:17.835+0000] {processor.py:161} INFO - Started process (PID=273) to work on /home/airflow/.local/lib/python3.8/site-packages/airflow/example_dags/example_nested_branch_dag.py
[2024-02-03T05:28:17.837+0000] {processor.py:830} INFO - Processing file /home/airflow/.local/lib/python3.8/site-packages/airflow/example_dags/example_nested_branch_dag.py for tasks to queue
[2024-02-03T05:28:17.839+0000] {logging_mixin.py:188} INFO - [2024-02-03T05:28:17.838+0000] {dagbag.py:538} INFO - Filling up the DagBag from /home/airflow/.local/lib/python3.8/site-packages/airflow/example_dags/example_nested_branch_dag.py
[2024-02-03T05:28:17.852+0000] {processor.py:840} INFO - DAG(s) 'example_nested_branch_dag' retrieved from /home/airflow/.local/lib/python3.8/site-packages/airflow/example_dags/example_nested_branch_dag.py
[2024-02-03T05:28:17.881+0000] {logging_mixin.py:188} INFO - [2024-02-03T05:28:17.880+0000] {dag.py:3036} INFO - Sync 1 DAGs
[2024-02-03T05:28:17.908+0000] {logging_mixin.py:188} INFO - [2024-02-03T05:28:17.907+0000] {dag.py:3823} INFO - Setting next_dagrun for example_nested_branch_dag to 2024-02-02 00:00:00+00:00, run_after=2024-02-03 00:00:00+00:00
[2024-02-03T05:28:17.938+0000] {processor.py:183} INFO - Processing /home/airflow/.local/lib/python3.8/site-packages/airflow/example_dags/example_nested_branch_dag.py took 0.107 seconds
[2024-02-03T05:28:48.047+0000] {processor.py:161} INFO - Started process (PID=328) to work on /home/airflow/.local/lib/python3.8/site-packages/airflow/example_dags/example_nested_branch_dag.py
[2024-02-03T05:28:48.049+0000] {processor.py:830} INFO - Processing file /home/airflow/.local/lib/python3.8/site-packages/airflow/example_dags/example_nested_branch_dag.py for tasks to queue
[2024-02-03T05:28:48.050+0000] {logging_mixin.py:188} INFO - [2024-02-03T05:28:48.050+0000] {dagbag.py:538} INFO - Filling up the DagBag from /home/airflow/.local/lib/python3.8/site-packages/airflow/example_dags/example_nested_branch_dag.py
[2024-02-03T05:28:48.061+0000] {processor.py:840} INFO - DAG(s) 'example_nested_branch_dag' retrieved from /home/airflow/.local/lib/python3.8/site-packages/airflow/example_dags/example_nested_branch_dag.py
[2024-02-03T05:28:48.084+0000] {logging_mixin.py:188} INFO - [2024-02-03T05:28:48.084+0000] {dag.py:3036} INFO - Sync 1 DAGs
[2024-02-03T05:28:48.110+0000] {logging_mixin.py:188} INFO - [2024-02-03T05:28:48.110+0000] {dag.py:3823} INFO - Setting next_dagrun for example_nested_branch_dag to 2024-02-02 00:00:00+00:00, run_after=2024-02-03 00:00:00+00:00
[2024-02-03T05:28:48.137+0000] {processor.py:183} INFO - Processing /home/airflow/.local/lib/python3.8/site-packages/airflow/example_dags/example_nested_branch_dag.py took 0.092 seconds
[2024-02-03T05:29:18.350+0000] {processor.py:161} INFO - Started process (PID=383) to work on /home/airflow/.local/lib/python3.8/site-packages/airflow/example_dags/example_nested_branch_dag.py
[2024-02-03T05:29:18.351+0000] {processor.py:830} INFO - Processing file /home/airflow/.local/lib/python3.8/site-packages/airflow/example_dags/example_nested_branch_dag.py for tasks to queue
[2024-02-03T05:29:18.353+0000] {logging_mixin.py:188} INFO - [2024-02-03T05:29:18.353+0000] {dagbag.py:538} INFO - Filling up the DagBag from /home/airflow/.local/lib/python3.8/site-packages/airflow/example_dags/example_nested_branch_dag.py
[2024-02-03T05:29:18.364+0000] {processor.py:840} INFO - DAG(s) 'example_nested_branch_dag' retrieved from /home/airflow/.local/lib/python3.8/site-packages/airflow/example_dags/example_nested_branch_dag.py
[2024-02-03T05:29:18.391+0000] {logging_mixin.py:188} INFO - [2024-02-03T05:29:18.391+0000] {dag.py:3036} INFO - Sync 1 DAGs
[2024-02-03T05:29:18.419+0000] {logging_mixin.py:188} INFO - [2024-02-03T05:29:18.419+0000] {dag.py:3823} INFO - Setting next_dagrun for example_nested_branch_dag to 2024-02-02 00:00:00+00:00, run_after=2024-02-03 00:00:00+00:00
[2024-02-03T05:29:18.448+0000] {processor.py:183} INFO - Processing /home/airflow/.local/lib/python3.8/site-packages/airflow/example_dags/example_nested_branch_dag.py took 0.101 seconds
[2024-02-03T05:29:48.733+0000] {processor.py:161} INFO - Started process (PID=438) to work on /home/airflow/.local/lib/python3.8/site-packages/airflow/example_dags/example_nested_branch_dag.py
[2024-02-03T05:29:48.734+0000] {processor.py:830} INFO - Processing file /home/airflow/.local/lib/python3.8/site-packages/airflow/example_dags/example_nested_branch_dag.py for tasks to queue
[2024-02-03T05:29:48.736+0000] {logging_mixin.py:188} INFO - [2024-02-03T05:29:48.736+0000] {dagbag.py:538} INFO - Filling up the DagBag from /home/airflow/.local/lib/python3.8/site-packages/airflow/example_dags/example_nested_branch_dag.py
[2024-02-03T05:29:48.747+0000] {processor.py:840} INFO - DAG(s) 'example_nested_branch_dag' retrieved from /home/airflow/.local/lib/python3.8/site-packages/airflow/example_dags/example_nested_branch_dag.py
[2024-02-03T05:29:48.779+0000] {logging_mixin.py:188} INFO - [2024-02-03T05:29:48.778+0000] {dag.py:3036} INFO - Sync 1 DAGs
[2024-02-03T05:29:48.816+0000] {logging_mixin.py:188} INFO - [2024-02-03T05:29:48.816+0000] {dag.py:3823} INFO - Setting next_dagrun for example_nested_branch_dag to 2024-02-02 00:00:00+00:00, run_after=2024-02-03 00:00:00+00:00
[2024-02-03T05:29:48.848+0000] {processor.py:183} INFO - Processing /home/airflow/.local/lib/python3.8/site-packages/airflow/example_dags/example_nested_branch_dag.py took 0.118 seconds
[2024-02-03T05:30:18.994+0000] {processor.py:161} INFO - Started process (PID=493) to work on /home/airflow/.local/lib/python3.8/site-packages/airflow/example_dags/example_nested_branch_dag.py
[2024-02-03T05:30:18.997+0000] {processor.py:830} INFO - Processing file /home/airflow/.local/lib/python3.8/site-packages/airflow/example_dags/example_nested_branch_dag.py for tasks to queue
[2024-02-03T05:30:18.999+0000] {logging_mixin.py:188} INFO - [2024-02-03T05:30:18.999+0000] {dagbag.py:538} INFO - Filling up the DagBag from /home/airflow/.local/lib/python3.8/site-packages/airflow/example_dags/example_nested_branch_dag.py
[2024-02-03T05:30:19.012+0000] {processor.py:840} INFO - DAG(s) 'example_nested_branch_dag' retrieved from /home/airflow/.local/lib/python3.8/site-packages/airflow/example_dags/example_nested_branch_dag.py
[2024-02-03T05:30:19.041+0000] {logging_mixin.py:188} INFO - [2024-02-03T05:30:19.041+0000] {dag.py:3036} INFO - Sync 1 DAGs
[2024-02-03T05:30:19.074+0000] {logging_mixin.py:188} INFO - [2024-02-03T05:30:19.073+0000] {dag.py:3823} INFO - Setting next_dagrun for example_nested_branch_dag to 2024-02-02 00:00:00+00:00, run_after=2024-02-03 00:00:00+00:00
[2024-02-03T05:30:19.099+0000] {processor.py:183} INFO - Processing /home/airflow/.local/lib/python3.8/site-packages/airflow/example_dags/example_nested_branch_dag.py took 0.109 seconds
[2024-02-03T05:30:49.434+0000] {processor.py:161} INFO - Started process (PID=548) to work on /home/airflow/.local/lib/python3.8/site-packages/airflow/example_dags/example_nested_branch_dag.py
[2024-02-03T05:30:49.435+0000] {processor.py:830} INFO - Processing file /home/airflow/.local/lib/python3.8/site-packages/airflow/example_dags/example_nested_branch_dag.py for tasks to queue
[2024-02-03T05:30:49.437+0000] {logging_mixin.py:188} INFO - [2024-02-03T05:30:49.437+0000] {dagbag.py:538} INFO - Filling up the DagBag from /home/airflow/.local/lib/python3.8/site-packages/airflow/example_dags/example_nested_branch_dag.py
[2024-02-03T05:30:49.496+0000] {processor.py:840} INFO - DAG(s) 'example_nested_branch_dag' retrieved from /home/airflow/.local/lib/python3.8/site-packages/airflow/example_dags/example_nested_branch_dag.py
[2024-02-03T05:30:49.562+0000] {logging_mixin.py:188} INFO - [2024-02-03T05:30:49.562+0000] {dag.py:3036} INFO - Sync 1 DAGs
[2024-02-03T05:30:49.625+0000] {logging_mixin.py:188} INFO - [2024-02-03T05:30:49.625+0000] {dag.py:3823} INFO - Setting next_dagrun for example_nested_branch_dag to 2024-02-02 00:00:00+00:00, run_after=2024-02-03 00:00:00+00:00
[2024-02-03T05:30:49.658+0000] {processor.py:183} INFO - Processing /home/airflow/.local/lib/python3.8/site-packages/airflow/example_dags/example_nested_branch_dag.py took 0.239 seconds
[2024-02-03T05:31:19.799+0000] {processor.py:161} INFO - Started process (PID=603) to work on /home/airflow/.local/lib/python3.8/site-packages/airflow/example_dags/example_nested_branch_dag.py
[2024-02-03T05:31:19.800+0000] {processor.py:830} INFO - Processing file /home/airflow/.local/lib/python3.8/site-packages/airflow/example_dags/example_nested_branch_dag.py for tasks to queue
[2024-02-03T05:31:19.802+0000] {logging_mixin.py:188} INFO - [2024-02-03T05:31:19.802+0000] {dagbag.py:538} INFO - Filling up the DagBag from /home/airflow/.local/lib/python3.8/site-packages/airflow/example_dags/example_nested_branch_dag.py
[2024-02-03T05:31:19.814+0000] {processor.py:840} INFO - DAG(s) 'example_nested_branch_dag' retrieved from /home/airflow/.local/lib/python3.8/site-packages/airflow/example_dags/example_nested_branch_dag.py
[2024-02-03T05:31:19.838+0000] {logging_mixin.py:188} INFO - [2024-02-03T05:31:19.838+0000] {dag.py:3036} INFO - Sync 1 DAGs
[2024-02-03T05:31:19.865+0000] {logging_mixin.py:188} INFO - [2024-02-03T05:31:19.865+0000] {dag.py:3823} INFO - Setting next_dagrun for example_nested_branch_dag to 2024-02-02 00:00:00+00:00, run_after=2024-02-03 00:00:00+00:00
[2024-02-03T05:31:19.892+0000] {processor.py:183} INFO - Processing /home/airflow/.local/lib/python3.8/site-packages/airflow/example_dags/example_nested_branch_dag.py took 0.097 seconds
[2024-02-03T05:31:49.965+0000] {processor.py:161} INFO - Started process (PID=674) to work on /home/airflow/.local/lib/python3.8/site-packages/airflow/example_dags/example_nested_branch_dag.py
[2024-02-03T05:31:49.966+0000] {processor.py:830} INFO - Processing file /home/airflow/.local/lib/python3.8/site-packages/airflow/example_dags/example_nested_branch_dag.py for tasks to queue
[2024-02-03T05:31:49.968+0000] {logging_mixin.py:188} INFO - [2024-02-03T05:31:49.967+0000] {dagbag.py:538} INFO - Filling up the DagBag from /home/airflow/.local/lib/python3.8/site-packages/airflow/example_dags/example_nested_branch_dag.py
[2024-02-03T05:31:49.979+0000] {processor.py:840} INFO - DAG(s) 'example_nested_branch_dag' retrieved from /home/airflow/.local/lib/python3.8/site-packages/airflow/example_dags/example_nested_branch_dag.py
[2024-02-03T05:31:50.004+0000] {logging_mixin.py:188} INFO - [2024-02-03T05:31:50.004+0000] {dag.py:3036} INFO - Sync 1 DAGs
[2024-02-03T05:31:50.032+0000] {logging_mixin.py:188} INFO - [2024-02-03T05:31:50.032+0000] {dag.py:3823} INFO - Setting next_dagrun for example_nested_branch_dag to 2024-02-02 00:00:00+00:00, run_after=2024-02-03 00:00:00+00:00
[2024-02-03T05:31:50.059+0000] {processor.py:183} INFO - Processing /home/airflow/.local/lib/python3.8/site-packages/airflow/example_dags/example_nested_branch_dag.py took 0.097 seconds
[2024-02-03T05:32:20.214+0000] {processor.py:161} INFO - Started process (PID=729) to work on /home/airflow/.local/lib/python3.8/site-packages/airflow/example_dags/example_nested_branch_dag.py
[2024-02-03T05:32:20.215+0000] {processor.py:830} INFO - Processing file /home/airflow/.local/lib/python3.8/site-packages/airflow/example_dags/example_nested_branch_dag.py for tasks to queue
[2024-02-03T05:32:20.217+0000] {logging_mixin.py:188} INFO - [2024-02-03T05:32:20.217+0000] {dagbag.py:538} INFO - Filling up the DagBag from /home/airflow/.local/lib/python3.8/site-packages/airflow/example_dags/example_nested_branch_dag.py
[2024-02-03T05:32:20.228+0000] {processor.py:840} INFO - DAG(s) 'example_nested_branch_dag' retrieved from /home/airflow/.local/lib/python3.8/site-packages/airflow/example_dags/example_nested_branch_dag.py
[2024-02-03T05:32:20.253+0000] {logging_mixin.py:188} INFO - [2024-02-03T05:32:20.253+0000] {dag.py:3036} INFO - Sync 1 DAGs
[2024-02-03T05:32:20.279+0000] {logging_mixin.py:188} INFO - [2024-02-03T05:32:20.278+0000] {dag.py:3823} INFO - Setting next_dagrun for example_nested_branch_dag to 2024-02-02 00:00:00+00:00, run_after=2024-02-03 00:00:00+00:00
[2024-02-03T05:32:20.305+0000] {processor.py:183} INFO - Processing /home/airflow/.local/lib/python3.8/site-packages/airflow/example_dags/example_nested_branch_dag.py took 0.094 seconds
[2024-02-03T05:32:50.400+0000] {processor.py:161} INFO - Started process (PID=784) to work on /home/airflow/.local/lib/python3.8/site-packages/airflow/example_dags/example_nested_branch_dag.py
[2024-02-03T05:32:50.401+0000] {processor.py:830} INFO - Processing file /home/airflow/.local/lib/python3.8/site-packages/airflow/example_dags/example_nested_branch_dag.py for tasks to queue
[2024-02-03T05:32:50.402+0000] {logging_mixin.py:188} INFO - [2024-02-03T05:32:50.402+0000] {dagbag.py:538} INFO - Filling up the DagBag from /home/airflow/.local/lib/python3.8/site-packages/airflow/example_dags/example_nested_branch_dag.py
[2024-02-03T05:32:50.413+0000] {processor.py:840} INFO - DAG(s) 'example_nested_branch_dag' retrieved from /home/airflow/.local/lib/python3.8/site-packages/airflow/example_dags/example_nested_branch_dag.py
[2024-02-03T05:32:50.442+0000] {logging_mixin.py:188} INFO - [2024-02-03T05:32:50.442+0000] {dag.py:3036} INFO - Sync 1 DAGs
[2024-02-03T05:32:50.474+0000] {logging_mixin.py:188} INFO - [2024-02-03T05:32:50.473+0000] {dag.py:3823} INFO - Setting next_dagrun for example_nested_branch_dag to 2024-02-02 00:00:00+00:00, run_after=2024-02-03 00:00:00+00:00
[2024-02-03T05:32:50.499+0000] {processor.py:183} INFO - Processing /home/airflow/.local/lib/python3.8/site-packages/airflow/example_dags/example_nested_branch_dag.py took 0.102 seconds
[2024-02-03T05:33:20.605+0000] {processor.py:161} INFO - Started process (PID=839) to work on /home/airflow/.local/lib/python3.8/site-packages/airflow/example_dags/example_nested_branch_dag.py
[2024-02-03T05:33:20.606+0000] {processor.py:830} INFO - Processing file /home/airflow/.local/lib/python3.8/site-packages/airflow/example_dags/example_nested_branch_dag.py for tasks to queue
[2024-02-03T05:33:20.608+0000] {logging_mixin.py:188} INFO - [2024-02-03T05:33:20.607+0000] {dagbag.py:538} INFO - Filling up the DagBag from /home/airflow/.local/lib/python3.8/site-packages/airflow/example_dags/example_nested_branch_dag.py
[2024-02-03T05:33:20.619+0000] {processor.py:840} INFO - DAG(s) 'example_nested_branch_dag' retrieved from /home/airflow/.local/lib/python3.8/site-packages/airflow/example_dags/example_nested_branch_dag.py
[2024-02-03T05:33:20.644+0000] {logging_mixin.py:188} INFO - [2024-02-03T05:33:20.644+0000] {dag.py:3036} INFO - Sync 1 DAGs
[2024-02-03T05:33:20.672+0000] {logging_mixin.py:188} INFO - [2024-02-03T05:33:20.671+0000] {dag.py:3823} INFO - Setting next_dagrun for example_nested_branch_dag to 2024-02-02 00:00:00+00:00, run_after=2024-02-03 00:00:00+00:00
[2024-02-03T05:33:20.697+0000] {processor.py:183} INFO - Processing /home/airflow/.local/lib/python3.8/site-packages/airflow/example_dags/example_nested_branch_dag.py took 0.095 seconds
[2024-02-03T06:00:00.256+0000] {processor.py:161} INFO - Started process (PID=54) to work on /home/airflow/.local/lib/python3.8/site-packages/airflow/example_dags/example_nested_branch_dag.py
[2024-02-03T06:00:00.258+0000] {processor.py:830} INFO - Processing file /home/airflow/.local/lib/python3.8/site-packages/airflow/example_dags/example_nested_branch_dag.py for tasks to queue
[2024-02-03T06:00:00.264+0000] {logging_mixin.py:188} INFO - [2024-02-03T06:00:00.263+0000] {dagbag.py:538} INFO - Filling up the DagBag from /home/airflow/.local/lib/python3.8/site-packages/airflow/example_dags/example_nested_branch_dag.py
[2024-02-03T06:00:00.292+0000] {processor.py:840} INFO - DAG(s) 'example_nested_branch_dag' retrieved from /home/airflow/.local/lib/python3.8/site-packages/airflow/example_dags/example_nested_branch_dag.py
[2024-02-03T06:00:00.338+0000] {logging_mixin.py:188} INFO - [2024-02-03T06:00:00.337+0000] {dag.py:3036} INFO - Sync 1 DAGs
[2024-02-03T06:00:00.371+0000] {logging_mixin.py:188} INFO - [2024-02-03T06:00:00.371+0000] {dag.py:3823} INFO - Setting next_dagrun for example_nested_branch_dag to 2024-02-02 00:00:00+00:00, run_after=2024-02-03 00:00:00+00:00
[2024-02-03T06:00:00.401+0000] {processor.py:183} INFO - Processing /home/airflow/.local/lib/python3.8/site-packages/airflow/example_dags/example_nested_branch_dag.py took 0.153 seconds
[2024-02-03T06:00:30.893+0000] {processor.py:161} INFO - Started process (PID=108) to work on /home/airflow/.local/lib/python3.8/site-packages/airflow/example_dags/example_nested_branch_dag.py
[2024-02-03T06:00:30.894+0000] {processor.py:830} INFO - Processing file /home/airflow/.local/lib/python3.8/site-packages/airflow/example_dags/example_nested_branch_dag.py for tasks to queue
[2024-02-03T06:00:30.896+0000] {logging_mixin.py:188} INFO - [2024-02-03T06:00:30.896+0000] {dagbag.py:538} INFO - Filling up the DagBag from /home/airflow/.local/lib/python3.8/site-packages/airflow/example_dags/example_nested_branch_dag.py
[2024-02-03T06:00:30.908+0000] {processor.py:840} INFO - DAG(s) 'example_nested_branch_dag' retrieved from /home/airflow/.local/lib/python3.8/site-packages/airflow/example_dags/example_nested_branch_dag.py
[2024-02-03T06:00:30.936+0000] {logging_mixin.py:188} INFO - [2024-02-03T06:00:30.935+0000] {dag.py:3036} INFO - Sync 1 DAGs
[2024-02-03T06:00:30.963+0000] {logging_mixin.py:188} INFO - [2024-02-03T06:00:30.963+0000] {dag.py:3823} INFO - Setting next_dagrun for example_nested_branch_dag to 2024-02-02 00:00:00+00:00, run_after=2024-02-03 00:00:00+00:00
[2024-02-03T06:00:30.986+0000] {processor.py:183} INFO - Processing /home/airflow/.local/lib/python3.8/site-packages/airflow/example_dags/example_nested_branch_dag.py took 0.097 seconds
[2024-02-03T06:01:01.645+0000] {processor.py:161} INFO - Started process (PID=164) to work on /home/airflow/.local/lib/python3.8/site-packages/airflow/example_dags/example_nested_branch_dag.py
[2024-02-03T06:01:01.646+0000] {processor.py:830} INFO - Processing file /home/airflow/.local/lib/python3.8/site-packages/airflow/example_dags/example_nested_branch_dag.py for tasks to queue
[2024-02-03T06:01:01.649+0000] {logging_mixin.py:188} INFO - [2024-02-03T06:01:01.649+0000] {dagbag.py:538} INFO - Filling up the DagBag from /home/airflow/.local/lib/python3.8/site-packages/airflow/example_dags/example_nested_branch_dag.py
[2024-02-03T06:01:01.660+0000] {processor.py:840} INFO - DAG(s) 'example_nested_branch_dag' retrieved from /home/airflow/.local/lib/python3.8/site-packages/airflow/example_dags/example_nested_branch_dag.py
[2024-02-03T06:01:01.684+0000] {logging_mixin.py:188} INFO - [2024-02-03T06:01:01.684+0000] {dag.py:3036} INFO - Sync 1 DAGs
[2024-02-03T06:01:01.710+0000] {logging_mixin.py:188} INFO - [2024-02-03T06:01:01.710+0000] {dag.py:3823} INFO - Setting next_dagrun for example_nested_branch_dag to 2024-02-02 00:00:00+00:00, run_after=2024-02-03 00:00:00+00:00
[2024-02-03T06:01:01.735+0000] {processor.py:183} INFO - Processing /home/airflow/.local/lib/python3.8/site-packages/airflow/example_dags/example_nested_branch_dag.py took 0.093 seconds
[2024-02-03T06:33:37.630+0000] {processor.py:161} INFO - Started process (PID=54) to work on /home/airflow/.local/lib/python3.8/site-packages/airflow/example_dags/example_nested_branch_dag.py
[2024-02-03T06:33:37.631+0000] {processor.py:830} INFO - Processing file /home/airflow/.local/lib/python3.8/site-packages/airflow/example_dags/example_nested_branch_dag.py for tasks to queue
[2024-02-03T06:33:37.635+0000] {logging_mixin.py:188} INFO - [2024-02-03T06:33:37.634+0000] {dagbag.py:538} INFO - Filling up the DagBag from /home/airflow/.local/lib/python3.8/site-packages/airflow/example_dags/example_nested_branch_dag.py
[2024-02-03T06:33:37.655+0000] {processor.py:840} INFO - DAG(s) 'example_nested_branch_dag' retrieved from /home/airflow/.local/lib/python3.8/site-packages/airflow/example_dags/example_nested_branch_dag.py
[2024-02-03T06:33:37.674+0000] {logging_mixin.py:188} INFO - [2024-02-03T06:33:37.673+0000] {dag.py:3036} INFO - Sync 1 DAGs
[2024-02-03T06:33:37.711+0000] {logging_mixin.py:188} INFO - [2024-02-03T06:33:37.711+0000] {dag.py:3823} INFO - Setting next_dagrun for example_nested_branch_dag to 2024-02-02 00:00:00+00:00, run_after=2024-02-03 00:00:00+00:00
[2024-02-03T06:33:37.742+0000] {processor.py:183} INFO - Processing /home/airflow/.local/lib/python3.8/site-packages/airflow/example_dags/example_nested_branch_dag.py took 0.118 seconds
[2024-02-03T06:34:08.787+0000] {processor.py:161} INFO - Started process (PID=108) to work on /home/airflow/.local/lib/python3.8/site-packages/airflow/example_dags/example_nested_branch_dag.py
[2024-02-03T06:34:08.788+0000] {processor.py:830} INFO - Processing file /home/airflow/.local/lib/python3.8/site-packages/airflow/example_dags/example_nested_branch_dag.py for tasks to queue
[2024-02-03T06:34:08.790+0000] {logging_mixin.py:188} INFO - [2024-02-03T06:34:08.790+0000] {dagbag.py:538} INFO - Filling up the DagBag from /home/airflow/.local/lib/python3.8/site-packages/airflow/example_dags/example_nested_branch_dag.py
[2024-02-03T06:34:08.800+0000] {processor.py:840} INFO - DAG(s) 'example_nested_branch_dag' retrieved from /home/airflow/.local/lib/python3.8/site-packages/airflow/example_dags/example_nested_branch_dag.py
[2024-02-03T06:34:08.919+0000] {logging_mixin.py:188} INFO - [2024-02-03T06:34:08.919+0000] {dag.py:3036} INFO - Sync 1 DAGs
[2024-02-03T06:34:08.943+0000] {logging_mixin.py:188} INFO - [2024-02-03T06:34:08.943+0000] {dag.py:3823} INFO - Setting next_dagrun for example_nested_branch_dag to 2024-02-02 00:00:00+00:00, run_after=2024-02-03 00:00:00+00:00
[2024-02-03T06:34:08.965+0000] {processor.py:183} INFO - Processing /home/airflow/.local/lib/python3.8/site-packages/airflow/example_dags/example_nested_branch_dag.py took 0.181 seconds
[2024-02-03T06:34:39.412+0000] {processor.py:161} INFO - Started process (PID=164) to work on /home/airflow/.local/lib/python3.8/site-packages/airflow/example_dags/example_nested_branch_dag.py
[2024-02-03T06:34:39.414+0000] {processor.py:830} INFO - Processing file /home/airflow/.local/lib/python3.8/site-packages/airflow/example_dags/example_nested_branch_dag.py for tasks to queue
[2024-02-03T06:34:39.416+0000] {logging_mixin.py:188} INFO - [2024-02-03T06:34:39.415+0000] {dagbag.py:538} INFO - Filling up the DagBag from /home/airflow/.local/lib/python3.8/site-packages/airflow/example_dags/example_nested_branch_dag.py
[2024-02-03T06:34:39.427+0000] {processor.py:840} INFO - DAG(s) 'example_nested_branch_dag' retrieved from /home/airflow/.local/lib/python3.8/site-packages/airflow/example_dags/example_nested_branch_dag.py
[2024-02-03T06:34:39.453+0000] {logging_mixin.py:188} INFO - [2024-02-03T06:34:39.453+0000] {dag.py:3036} INFO - Sync 1 DAGs
[2024-02-03T06:34:39.483+0000] {logging_mixin.py:188} INFO - [2024-02-03T06:34:39.483+0000] {dag.py:3823} INFO - Setting next_dagrun for example_nested_branch_dag to 2024-02-02 00:00:00+00:00, run_after=2024-02-03 00:00:00+00:00
[2024-02-03T06:34:39.512+0000] {processor.py:183} INFO - Processing /home/airflow/.local/lib/python3.8/site-packages/airflow/example_dags/example_nested_branch_dag.py took 0.103 seconds
[2024-02-03T06:35:09.764+0000] {processor.py:161} INFO - Started process (PID=218) to work on /home/airflow/.local/lib/python3.8/site-packages/airflow/example_dags/example_nested_branch_dag.py
[2024-02-03T06:35:09.765+0000] {processor.py:830} INFO - Processing file /home/airflow/.local/lib/python3.8/site-packages/airflow/example_dags/example_nested_branch_dag.py for tasks to queue
[2024-02-03T06:35:09.766+0000] {logging_mixin.py:188} INFO - [2024-02-03T06:35:09.766+0000] {dagbag.py:538} INFO - Filling up the DagBag from /home/airflow/.local/lib/python3.8/site-packages/airflow/example_dags/example_nested_branch_dag.py
[2024-02-03T06:35:09.776+0000] {processor.py:840} INFO - DAG(s) 'example_nested_branch_dag' retrieved from /home/airflow/.local/lib/python3.8/site-packages/airflow/example_dags/example_nested_branch_dag.py
[2024-02-03T06:35:09.801+0000] {logging_mixin.py:188} INFO - [2024-02-03T06:35:09.801+0000] {dag.py:3036} INFO - Sync 1 DAGs
[2024-02-03T06:35:09.828+0000] {logging_mixin.py:188} INFO - [2024-02-03T06:35:09.828+0000] {dag.py:3823} INFO - Setting next_dagrun for example_nested_branch_dag to 2024-02-02 00:00:00+00:00, run_after=2024-02-03 00:00:00+00:00
[2024-02-03T06:35:09.849+0000] {processor.py:183} INFO - Processing /home/airflow/.local/lib/python3.8/site-packages/airflow/example_dags/example_nested_branch_dag.py took 0.088 seconds
[2024-02-03T06:35:39.904+0000] {processor.py:161} INFO - Started process (PID=273) to work on /home/airflow/.local/lib/python3.8/site-packages/airflow/example_dags/example_nested_branch_dag.py
[2024-02-03T06:35:39.905+0000] {processor.py:830} INFO - Processing file /home/airflow/.local/lib/python3.8/site-packages/airflow/example_dags/example_nested_branch_dag.py for tasks to queue
[2024-02-03T06:35:39.907+0000] {logging_mixin.py:188} INFO - [2024-02-03T06:35:39.907+0000] {dagbag.py:538} INFO - Filling up the DagBag from /home/airflow/.local/lib/python3.8/site-packages/airflow/example_dags/example_nested_branch_dag.py
[2024-02-03T06:35:39.917+0000] {processor.py:840} INFO - DAG(s) 'example_nested_branch_dag' retrieved from /home/airflow/.local/lib/python3.8/site-packages/airflow/example_dags/example_nested_branch_dag.py
[2024-02-03T06:35:39.943+0000] {logging_mixin.py:188} INFO - [2024-02-03T06:35:39.942+0000] {dag.py:3036} INFO - Sync 1 DAGs
[2024-02-03T06:35:39.971+0000] {logging_mixin.py:188} INFO - [2024-02-03T06:35:39.971+0000] {dag.py:3823} INFO - Setting next_dagrun for example_nested_branch_dag to 2024-02-02 00:00:00+00:00, run_after=2024-02-03 00:00:00+00:00
[2024-02-03T06:35:39.994+0000] {processor.py:183} INFO - Processing /home/airflow/.local/lib/python3.8/site-packages/airflow/example_dags/example_nested_branch_dag.py took 0.093 seconds
[2024-02-03T06:36:10.582+0000] {processor.py:161} INFO - Started process (PID=328) to work on /home/airflow/.local/lib/python3.8/site-packages/airflow/example_dags/example_nested_branch_dag.py
[2024-02-03T06:36:10.583+0000] {processor.py:830} INFO - Processing file /home/airflow/.local/lib/python3.8/site-packages/airflow/example_dags/example_nested_branch_dag.py for tasks to queue
[2024-02-03T06:36:10.585+0000] {logging_mixin.py:188} INFO - [2024-02-03T06:36:10.585+0000] {dagbag.py:538} INFO - Filling up the DagBag from /home/airflow/.local/lib/python3.8/site-packages/airflow/example_dags/example_nested_branch_dag.py
[2024-02-03T06:36:10.596+0000] {processor.py:840} INFO - DAG(s) 'example_nested_branch_dag' retrieved from /home/airflow/.local/lib/python3.8/site-packages/airflow/example_dags/example_nested_branch_dag.py
[2024-02-03T06:36:10.622+0000] {logging_mixin.py:188} INFO - [2024-02-03T06:36:10.622+0000] {dag.py:3036} INFO - Sync 1 DAGs
[2024-02-03T06:36:10.653+0000] {logging_mixin.py:188} INFO - [2024-02-03T06:36:10.653+0000] {dag.py:3823} INFO - Setting next_dagrun for example_nested_branch_dag to 2024-02-02 00:00:00+00:00, run_after=2024-02-03 00:00:00+00:00
[2024-02-03T06:36:10.681+0000] {processor.py:183} INFO - Processing /home/airflow/.local/lib/python3.8/site-packages/airflow/example_dags/example_nested_branch_dag.py took 0.103 seconds
