[2024-02-03T05:26:17.247+0000] {processor.py:161} INFO - Started process (PID=59) to work on /home/airflow/.local/lib/python3.8/site-packages/airflow/example_dags/example_branch_datetime_operator.py
[2024-02-03T05:26:17.249+0000] {processor.py:830} INFO - Processing file /home/airflow/.local/lib/python3.8/site-packages/airflow/example_dags/example_branch_datetime_operator.py for tasks to queue
[2024-02-03T05:26:17.252+0000] {logging_mixin.py:188} INFO - [2024-02-03T05:26:17.252+0000] {dagbag.py:538} INFO - Filling up the DagBag from /home/airflow/.local/lib/python3.8/site-packages/airflow/example_dags/example_branch_datetime_operator.py
[2024-02-03T05:26:17.271+0000] {processor.py:840} INFO - DAG(s) 'example_branch_datetime_operator_2', 'example_branch_datetime_operator', 'example_branch_datetime_operator_3' retrieved from /home/airflow/.local/lib/python3.8/site-packages/airflow/example_dags/example_branch_datetime_operator.py
[2024-02-03T05:26:17.475+0000] {logging_mixin.py:188} INFO - [2024-02-03T05:26:17.474+0000] {dag.py:3036} INFO - Sync 3 DAGs
[2024-02-03T05:26:17.506+0000] {logging_mixin.py:188} INFO - [2024-02-03T05:26:17.506+0000] {dag.py:3823} INFO - Setting next_dagrun for example_branch_datetime_operator to 2024-02-02 00:00:00+00:00, run_after=2024-02-03 00:00:00+00:00
[2024-02-03T05:26:17.515+0000] {logging_mixin.py:188} INFO - [2024-02-03T05:26:17.514+0000] {dag.py:3823} INFO - Setting next_dagrun for example_branch_datetime_operator_2 to 2024-02-02 00:00:00+00:00, run_after=2024-02-03 00:00:00+00:00
[2024-02-03T05:26:17.520+0000] {logging_mixin.py:188} INFO - [2024-02-03T05:26:17.519+0000] {dag.py:3823} INFO - Setting next_dagrun for example_branch_datetime_operator_3 to 2024-02-02 00:00:00+00:00, run_after=2024-02-03 00:00:00+00:00
[2024-02-03T05:26:17.556+0000] {processor.py:183} INFO - Processing /home/airflow/.local/lib/python3.8/site-packages/airflow/example_dags/example_branch_datetime_operator.py took 0.314 seconds
[2024-02-03T05:26:47.609+0000] {processor.py:161} INFO - Started process (PID=114) to work on /home/airflow/.local/lib/python3.8/site-packages/airflow/example_dags/example_branch_datetime_operator.py
[2024-02-03T05:26:47.611+0000] {processor.py:830} INFO - Processing file /home/airflow/.local/lib/python3.8/site-packages/airflow/example_dags/example_branch_datetime_operator.py for tasks to queue
[2024-02-03T05:26:47.613+0000] {logging_mixin.py:188} INFO - [2024-02-03T05:26:47.613+0000] {dagbag.py:538} INFO - Filling up the DagBag from /home/airflow/.local/lib/python3.8/site-packages/airflow/example_dags/example_branch_datetime_operator.py
[2024-02-03T05:26:47.627+0000] {processor.py:840} INFO - DAG(s) 'example_branch_datetime_operator_3', 'example_branch_datetime_operator', 'example_branch_datetime_operator_2' retrieved from /home/airflow/.local/lib/python3.8/site-packages/airflow/example_dags/example_branch_datetime_operator.py
[2024-02-03T05:26:47.661+0000] {logging_mixin.py:188} INFO - [2024-02-03T05:26:47.661+0000] {dag.py:3036} INFO - Sync 3 DAGs
[2024-02-03T05:26:47.689+0000] {logging_mixin.py:188} INFO - [2024-02-03T05:26:47.689+0000] {dag.py:3823} INFO - Setting next_dagrun for example_branch_datetime_operator to 2024-02-02 00:00:00+00:00, run_after=2024-02-03 00:00:00+00:00
[2024-02-03T05:26:47.696+0000] {logging_mixin.py:188} INFO - [2024-02-03T05:26:47.695+0000] {dag.py:3823} INFO - Setting next_dagrun for example_branch_datetime_operator_2 to 2024-02-02 00:00:00+00:00, run_after=2024-02-03 00:00:00+00:00
[2024-02-03T05:26:47.700+0000] {logging_mixin.py:188} INFO - [2024-02-03T05:26:47.699+0000] {dag.py:3823} INFO - Setting next_dagrun for example_branch_datetime_operator_3 to 2024-02-02 00:00:00+00:00, run_after=2024-02-03 00:00:00+00:00
[2024-02-03T05:26:47.720+0000] {processor.py:183} INFO - Processing /home/airflow/.local/lib/python3.8/site-packages/airflow/example_dags/example_branch_datetime_operator.py took 0.114 seconds
[2024-02-03T05:27:17.932+0000] {processor.py:161} INFO - Started process (PID=169) to work on /home/airflow/.local/lib/python3.8/site-packages/airflow/example_dags/example_branch_datetime_operator.py
[2024-02-03T05:27:17.933+0000] {processor.py:830} INFO - Processing file /home/airflow/.local/lib/python3.8/site-packages/airflow/example_dags/example_branch_datetime_operator.py for tasks to queue
[2024-02-03T05:27:17.935+0000] {logging_mixin.py:188} INFO - [2024-02-03T05:27:17.934+0000] {dagbag.py:538} INFO - Filling up the DagBag from /home/airflow/.local/lib/python3.8/site-packages/airflow/example_dags/example_branch_datetime_operator.py
[2024-02-03T05:27:17.946+0000] {processor.py:840} INFO - DAG(s) 'example_branch_datetime_operator', 'example_branch_datetime_operator_3', 'example_branch_datetime_operator_2' retrieved from /home/airflow/.local/lib/python3.8/site-packages/airflow/example_dags/example_branch_datetime_operator.py
[2024-02-03T05:27:17.977+0000] {logging_mixin.py:188} INFO - [2024-02-03T05:27:17.976+0000] {dag.py:3036} INFO - Sync 3 DAGs
[2024-02-03T05:27:18.003+0000] {logging_mixin.py:188} INFO - [2024-02-03T05:27:18.003+0000] {dag.py:3823} INFO - Setting next_dagrun for example_branch_datetime_operator to 2024-02-02 00:00:00+00:00, run_after=2024-02-03 00:00:00+00:00
[2024-02-03T05:27:18.010+0000] {logging_mixin.py:188} INFO - [2024-02-03T05:27:18.009+0000] {dag.py:3823} INFO - Setting next_dagrun for example_branch_datetime_operator_2 to 2024-02-02 00:00:00+00:00, run_after=2024-02-03 00:00:00+00:00
[2024-02-03T05:27:18.015+0000] {logging_mixin.py:188} INFO - [2024-02-03T05:27:18.015+0000] {dag.py:3823} INFO - Setting next_dagrun for example_branch_datetime_operator_3 to 2024-02-02 00:00:00+00:00, run_after=2024-02-03 00:00:00+00:00
[2024-02-03T05:27:18.038+0000] {processor.py:183} INFO - Processing /home/airflow/.local/lib/python3.8/site-packages/airflow/example_dags/example_branch_datetime_operator.py took 0.108 seconds
[2024-02-03T05:27:48.225+0000] {processor.py:161} INFO - Started process (PID=224) to work on /home/airflow/.local/lib/python3.8/site-packages/airflow/example_dags/example_branch_datetime_operator.py
[2024-02-03T05:27:48.226+0000] {processor.py:830} INFO - Processing file /home/airflow/.local/lib/python3.8/site-packages/airflow/example_dags/example_branch_datetime_operator.py for tasks to queue
[2024-02-03T05:27:48.228+0000] {logging_mixin.py:188} INFO - [2024-02-03T05:27:48.227+0000] {dagbag.py:538} INFO - Filling up the DagBag from /home/airflow/.local/lib/python3.8/site-packages/airflow/example_dags/example_branch_datetime_operator.py
[2024-02-03T05:27:48.239+0000] {processor.py:840} INFO - DAG(s) 'example_branch_datetime_operator_2', 'example_branch_datetime_operator_3', 'example_branch_datetime_operator' retrieved from /home/airflow/.local/lib/python3.8/site-packages/airflow/example_dags/example_branch_datetime_operator.py
[2024-02-03T05:27:48.269+0000] {logging_mixin.py:188} INFO - [2024-02-03T05:27:48.269+0000] {dag.py:3036} INFO - Sync 3 DAGs
[2024-02-03T05:27:48.299+0000] {logging_mixin.py:188} INFO - [2024-02-03T05:27:48.298+0000] {dag.py:3823} INFO - Setting next_dagrun for example_branch_datetime_operator to 2024-02-02 00:00:00+00:00, run_after=2024-02-03 00:00:00+00:00
[2024-02-03T05:27:48.306+0000] {logging_mixin.py:188} INFO - [2024-02-03T05:27:48.305+0000] {dag.py:3823} INFO - Setting next_dagrun for example_branch_datetime_operator_2 to 2024-02-02 00:00:00+00:00, run_after=2024-02-03 00:00:00+00:00
[2024-02-03T05:27:48.314+0000] {logging_mixin.py:188} INFO - [2024-02-03T05:27:48.313+0000] {dag.py:3823} INFO - Setting next_dagrun for example_branch_datetime_operator_3 to 2024-02-02 00:00:00+00:00, run_after=2024-02-03 00:00:00+00:00
[2024-02-03T05:27:48.334+0000] {processor.py:183} INFO - Processing /home/airflow/.local/lib/python3.8/site-packages/airflow/example_dags/example_branch_datetime_operator.py took 0.112 seconds
[2024-02-03T05:28:19.400+0000] {processor.py:161} INFO - Started process (PID=279) to work on /home/airflow/.local/lib/python3.8/site-packages/airflow/example_dags/example_branch_datetime_operator.py
[2024-02-03T05:28:19.401+0000] {processor.py:830} INFO - Processing file /home/airflow/.local/lib/python3.8/site-packages/airflow/example_dags/example_branch_datetime_operator.py for tasks to queue
[2024-02-03T05:28:19.403+0000] {logging_mixin.py:188} INFO - [2024-02-03T05:28:19.403+0000] {dagbag.py:538} INFO - Filling up the DagBag from /home/airflow/.local/lib/python3.8/site-packages/airflow/example_dags/example_branch_datetime_operator.py
[2024-02-03T05:28:19.415+0000] {processor.py:840} INFO - DAG(s) 'example_branch_datetime_operator_2', 'example_branch_datetime_operator', 'example_branch_datetime_operator_3' retrieved from /home/airflow/.local/lib/python3.8/site-packages/airflow/example_dags/example_branch_datetime_operator.py
[2024-02-03T05:28:19.451+0000] {logging_mixin.py:188} INFO - [2024-02-03T05:28:19.450+0000] {dag.py:3036} INFO - Sync 3 DAGs
[2024-02-03T05:28:19.483+0000] {logging_mixin.py:188} INFO - [2024-02-03T05:28:19.483+0000] {dag.py:3823} INFO - Setting next_dagrun for example_branch_datetime_operator to 2024-02-02 00:00:00+00:00, run_after=2024-02-03 00:00:00+00:00
[2024-02-03T05:28:19.491+0000] {logging_mixin.py:188} INFO - [2024-02-03T05:28:19.490+0000] {dag.py:3823} INFO - Setting next_dagrun for example_branch_datetime_operator_2 to 2024-02-02 00:00:00+00:00, run_after=2024-02-03 00:00:00+00:00
[2024-02-03T05:28:19.495+0000] {logging_mixin.py:188} INFO - [2024-02-03T05:28:19.495+0000] {dag.py:3823} INFO - Setting next_dagrun for example_branch_datetime_operator_3 to 2024-02-02 00:00:00+00:00, run_after=2024-02-03 00:00:00+00:00
[2024-02-03T05:28:19.520+0000] {processor.py:183} INFO - Processing /home/airflow/.local/lib/python3.8/site-packages/airflow/example_dags/example_branch_datetime_operator.py took 0.123 seconds
[2024-02-03T05:28:49.584+0000] {processor.py:161} INFO - Started process (PID=334) to work on /home/airflow/.local/lib/python3.8/site-packages/airflow/example_dags/example_branch_datetime_operator.py
[2024-02-03T05:28:49.585+0000] {processor.py:830} INFO - Processing file /home/airflow/.local/lib/python3.8/site-packages/airflow/example_dags/example_branch_datetime_operator.py for tasks to queue
[2024-02-03T05:28:49.587+0000] {logging_mixin.py:188} INFO - [2024-02-03T05:28:49.587+0000] {dagbag.py:538} INFO - Filling up the DagBag from /home/airflow/.local/lib/python3.8/site-packages/airflow/example_dags/example_branch_datetime_operator.py
[2024-02-03T05:28:49.598+0000] {processor.py:840} INFO - DAG(s) 'example_branch_datetime_operator_2', 'example_branch_datetime_operator_3', 'example_branch_datetime_operator' retrieved from /home/airflow/.local/lib/python3.8/site-packages/airflow/example_dags/example_branch_datetime_operator.py
[2024-02-03T05:28:49.633+0000] {logging_mixin.py:188} INFO - [2024-02-03T05:28:49.633+0000] {dag.py:3036} INFO - Sync 3 DAGs
[2024-02-03T05:28:49.661+0000] {logging_mixin.py:188} INFO - [2024-02-03T05:28:49.661+0000] {dag.py:3823} INFO - Setting next_dagrun for example_branch_datetime_operator to 2024-02-02 00:00:00+00:00, run_after=2024-02-03 00:00:00+00:00
[2024-02-03T05:28:49.668+0000] {logging_mixin.py:188} INFO - [2024-02-03T05:28:49.667+0000] {dag.py:3823} INFO - Setting next_dagrun for example_branch_datetime_operator_2 to 2024-02-02 00:00:00+00:00, run_after=2024-02-03 00:00:00+00:00
[2024-02-03T05:28:49.671+0000] {logging_mixin.py:188} INFO - [2024-02-03T05:28:49.671+0000] {dag.py:3823} INFO - Setting next_dagrun for example_branch_datetime_operator_3 to 2024-02-02 00:00:00+00:00, run_after=2024-02-03 00:00:00+00:00
[2024-02-03T05:28:49.692+0000] {processor.py:183} INFO - Processing /home/airflow/.local/lib/python3.8/site-packages/airflow/example_dags/example_branch_datetime_operator.py took 0.111 seconds
[2024-02-03T05:29:19.777+0000] {processor.py:161} INFO - Started process (PID=389) to work on /home/airflow/.local/lib/python3.8/site-packages/airflow/example_dags/example_branch_datetime_operator.py
[2024-02-03T05:29:19.778+0000] {processor.py:830} INFO - Processing file /home/airflow/.local/lib/python3.8/site-packages/airflow/example_dags/example_branch_datetime_operator.py for tasks to queue
[2024-02-03T05:29:19.781+0000] {logging_mixin.py:188} INFO - [2024-02-03T05:29:19.780+0000] {dagbag.py:538} INFO - Filling up the DagBag from /home/airflow/.local/lib/python3.8/site-packages/airflow/example_dags/example_branch_datetime_operator.py
[2024-02-03T05:29:19.792+0000] {processor.py:840} INFO - DAG(s) 'example_branch_datetime_operator_3', 'example_branch_datetime_operator_2', 'example_branch_datetime_operator' retrieved from /home/airflow/.local/lib/python3.8/site-packages/airflow/example_dags/example_branch_datetime_operator.py
[2024-02-03T05:29:19.822+0000] {logging_mixin.py:188} INFO - [2024-02-03T05:29:19.822+0000] {dag.py:3036} INFO - Sync 3 DAGs
[2024-02-03T05:29:19.849+0000] {logging_mixin.py:188} INFO - [2024-02-03T05:29:19.849+0000] {dag.py:3823} INFO - Setting next_dagrun for example_branch_datetime_operator to 2024-02-02 00:00:00+00:00, run_after=2024-02-03 00:00:00+00:00
[2024-02-03T05:29:19.855+0000] {logging_mixin.py:188} INFO - [2024-02-03T05:29:19.855+0000] {dag.py:3823} INFO - Setting next_dagrun for example_branch_datetime_operator_2 to 2024-02-02 00:00:00+00:00, run_after=2024-02-03 00:00:00+00:00
[2024-02-03T05:29:19.859+0000] {logging_mixin.py:188} INFO - [2024-02-03T05:29:19.859+0000] {dag.py:3823} INFO - Setting next_dagrun for example_branch_datetime_operator_3 to 2024-02-02 00:00:00+00:00, run_after=2024-02-03 00:00:00+00:00
[2024-02-03T05:29:19.882+0000] {processor.py:183} INFO - Processing /home/airflow/.local/lib/python3.8/site-packages/airflow/example_dags/example_branch_datetime_operator.py took 0.108 seconds
[2024-02-03T05:29:50.164+0000] {processor.py:161} INFO - Started process (PID=444) to work on /home/airflow/.local/lib/python3.8/site-packages/airflow/example_dags/example_branch_datetime_operator.py
[2024-02-03T05:29:50.165+0000] {processor.py:830} INFO - Processing file /home/airflow/.local/lib/python3.8/site-packages/airflow/example_dags/example_branch_datetime_operator.py for tasks to queue
[2024-02-03T05:29:50.167+0000] {logging_mixin.py:188} INFO - [2024-02-03T05:29:50.167+0000] {dagbag.py:538} INFO - Filling up the DagBag from /home/airflow/.local/lib/python3.8/site-packages/airflow/example_dags/example_branch_datetime_operator.py
[2024-02-03T05:29:50.181+0000] {processor.py:840} INFO - DAG(s) 'example_branch_datetime_operator_3', 'example_branch_datetime_operator_2', 'example_branch_datetime_operator' retrieved from /home/airflow/.local/lib/python3.8/site-packages/airflow/example_dags/example_branch_datetime_operator.py
[2024-02-03T05:29:50.217+0000] {logging_mixin.py:188} INFO - [2024-02-03T05:29:50.216+0000] {dag.py:3036} INFO - Sync 3 DAGs
[2024-02-03T05:29:50.245+0000] {logging_mixin.py:188} INFO - [2024-02-03T05:29:50.245+0000] {dag.py:3823} INFO - Setting next_dagrun for example_branch_datetime_operator to 2024-02-02 00:00:00+00:00, run_after=2024-02-03 00:00:00+00:00
[2024-02-03T05:29:50.252+0000] {logging_mixin.py:188} INFO - [2024-02-03T05:29:50.252+0000] {dag.py:3823} INFO - Setting next_dagrun for example_branch_datetime_operator_2 to 2024-02-02 00:00:00+00:00, run_after=2024-02-03 00:00:00+00:00
[2024-02-03T05:29:50.256+0000] {logging_mixin.py:188} INFO - [2024-02-03T05:29:50.256+0000] {dag.py:3823} INFO - Setting next_dagrun for example_branch_datetime_operator_3 to 2024-02-02 00:00:00+00:00, run_after=2024-02-03 00:00:00+00:00
[2024-02-03T05:29:50.279+0000] {processor.py:183} INFO - Processing /home/airflow/.local/lib/python3.8/site-packages/airflow/example_dags/example_branch_datetime_operator.py took 0.119 seconds
[2024-02-03T05:30:20.320+0000] {processor.py:161} INFO - Started process (PID=498) to work on /home/airflow/.local/lib/python3.8/site-packages/airflow/example_dags/example_branch_datetime_operator.py
[2024-02-03T05:30:20.321+0000] {processor.py:830} INFO - Processing file /home/airflow/.local/lib/python3.8/site-packages/airflow/example_dags/example_branch_datetime_operator.py for tasks to queue
[2024-02-03T05:30:20.323+0000] {logging_mixin.py:188} INFO - [2024-02-03T05:30:20.322+0000] {dagbag.py:538} INFO - Filling up the DagBag from /home/airflow/.local/lib/python3.8/site-packages/airflow/example_dags/example_branch_datetime_operator.py
[2024-02-03T05:30:20.335+0000] {processor.py:840} INFO - DAG(s) 'example_branch_datetime_operator', 'example_branch_datetime_operator_2', 'example_branch_datetime_operator_3' retrieved from /home/airflow/.local/lib/python3.8/site-packages/airflow/example_dags/example_branch_datetime_operator.py
[2024-02-03T05:30:20.373+0000] {logging_mixin.py:188} INFO - [2024-02-03T05:30:20.373+0000] {dag.py:3036} INFO - Sync 3 DAGs
[2024-02-03T05:30:20.417+0000] {logging_mixin.py:188} INFO - [2024-02-03T05:30:20.417+0000] {dag.py:3823} INFO - Setting next_dagrun for example_branch_datetime_operator to 2024-02-02 00:00:00+00:00, run_after=2024-02-03 00:00:00+00:00
[2024-02-03T05:30:20.424+0000] {logging_mixin.py:188} INFO - [2024-02-03T05:30:20.424+0000] {dag.py:3823} INFO - Setting next_dagrun for example_branch_datetime_operator_2 to 2024-02-02 00:00:00+00:00, run_after=2024-02-03 00:00:00+00:00
[2024-02-03T05:30:20.429+0000] {logging_mixin.py:188} INFO - [2024-02-03T05:30:20.429+0000] {dag.py:3823} INFO - Setting next_dagrun for example_branch_datetime_operator_3 to 2024-02-02 00:00:00+00:00, run_after=2024-02-03 00:00:00+00:00
[2024-02-03T05:30:20.454+0000] {processor.py:183} INFO - Processing /home/airflow/.local/lib/python3.8/site-packages/airflow/example_dags/example_branch_datetime_operator.py took 0.137 seconds
[2024-02-03T05:30:51.112+0000] {processor.py:161} INFO - Started process (PID=553) to work on /home/airflow/.local/lib/python3.8/site-packages/airflow/example_dags/example_branch_datetime_operator.py
[2024-02-03T05:30:51.114+0000] {processor.py:830} INFO - Processing file /home/airflow/.local/lib/python3.8/site-packages/airflow/example_dags/example_branch_datetime_operator.py for tasks to queue
[2024-02-03T05:30:51.115+0000] {logging_mixin.py:188} INFO - [2024-02-03T05:30:51.115+0000] {dagbag.py:538} INFO - Filling up the DagBag from /home/airflow/.local/lib/python3.8/site-packages/airflow/example_dags/example_branch_datetime_operator.py
[2024-02-03T05:30:51.130+0000] {processor.py:840} INFO - DAG(s) 'example_branch_datetime_operator_2', 'example_branch_datetime_operator_3', 'example_branch_datetime_operator' retrieved from /home/airflow/.local/lib/python3.8/site-packages/airflow/example_dags/example_branch_datetime_operator.py
[2024-02-03T05:30:51.183+0000] {logging_mixin.py:188} INFO - [2024-02-03T05:30:51.183+0000] {dag.py:3036} INFO - Sync 3 DAGs
[2024-02-03T05:30:51.213+0000] {logging_mixin.py:188} INFO - [2024-02-03T05:30:51.213+0000] {dag.py:3823} INFO - Setting next_dagrun for example_branch_datetime_operator to 2024-02-02 00:00:00+00:00, run_after=2024-02-03 00:00:00+00:00
[2024-02-03T05:30:51.220+0000] {logging_mixin.py:188} INFO - [2024-02-03T05:30:51.220+0000] {dag.py:3823} INFO - Setting next_dagrun for example_branch_datetime_operator_2 to 2024-02-02 00:00:00+00:00, run_after=2024-02-03 00:00:00+00:00
[2024-02-03T05:30:51.223+0000] {logging_mixin.py:188} INFO - [2024-02-03T05:30:51.223+0000] {dag.py:3823} INFO - Setting next_dagrun for example_branch_datetime_operator_3 to 2024-02-02 00:00:00+00:00, run_after=2024-02-03 00:00:00+00:00
[2024-02-03T05:30:51.248+0000] {processor.py:183} INFO - Processing /home/airflow/.local/lib/python3.8/site-packages/airflow/example_dags/example_branch_datetime_operator.py took 0.139 seconds
[2024-02-03T05:31:22.257+0000] {processor.py:161} INFO - Started process (PID=609) to work on /home/airflow/.local/lib/python3.8/site-packages/airflow/example_dags/example_branch_datetime_operator.py
[2024-02-03T05:31:22.258+0000] {processor.py:830} INFO - Processing file /home/airflow/.local/lib/python3.8/site-packages/airflow/example_dags/example_branch_datetime_operator.py for tasks to queue
[2024-02-03T05:31:22.261+0000] {logging_mixin.py:188} INFO - [2024-02-03T05:31:22.260+0000] {dagbag.py:538} INFO - Filling up the DagBag from /home/airflow/.local/lib/python3.8/site-packages/airflow/example_dags/example_branch_datetime_operator.py
[2024-02-03T05:31:22.272+0000] {processor.py:840} INFO - DAG(s) 'example_branch_datetime_operator_3', 'example_branch_datetime_operator', 'example_branch_datetime_operator_2' retrieved from /home/airflow/.local/lib/python3.8/site-packages/airflow/example_dags/example_branch_datetime_operator.py
[2024-02-03T05:31:22.309+0000] {logging_mixin.py:188} INFO - [2024-02-03T05:31:22.309+0000] {dag.py:3036} INFO - Sync 3 DAGs
[2024-02-03T05:31:22.336+0000] {logging_mixin.py:188} INFO - [2024-02-03T05:31:22.335+0000] {dag.py:3823} INFO - Setting next_dagrun for example_branch_datetime_operator to 2024-02-02 00:00:00+00:00, run_after=2024-02-03 00:00:00+00:00
[2024-02-03T05:31:22.342+0000] {logging_mixin.py:188} INFO - [2024-02-03T05:31:22.342+0000] {dag.py:3823} INFO - Setting next_dagrun for example_branch_datetime_operator_2 to 2024-02-02 00:00:00+00:00, run_after=2024-02-03 00:00:00+00:00
[2024-02-03T05:31:22.348+0000] {logging_mixin.py:188} INFO - [2024-02-03T05:31:22.347+0000] {dag.py:3823} INFO - Setting next_dagrun for example_branch_datetime_operator_3 to 2024-02-02 00:00:00+00:00, run_after=2024-02-03 00:00:00+00:00
[2024-02-03T05:31:22.374+0000] {processor.py:183} INFO - Processing /home/airflow/.local/lib/python3.8/site-packages/airflow/example_dags/example_branch_datetime_operator.py took 0.120 seconds
[2024-02-03T05:31:53.451+0000] {processor.py:161} INFO - Started process (PID=680) to work on /home/airflow/.local/lib/python3.8/site-packages/airflow/example_dags/example_branch_datetime_operator.py
[2024-02-03T05:31:53.452+0000] {processor.py:830} INFO - Processing file /home/airflow/.local/lib/python3.8/site-packages/airflow/example_dags/example_branch_datetime_operator.py for tasks to queue
[2024-02-03T05:31:53.454+0000] {logging_mixin.py:188} INFO - [2024-02-03T05:31:53.454+0000] {dagbag.py:538} INFO - Filling up the DagBag from /home/airflow/.local/lib/python3.8/site-packages/airflow/example_dags/example_branch_datetime_operator.py
[2024-02-03T05:31:53.465+0000] {processor.py:840} INFO - DAG(s) 'example_branch_datetime_operator', 'example_branch_datetime_operator_2', 'example_branch_datetime_operator_3' retrieved from /home/airflow/.local/lib/python3.8/site-packages/airflow/example_dags/example_branch_datetime_operator.py
[2024-02-03T05:31:53.499+0000] {logging_mixin.py:188} INFO - [2024-02-03T05:31:53.498+0000] {dag.py:3036} INFO - Sync 3 DAGs
[2024-02-03T05:31:53.525+0000] {logging_mixin.py:188} INFO - [2024-02-03T05:31:53.524+0000] {dag.py:3823} INFO - Setting next_dagrun for example_branch_datetime_operator to 2024-02-02 00:00:00+00:00, run_after=2024-02-03 00:00:00+00:00
[2024-02-03T05:31:53.531+0000] {logging_mixin.py:188} INFO - [2024-02-03T05:31:53.531+0000] {dag.py:3823} INFO - Setting next_dagrun for example_branch_datetime_operator_2 to 2024-02-02 00:00:00+00:00, run_after=2024-02-03 00:00:00+00:00
[2024-02-03T05:31:53.535+0000] {logging_mixin.py:188} INFO - [2024-02-03T05:31:53.535+0000] {dag.py:3823} INFO - Setting next_dagrun for example_branch_datetime_operator_3 to 2024-02-02 00:00:00+00:00, run_after=2024-02-03 00:00:00+00:00
[2024-02-03T05:31:53.556+0000] {processor.py:183} INFO - Processing /home/airflow/.local/lib/python3.8/site-packages/airflow/example_dags/example_branch_datetime_operator.py took 0.108 seconds
[2024-02-03T05:32:23.921+0000] {processor.py:161} INFO - Started process (PID=735) to work on /home/airflow/.local/lib/python3.8/site-packages/airflow/example_dags/example_branch_datetime_operator.py
[2024-02-03T05:32:23.922+0000] {processor.py:830} INFO - Processing file /home/airflow/.local/lib/python3.8/site-packages/airflow/example_dags/example_branch_datetime_operator.py for tasks to queue
[2024-02-03T05:32:23.924+0000] {logging_mixin.py:188} INFO - [2024-02-03T05:32:23.924+0000] {dagbag.py:538} INFO - Filling up the DagBag from /home/airflow/.local/lib/python3.8/site-packages/airflow/example_dags/example_branch_datetime_operator.py
[2024-02-03T05:32:23.935+0000] {processor.py:840} INFO - DAG(s) 'example_branch_datetime_operator_3', 'example_branch_datetime_operator', 'example_branch_datetime_operator_2' retrieved from /home/airflow/.local/lib/python3.8/site-packages/airflow/example_dags/example_branch_datetime_operator.py
[2024-02-03T05:32:23.970+0000] {logging_mixin.py:188} INFO - [2024-02-03T05:32:23.970+0000] {dag.py:3036} INFO - Sync 3 DAGs
[2024-02-03T05:32:23.999+0000] {logging_mixin.py:188} INFO - [2024-02-03T05:32:23.999+0000] {dag.py:3823} INFO - Setting next_dagrun for example_branch_datetime_operator to 2024-02-02 00:00:00+00:00, run_after=2024-02-03 00:00:00+00:00
[2024-02-03T05:32:24.006+0000] {logging_mixin.py:188} INFO - [2024-02-03T05:32:24.006+0000] {dag.py:3823} INFO - Setting next_dagrun for example_branch_datetime_operator_2 to 2024-02-02 00:00:00+00:00, run_after=2024-02-03 00:00:00+00:00
[2024-02-03T05:32:24.010+0000] {logging_mixin.py:188} INFO - [2024-02-03T05:32:24.010+0000] {dag.py:3823} INFO - Setting next_dagrun for example_branch_datetime_operator_3 to 2024-02-02 00:00:00+00:00, run_after=2024-02-03 00:00:00+00:00
[2024-02-03T05:32:24.034+0000] {processor.py:183} INFO - Processing /home/airflow/.local/lib/python3.8/site-packages/airflow/example_dags/example_branch_datetime_operator.py took 0.116 seconds
[2024-02-03T05:32:54.757+0000] {processor.py:161} INFO - Started process (PID=790) to work on /home/airflow/.local/lib/python3.8/site-packages/airflow/example_dags/example_branch_datetime_operator.py
[2024-02-03T05:32:54.759+0000] {processor.py:830} INFO - Processing file /home/airflow/.local/lib/python3.8/site-packages/airflow/example_dags/example_branch_datetime_operator.py for tasks to queue
[2024-02-03T05:32:54.761+0000] {logging_mixin.py:188} INFO - [2024-02-03T05:32:54.760+0000] {dagbag.py:538} INFO - Filling up the DagBag from /home/airflow/.local/lib/python3.8/site-packages/airflow/example_dags/example_branch_datetime_operator.py
[2024-02-03T05:32:54.772+0000] {processor.py:840} INFO - DAG(s) 'example_branch_datetime_operator', 'example_branch_datetime_operator_2', 'example_branch_datetime_operator_3' retrieved from /home/airflow/.local/lib/python3.8/site-packages/airflow/example_dags/example_branch_datetime_operator.py
[2024-02-03T05:32:54.808+0000] {logging_mixin.py:188} INFO - [2024-02-03T05:32:54.807+0000] {dag.py:3036} INFO - Sync 3 DAGs
[2024-02-03T05:32:54.844+0000] {logging_mixin.py:188} INFO - [2024-02-03T05:32:54.844+0000] {dag.py:3823} INFO - Setting next_dagrun for example_branch_datetime_operator to 2024-02-02 00:00:00+00:00, run_after=2024-02-03 00:00:00+00:00
[2024-02-03T05:32:54.851+0000] {logging_mixin.py:188} INFO - [2024-02-03T05:32:54.850+0000] {dag.py:3823} INFO - Setting next_dagrun for example_branch_datetime_operator_2 to 2024-02-02 00:00:00+00:00, run_after=2024-02-03 00:00:00+00:00
[2024-02-03T05:32:54.854+0000] {logging_mixin.py:188} INFO - [2024-02-03T05:32:54.854+0000] {dag.py:3823} INFO - Setting next_dagrun for example_branch_datetime_operator_3 to 2024-02-02 00:00:00+00:00, run_after=2024-02-03 00:00:00+00:00
[2024-02-03T05:32:54.877+0000] {processor.py:183} INFO - Processing /home/airflow/.local/lib/python3.8/site-packages/airflow/example_dags/example_branch_datetime_operator.py took 0.123 seconds
[2024-02-03T06:00:00.996+0000] {processor.py:161} INFO - Started process (PID=59) to work on /home/airflow/.local/lib/python3.8/site-packages/airflow/example_dags/example_branch_datetime_operator.py
[2024-02-03T06:00:00.998+0000] {processor.py:830} INFO - Processing file /home/airflow/.local/lib/python3.8/site-packages/airflow/example_dags/example_branch_datetime_operator.py for tasks to queue
[2024-02-03T06:00:00.999+0000] {logging_mixin.py:188} INFO - [2024-02-03T06:00:00.999+0000] {dagbag.py:538} INFO - Filling up the DagBag from /home/airflow/.local/lib/python3.8/site-packages/airflow/example_dags/example_branch_datetime_operator.py
[2024-02-03T06:00:01.012+0000] {processor.py:840} INFO - DAG(s) 'example_branch_datetime_operator_2', 'example_branch_datetime_operator_3', 'example_branch_datetime_operator' retrieved from /home/airflow/.local/lib/python3.8/site-packages/airflow/example_dags/example_branch_datetime_operator.py
[2024-02-03T06:00:01.122+0000] {logging_mixin.py:188} INFO - [2024-02-03T06:00:01.122+0000] {dag.py:3036} INFO - Sync 3 DAGs
[2024-02-03T06:00:01.157+0000] {logging_mixin.py:188} INFO - [2024-02-03T06:00:01.157+0000] {dag.py:3823} INFO - Setting next_dagrun for example_branch_datetime_operator to 2024-02-02 00:00:00+00:00, run_after=2024-02-03 00:00:00+00:00
[2024-02-03T06:00:01.166+0000] {logging_mixin.py:188} INFO - [2024-02-03T06:00:01.165+0000] {dag.py:3823} INFO - Setting next_dagrun for example_branch_datetime_operator_2 to 2024-02-02 00:00:00+00:00, run_after=2024-02-03 00:00:00+00:00
[2024-02-03T06:00:01.171+0000] {logging_mixin.py:188} INFO - [2024-02-03T06:00:01.171+0000] {dag.py:3823} INFO - Setting next_dagrun for example_branch_datetime_operator_3 to 2024-02-02 00:00:00+00:00, run_after=2024-02-03 00:00:00+00:00
[2024-02-03T06:00:01.203+0000] {processor.py:183} INFO - Processing /home/airflow/.local/lib/python3.8/site-packages/airflow/example_dags/example_branch_datetime_operator.py took 0.211 seconds
[2024-02-03T06:00:31.393+0000] {processor.py:161} INFO - Started process (PID=114) to work on /home/airflow/.local/lib/python3.8/site-packages/airflow/example_dags/example_branch_datetime_operator.py
[2024-02-03T06:00:31.394+0000] {processor.py:830} INFO - Processing file /home/airflow/.local/lib/python3.8/site-packages/airflow/example_dags/example_branch_datetime_operator.py for tasks to queue
[2024-02-03T06:00:31.396+0000] {logging_mixin.py:188} INFO - [2024-02-03T06:00:31.396+0000] {dagbag.py:538} INFO - Filling up the DagBag from /home/airflow/.local/lib/python3.8/site-packages/airflow/example_dags/example_branch_datetime_operator.py
[2024-02-03T06:00:31.408+0000] {processor.py:840} INFO - DAG(s) 'example_branch_datetime_operator_2', 'example_branch_datetime_operator', 'example_branch_datetime_operator_3' retrieved from /home/airflow/.local/lib/python3.8/site-packages/airflow/example_dags/example_branch_datetime_operator.py
[2024-02-03T06:00:31.439+0000] {logging_mixin.py:188} INFO - [2024-02-03T06:00:31.439+0000] {dag.py:3036} INFO - Sync 3 DAGs
[2024-02-03T06:00:31.467+0000] {logging_mixin.py:188} INFO - [2024-02-03T06:00:31.466+0000] {dag.py:3823} INFO - Setting next_dagrun for example_branch_datetime_operator to 2024-02-02 00:00:00+00:00, run_after=2024-02-03 00:00:00+00:00
[2024-02-03T06:00:31.473+0000] {logging_mixin.py:188} INFO - [2024-02-03T06:00:31.473+0000] {dag.py:3823} INFO - Setting next_dagrun for example_branch_datetime_operator_2 to 2024-02-02 00:00:00+00:00, run_after=2024-02-03 00:00:00+00:00
[2024-02-03T06:00:31.478+0000] {logging_mixin.py:188} INFO - [2024-02-03T06:00:31.477+0000] {dag.py:3823} INFO - Setting next_dagrun for example_branch_datetime_operator_3 to 2024-02-02 00:00:00+00:00, run_after=2024-02-03 00:00:00+00:00
[2024-02-03T06:00:31.499+0000] {processor.py:183} INFO - Processing /home/airflow/.local/lib/python3.8/site-packages/airflow/example_dags/example_branch_datetime_operator.py took 0.111 seconds
[2024-02-03T06:01:02.051+0000] {processor.py:161} INFO - Started process (PID=169) to work on /home/airflow/.local/lib/python3.8/site-packages/airflow/example_dags/example_branch_datetime_operator.py
[2024-02-03T06:01:02.052+0000] {processor.py:830} INFO - Processing file /home/airflow/.local/lib/python3.8/site-packages/airflow/example_dags/example_branch_datetime_operator.py for tasks to queue
[2024-02-03T06:01:02.054+0000] {logging_mixin.py:188} INFO - [2024-02-03T06:01:02.054+0000] {dagbag.py:538} INFO - Filling up the DagBag from /home/airflow/.local/lib/python3.8/site-packages/airflow/example_dags/example_branch_datetime_operator.py
[2024-02-03T06:01:02.068+0000] {processor.py:840} INFO - DAG(s) 'example_branch_datetime_operator_2', 'example_branch_datetime_operator', 'example_branch_datetime_operator_3' retrieved from /home/airflow/.local/lib/python3.8/site-packages/airflow/example_dags/example_branch_datetime_operator.py
[2024-02-03T06:01:02.103+0000] {logging_mixin.py:188} INFO - [2024-02-03T06:01:02.103+0000] {dag.py:3036} INFO - Sync 3 DAGs
[2024-02-03T06:01:02.131+0000] {logging_mixin.py:188} INFO - [2024-02-03T06:01:02.131+0000] {dag.py:3823} INFO - Setting next_dagrun for example_branch_datetime_operator to 2024-02-02 00:00:00+00:00, run_after=2024-02-03 00:00:00+00:00
[2024-02-03T06:01:02.137+0000] {logging_mixin.py:188} INFO - [2024-02-03T06:01:02.137+0000] {dag.py:3823} INFO - Setting next_dagrun for example_branch_datetime_operator_2 to 2024-02-02 00:00:00+00:00, run_after=2024-02-03 00:00:00+00:00
[2024-02-03T06:01:02.141+0000] {logging_mixin.py:188} INFO - [2024-02-03T06:01:02.141+0000] {dag.py:3823} INFO - Setting next_dagrun for example_branch_datetime_operator_3 to 2024-02-02 00:00:00+00:00, run_after=2024-02-03 00:00:00+00:00
[2024-02-03T06:01:02.165+0000] {processor.py:183} INFO - Processing /home/airflow/.local/lib/python3.8/site-packages/airflow/example_dags/example_branch_datetime_operator.py took 0.117 seconds
[2024-02-03T06:33:38.070+0000] {processor.py:161} INFO - Started process (PID=59) to work on /home/airflow/.local/lib/python3.8/site-packages/airflow/example_dags/example_branch_datetime_operator.py
[2024-02-03T06:33:38.073+0000] {processor.py:830} INFO - Processing file /home/airflow/.local/lib/python3.8/site-packages/airflow/example_dags/example_branch_datetime_operator.py for tasks to queue
[2024-02-03T06:33:38.077+0000] {logging_mixin.py:188} INFO - [2024-02-03T06:33:38.077+0000] {dagbag.py:538} INFO - Filling up the DagBag from /home/airflow/.local/lib/python3.8/site-packages/airflow/example_dags/example_branch_datetime_operator.py
[2024-02-03T06:33:38.096+0000] {processor.py:840} INFO - DAG(s) 'example_branch_datetime_operator', 'example_branch_datetime_operator_2', 'example_branch_datetime_operator_3' retrieved from /home/airflow/.local/lib/python3.8/site-packages/airflow/example_dags/example_branch_datetime_operator.py
[2024-02-03T06:33:38.119+0000] {logging_mixin.py:188} INFO - [2024-02-03T06:33:38.119+0000] {dag.py:3036} INFO - Sync 3 DAGs
[2024-02-03T06:33:38.165+0000] {logging_mixin.py:188} INFO - [2024-02-03T06:33:38.164+0000] {dag.py:3823} INFO - Setting next_dagrun for example_branch_datetime_operator to 2024-02-02 00:00:00+00:00, run_after=2024-02-03 00:00:00+00:00
[2024-02-03T06:33:38.174+0000] {logging_mixin.py:188} INFO - [2024-02-03T06:33:38.173+0000] {dag.py:3823} INFO - Setting next_dagrun for example_branch_datetime_operator_2 to 2024-02-02 00:00:00+00:00, run_after=2024-02-03 00:00:00+00:00
[2024-02-03T06:33:38.191+0000] {logging_mixin.py:188} INFO - [2024-02-03T06:33:38.190+0000] {dag.py:3823} INFO - Setting next_dagrun for example_branch_datetime_operator_3 to 2024-02-02 00:00:00+00:00, run_after=2024-02-03 00:00:00+00:00
[2024-02-03T06:33:38.243+0000] {processor.py:183} INFO - Processing /home/airflow/.local/lib/python3.8/site-packages/airflow/example_dags/example_branch_datetime_operator.py took 0.178 seconds
[2024-02-03T06:34:09.558+0000] {processor.py:161} INFO - Started process (PID=114) to work on /home/airflow/.local/lib/python3.8/site-packages/airflow/example_dags/example_branch_datetime_operator.py
[2024-02-03T06:34:09.559+0000] {processor.py:830} INFO - Processing file /home/airflow/.local/lib/python3.8/site-packages/airflow/example_dags/example_branch_datetime_operator.py for tasks to queue
[2024-02-03T06:34:09.561+0000] {logging_mixin.py:188} INFO - [2024-02-03T06:34:09.561+0000] {dagbag.py:538} INFO - Filling up the DagBag from /home/airflow/.local/lib/python3.8/site-packages/airflow/example_dags/example_branch_datetime_operator.py
[2024-02-03T06:34:09.573+0000] {processor.py:840} INFO - DAG(s) 'example_branch_datetime_operator', 'example_branch_datetime_operator_2', 'example_branch_datetime_operator_3' retrieved from /home/airflow/.local/lib/python3.8/site-packages/airflow/example_dags/example_branch_datetime_operator.py
[2024-02-03T06:34:09.721+0000] {logging_mixin.py:188} INFO - [2024-02-03T06:34:09.721+0000] {dag.py:3036} INFO - Sync 3 DAGs
[2024-02-03T06:34:09.746+0000] {logging_mixin.py:188} INFO - [2024-02-03T06:34:09.746+0000] {dag.py:3823} INFO - Setting next_dagrun for example_branch_datetime_operator to 2024-02-02 00:00:00+00:00, run_after=2024-02-03 00:00:00+00:00
[2024-02-03T06:34:09.752+0000] {logging_mixin.py:188} INFO - [2024-02-03T06:34:09.752+0000] {dag.py:3823} INFO - Setting next_dagrun for example_branch_datetime_operator_2 to 2024-02-02 00:00:00+00:00, run_after=2024-02-03 00:00:00+00:00
[2024-02-03T06:34:09.756+0000] {logging_mixin.py:188} INFO - [2024-02-03T06:34:09.756+0000] {dag.py:3823} INFO - Setting next_dagrun for example_branch_datetime_operator_3 to 2024-02-02 00:00:00+00:00, run_after=2024-02-03 00:00:00+00:00
[2024-02-03T06:34:09.780+0000] {processor.py:183} INFO - Processing /home/airflow/.local/lib/python3.8/site-packages/airflow/example_dags/example_branch_datetime_operator.py took 0.225 seconds
[2024-02-03T06:34:39.893+0000] {processor.py:161} INFO - Started process (PID=169) to work on /home/airflow/.local/lib/python3.8/site-packages/airflow/example_dags/example_branch_datetime_operator.py
[2024-02-03T06:34:39.894+0000] {processor.py:830} INFO - Processing file /home/airflow/.local/lib/python3.8/site-packages/airflow/example_dags/example_branch_datetime_operator.py for tasks to queue
[2024-02-03T06:34:39.896+0000] {logging_mixin.py:188} INFO - [2024-02-03T06:34:39.896+0000] {dagbag.py:538} INFO - Filling up the DagBag from /home/airflow/.local/lib/python3.8/site-packages/airflow/example_dags/example_branch_datetime_operator.py
[2024-02-03T06:34:39.907+0000] {processor.py:840} INFO - DAG(s) 'example_branch_datetime_operator_2', 'example_branch_datetime_operator', 'example_branch_datetime_operator_3' retrieved from /home/airflow/.local/lib/python3.8/site-packages/airflow/example_dags/example_branch_datetime_operator.py
[2024-02-03T06:34:39.941+0000] {logging_mixin.py:188} INFO - [2024-02-03T06:34:39.940+0000] {dag.py:3036} INFO - Sync 3 DAGs
[2024-02-03T06:34:39.967+0000] {logging_mixin.py:188} INFO - [2024-02-03T06:34:39.966+0000] {dag.py:3823} INFO - Setting next_dagrun for example_branch_datetime_operator to 2024-02-02 00:00:00+00:00, run_after=2024-02-03 00:00:00+00:00
[2024-02-03T06:34:39.973+0000] {logging_mixin.py:188} INFO - [2024-02-03T06:34:39.973+0000] {dag.py:3823} INFO - Setting next_dagrun for example_branch_datetime_operator_2 to 2024-02-02 00:00:00+00:00, run_after=2024-02-03 00:00:00+00:00
[2024-02-03T06:34:39.977+0000] {logging_mixin.py:188} INFO - [2024-02-03T06:34:39.976+0000] {dag.py:3823} INFO - Setting next_dagrun for example_branch_datetime_operator_3 to 2024-02-02 00:00:00+00:00, run_after=2024-02-03 00:00:00+00:00
[2024-02-03T06:34:39.998+0000] {processor.py:183} INFO - Processing /home/airflow/.local/lib/python3.8/site-packages/airflow/example_dags/example_branch_datetime_operator.py took 0.107 seconds
[2024-02-03T06:35:10.300+0000] {processor.py:161} INFO - Started process (PID=224) to work on /home/airflow/.local/lib/python3.8/site-packages/airflow/example_dags/example_branch_datetime_operator.py
[2024-02-03T06:35:10.301+0000] {processor.py:830} INFO - Processing file /home/airflow/.local/lib/python3.8/site-packages/airflow/example_dags/example_branch_datetime_operator.py for tasks to queue
[2024-02-03T06:35:10.304+0000] {logging_mixin.py:188} INFO - [2024-02-03T06:35:10.303+0000] {dagbag.py:538} INFO - Filling up the DagBag from /home/airflow/.local/lib/python3.8/site-packages/airflow/example_dags/example_branch_datetime_operator.py
[2024-02-03T06:35:10.318+0000] {processor.py:840} INFO - DAG(s) 'example_branch_datetime_operator_3', 'example_branch_datetime_operator_2', 'example_branch_datetime_operator' retrieved from /home/airflow/.local/lib/python3.8/site-packages/airflow/example_dags/example_branch_datetime_operator.py
[2024-02-03T06:35:10.348+0000] {logging_mixin.py:188} INFO - [2024-02-03T06:35:10.348+0000] {dag.py:3036} INFO - Sync 3 DAGs
[2024-02-03T06:35:10.374+0000] {logging_mixin.py:188} INFO - [2024-02-03T06:35:10.373+0000] {dag.py:3823} INFO - Setting next_dagrun for example_branch_datetime_operator to 2024-02-02 00:00:00+00:00, run_after=2024-02-03 00:00:00+00:00
[2024-02-03T06:35:10.380+0000] {logging_mixin.py:188} INFO - [2024-02-03T06:35:10.380+0000] {dag.py:3823} INFO - Setting next_dagrun for example_branch_datetime_operator_2 to 2024-02-02 00:00:00+00:00, run_after=2024-02-03 00:00:00+00:00
[2024-02-03T06:35:10.383+0000] {logging_mixin.py:188} INFO - [2024-02-03T06:35:10.383+0000] {dag.py:3823} INFO - Setting next_dagrun for example_branch_datetime_operator_3 to 2024-02-02 00:00:00+00:00, run_after=2024-02-03 00:00:00+00:00
[2024-02-03T06:35:10.403+0000] {processor.py:183} INFO - Processing /home/airflow/.local/lib/python3.8/site-packages/airflow/example_dags/example_branch_datetime_operator.py took 0.106 seconds
[2024-02-03T06:35:40.692+0000] {processor.py:161} INFO - Started process (PID=279) to work on /home/airflow/.local/lib/python3.8/site-packages/airflow/example_dags/example_branch_datetime_operator.py
[2024-02-03T06:35:40.693+0000] {processor.py:830} INFO - Processing file /home/airflow/.local/lib/python3.8/site-packages/airflow/example_dags/example_branch_datetime_operator.py for tasks to queue
[2024-02-03T06:35:40.695+0000] {logging_mixin.py:188} INFO - [2024-02-03T06:35:40.694+0000] {dagbag.py:538} INFO - Filling up the DagBag from /home/airflow/.local/lib/python3.8/site-packages/airflow/example_dags/example_branch_datetime_operator.py
[2024-02-03T06:35:40.705+0000] {processor.py:840} INFO - DAG(s) 'example_branch_datetime_operator_3', 'example_branch_datetime_operator_2', 'example_branch_datetime_operator' retrieved from /home/airflow/.local/lib/python3.8/site-packages/airflow/example_dags/example_branch_datetime_operator.py
[2024-02-03T06:35:40.739+0000] {logging_mixin.py:188} INFO - [2024-02-03T06:35:40.739+0000] {dag.py:3036} INFO - Sync 3 DAGs
[2024-02-03T06:35:40.768+0000] {logging_mixin.py:188} INFO - [2024-02-03T06:35:40.768+0000] {dag.py:3823} INFO - Setting next_dagrun for example_branch_datetime_operator to 2024-02-02 00:00:00+00:00, run_after=2024-02-03 00:00:00+00:00
[2024-02-03T06:35:40.775+0000] {logging_mixin.py:188} INFO - [2024-02-03T06:35:40.775+0000] {dag.py:3823} INFO - Setting next_dagrun for example_branch_datetime_operator_2 to 2024-02-02 00:00:00+00:00, run_after=2024-02-03 00:00:00+00:00
[2024-02-03T06:35:40.779+0000] {logging_mixin.py:188} INFO - [2024-02-03T06:35:40.779+0000] {dag.py:3823} INFO - Setting next_dagrun for example_branch_datetime_operator_3 to 2024-02-02 00:00:00+00:00, run_after=2024-02-03 00:00:00+00:00
[2024-02-03T06:35:40.801+0000] {processor.py:183} INFO - Processing /home/airflow/.local/lib/python3.8/site-packages/airflow/example_dags/example_branch_datetime_operator.py took 0.112 seconds
[2024-02-03T06:36:11.125+0000] {processor.py:161} INFO - Started process (PID=334) to work on /home/airflow/.local/lib/python3.8/site-packages/airflow/example_dags/example_branch_datetime_operator.py
[2024-02-03T06:36:11.127+0000] {processor.py:830} INFO - Processing file /home/airflow/.local/lib/python3.8/site-packages/airflow/example_dags/example_branch_datetime_operator.py for tasks to queue
[2024-02-03T06:36:11.129+0000] {logging_mixin.py:188} INFO - [2024-02-03T06:36:11.128+0000] {dagbag.py:538} INFO - Filling up the DagBag from /home/airflow/.local/lib/python3.8/site-packages/airflow/example_dags/example_branch_datetime_operator.py
[2024-02-03T06:36:11.141+0000] {processor.py:840} INFO - DAG(s) 'example_branch_datetime_operator_2', 'example_branch_datetime_operator_3', 'example_branch_datetime_operator' retrieved from /home/airflow/.local/lib/python3.8/site-packages/airflow/example_dags/example_branch_datetime_operator.py
[2024-02-03T06:36:11.179+0000] {logging_mixin.py:188} INFO - [2024-02-03T06:36:11.179+0000] {dag.py:3036} INFO - Sync 3 DAGs
[2024-02-03T06:36:11.210+0000] {logging_mixin.py:188} INFO - [2024-02-03T06:36:11.210+0000] {dag.py:3823} INFO - Setting next_dagrun for example_branch_datetime_operator to 2024-02-02 00:00:00+00:00, run_after=2024-02-03 00:00:00+00:00
[2024-02-03T06:36:11.218+0000] {logging_mixin.py:188} INFO - [2024-02-03T06:36:11.217+0000] {dag.py:3823} INFO - Setting next_dagrun for example_branch_datetime_operator_2 to 2024-02-02 00:00:00+00:00, run_after=2024-02-03 00:00:00+00:00
[2024-02-03T06:36:11.222+0000] {logging_mixin.py:188} INFO - [2024-02-03T06:36:11.221+0000] {dag.py:3823} INFO - Setting next_dagrun for example_branch_datetime_operator_3 to 2024-02-02 00:00:00+00:00, run_after=2024-02-03 00:00:00+00:00
[2024-02-03T06:36:11.244+0000] {processor.py:183} INFO - Processing /home/airflow/.local/lib/python3.8/site-packages/airflow/example_dags/example_branch_datetime_operator.py took 0.122 seconds
