[2024-02-03T05:26:14.126+0000] {processor.py:161} INFO - Started process (PID=44) to work on /home/airflow/.local/lib/python3.8/site-packages/airflow/example_dags/example_short_circuit_operator.py
[2024-02-03T05:26:14.128+0000] {processor.py:830} INFO - Processing file /home/airflow/.local/lib/python3.8/site-packages/airflow/example_dags/example_short_circuit_operator.py for tasks to queue
[2024-02-03T05:26:14.131+0000] {logging_mixin.py:188} INFO - [2024-02-03T05:26:14.131+0000] {dagbag.py:538} INFO - Filling up the DagBag from /home/airflow/.local/lib/python3.8/site-packages/airflow/example_dags/example_short_circuit_operator.py
[2024-02-03T05:26:14.148+0000] {processor.py:840} INFO - DAG(s) 'example_short_circuit_operator' retrieved from /home/airflow/.local/lib/python3.8/site-packages/airflow/example_dags/example_short_circuit_operator.py
[2024-02-03T05:26:14.298+0000] {logging_mixin.py:188} INFO - [2024-02-03T05:26:14.298+0000] {dag.py:3036} INFO - Sync 1 DAGs
[2024-02-03T05:26:14.329+0000] {logging_mixin.py:188} INFO - [2024-02-03T05:26:14.329+0000] {dag.py:3823} INFO - Setting next_dagrun for example_short_circuit_operator to 2024-02-02 00:00:00+00:00, run_after=2024-02-03 00:00:00+00:00
[2024-02-03T05:26:14.364+0000] {processor.py:183} INFO - Processing /home/airflow/.local/lib/python3.8/site-packages/airflow/example_dags/example_short_circuit_operator.py took 0.242 seconds
[2024-02-03T05:26:44.698+0000] {processor.py:161} INFO - Started process (PID=99) to work on /home/airflow/.local/lib/python3.8/site-packages/airflow/example_dags/example_short_circuit_operator.py
[2024-02-03T05:26:44.699+0000] {processor.py:830} INFO - Processing file /home/airflow/.local/lib/python3.8/site-packages/airflow/example_dags/example_short_circuit_operator.py for tasks to queue
[2024-02-03T05:26:44.701+0000] {logging_mixin.py:188} INFO - [2024-02-03T05:26:44.701+0000] {dagbag.py:538} INFO - Filling up the DagBag from /home/airflow/.local/lib/python3.8/site-packages/airflow/example_dags/example_short_circuit_operator.py
[2024-02-03T05:26:44.710+0000] {processor.py:840} INFO - DAG(s) 'example_short_circuit_operator' retrieved from /home/airflow/.local/lib/python3.8/site-packages/airflow/example_dags/example_short_circuit_operator.py
[2024-02-03T05:26:44.735+0000] {logging_mixin.py:188} INFO - [2024-02-03T05:26:44.735+0000] {dag.py:3036} INFO - Sync 1 DAGs
[2024-02-03T05:26:44.761+0000] {logging_mixin.py:188} INFO - [2024-02-03T05:26:44.761+0000] {dag.py:3823} INFO - Setting next_dagrun for example_short_circuit_operator to 2024-02-02 00:00:00+00:00, run_after=2024-02-03 00:00:00+00:00
[2024-02-03T05:26:44.783+0000] {processor.py:183} INFO - Processing /home/airflow/.local/lib/python3.8/site-packages/airflow/example_dags/example_short_circuit_operator.py took 0.087 seconds
[2024-02-03T05:27:14.968+0000] {processor.py:161} INFO - Started process (PID=154) to work on /home/airflow/.local/lib/python3.8/site-packages/airflow/example_dags/example_short_circuit_operator.py
[2024-02-03T05:27:14.969+0000] {processor.py:830} INFO - Processing file /home/airflow/.local/lib/python3.8/site-packages/airflow/example_dags/example_short_circuit_operator.py for tasks to queue
[2024-02-03T05:27:14.972+0000] {logging_mixin.py:188} INFO - [2024-02-03T05:27:14.972+0000] {dagbag.py:538} INFO - Filling up the DagBag from /home/airflow/.local/lib/python3.8/site-packages/airflow/example_dags/example_short_circuit_operator.py
[2024-02-03T05:27:14.981+0000] {processor.py:840} INFO - DAG(s) 'example_short_circuit_operator' retrieved from /home/airflow/.local/lib/python3.8/site-packages/airflow/example_dags/example_short_circuit_operator.py
[2024-02-03T05:27:15.009+0000] {logging_mixin.py:188} INFO - [2024-02-03T05:27:15.008+0000] {dag.py:3036} INFO - Sync 1 DAGs
[2024-02-03T05:27:15.034+0000] {logging_mixin.py:188} INFO - [2024-02-03T05:27:15.033+0000] {dag.py:3823} INFO - Setting next_dagrun for example_short_circuit_operator to 2024-02-02 00:00:00+00:00, run_after=2024-02-03 00:00:00+00:00
[2024-02-03T05:27:15.057+0000] {processor.py:183} INFO - Processing /home/airflow/.local/lib/python3.8/site-packages/airflow/example_dags/example_short_circuit_operator.py took 0.092 seconds
[2024-02-03T05:27:45.158+0000] {processor.py:161} INFO - Started process (PID=209) to work on /home/airflow/.local/lib/python3.8/site-packages/airflow/example_dags/example_short_circuit_operator.py
[2024-02-03T05:27:45.160+0000] {processor.py:830} INFO - Processing file /home/airflow/.local/lib/python3.8/site-packages/airflow/example_dags/example_short_circuit_operator.py for tasks to queue
[2024-02-03T05:27:45.162+0000] {logging_mixin.py:188} INFO - [2024-02-03T05:27:45.162+0000] {dagbag.py:538} INFO - Filling up the DagBag from /home/airflow/.local/lib/python3.8/site-packages/airflow/example_dags/example_short_circuit_operator.py
[2024-02-03T05:27:45.172+0000] {processor.py:840} INFO - DAG(s) 'example_short_circuit_operator' retrieved from /home/airflow/.local/lib/python3.8/site-packages/airflow/example_dags/example_short_circuit_operator.py
[2024-02-03T05:27:45.204+0000] {logging_mixin.py:188} INFO - [2024-02-03T05:27:45.203+0000] {dag.py:3036} INFO - Sync 1 DAGs
[2024-02-03T05:27:45.235+0000] {logging_mixin.py:188} INFO - [2024-02-03T05:27:45.234+0000] {dag.py:3823} INFO - Setting next_dagrun for example_short_circuit_operator to 2024-02-02 00:00:00+00:00, run_after=2024-02-03 00:00:00+00:00
[2024-02-03T05:27:45.268+0000] {processor.py:183} INFO - Processing /home/airflow/.local/lib/python3.8/site-packages/airflow/example_dags/example_short_circuit_operator.py took 0.113 seconds
[2024-02-03T05:28:15.312+0000] {processor.py:161} INFO - Started process (PID=264) to work on /home/airflow/.local/lib/python3.8/site-packages/airflow/example_dags/example_short_circuit_operator.py
[2024-02-03T05:28:15.313+0000] {processor.py:830} INFO - Processing file /home/airflow/.local/lib/python3.8/site-packages/airflow/example_dags/example_short_circuit_operator.py for tasks to queue
[2024-02-03T05:28:15.315+0000] {logging_mixin.py:188} INFO - [2024-02-03T05:28:15.315+0000] {dagbag.py:538} INFO - Filling up the DagBag from /home/airflow/.local/lib/python3.8/site-packages/airflow/example_dags/example_short_circuit_operator.py
[2024-02-03T05:28:15.323+0000] {processor.py:840} INFO - DAG(s) 'example_short_circuit_operator' retrieved from /home/airflow/.local/lib/python3.8/site-packages/airflow/example_dags/example_short_circuit_operator.py
[2024-02-03T05:28:15.350+0000] {logging_mixin.py:188} INFO - [2024-02-03T05:28:15.349+0000] {dag.py:3036} INFO - Sync 1 DAGs
[2024-02-03T05:28:15.377+0000] {logging_mixin.py:188} INFO - [2024-02-03T05:28:15.376+0000] {dag.py:3823} INFO - Setting next_dagrun for example_short_circuit_operator to 2024-02-02 00:00:00+00:00, run_after=2024-02-03 00:00:00+00:00
[2024-02-03T05:28:15.399+0000] {processor.py:183} INFO - Processing /home/airflow/.local/lib/python3.8/site-packages/airflow/example_dags/example_short_circuit_operator.py took 0.090 seconds
[2024-02-03T05:28:45.562+0000] {processor.py:161} INFO - Started process (PID=319) to work on /home/airflow/.local/lib/python3.8/site-packages/airflow/example_dags/example_short_circuit_operator.py
[2024-02-03T05:28:45.563+0000] {processor.py:830} INFO - Processing file /home/airflow/.local/lib/python3.8/site-packages/airflow/example_dags/example_short_circuit_operator.py for tasks to queue
[2024-02-03T05:28:45.565+0000] {logging_mixin.py:188} INFO - [2024-02-03T05:28:45.564+0000] {dagbag.py:538} INFO - Filling up the DagBag from /home/airflow/.local/lib/python3.8/site-packages/airflow/example_dags/example_short_circuit_operator.py
[2024-02-03T05:28:45.572+0000] {processor.py:840} INFO - DAG(s) 'example_short_circuit_operator' retrieved from /home/airflow/.local/lib/python3.8/site-packages/airflow/example_dags/example_short_circuit_operator.py
[2024-02-03T05:28:45.602+0000] {logging_mixin.py:188} INFO - [2024-02-03T05:28:45.602+0000] {dag.py:3036} INFO - Sync 1 DAGs
[2024-02-03T05:28:45.634+0000] {logging_mixin.py:188} INFO - [2024-02-03T05:28:45.633+0000] {dag.py:3823} INFO - Setting next_dagrun for example_short_circuit_operator to 2024-02-02 00:00:00+00:00, run_after=2024-02-03 00:00:00+00:00
[2024-02-03T05:28:45.658+0000] {processor.py:183} INFO - Processing /home/airflow/.local/lib/python3.8/site-packages/airflow/example_dags/example_short_circuit_operator.py took 0.098 seconds
[2024-02-03T05:29:15.898+0000] {processor.py:161} INFO - Started process (PID=374) to work on /home/airflow/.local/lib/python3.8/site-packages/airflow/example_dags/example_short_circuit_operator.py
[2024-02-03T05:29:15.899+0000] {processor.py:830} INFO - Processing file /home/airflow/.local/lib/python3.8/site-packages/airflow/example_dags/example_short_circuit_operator.py for tasks to queue
[2024-02-03T05:29:15.902+0000] {logging_mixin.py:188} INFO - [2024-02-03T05:29:15.901+0000] {dagbag.py:538} INFO - Filling up the DagBag from /home/airflow/.local/lib/python3.8/site-packages/airflow/example_dags/example_short_circuit_operator.py
[2024-02-03T05:29:15.910+0000] {processor.py:840} INFO - DAG(s) 'example_short_circuit_operator' retrieved from /home/airflow/.local/lib/python3.8/site-packages/airflow/example_dags/example_short_circuit_operator.py
[2024-02-03T05:29:15.936+0000] {logging_mixin.py:188} INFO - [2024-02-03T05:29:15.936+0000] {dag.py:3036} INFO - Sync 1 DAGs
[2024-02-03T05:29:15.963+0000] {logging_mixin.py:188} INFO - [2024-02-03T05:29:15.962+0000] {dag.py:3823} INFO - Setting next_dagrun for example_short_circuit_operator to 2024-02-02 00:00:00+00:00, run_after=2024-02-03 00:00:00+00:00
[2024-02-03T05:29:15.988+0000] {processor.py:183} INFO - Processing /home/airflow/.local/lib/python3.8/site-packages/airflow/example_dags/example_short_circuit_operator.py took 0.093 seconds
[2024-02-03T05:29:46.264+0000] {processor.py:161} INFO - Started process (PID=429) to work on /home/airflow/.local/lib/python3.8/site-packages/airflow/example_dags/example_short_circuit_operator.py
[2024-02-03T05:29:46.266+0000] {processor.py:830} INFO - Processing file /home/airflow/.local/lib/python3.8/site-packages/airflow/example_dags/example_short_circuit_operator.py for tasks to queue
[2024-02-03T05:29:46.268+0000] {logging_mixin.py:188} INFO - [2024-02-03T05:29:46.268+0000] {dagbag.py:538} INFO - Filling up the DagBag from /home/airflow/.local/lib/python3.8/site-packages/airflow/example_dags/example_short_circuit_operator.py
[2024-02-03T05:29:46.278+0000] {processor.py:840} INFO - DAG(s) 'example_short_circuit_operator' retrieved from /home/airflow/.local/lib/python3.8/site-packages/airflow/example_dags/example_short_circuit_operator.py
[2024-02-03T05:29:46.312+0000] {logging_mixin.py:188} INFO - [2024-02-03T05:29:46.311+0000] {dag.py:3036} INFO - Sync 1 DAGs
[2024-02-03T05:29:46.354+0000] {logging_mixin.py:188} INFO - [2024-02-03T05:29:46.353+0000] {dag.py:3823} INFO - Setting next_dagrun for example_short_circuit_operator to 2024-02-02 00:00:00+00:00, run_after=2024-02-03 00:00:00+00:00
[2024-02-03T05:29:46.379+0000] {processor.py:183} INFO - Processing /home/airflow/.local/lib/python3.8/site-packages/airflow/example_dags/example_short_circuit_operator.py took 0.119 seconds
[2024-02-03T05:30:16.553+0000] {processor.py:161} INFO - Started process (PID=484) to work on /home/airflow/.local/lib/python3.8/site-packages/airflow/example_dags/example_short_circuit_operator.py
[2024-02-03T05:30:16.555+0000] {processor.py:830} INFO - Processing file /home/airflow/.local/lib/python3.8/site-packages/airflow/example_dags/example_short_circuit_operator.py for tasks to queue
[2024-02-03T05:30:16.557+0000] {logging_mixin.py:188} INFO - [2024-02-03T05:30:16.556+0000] {dagbag.py:538} INFO - Filling up the DagBag from /home/airflow/.local/lib/python3.8/site-packages/airflow/example_dags/example_short_circuit_operator.py
[2024-02-03T05:30:16.565+0000] {processor.py:840} INFO - DAG(s) 'example_short_circuit_operator' retrieved from /home/airflow/.local/lib/python3.8/site-packages/airflow/example_dags/example_short_circuit_operator.py
[2024-02-03T05:30:16.591+0000] {logging_mixin.py:188} INFO - [2024-02-03T05:30:16.591+0000] {dag.py:3036} INFO - Sync 1 DAGs
[2024-02-03T05:30:16.616+0000] {logging_mixin.py:188} INFO - [2024-02-03T05:30:16.615+0000] {dag.py:3823} INFO - Setting next_dagrun for example_short_circuit_operator to 2024-02-02 00:00:00+00:00, run_after=2024-02-03 00:00:00+00:00
[2024-02-03T05:30:16.639+0000] {processor.py:183} INFO - Processing /home/airflow/.local/lib/python3.8/site-packages/airflow/example_dags/example_short_circuit_operator.py took 0.089 seconds
[2024-02-03T05:30:46.923+0000] {processor.py:161} INFO - Started process (PID=539) to work on /home/airflow/.local/lib/python3.8/site-packages/airflow/example_dags/example_short_circuit_operator.py
[2024-02-03T05:30:46.925+0000] {processor.py:830} INFO - Processing file /home/airflow/.local/lib/python3.8/site-packages/airflow/example_dags/example_short_circuit_operator.py for tasks to queue
[2024-02-03T05:30:46.927+0000] {logging_mixin.py:188} INFO - [2024-02-03T05:30:46.927+0000] {dagbag.py:538} INFO - Filling up the DagBag from /home/airflow/.local/lib/python3.8/site-packages/airflow/example_dags/example_short_circuit_operator.py
[2024-02-03T05:30:46.936+0000] {processor.py:840} INFO - DAG(s) 'example_short_circuit_operator' retrieved from /home/airflow/.local/lib/python3.8/site-packages/airflow/example_dags/example_short_circuit_operator.py
[2024-02-03T05:30:46.964+0000] {logging_mixin.py:188} INFO - [2024-02-03T05:30:46.963+0000] {dag.py:3036} INFO - Sync 1 DAGs
[2024-02-03T05:30:46.990+0000] {logging_mixin.py:188} INFO - [2024-02-03T05:30:46.990+0000] {dag.py:3823} INFO - Setting next_dagrun for example_short_circuit_operator to 2024-02-02 00:00:00+00:00, run_after=2024-02-03 00:00:00+00:00
[2024-02-03T05:30:47.014+0000] {processor.py:183} INFO - Processing /home/airflow/.local/lib/python3.8/site-packages/airflow/example_dags/example_short_circuit_operator.py took 0.094 seconds
[2024-02-03T05:31:17.162+0000] {processor.py:161} INFO - Started process (PID=594) to work on /home/airflow/.local/lib/python3.8/site-packages/airflow/example_dags/example_short_circuit_operator.py
[2024-02-03T05:31:17.164+0000] {processor.py:830} INFO - Processing file /home/airflow/.local/lib/python3.8/site-packages/airflow/example_dags/example_short_circuit_operator.py for tasks to queue
[2024-02-03T05:31:17.166+0000] {logging_mixin.py:188} INFO - [2024-02-03T05:31:17.165+0000] {dagbag.py:538} INFO - Filling up the DagBag from /home/airflow/.local/lib/python3.8/site-packages/airflow/example_dags/example_short_circuit_operator.py
[2024-02-03T05:31:17.174+0000] {processor.py:840} INFO - DAG(s) 'example_short_circuit_operator' retrieved from /home/airflow/.local/lib/python3.8/site-packages/airflow/example_dags/example_short_circuit_operator.py
[2024-02-03T05:31:17.201+0000] {logging_mixin.py:188} INFO - [2024-02-03T05:31:17.201+0000] {dag.py:3036} INFO - Sync 1 DAGs
[2024-02-03T05:31:17.228+0000] {logging_mixin.py:188} INFO - [2024-02-03T05:31:17.228+0000] {dag.py:3823} INFO - Setting next_dagrun for example_short_circuit_operator to 2024-02-02 00:00:00+00:00, run_after=2024-02-03 00:00:00+00:00
[2024-02-03T05:31:17.253+0000] {processor.py:183} INFO - Processing /home/airflow/.local/lib/python3.8/site-packages/airflow/example_dags/example_short_circuit_operator.py took 0.095 seconds
[2024-02-03T05:31:47.552+0000] {processor.py:161} INFO - Started process (PID=665) to work on /home/airflow/.local/lib/python3.8/site-packages/airflow/example_dags/example_short_circuit_operator.py
[2024-02-03T05:31:47.553+0000] {processor.py:830} INFO - Processing file /home/airflow/.local/lib/python3.8/site-packages/airflow/example_dags/example_short_circuit_operator.py for tasks to queue
[2024-02-03T05:31:47.555+0000] {logging_mixin.py:188} INFO - [2024-02-03T05:31:47.555+0000] {dagbag.py:538} INFO - Filling up the DagBag from /home/airflow/.local/lib/python3.8/site-packages/airflow/example_dags/example_short_circuit_operator.py
[2024-02-03T05:31:47.563+0000] {processor.py:840} INFO - DAG(s) 'example_short_circuit_operator' retrieved from /home/airflow/.local/lib/python3.8/site-packages/airflow/example_dags/example_short_circuit_operator.py
[2024-02-03T05:31:47.589+0000] {logging_mixin.py:188} INFO - [2024-02-03T05:31:47.589+0000] {dag.py:3036} INFO - Sync 1 DAGs
[2024-02-03T05:31:47.614+0000] {logging_mixin.py:188} INFO - [2024-02-03T05:31:47.614+0000] {dag.py:3823} INFO - Setting next_dagrun for example_short_circuit_operator to 2024-02-02 00:00:00+00:00, run_after=2024-02-03 00:00:00+00:00
[2024-02-03T05:31:47.635+0000] {processor.py:183} INFO - Processing /home/airflow/.local/lib/python3.8/site-packages/airflow/example_dags/example_short_circuit_operator.py took 0.086 seconds
[2024-02-03T05:32:17.788+0000] {processor.py:161} INFO - Started process (PID=720) to work on /home/airflow/.local/lib/python3.8/site-packages/airflow/example_dags/example_short_circuit_operator.py
[2024-02-03T05:32:17.789+0000] {processor.py:830} INFO - Processing file /home/airflow/.local/lib/python3.8/site-packages/airflow/example_dags/example_short_circuit_operator.py for tasks to queue
[2024-02-03T05:32:17.791+0000] {logging_mixin.py:188} INFO - [2024-02-03T05:32:17.791+0000] {dagbag.py:538} INFO - Filling up the DagBag from /home/airflow/.local/lib/python3.8/site-packages/airflow/example_dags/example_short_circuit_operator.py
[2024-02-03T05:32:17.799+0000] {processor.py:840} INFO - DAG(s) 'example_short_circuit_operator' retrieved from /home/airflow/.local/lib/python3.8/site-packages/airflow/example_dags/example_short_circuit_operator.py
[2024-02-03T05:32:17.826+0000] {logging_mixin.py:188} INFO - [2024-02-03T05:32:17.825+0000] {dag.py:3036} INFO - Sync 1 DAGs
[2024-02-03T05:32:17.853+0000] {logging_mixin.py:188} INFO - [2024-02-03T05:32:17.852+0000] {dag.py:3823} INFO - Setting next_dagrun for example_short_circuit_operator to 2024-02-02 00:00:00+00:00, run_after=2024-02-03 00:00:00+00:00
[2024-02-03T05:32:17.877+0000] {processor.py:183} INFO - Processing /home/airflow/.local/lib/python3.8/site-packages/airflow/example_dags/example_short_circuit_operator.py took 0.092 seconds
[2024-02-03T05:32:48.028+0000] {processor.py:161} INFO - Started process (PID=775) to work on /home/airflow/.local/lib/python3.8/site-packages/airflow/example_dags/example_short_circuit_operator.py
[2024-02-03T05:32:48.029+0000] {processor.py:830} INFO - Processing file /home/airflow/.local/lib/python3.8/site-packages/airflow/example_dags/example_short_circuit_operator.py for tasks to queue
[2024-02-03T05:32:48.031+0000] {logging_mixin.py:188} INFO - [2024-02-03T05:32:48.031+0000] {dagbag.py:538} INFO - Filling up the DagBag from /home/airflow/.local/lib/python3.8/site-packages/airflow/example_dags/example_short_circuit_operator.py
[2024-02-03T05:32:48.040+0000] {processor.py:840} INFO - DAG(s) 'example_short_circuit_operator' retrieved from /home/airflow/.local/lib/python3.8/site-packages/airflow/example_dags/example_short_circuit_operator.py
[2024-02-03T05:32:48.070+0000] {logging_mixin.py:188} INFO - [2024-02-03T05:32:48.070+0000] {dag.py:3036} INFO - Sync 1 DAGs
[2024-02-03T05:32:48.094+0000] {logging_mixin.py:188} INFO - [2024-02-03T05:32:48.094+0000] {dag.py:3823} INFO - Setting next_dagrun for example_short_circuit_operator to 2024-02-02 00:00:00+00:00, run_after=2024-02-03 00:00:00+00:00
[2024-02-03T05:32:48.116+0000] {processor.py:183} INFO - Processing /home/airflow/.local/lib/python3.8/site-packages/airflow/example_dags/example_short_circuit_operator.py took 0.091 seconds
[2024-02-03T05:33:18.206+0000] {processor.py:161} INFO - Started process (PID=830) to work on /home/airflow/.local/lib/python3.8/site-packages/airflow/example_dags/example_short_circuit_operator.py
[2024-02-03T05:33:18.207+0000] {processor.py:830} INFO - Processing file /home/airflow/.local/lib/python3.8/site-packages/airflow/example_dags/example_short_circuit_operator.py for tasks to queue
[2024-02-03T05:33:18.209+0000] {logging_mixin.py:188} INFO - [2024-02-03T05:33:18.208+0000] {dagbag.py:538} INFO - Filling up the DagBag from /home/airflow/.local/lib/python3.8/site-packages/airflow/example_dags/example_short_circuit_operator.py
[2024-02-03T05:33:18.216+0000] {processor.py:840} INFO - DAG(s) 'example_short_circuit_operator' retrieved from /home/airflow/.local/lib/python3.8/site-packages/airflow/example_dags/example_short_circuit_operator.py
[2024-02-03T05:33:18.243+0000] {logging_mixin.py:188} INFO - [2024-02-03T05:33:18.243+0000] {dag.py:3036} INFO - Sync 1 DAGs
[2024-02-03T05:33:18.267+0000] {logging_mixin.py:188} INFO - [2024-02-03T05:33:18.267+0000] {dag.py:3823} INFO - Setting next_dagrun for example_short_circuit_operator to 2024-02-02 00:00:00+00:00, run_after=2024-02-03 00:00:00+00:00
[2024-02-03T05:33:18.289+0000] {processor.py:183} INFO - Processing /home/airflow/.local/lib/python3.8/site-packages/airflow/example_dags/example_short_circuit_operator.py took 0.087 seconds
[2024-02-03T05:59:58.959+0000] {processor.py:161} INFO - Started process (PID=44) to work on /home/airflow/.local/lib/python3.8/site-packages/airflow/example_dags/example_short_circuit_operator.py
[2024-02-03T05:59:58.962+0000] {processor.py:830} INFO - Processing file /home/airflow/.local/lib/python3.8/site-packages/airflow/example_dags/example_short_circuit_operator.py for tasks to queue
[2024-02-03T05:59:58.966+0000] {logging_mixin.py:188} INFO - [2024-02-03T05:59:58.965+0000] {dagbag.py:538} INFO - Filling up the DagBag from /home/airflow/.local/lib/python3.8/site-packages/airflow/example_dags/example_short_circuit_operator.py
[2024-02-03T05:59:58.999+0000] {processor.py:840} INFO - DAG(s) 'example_short_circuit_operator' retrieved from /home/airflow/.local/lib/python3.8/site-packages/airflow/example_dags/example_short_circuit_operator.py
[2024-02-03T05:59:59.061+0000] {logging_mixin.py:188} INFO - [2024-02-03T05:59:59.060+0000] {dag.py:3036} INFO - Sync 1 DAGs
[2024-02-03T05:59:59.118+0000] {logging_mixin.py:188} INFO - [2024-02-03T05:59:59.118+0000] {dag.py:3823} INFO - Setting next_dagrun for example_short_circuit_operator to 2024-02-02 00:00:00+00:00, run_after=2024-02-03 00:00:00+00:00
[2024-02-03T05:59:59.153+0000] {processor.py:183} INFO - Processing /home/airflow/.local/lib/python3.8/site-packages/airflow/example_dags/example_short_circuit_operator.py took 0.200 seconds
[2024-02-03T06:00:29.408+0000] {processor.py:161} INFO - Started process (PID=99) to work on /home/airflow/.local/lib/python3.8/site-packages/airflow/example_dags/example_short_circuit_operator.py
[2024-02-03T06:00:29.409+0000] {processor.py:830} INFO - Processing file /home/airflow/.local/lib/python3.8/site-packages/airflow/example_dags/example_short_circuit_operator.py for tasks to queue
[2024-02-03T06:00:29.411+0000] {logging_mixin.py:188} INFO - [2024-02-03T06:00:29.411+0000] {dagbag.py:538} INFO - Filling up the DagBag from /home/airflow/.local/lib/python3.8/site-packages/airflow/example_dags/example_short_circuit_operator.py
[2024-02-03T06:00:29.419+0000] {processor.py:840} INFO - DAG(s) 'example_short_circuit_operator' retrieved from /home/airflow/.local/lib/python3.8/site-packages/airflow/example_dags/example_short_circuit_operator.py
[2024-02-03T06:00:29.445+0000] {logging_mixin.py:188} INFO - [2024-02-03T06:00:29.445+0000] {dag.py:3036} INFO - Sync 1 DAGs
[2024-02-03T06:00:29.472+0000] {logging_mixin.py:188} INFO - [2024-02-03T06:00:29.472+0000] {dag.py:3823} INFO - Setting next_dagrun for example_short_circuit_operator to 2024-02-02 00:00:00+00:00, run_after=2024-02-03 00:00:00+00:00
[2024-02-03T06:00:29.494+0000] {processor.py:183} INFO - Processing /home/airflow/.local/lib/python3.8/site-packages/airflow/example_dags/example_short_circuit_operator.py took 0.089 seconds
[2024-02-03T06:00:59.633+0000] {processor.py:161} INFO - Started process (PID=154) to work on /home/airflow/.local/lib/python3.8/site-packages/airflow/example_dags/example_short_circuit_operator.py
[2024-02-03T06:00:59.635+0000] {processor.py:830} INFO - Processing file /home/airflow/.local/lib/python3.8/site-packages/airflow/example_dags/example_short_circuit_operator.py for tasks to queue
[2024-02-03T06:00:59.637+0000] {logging_mixin.py:188} INFO - [2024-02-03T06:00:59.637+0000] {dagbag.py:538} INFO - Filling up the DagBag from /home/airflow/.local/lib/python3.8/site-packages/airflow/example_dags/example_short_circuit_operator.py
[2024-02-03T06:00:59.646+0000] {processor.py:840} INFO - DAG(s) 'example_short_circuit_operator' retrieved from /home/airflow/.local/lib/python3.8/site-packages/airflow/example_dags/example_short_circuit_operator.py
[2024-02-03T06:00:59.675+0000] {logging_mixin.py:188} INFO - [2024-02-03T06:00:59.675+0000] {dag.py:3036} INFO - Sync 1 DAGs
[2024-02-03T06:00:59.704+0000] {logging_mixin.py:188} INFO - [2024-02-03T06:00:59.703+0000] {dag.py:3823} INFO - Setting next_dagrun for example_short_circuit_operator to 2024-02-02 00:00:00+00:00, run_after=2024-02-03 00:00:00+00:00
[2024-02-03T06:00:59.732+0000] {processor.py:183} INFO - Processing /home/airflow/.local/lib/python3.8/site-packages/airflow/example_dags/example_short_circuit_operator.py took 0.102 seconds
[2024-02-03T06:33:36.872+0000] {processor.py:161} INFO - Started process (PID=44) to work on /home/airflow/.local/lib/python3.8/site-packages/airflow/example_dags/example_short_circuit_operator.py
[2024-02-03T06:33:36.874+0000] {processor.py:830} INFO - Processing file /home/airflow/.local/lib/python3.8/site-packages/airflow/example_dags/example_short_circuit_operator.py for tasks to queue
[2024-02-03T06:33:36.876+0000] {logging_mixin.py:188} INFO - [2024-02-03T06:33:36.876+0000] {dagbag.py:538} INFO - Filling up the DagBag from /home/airflow/.local/lib/python3.8/site-packages/airflow/example_dags/example_short_circuit_operator.py
[2024-02-03T06:33:36.886+0000] {processor.py:840} INFO - DAG(s) 'example_short_circuit_operator' retrieved from /home/airflow/.local/lib/python3.8/site-packages/airflow/example_dags/example_short_circuit_operator.py
[2024-02-03T06:33:36.900+0000] {logging_mixin.py:188} INFO - [2024-02-03T06:33:36.899+0000] {dag.py:3036} INFO - Sync 1 DAGs
[2024-02-03T06:33:36.928+0000] {logging_mixin.py:188} INFO - [2024-02-03T06:33:36.928+0000] {dag.py:3823} INFO - Setting next_dagrun for example_short_circuit_operator to 2024-02-02 00:00:00+00:00, run_after=2024-02-03 00:00:00+00:00
[2024-02-03T06:33:36.955+0000] {processor.py:183} INFO - Processing /home/airflow/.local/lib/python3.8/site-packages/airflow/example_dags/example_short_circuit_operator.py took 0.086 seconds
[2024-02-03T06:34:07.434+0000] {processor.py:161} INFO - Started process (PID=99) to work on /home/airflow/.local/lib/python3.8/site-packages/airflow/example_dags/example_short_circuit_operator.py
[2024-02-03T06:34:07.435+0000] {processor.py:830} INFO - Processing file /home/airflow/.local/lib/python3.8/site-packages/airflow/example_dags/example_short_circuit_operator.py for tasks to queue
[2024-02-03T06:34:07.437+0000] {logging_mixin.py:188} INFO - [2024-02-03T06:34:07.437+0000] {dagbag.py:538} INFO - Filling up the DagBag from /home/airflow/.local/lib/python3.8/site-packages/airflow/example_dags/example_short_circuit_operator.py
[2024-02-03T06:34:07.445+0000] {processor.py:840} INFO - DAG(s) 'example_short_circuit_operator' retrieved from /home/airflow/.local/lib/python3.8/site-packages/airflow/example_dags/example_short_circuit_operator.py
[2024-02-03T06:34:07.559+0000] {logging_mixin.py:188} INFO - [2024-02-03T06:34:07.559+0000] {dag.py:3036} INFO - Sync 1 DAGs
[2024-02-03T06:34:07.582+0000] {logging_mixin.py:188} INFO - [2024-02-03T06:34:07.581+0000] {dag.py:3823} INFO - Setting next_dagrun for example_short_circuit_operator to 2024-02-02 00:00:00+00:00, run_after=2024-02-03 00:00:00+00:00
[2024-02-03T06:34:07.609+0000] {processor.py:183} INFO - Processing /home/airflow/.local/lib/python3.8/site-packages/airflow/example_dags/example_short_circuit_operator.py took 0.177 seconds
[2024-02-03T06:34:37.895+0000] {processor.py:161} INFO - Started process (PID=154) to work on /home/airflow/.local/lib/python3.8/site-packages/airflow/example_dags/example_short_circuit_operator.py
[2024-02-03T06:34:37.896+0000] {processor.py:830} INFO - Processing file /home/airflow/.local/lib/python3.8/site-packages/airflow/example_dags/example_short_circuit_operator.py for tasks to queue
[2024-02-03T06:34:37.898+0000] {logging_mixin.py:188} INFO - [2024-02-03T06:34:37.898+0000] {dagbag.py:538} INFO - Filling up the DagBag from /home/airflow/.local/lib/python3.8/site-packages/airflow/example_dags/example_short_circuit_operator.py
[2024-02-03T06:34:37.906+0000] {processor.py:840} INFO - DAG(s) 'example_short_circuit_operator' retrieved from /home/airflow/.local/lib/python3.8/site-packages/airflow/example_dags/example_short_circuit_operator.py
[2024-02-03T06:34:37.936+0000] {logging_mixin.py:188} INFO - [2024-02-03T06:34:37.935+0000] {dag.py:3036} INFO - Sync 1 DAGs
[2024-02-03T06:34:37.962+0000] {logging_mixin.py:188} INFO - [2024-02-03T06:34:37.962+0000] {dag.py:3823} INFO - Setting next_dagrun for example_short_circuit_operator to 2024-02-02 00:00:00+00:00, run_after=2024-02-03 00:00:00+00:00
[2024-02-03T06:34:37.988+0000] {processor.py:183} INFO - Processing /home/airflow/.local/lib/python3.8/site-packages/airflow/example_dags/example_short_circuit_operator.py took 0.096 seconds
[2024-02-03T06:35:08.021+0000] {processor.py:161} INFO - Started process (PID=209) to work on /home/airflow/.local/lib/python3.8/site-packages/airflow/example_dags/example_short_circuit_operator.py
[2024-02-03T06:35:08.022+0000] {processor.py:830} INFO - Processing file /home/airflow/.local/lib/python3.8/site-packages/airflow/example_dags/example_short_circuit_operator.py for tasks to queue
[2024-02-03T06:35:08.024+0000] {logging_mixin.py:188} INFO - [2024-02-03T06:35:08.024+0000] {dagbag.py:538} INFO - Filling up the DagBag from /home/airflow/.local/lib/python3.8/site-packages/airflow/example_dags/example_short_circuit_operator.py
[2024-02-03T06:35:08.033+0000] {processor.py:840} INFO - DAG(s) 'example_short_circuit_operator' retrieved from /home/airflow/.local/lib/python3.8/site-packages/airflow/example_dags/example_short_circuit_operator.py
[2024-02-03T06:35:08.059+0000] {logging_mixin.py:188} INFO - [2024-02-03T06:35:08.059+0000] {dag.py:3036} INFO - Sync 1 DAGs
[2024-02-03T06:35:08.084+0000] {logging_mixin.py:188} INFO - [2024-02-03T06:35:08.084+0000] {dag.py:3823} INFO - Setting next_dagrun for example_short_circuit_operator to 2024-02-02 00:00:00+00:00, run_after=2024-02-03 00:00:00+00:00
[2024-02-03T06:35:08.116+0000] {processor.py:183} INFO - Processing /home/airflow/.local/lib/python3.8/site-packages/airflow/example_dags/example_short_circuit_operator.py took 0.099 seconds
[2024-02-03T06:35:38.412+0000] {processor.py:161} INFO - Started process (PID=264) to work on /home/airflow/.local/lib/python3.8/site-packages/airflow/example_dags/example_short_circuit_operator.py
[2024-02-03T06:35:38.413+0000] {processor.py:830} INFO - Processing file /home/airflow/.local/lib/python3.8/site-packages/airflow/example_dags/example_short_circuit_operator.py for tasks to queue
[2024-02-03T06:35:38.415+0000] {logging_mixin.py:188} INFO - [2024-02-03T06:35:38.415+0000] {dagbag.py:538} INFO - Filling up the DagBag from /home/airflow/.local/lib/python3.8/site-packages/airflow/example_dags/example_short_circuit_operator.py
[2024-02-03T06:35:38.424+0000] {processor.py:840} INFO - DAG(s) 'example_short_circuit_operator' retrieved from /home/airflow/.local/lib/python3.8/site-packages/airflow/example_dags/example_short_circuit_operator.py
[2024-02-03T06:35:38.451+0000] {logging_mixin.py:188} INFO - [2024-02-03T06:35:38.451+0000] {dag.py:3036} INFO - Sync 1 DAGs
[2024-02-03T06:35:38.478+0000] {logging_mixin.py:188} INFO - [2024-02-03T06:35:38.478+0000] {dag.py:3823} INFO - Setting next_dagrun for example_short_circuit_operator to 2024-02-02 00:00:00+00:00, run_after=2024-02-03 00:00:00+00:00
[2024-02-03T06:35:38.501+0000] {processor.py:183} INFO - Processing /home/airflow/.local/lib/python3.8/site-packages/airflow/example_dags/example_short_circuit_operator.py took 0.093 seconds
[2024-02-03T06:36:08.915+0000] {processor.py:161} INFO - Started process (PID=319) to work on /home/airflow/.local/lib/python3.8/site-packages/airflow/example_dags/example_short_circuit_operator.py
[2024-02-03T06:36:08.928+0000] {processor.py:830} INFO - Processing file /home/airflow/.local/lib/python3.8/site-packages/airflow/example_dags/example_short_circuit_operator.py for tasks to queue
[2024-02-03T06:36:08.948+0000] {logging_mixin.py:188} INFO - [2024-02-03T06:36:08.945+0000] {dagbag.py:538} INFO - Filling up the DagBag from /home/airflow/.local/lib/python3.8/site-packages/airflow/example_dags/example_short_circuit_operator.py
[2024-02-03T06:36:08.967+0000] {processor.py:840} INFO - DAG(s) 'example_short_circuit_operator' retrieved from /home/airflow/.local/lib/python3.8/site-packages/airflow/example_dags/example_short_circuit_operator.py
[2024-02-03T06:36:09.011+0000] {logging_mixin.py:188} INFO - [2024-02-03T06:36:09.010+0000] {dag.py:3036} INFO - Sync 1 DAGs
[2024-02-03T06:36:09.052+0000] {logging_mixin.py:188} INFO - [2024-02-03T06:36:09.052+0000] {dag.py:3823} INFO - Setting next_dagrun for example_short_circuit_operator to 2024-02-02 00:00:00+00:00, run_after=2024-02-03 00:00:00+00:00
[2024-02-03T06:36:09.081+0000] {processor.py:183} INFO - Processing /home/airflow/.local/lib/python3.8/site-packages/airflow/example_dags/example_short_circuit_operator.py took 0.176 seconds
