[2024-02-03T05:26:17.593+0000] {processor.py:161} INFO - Started process (PID=62) to work on /home/airflow/.local/lib/python3.8/site-packages/airflow/example_dags/example_setup_teardown.py
[2024-02-03T05:26:17.594+0000] {processor.py:830} INFO - Processing file /home/airflow/.local/lib/python3.8/site-packages/airflow/example_dags/example_setup_teardown.py for tasks to queue
[2024-02-03T05:26:17.597+0000] {logging_mixin.py:188} INFO - [2024-02-03T05:26:17.596+0000] {dagbag.py:538} INFO - Filling up the DagBag from /home/airflow/.local/lib/python3.8/site-packages/airflow/example_dags/example_setup_teardown.py
[2024-02-03T05:26:17.606+0000] {processor.py:840} INFO - DAG(s) 'example_setup_teardown' retrieved from /home/airflow/.local/lib/python3.8/site-packages/airflow/example_dags/example_setup_teardown.py
[2024-02-03T05:26:18.031+0000] {logging_mixin.py:188} INFO - [2024-02-03T05:26:18.030+0000] {dag.py:3036} INFO - Sync 1 DAGs
[2024-02-03T05:26:18.270+0000] {logging_mixin.py:188} INFO - [2024-02-03T05:26:18.265+0000] {dag.py:3823} INFO - Setting next_dagrun for example_setup_teardown to 2024-02-02 00:00:00+00:00, run_after=2024-02-03 00:00:00+00:00
[2024-02-03T05:26:18.396+0000] {processor.py:183} INFO - Processing /home/airflow/.local/lib/python3.8/site-packages/airflow/example_dags/example_setup_teardown.py took 0.807 seconds
[2024-02-03T05:26:48.757+0000] {processor.py:161} INFO - Started process (PID=117) to work on /home/airflow/.local/lib/python3.8/site-packages/airflow/example_dags/example_setup_teardown.py
[2024-02-03T05:26:48.758+0000] {processor.py:830} INFO - Processing file /home/airflow/.local/lib/python3.8/site-packages/airflow/example_dags/example_setup_teardown.py for tasks to queue
[2024-02-03T05:26:48.760+0000] {logging_mixin.py:188} INFO - [2024-02-03T05:26:48.760+0000] {dagbag.py:538} INFO - Filling up the DagBag from /home/airflow/.local/lib/python3.8/site-packages/airflow/example_dags/example_setup_teardown.py
[2024-02-03T05:26:48.767+0000] {processor.py:840} INFO - DAG(s) 'example_setup_teardown' retrieved from /home/airflow/.local/lib/python3.8/site-packages/airflow/example_dags/example_setup_teardown.py
[2024-02-03T05:26:48.790+0000] {logging_mixin.py:188} INFO - [2024-02-03T05:26:48.790+0000] {dag.py:3036} INFO - Sync 1 DAGs
[2024-02-03T05:26:48.816+0000] {logging_mixin.py:188} INFO - [2024-02-03T05:26:48.815+0000] {dag.py:3823} INFO - Setting next_dagrun for example_setup_teardown to 2024-02-02 00:00:00+00:00, run_after=2024-02-03 00:00:00+00:00
[2024-02-03T05:26:48.843+0000] {processor.py:183} INFO - Processing /home/airflow/.local/lib/python3.8/site-packages/airflow/example_dags/example_setup_teardown.py took 0.088 seconds
[2024-02-03T05:27:19.075+0000] {processor.py:161} INFO - Started process (PID=172) to work on /home/airflow/.local/lib/python3.8/site-packages/airflow/example_dags/example_setup_teardown.py
[2024-02-03T05:27:19.076+0000] {processor.py:830} INFO - Processing file /home/airflow/.local/lib/python3.8/site-packages/airflow/example_dags/example_setup_teardown.py for tasks to queue
[2024-02-03T05:27:19.078+0000] {logging_mixin.py:188} INFO - [2024-02-03T05:27:19.078+0000] {dagbag.py:538} INFO - Filling up the DagBag from /home/airflow/.local/lib/python3.8/site-packages/airflow/example_dags/example_setup_teardown.py
[2024-02-03T05:27:19.084+0000] {processor.py:840} INFO - DAG(s) 'example_setup_teardown' retrieved from /home/airflow/.local/lib/python3.8/site-packages/airflow/example_dags/example_setup_teardown.py
[2024-02-03T05:27:19.107+0000] {logging_mixin.py:188} INFO - [2024-02-03T05:27:19.107+0000] {dag.py:3036} INFO - Sync 1 DAGs
[2024-02-03T05:27:19.132+0000] {logging_mixin.py:188} INFO - [2024-02-03T05:27:19.131+0000] {dag.py:3823} INFO - Setting next_dagrun for example_setup_teardown to 2024-02-02 00:00:00+00:00, run_after=2024-02-03 00:00:00+00:00
[2024-02-03T05:27:19.154+0000] {processor.py:183} INFO - Processing /home/airflow/.local/lib/python3.8/site-packages/airflow/example_dags/example_setup_teardown.py took 0.082 seconds
[2024-02-03T05:27:49.376+0000] {processor.py:161} INFO - Started process (PID=227) to work on /home/airflow/.local/lib/python3.8/site-packages/airflow/example_dags/example_setup_teardown.py
[2024-02-03T05:27:49.377+0000] {processor.py:830} INFO - Processing file /home/airflow/.local/lib/python3.8/site-packages/airflow/example_dags/example_setup_teardown.py for tasks to queue
[2024-02-03T05:27:49.379+0000] {logging_mixin.py:188} INFO - [2024-02-03T05:27:49.379+0000] {dagbag.py:538} INFO - Filling up the DagBag from /home/airflow/.local/lib/python3.8/site-packages/airflow/example_dags/example_setup_teardown.py
[2024-02-03T05:27:49.386+0000] {processor.py:840} INFO - DAG(s) 'example_setup_teardown' retrieved from /home/airflow/.local/lib/python3.8/site-packages/airflow/example_dags/example_setup_teardown.py
[2024-02-03T05:27:49.411+0000] {logging_mixin.py:188} INFO - [2024-02-03T05:27:49.411+0000] {dag.py:3036} INFO - Sync 1 DAGs
[2024-02-03T05:27:49.437+0000] {logging_mixin.py:188} INFO - [2024-02-03T05:27:49.437+0000] {dag.py:3823} INFO - Setting next_dagrun for example_setup_teardown to 2024-02-02 00:00:00+00:00, run_after=2024-02-03 00:00:00+00:00
[2024-02-03T05:27:49.463+0000] {processor.py:183} INFO - Processing /home/airflow/.local/lib/python3.8/site-packages/airflow/example_dags/example_setup_teardown.py took 0.089 seconds
[2024-02-03T05:28:19.548+0000] {processor.py:161} INFO - Started process (PID=282) to work on /home/airflow/.local/lib/python3.8/site-packages/airflow/example_dags/example_setup_teardown.py
[2024-02-03T05:28:19.549+0000] {processor.py:830} INFO - Processing file /home/airflow/.local/lib/python3.8/site-packages/airflow/example_dags/example_setup_teardown.py for tasks to queue
[2024-02-03T05:28:19.551+0000] {logging_mixin.py:188} INFO - [2024-02-03T05:28:19.551+0000] {dagbag.py:538} INFO - Filling up the DagBag from /home/airflow/.local/lib/python3.8/site-packages/airflow/example_dags/example_setup_teardown.py
[2024-02-03T05:28:19.558+0000] {processor.py:840} INFO - DAG(s) 'example_setup_teardown' retrieved from /home/airflow/.local/lib/python3.8/site-packages/airflow/example_dags/example_setup_teardown.py
[2024-02-03T05:28:19.581+0000] {logging_mixin.py:188} INFO - [2024-02-03T05:28:19.581+0000] {dag.py:3036} INFO - Sync 1 DAGs
[2024-02-03T05:28:19.606+0000] {logging_mixin.py:188} INFO - [2024-02-03T05:28:19.606+0000] {dag.py:3823} INFO - Setting next_dagrun for example_setup_teardown to 2024-02-02 00:00:00+00:00, run_after=2024-02-03 00:00:00+00:00
[2024-02-03T05:28:19.632+0000] {processor.py:183} INFO - Processing /home/airflow/.local/lib/python3.8/site-packages/airflow/example_dags/example_setup_teardown.py took 0.087 seconds
[2024-02-03T05:28:49.843+0000] {processor.py:161} INFO - Started process (PID=337) to work on /home/airflow/.local/lib/python3.8/site-packages/airflow/example_dags/example_setup_teardown.py
[2024-02-03T05:28:49.844+0000] {processor.py:830} INFO - Processing file /home/airflow/.local/lib/python3.8/site-packages/airflow/example_dags/example_setup_teardown.py for tasks to queue
[2024-02-03T05:28:49.847+0000] {logging_mixin.py:188} INFO - [2024-02-03T05:28:49.846+0000] {dagbag.py:538} INFO - Filling up the DagBag from /home/airflow/.local/lib/python3.8/site-packages/airflow/example_dags/example_setup_teardown.py
[2024-02-03T05:28:49.853+0000] {processor.py:840} INFO - DAG(s) 'example_setup_teardown' retrieved from /home/airflow/.local/lib/python3.8/site-packages/airflow/example_dags/example_setup_teardown.py
[2024-02-03T05:28:49.878+0000] {logging_mixin.py:188} INFO - [2024-02-03T05:28:49.878+0000] {dag.py:3036} INFO - Sync 1 DAGs
[2024-02-03T05:28:49.905+0000] {logging_mixin.py:188} INFO - [2024-02-03T05:28:49.905+0000] {dag.py:3823} INFO - Setting next_dagrun for example_setup_teardown to 2024-02-02 00:00:00+00:00, run_after=2024-02-03 00:00:00+00:00
[2024-02-03T05:28:49.930+0000] {processor.py:183} INFO - Processing /home/airflow/.local/lib/python3.8/site-packages/airflow/example_dags/example_setup_teardown.py took 0.090 seconds
[2024-02-03T05:29:20.019+0000] {processor.py:161} INFO - Started process (PID=392) to work on /home/airflow/.local/lib/python3.8/site-packages/airflow/example_dags/example_setup_teardown.py
[2024-02-03T05:29:20.020+0000] {processor.py:830} INFO - Processing file /home/airflow/.local/lib/python3.8/site-packages/airflow/example_dags/example_setup_teardown.py for tasks to queue
[2024-02-03T05:29:20.022+0000] {logging_mixin.py:188} INFO - [2024-02-03T05:29:20.022+0000] {dagbag.py:538} INFO - Filling up the DagBag from /home/airflow/.local/lib/python3.8/site-packages/airflow/example_dags/example_setup_teardown.py
[2024-02-03T05:29:20.029+0000] {processor.py:840} INFO - DAG(s) 'example_setup_teardown' retrieved from /home/airflow/.local/lib/python3.8/site-packages/airflow/example_dags/example_setup_teardown.py
[2024-02-03T05:29:20.056+0000] {logging_mixin.py:188} INFO - [2024-02-03T05:29:20.055+0000] {dag.py:3036} INFO - Sync 1 DAGs
[2024-02-03T05:29:20.087+0000] {logging_mixin.py:188} INFO - [2024-02-03T05:29:20.087+0000] {dag.py:3823} INFO - Setting next_dagrun for example_setup_teardown to 2024-02-02 00:00:00+00:00, run_after=2024-02-03 00:00:00+00:00
[2024-02-03T05:29:20.113+0000] {processor.py:183} INFO - Processing /home/airflow/.local/lib/python3.8/site-packages/airflow/example_dags/example_setup_teardown.py took 0.097 seconds
[2024-02-03T05:29:50.427+0000] {processor.py:161} INFO - Started process (PID=447) to work on /home/airflow/.local/lib/python3.8/site-packages/airflow/example_dags/example_setup_teardown.py
[2024-02-03T05:29:50.428+0000] {processor.py:830} INFO - Processing file /home/airflow/.local/lib/python3.8/site-packages/airflow/example_dags/example_setup_teardown.py for tasks to queue
[2024-02-03T05:29:50.431+0000] {logging_mixin.py:188} INFO - [2024-02-03T05:29:50.430+0000] {dagbag.py:538} INFO - Filling up the DagBag from /home/airflow/.local/lib/python3.8/site-packages/airflow/example_dags/example_setup_teardown.py
[2024-02-03T05:29:50.437+0000] {processor.py:840} INFO - DAG(s) 'example_setup_teardown' retrieved from /home/airflow/.local/lib/python3.8/site-packages/airflow/example_dags/example_setup_teardown.py
[2024-02-03T05:29:50.464+0000] {logging_mixin.py:188} INFO - [2024-02-03T05:29:50.463+0000] {dag.py:3036} INFO - Sync 1 DAGs
[2024-02-03T05:29:50.494+0000] {logging_mixin.py:188} INFO - [2024-02-03T05:29:50.494+0000] {dag.py:3823} INFO - Setting next_dagrun for example_setup_teardown to 2024-02-02 00:00:00+00:00, run_after=2024-02-03 00:00:00+00:00
[2024-02-03T05:29:50.521+0000] {processor.py:183} INFO - Processing /home/airflow/.local/lib/python3.8/site-packages/airflow/example_dags/example_setup_teardown.py took 0.098 seconds
[2024-02-03T05:30:20.694+0000] {processor.py:161} INFO - Started process (PID=502) to work on /home/airflow/.local/lib/python3.8/site-packages/airflow/example_dags/example_setup_teardown.py
[2024-02-03T05:30:20.695+0000] {processor.py:830} INFO - Processing file /home/airflow/.local/lib/python3.8/site-packages/airflow/example_dags/example_setup_teardown.py for tasks to queue
[2024-02-03T05:30:20.697+0000] {logging_mixin.py:188} INFO - [2024-02-03T05:30:20.696+0000] {dagbag.py:538} INFO - Filling up the DagBag from /home/airflow/.local/lib/python3.8/site-packages/airflow/example_dags/example_setup_teardown.py
[2024-02-03T05:30:20.703+0000] {processor.py:840} INFO - DAG(s) 'example_setup_teardown' retrieved from /home/airflow/.local/lib/python3.8/site-packages/airflow/example_dags/example_setup_teardown.py
[2024-02-03T05:30:20.727+0000] {logging_mixin.py:188} INFO - [2024-02-03T05:30:20.727+0000] {dag.py:3036} INFO - Sync 1 DAGs
[2024-02-03T05:30:20.754+0000] {logging_mixin.py:188} INFO - [2024-02-03T05:30:20.754+0000] {dag.py:3823} INFO - Setting next_dagrun for example_setup_teardown to 2024-02-02 00:00:00+00:00, run_after=2024-02-03 00:00:00+00:00
[2024-02-03T05:30:20.779+0000] {processor.py:183} INFO - Processing /home/airflow/.local/lib/python3.8/site-packages/airflow/example_dags/example_setup_teardown.py took 0.088 seconds
[2024-02-03T05:30:51.411+0000] {processor.py:161} INFO - Started process (PID=557) to work on /home/airflow/.local/lib/python3.8/site-packages/airflow/example_dags/example_setup_teardown.py
[2024-02-03T05:30:51.412+0000] {processor.py:830} INFO - Processing file /home/airflow/.local/lib/python3.8/site-packages/airflow/example_dags/example_setup_teardown.py for tasks to queue
[2024-02-03T05:30:51.414+0000] {logging_mixin.py:188} INFO - [2024-02-03T05:30:51.414+0000] {dagbag.py:538} INFO - Filling up the DagBag from /home/airflow/.local/lib/python3.8/site-packages/airflow/example_dags/example_setup_teardown.py
[2024-02-03T05:30:51.422+0000] {processor.py:840} INFO - DAG(s) 'example_setup_teardown' retrieved from /home/airflow/.local/lib/python3.8/site-packages/airflow/example_dags/example_setup_teardown.py
[2024-02-03T05:30:51.451+0000] {logging_mixin.py:188} INFO - [2024-02-03T05:30:51.450+0000] {dag.py:3036} INFO - Sync 1 DAGs
[2024-02-03T05:30:51.483+0000] {logging_mixin.py:188} INFO - [2024-02-03T05:30:51.483+0000] {dag.py:3823} INFO - Setting next_dagrun for example_setup_teardown to 2024-02-02 00:00:00+00:00, run_after=2024-02-03 00:00:00+00:00
[2024-02-03T05:30:51.556+0000] {processor.py:183} INFO - Processing /home/airflow/.local/lib/python3.8/site-packages/airflow/example_dags/example_setup_teardown.py took 0.148 seconds
[2024-02-03T05:31:22.470+0000] {processor.py:161} INFO - Started process (PID=612) to work on /home/airflow/.local/lib/python3.8/site-packages/airflow/example_dags/example_setup_teardown.py
[2024-02-03T05:31:22.471+0000] {processor.py:830} INFO - Processing file /home/airflow/.local/lib/python3.8/site-packages/airflow/example_dags/example_setup_teardown.py for tasks to queue
[2024-02-03T05:31:22.473+0000] {logging_mixin.py:188} INFO - [2024-02-03T05:31:22.473+0000] {dagbag.py:538} INFO - Filling up the DagBag from /home/airflow/.local/lib/python3.8/site-packages/airflow/example_dags/example_setup_teardown.py
[2024-02-03T05:31:22.480+0000] {processor.py:840} INFO - DAG(s) 'example_setup_teardown' retrieved from /home/airflow/.local/lib/python3.8/site-packages/airflow/example_dags/example_setup_teardown.py
[2024-02-03T05:31:22.504+0000] {logging_mixin.py:188} INFO - [2024-02-03T05:31:22.504+0000] {dag.py:3036} INFO - Sync 1 DAGs
[2024-02-03T05:31:22.529+0000] {logging_mixin.py:188} INFO - [2024-02-03T05:31:22.529+0000] {dag.py:3823} INFO - Setting next_dagrun for example_setup_teardown to 2024-02-02 00:00:00+00:00, run_after=2024-02-03 00:00:00+00:00
[2024-02-03T05:31:22.552+0000] {processor.py:183} INFO - Processing /home/airflow/.local/lib/python3.8/site-packages/airflow/example_dags/example_setup_teardown.py took 0.085 seconds
[2024-02-03T05:31:53.605+0000] {processor.py:161} INFO - Started process (PID=683) to work on /home/airflow/.local/lib/python3.8/site-packages/airflow/example_dags/example_setup_teardown.py
[2024-02-03T05:31:53.607+0000] {processor.py:830} INFO - Processing file /home/airflow/.local/lib/python3.8/site-packages/airflow/example_dags/example_setup_teardown.py for tasks to queue
[2024-02-03T05:31:53.610+0000] {logging_mixin.py:188} INFO - [2024-02-03T05:31:53.610+0000] {dagbag.py:538} INFO - Filling up the DagBag from /home/airflow/.local/lib/python3.8/site-packages/airflow/example_dags/example_setup_teardown.py
[2024-02-03T05:31:53.619+0000] {processor.py:840} INFO - DAG(s) 'example_setup_teardown' retrieved from /home/airflow/.local/lib/python3.8/site-packages/airflow/example_dags/example_setup_teardown.py
[2024-02-03T05:31:53.648+0000] {logging_mixin.py:188} INFO - [2024-02-03T05:31:53.648+0000] {dag.py:3036} INFO - Sync 1 DAGs
[2024-02-03T05:31:53.680+0000] {logging_mixin.py:188} INFO - [2024-02-03T05:31:53.680+0000] {dag.py:3823} INFO - Setting next_dagrun for example_setup_teardown to 2024-02-02 00:00:00+00:00, run_after=2024-02-03 00:00:00+00:00
[2024-02-03T05:31:53.717+0000] {processor.py:183} INFO - Processing /home/airflow/.local/lib/python3.8/site-packages/airflow/example_dags/example_setup_teardown.py took 0.115 seconds
[2024-02-03T05:32:24.061+0000] {processor.py:161} INFO - Started process (PID=738) to work on /home/airflow/.local/lib/python3.8/site-packages/airflow/example_dags/example_setup_teardown.py
[2024-02-03T05:32:24.063+0000] {processor.py:830} INFO - Processing file /home/airflow/.local/lib/python3.8/site-packages/airflow/example_dags/example_setup_teardown.py for tasks to queue
[2024-02-03T05:32:24.065+0000] {logging_mixin.py:188} INFO - [2024-02-03T05:32:24.064+0000] {dagbag.py:538} INFO - Filling up the DagBag from /home/airflow/.local/lib/python3.8/site-packages/airflow/example_dags/example_setup_teardown.py
[2024-02-03T05:32:24.071+0000] {processor.py:840} INFO - DAG(s) 'example_setup_teardown' retrieved from /home/airflow/.local/lib/python3.8/site-packages/airflow/example_dags/example_setup_teardown.py
[2024-02-03T05:32:24.096+0000] {logging_mixin.py:188} INFO - [2024-02-03T05:32:24.095+0000] {dag.py:3036} INFO - Sync 1 DAGs
[2024-02-03T05:32:24.124+0000] {logging_mixin.py:188} INFO - [2024-02-03T05:32:24.123+0000] {dag.py:3823} INFO - Setting next_dagrun for example_setup_teardown to 2024-02-02 00:00:00+00:00, run_after=2024-02-03 00:00:00+00:00
[2024-02-03T05:32:24.151+0000] {processor.py:183} INFO - Processing /home/airflow/.local/lib/python3.8/site-packages/airflow/example_dags/example_setup_teardown.py took 0.092 seconds
[2024-02-03T05:32:55.060+0000] {processor.py:161} INFO - Started process (PID=793) to work on /home/airflow/.local/lib/python3.8/site-packages/airflow/example_dags/example_setup_teardown.py
[2024-02-03T05:32:55.061+0000] {processor.py:830} INFO - Processing file /home/airflow/.local/lib/python3.8/site-packages/airflow/example_dags/example_setup_teardown.py for tasks to queue
[2024-02-03T05:32:55.063+0000] {logging_mixin.py:188} INFO - [2024-02-03T05:32:55.062+0000] {dagbag.py:538} INFO - Filling up the DagBag from /home/airflow/.local/lib/python3.8/site-packages/airflow/example_dags/example_setup_teardown.py
[2024-02-03T05:32:55.069+0000] {processor.py:840} INFO - DAG(s) 'example_setup_teardown' retrieved from /home/airflow/.local/lib/python3.8/site-packages/airflow/example_dags/example_setup_teardown.py
[2024-02-03T05:32:55.092+0000] {logging_mixin.py:188} INFO - [2024-02-03T05:32:55.092+0000] {dag.py:3036} INFO - Sync 1 DAGs
[2024-02-03T05:32:55.128+0000] {logging_mixin.py:188} INFO - [2024-02-03T05:32:55.128+0000] {dag.py:3823} INFO - Setting next_dagrun for example_setup_teardown to 2024-02-02 00:00:00+00:00, run_after=2024-02-03 00:00:00+00:00
[2024-02-03T05:32:55.166+0000] {processor.py:183} INFO - Processing /home/airflow/.local/lib/python3.8/site-packages/airflow/example_dags/example_setup_teardown.py took 0.109 seconds
[2024-02-03T06:00:01.246+0000] {processor.py:161} INFO - Started process (PID=62) to work on /home/airflow/.local/lib/python3.8/site-packages/airflow/example_dags/example_setup_teardown.py
[2024-02-03T06:00:01.247+0000] {processor.py:830} INFO - Processing file /home/airflow/.local/lib/python3.8/site-packages/airflow/example_dags/example_setup_teardown.py for tasks to queue
[2024-02-03T06:00:01.249+0000] {logging_mixin.py:188} INFO - [2024-02-03T06:00:01.249+0000] {dagbag.py:538} INFO - Filling up the DagBag from /home/airflow/.local/lib/python3.8/site-packages/airflow/example_dags/example_setup_teardown.py
[2024-02-03T06:00:01.258+0000] {processor.py:840} INFO - DAG(s) 'example_setup_teardown' retrieved from /home/airflow/.local/lib/python3.8/site-packages/airflow/example_dags/example_setup_teardown.py
[2024-02-03T06:00:01.288+0000] {logging_mixin.py:188} INFO - [2024-02-03T06:00:01.287+0000] {dag.py:3036} INFO - Sync 1 DAGs
[2024-02-03T06:00:01.318+0000] {logging_mixin.py:188} INFO - [2024-02-03T06:00:01.317+0000] {dag.py:3823} INFO - Setting next_dagrun for example_setup_teardown to 2024-02-02 00:00:00+00:00, run_after=2024-02-03 00:00:00+00:00
[2024-02-03T06:00:01.352+0000] {processor.py:183} INFO - Processing /home/airflow/.local/lib/python3.8/site-packages/airflow/example_dags/example_setup_teardown.py took 0.109 seconds
[2024-02-03T06:00:31.643+0000] {processor.py:161} INFO - Started process (PID=117) to work on /home/airflow/.local/lib/python3.8/site-packages/airflow/example_dags/example_setup_teardown.py
[2024-02-03T06:00:31.644+0000] {processor.py:830} INFO - Processing file /home/airflow/.local/lib/python3.8/site-packages/airflow/example_dags/example_setup_teardown.py for tasks to queue
[2024-02-03T06:00:31.647+0000] {logging_mixin.py:188} INFO - [2024-02-03T06:00:31.646+0000] {dagbag.py:538} INFO - Filling up the DagBag from /home/airflow/.local/lib/python3.8/site-packages/airflow/example_dags/example_setup_teardown.py
[2024-02-03T06:00:31.653+0000] {processor.py:840} INFO - DAG(s) 'example_setup_teardown' retrieved from /home/airflow/.local/lib/python3.8/site-packages/airflow/example_dags/example_setup_teardown.py
[2024-02-03T06:00:31.679+0000] {logging_mixin.py:188} INFO - [2024-02-03T06:00:31.679+0000] {dag.py:3036} INFO - Sync 1 DAGs
[2024-02-03T06:00:31.706+0000] {logging_mixin.py:188} INFO - [2024-02-03T06:00:31.706+0000] {dag.py:3823} INFO - Setting next_dagrun for example_setup_teardown to 2024-02-02 00:00:00+00:00, run_after=2024-02-03 00:00:00+00:00
[2024-02-03T06:00:31.732+0000] {processor.py:183} INFO - Processing /home/airflow/.local/lib/python3.8/site-packages/airflow/example_dags/example_setup_teardown.py took 0.092 seconds
[2024-02-03T06:01:02.204+0000] {processor.py:161} INFO - Started process (PID=172) to work on /home/airflow/.local/lib/python3.8/site-packages/airflow/example_dags/example_setup_teardown.py
[2024-02-03T06:01:02.206+0000] {processor.py:830} INFO - Processing file /home/airflow/.local/lib/python3.8/site-packages/airflow/example_dags/example_setup_teardown.py for tasks to queue
[2024-02-03T06:01:02.208+0000] {logging_mixin.py:188} INFO - [2024-02-03T06:01:02.208+0000] {dagbag.py:538} INFO - Filling up the DagBag from /home/airflow/.local/lib/python3.8/site-packages/airflow/example_dags/example_setup_teardown.py
[2024-02-03T06:01:02.215+0000] {processor.py:840} INFO - DAG(s) 'example_setup_teardown' retrieved from /home/airflow/.local/lib/python3.8/site-packages/airflow/example_dags/example_setup_teardown.py
[2024-02-03T06:01:02.241+0000] {logging_mixin.py:188} INFO - [2024-02-03T06:01:02.241+0000] {dag.py:3036} INFO - Sync 1 DAGs
[2024-02-03T06:01:02.269+0000] {logging_mixin.py:188} INFO - [2024-02-03T06:01:02.268+0000] {dag.py:3823} INFO - Setting next_dagrun for example_setup_teardown to 2024-02-02 00:00:00+00:00, run_after=2024-02-03 00:00:00+00:00
[2024-02-03T06:01:02.293+0000] {processor.py:183} INFO - Processing /home/airflow/.local/lib/python3.8/site-packages/airflow/example_dags/example_setup_teardown.py took 0.092 seconds
[2024-02-03T06:33:38.377+0000] {processor.py:161} INFO - Started process (PID=62) to work on /home/airflow/.local/lib/python3.8/site-packages/airflow/example_dags/example_setup_teardown.py
[2024-02-03T06:33:38.379+0000] {processor.py:830} INFO - Processing file /home/airflow/.local/lib/python3.8/site-packages/airflow/example_dags/example_setup_teardown.py for tasks to queue
[2024-02-03T06:33:38.381+0000] {logging_mixin.py:188} INFO - [2024-02-03T06:33:38.380+0000] {dagbag.py:538} INFO - Filling up the DagBag from /home/airflow/.local/lib/python3.8/site-packages/airflow/example_dags/example_setup_teardown.py
[2024-02-03T06:33:38.389+0000] {processor.py:840} INFO - DAG(s) 'example_setup_teardown' retrieved from /home/airflow/.local/lib/python3.8/site-packages/airflow/example_dags/example_setup_teardown.py
[2024-02-03T06:33:38.405+0000] {logging_mixin.py:188} INFO - [2024-02-03T06:33:38.405+0000] {dag.py:3036} INFO - Sync 1 DAGs
[2024-02-03T06:33:38.440+0000] {logging_mixin.py:188} INFO - [2024-02-03T06:33:38.440+0000] {dag.py:3823} INFO - Setting next_dagrun for example_setup_teardown to 2024-02-02 00:00:00+00:00, run_after=2024-02-03 00:00:00+00:00
[2024-02-03T06:33:38.480+0000] {processor.py:183} INFO - Processing /home/airflow/.local/lib/python3.8/site-packages/airflow/example_dags/example_setup_teardown.py took 0.107 seconds
[2024-02-03T06:34:09.832+0000] {processor.py:161} INFO - Started process (PID=117) to work on /home/airflow/.local/lib/python3.8/site-packages/airflow/example_dags/example_setup_teardown.py
[2024-02-03T06:34:09.834+0000] {processor.py:830} INFO - Processing file /home/airflow/.local/lib/python3.8/site-packages/airflow/example_dags/example_setup_teardown.py for tasks to queue
[2024-02-03T06:34:09.835+0000] {logging_mixin.py:188} INFO - [2024-02-03T06:34:09.835+0000] {dagbag.py:538} INFO - Filling up the DagBag from /home/airflow/.local/lib/python3.8/site-packages/airflow/example_dags/example_setup_teardown.py
[2024-02-03T06:34:09.842+0000] {processor.py:840} INFO - DAG(s) 'example_setup_teardown' retrieved from /home/airflow/.local/lib/python3.8/site-packages/airflow/example_dags/example_setup_teardown.py
[2024-02-03T06:34:09.953+0000] {logging_mixin.py:188} INFO - [2024-02-03T06:34:09.953+0000] {dag.py:3036} INFO - Sync 1 DAGs
[2024-02-03T06:34:09.977+0000] {logging_mixin.py:188} INFO - [2024-02-03T06:34:09.976+0000] {dag.py:3823} INFO - Setting next_dagrun for example_setup_teardown to 2024-02-02 00:00:00+00:00, run_after=2024-02-03 00:00:00+00:00
[2024-02-03T06:34:10.003+0000] {processor.py:183} INFO - Processing /home/airflow/.local/lib/python3.8/site-packages/airflow/example_dags/example_setup_teardown.py took 0.173 seconds
[2024-02-03T06:34:40.041+0000] {processor.py:161} INFO - Started process (PID=172) to work on /home/airflow/.local/lib/python3.8/site-packages/airflow/example_dags/example_setup_teardown.py
[2024-02-03T06:34:40.042+0000] {processor.py:830} INFO - Processing file /home/airflow/.local/lib/python3.8/site-packages/airflow/example_dags/example_setup_teardown.py for tasks to queue
[2024-02-03T06:34:40.044+0000] {logging_mixin.py:188} INFO - [2024-02-03T06:34:40.043+0000] {dagbag.py:538} INFO - Filling up the DagBag from /home/airflow/.local/lib/python3.8/site-packages/airflow/example_dags/example_setup_teardown.py
[2024-02-03T06:34:40.051+0000] {processor.py:840} INFO - DAG(s) 'example_setup_teardown' retrieved from /home/airflow/.local/lib/python3.8/site-packages/airflow/example_dags/example_setup_teardown.py
[2024-02-03T06:34:40.074+0000] {logging_mixin.py:188} INFO - [2024-02-03T06:34:40.074+0000] {dag.py:3036} INFO - Sync 1 DAGs
[2024-02-03T06:34:40.100+0000] {logging_mixin.py:188} INFO - [2024-02-03T06:34:40.100+0000] {dag.py:3823} INFO - Setting next_dagrun for example_setup_teardown to 2024-02-02 00:00:00+00:00, run_after=2024-02-03 00:00:00+00:00
[2024-02-03T06:34:40.124+0000] {processor.py:183} INFO - Processing /home/airflow/.local/lib/python3.8/site-packages/airflow/example_dags/example_setup_teardown.py took 0.086 seconds
[2024-02-03T06:35:10.546+0000] {processor.py:161} INFO - Started process (PID=227) to work on /home/airflow/.local/lib/python3.8/site-packages/airflow/example_dags/example_setup_teardown.py
[2024-02-03T06:35:10.547+0000] {processor.py:830} INFO - Processing file /home/airflow/.local/lib/python3.8/site-packages/airflow/example_dags/example_setup_teardown.py for tasks to queue
[2024-02-03T06:35:10.549+0000] {logging_mixin.py:188} INFO - [2024-02-03T06:35:10.549+0000] {dagbag.py:538} INFO - Filling up the DagBag from /home/airflow/.local/lib/python3.8/site-packages/airflow/example_dags/example_setup_teardown.py
[2024-02-03T06:35:10.555+0000] {processor.py:840} INFO - DAG(s) 'example_setup_teardown' retrieved from /home/airflow/.local/lib/python3.8/site-packages/airflow/example_dags/example_setup_teardown.py
[2024-02-03T06:35:10.581+0000] {logging_mixin.py:188} INFO - [2024-02-03T06:35:10.580+0000] {dag.py:3036} INFO - Sync 1 DAGs
[2024-02-03T06:35:10.609+0000] {logging_mixin.py:188} INFO - [2024-02-03T06:35:10.608+0000] {dag.py:3823} INFO - Setting next_dagrun for example_setup_teardown to 2024-02-02 00:00:00+00:00, run_after=2024-02-03 00:00:00+00:00
[2024-02-03T06:35:10.635+0000] {processor.py:183} INFO - Processing /home/airflow/.local/lib/python3.8/site-packages/airflow/example_dags/example_setup_teardown.py took 0.092 seconds
[2024-02-03T06:35:40.858+0000] {processor.py:161} INFO - Started process (PID=282) to work on /home/airflow/.local/lib/python3.8/site-packages/airflow/example_dags/example_setup_teardown.py
[2024-02-03T06:35:40.859+0000] {processor.py:830} INFO - Processing file /home/airflow/.local/lib/python3.8/site-packages/airflow/example_dags/example_setup_teardown.py for tasks to queue
[2024-02-03T06:35:40.861+0000] {logging_mixin.py:188} INFO - [2024-02-03T06:35:40.860+0000] {dagbag.py:538} INFO - Filling up the DagBag from /home/airflow/.local/lib/python3.8/site-packages/airflow/example_dags/example_setup_teardown.py
[2024-02-03T06:35:40.867+0000] {processor.py:840} INFO - DAG(s) 'example_setup_teardown' retrieved from /home/airflow/.local/lib/python3.8/site-packages/airflow/example_dags/example_setup_teardown.py
[2024-02-03T06:35:40.895+0000] {logging_mixin.py:188} INFO - [2024-02-03T06:35:40.895+0000] {dag.py:3036} INFO - Sync 1 DAGs
[2024-02-03T06:35:40.922+0000] {logging_mixin.py:188} INFO - [2024-02-03T06:35:40.922+0000] {dag.py:3823} INFO - Setting next_dagrun for example_setup_teardown to 2024-02-02 00:00:00+00:00, run_after=2024-02-03 00:00:00+00:00
[2024-02-03T06:35:40.949+0000] {processor.py:183} INFO - Processing /home/airflow/.local/lib/python3.8/site-packages/airflow/example_dags/example_setup_teardown.py took 0.095 seconds
[2024-02-03T06:36:11.399+0000] {processor.py:161} INFO - Started process (PID=337) to work on /home/airflow/.local/lib/python3.8/site-packages/airflow/example_dags/example_setup_teardown.py
[2024-02-03T06:36:11.400+0000] {processor.py:830} INFO - Processing file /home/airflow/.local/lib/python3.8/site-packages/airflow/example_dags/example_setup_teardown.py for tasks to queue
[2024-02-03T06:36:11.402+0000] {logging_mixin.py:188} INFO - [2024-02-03T06:36:11.401+0000] {dagbag.py:538} INFO - Filling up the DagBag from /home/airflow/.local/lib/python3.8/site-packages/airflow/example_dags/example_setup_teardown.py
[2024-02-03T06:36:11.408+0000] {processor.py:840} INFO - DAG(s) 'example_setup_teardown' retrieved from /home/airflow/.local/lib/python3.8/site-packages/airflow/example_dags/example_setup_teardown.py
[2024-02-03T06:36:11.432+0000] {logging_mixin.py:188} INFO - [2024-02-03T06:36:11.432+0000] {dag.py:3036} INFO - Sync 1 DAGs
[2024-02-03T06:36:11.458+0000] {logging_mixin.py:188} INFO - [2024-02-03T06:36:11.458+0000] {dag.py:3823} INFO - Setting next_dagrun for example_setup_teardown to 2024-02-02 00:00:00+00:00, run_after=2024-02-03 00:00:00+00:00
[2024-02-03T06:36:11.481+0000] {processor.py:183} INFO - Processing /home/airflow/.local/lib/python3.8/site-packages/airflow/example_dags/example_setup_teardown.py took 0.085 seconds
