[2024-02-03T05:26:19.575+0000] {processor.py:161} INFO - Started process (PID=68) to work on /home/airflow/.local/lib/python3.8/site-packages/airflow/example_dags/example_python_decorator.py
[2024-02-03T05:26:19.578+0000] {processor.py:830} INFO - Processing file /home/airflow/.local/lib/python3.8/site-packages/airflow/example_dags/example_python_decorator.py for tasks to queue
[2024-02-03T05:26:19.581+0000] {logging_mixin.py:188} INFO - [2024-02-03T05:26:19.581+0000] {dagbag.py:538} INFO - Filling up the DagBag from /home/airflow/.local/lib/python3.8/site-packages/airflow/example_dags/example_python_decorator.py
[2024-02-03T05:26:19.602+0000] {processor.py:840} INFO - DAG(s) 'example_python_decorator' retrieved from /home/airflow/.local/lib/python3.8/site-packages/airflow/example_dags/example_python_decorator.py
[2024-02-03T05:26:19.758+0000] {logging_mixin.py:188} INFO - [2024-02-03T05:26:19.757+0000] {dag.py:3036} INFO - Sync 1 DAGs
[2024-02-03T05:26:19.777+0000] {logging_mixin.py:188} INFO - [2024-02-03T05:26:19.776+0000] {dag.py:3823} INFO - Setting next_dagrun for example_python_decorator to None, run_after=None
[2024-02-03T05:26:19.818+0000] {processor.py:183} INFO - Processing /home/airflow/.local/lib/python3.8/site-packages/airflow/example_dags/example_python_decorator.py took 0.247 seconds
[2024-02-03T05:26:50.188+0000] {processor.py:161} INFO - Started process (PID=123) to work on /home/airflow/.local/lib/python3.8/site-packages/airflow/example_dags/example_python_decorator.py
[2024-02-03T05:26:50.189+0000] {processor.py:830} INFO - Processing file /home/airflow/.local/lib/python3.8/site-packages/airflow/example_dags/example_python_decorator.py for tasks to queue
[2024-02-03T05:26:50.191+0000] {logging_mixin.py:188} INFO - [2024-02-03T05:26:50.191+0000] {dagbag.py:538} INFO - Filling up the DagBag from /home/airflow/.local/lib/python3.8/site-packages/airflow/example_dags/example_python_decorator.py
[2024-02-03T05:26:50.207+0000] {processor.py:840} INFO - DAG(s) 'example_python_decorator' retrieved from /home/airflow/.local/lib/python3.8/site-packages/airflow/example_dags/example_python_decorator.py
[2024-02-03T05:26:50.237+0000] {logging_mixin.py:188} INFO - [2024-02-03T05:26:50.237+0000] {dag.py:3036} INFO - Sync 1 DAGs
[2024-02-03T05:26:50.254+0000] {logging_mixin.py:188} INFO - [2024-02-03T05:26:50.254+0000] {dag.py:3823} INFO - Setting next_dagrun for example_python_decorator to None, run_after=None
[2024-02-03T05:26:50.282+0000] {processor.py:183} INFO - Processing /home/airflow/.local/lib/python3.8/site-packages/airflow/example_dags/example_python_decorator.py took 0.097 seconds
[2024-02-03T05:27:20.421+0000] {processor.py:161} INFO - Started process (PID=178) to work on /home/airflow/.local/lib/python3.8/site-packages/airflow/example_dags/example_python_decorator.py
[2024-02-03T05:27:20.422+0000] {processor.py:830} INFO - Processing file /home/airflow/.local/lib/python3.8/site-packages/airflow/example_dags/example_python_decorator.py for tasks to queue
[2024-02-03T05:27:20.423+0000] {logging_mixin.py:188} INFO - [2024-02-03T05:27:20.423+0000] {dagbag.py:538} INFO - Filling up the DagBag from /home/airflow/.local/lib/python3.8/site-packages/airflow/example_dags/example_python_decorator.py
[2024-02-03T05:27:20.437+0000] {processor.py:840} INFO - DAG(s) 'example_python_decorator' retrieved from /home/airflow/.local/lib/python3.8/site-packages/airflow/example_dags/example_python_decorator.py
[2024-02-03T05:27:20.463+0000] {logging_mixin.py:188} INFO - [2024-02-03T05:27:20.463+0000] {dag.py:3036} INFO - Sync 1 DAGs
[2024-02-03T05:27:20.478+0000] {logging_mixin.py:188} INFO - [2024-02-03T05:27:20.478+0000] {dag.py:3823} INFO - Setting next_dagrun for example_python_decorator to None, run_after=None
[2024-02-03T05:27:20.501+0000] {processor.py:183} INFO - Processing /home/airflow/.local/lib/python3.8/site-packages/airflow/example_dags/example_python_decorator.py took 0.082 seconds
[2024-02-03T05:27:50.731+0000] {processor.py:161} INFO - Started process (PID=233) to work on /home/airflow/.local/lib/python3.8/site-packages/airflow/example_dags/example_python_decorator.py
[2024-02-03T05:27:50.732+0000] {processor.py:830} INFO - Processing file /home/airflow/.local/lib/python3.8/site-packages/airflow/example_dags/example_python_decorator.py for tasks to queue
[2024-02-03T05:27:50.734+0000] {logging_mixin.py:188} INFO - [2024-02-03T05:27:50.734+0000] {dagbag.py:538} INFO - Filling up the DagBag from /home/airflow/.local/lib/python3.8/site-packages/airflow/example_dags/example_python_decorator.py
[2024-02-03T05:27:50.748+0000] {processor.py:840} INFO - DAG(s) 'example_python_decorator' retrieved from /home/airflow/.local/lib/python3.8/site-packages/airflow/example_dags/example_python_decorator.py
[2024-02-03T05:27:50.775+0000] {logging_mixin.py:188} INFO - [2024-02-03T05:27:50.774+0000] {dag.py:3036} INFO - Sync 1 DAGs
[2024-02-03T05:27:50.790+0000] {logging_mixin.py:188} INFO - [2024-02-03T05:27:50.789+0000] {dag.py:3823} INFO - Setting next_dagrun for example_python_decorator to None, run_after=None
[2024-02-03T05:27:50.820+0000] {processor.py:183} INFO - Processing /home/airflow/.local/lib/python3.8/site-packages/airflow/example_dags/example_python_decorator.py took 0.091 seconds
[2024-02-03T05:28:20.920+0000] {processor.py:161} INFO - Started process (PID=288) to work on /home/airflow/.local/lib/python3.8/site-packages/airflow/example_dags/example_python_decorator.py
[2024-02-03T05:28:20.921+0000] {processor.py:830} INFO - Processing file /home/airflow/.local/lib/python3.8/site-packages/airflow/example_dags/example_python_decorator.py for tasks to queue
[2024-02-03T05:28:20.923+0000] {logging_mixin.py:188} INFO - [2024-02-03T05:28:20.923+0000] {dagbag.py:538} INFO - Filling up the DagBag from /home/airflow/.local/lib/python3.8/site-packages/airflow/example_dags/example_python_decorator.py
[2024-02-03T05:28:20.940+0000] {processor.py:840} INFO - DAG(s) 'example_python_decorator' retrieved from /home/airflow/.local/lib/python3.8/site-packages/airflow/example_dags/example_python_decorator.py
[2024-02-03T05:28:20.969+0000] {logging_mixin.py:188} INFO - [2024-02-03T05:28:20.969+0000] {dag.py:3036} INFO - Sync 1 DAGs
[2024-02-03T05:28:20.985+0000] {logging_mixin.py:188} INFO - [2024-02-03T05:28:20.984+0000] {dag.py:3823} INFO - Setting next_dagrun for example_python_decorator to None, run_after=None
[2024-02-03T05:28:21.015+0000] {processor.py:183} INFO - Processing /home/airflow/.local/lib/python3.8/site-packages/airflow/example_dags/example_python_decorator.py took 0.098 seconds
[2024-02-03T05:28:51.237+0000] {processor.py:161} INFO - Started process (PID=343) to work on /home/airflow/.local/lib/python3.8/site-packages/airflow/example_dags/example_python_decorator.py
[2024-02-03T05:28:51.238+0000] {processor.py:830} INFO - Processing file /home/airflow/.local/lib/python3.8/site-packages/airflow/example_dags/example_python_decorator.py for tasks to queue
[2024-02-03T05:28:51.240+0000] {logging_mixin.py:188} INFO - [2024-02-03T05:28:51.240+0000] {dagbag.py:538} INFO - Filling up the DagBag from /home/airflow/.local/lib/python3.8/site-packages/airflow/example_dags/example_python_decorator.py
[2024-02-03T05:28:51.256+0000] {processor.py:840} INFO - DAG(s) 'example_python_decorator' retrieved from /home/airflow/.local/lib/python3.8/site-packages/airflow/example_dags/example_python_decorator.py
[2024-02-03T05:28:51.289+0000] {logging_mixin.py:188} INFO - [2024-02-03T05:28:51.288+0000] {dag.py:3036} INFO - Sync 1 DAGs
[2024-02-03T05:28:51.305+0000] {logging_mixin.py:188} INFO - [2024-02-03T05:28:51.305+0000] {dag.py:3823} INFO - Setting next_dagrun for example_python_decorator to None, run_after=None
[2024-02-03T05:28:51.335+0000] {processor.py:183} INFO - Processing /home/airflow/.local/lib/python3.8/site-packages/airflow/example_dags/example_python_decorator.py took 0.101 seconds
[2024-02-03T05:29:21.524+0000] {processor.py:161} INFO - Started process (PID=398) to work on /home/airflow/.local/lib/python3.8/site-packages/airflow/example_dags/example_python_decorator.py
[2024-02-03T05:29:21.525+0000] {processor.py:830} INFO - Processing file /home/airflow/.local/lib/python3.8/site-packages/airflow/example_dags/example_python_decorator.py for tasks to queue
[2024-02-03T05:29:21.528+0000] {logging_mixin.py:188} INFO - [2024-02-03T05:29:21.527+0000] {dagbag.py:538} INFO - Filling up the DagBag from /home/airflow/.local/lib/python3.8/site-packages/airflow/example_dags/example_python_decorator.py
[2024-02-03T05:29:21.541+0000] {processor.py:840} INFO - DAG(s) 'example_python_decorator' retrieved from /home/airflow/.local/lib/python3.8/site-packages/airflow/example_dags/example_python_decorator.py
[2024-02-03T05:29:21.570+0000] {logging_mixin.py:188} INFO - [2024-02-03T05:29:21.569+0000] {dag.py:3036} INFO - Sync 1 DAGs
[2024-02-03T05:29:21.585+0000] {logging_mixin.py:188} INFO - [2024-02-03T05:29:21.584+0000] {dag.py:3823} INFO - Setting next_dagrun for example_python_decorator to None, run_after=None
[2024-02-03T05:29:21.612+0000] {processor.py:183} INFO - Processing /home/airflow/.local/lib/python3.8/site-packages/airflow/example_dags/example_python_decorator.py took 0.091 seconds
[2024-02-03T05:29:51.825+0000] {processor.py:161} INFO - Started process (PID=453) to work on /home/airflow/.local/lib/python3.8/site-packages/airflow/example_dags/example_python_decorator.py
[2024-02-03T05:29:51.827+0000] {processor.py:830} INFO - Processing file /home/airflow/.local/lib/python3.8/site-packages/airflow/example_dags/example_python_decorator.py for tasks to queue
[2024-02-03T05:29:51.829+0000] {logging_mixin.py:188} INFO - [2024-02-03T05:29:51.828+0000] {dagbag.py:538} INFO - Filling up the DagBag from /home/airflow/.local/lib/python3.8/site-packages/airflow/example_dags/example_python_decorator.py
[2024-02-03T05:29:51.843+0000] {processor.py:840} INFO - DAG(s) 'example_python_decorator' retrieved from /home/airflow/.local/lib/python3.8/site-packages/airflow/example_dags/example_python_decorator.py
[2024-02-03T05:29:51.871+0000] {logging_mixin.py:188} INFO - [2024-02-03T05:29:51.871+0000] {dag.py:3036} INFO - Sync 1 DAGs
[2024-02-03T05:29:51.888+0000] {logging_mixin.py:188} INFO - [2024-02-03T05:29:51.887+0000] {dag.py:3823} INFO - Setting next_dagrun for example_python_decorator to None, run_after=None
[2024-02-03T05:29:51.916+0000] {processor.py:183} INFO - Processing /home/airflow/.local/lib/python3.8/site-packages/airflow/example_dags/example_python_decorator.py took 0.094 seconds
[2024-02-03T05:30:22.050+0000] {processor.py:161} INFO - Started process (PID=508) to work on /home/airflow/.local/lib/python3.8/site-packages/airflow/example_dags/example_python_decorator.py
[2024-02-03T05:30:22.051+0000] {processor.py:830} INFO - Processing file /home/airflow/.local/lib/python3.8/site-packages/airflow/example_dags/example_python_decorator.py for tasks to queue
[2024-02-03T05:30:22.053+0000] {logging_mixin.py:188} INFO - [2024-02-03T05:30:22.052+0000] {dagbag.py:538} INFO - Filling up the DagBag from /home/airflow/.local/lib/python3.8/site-packages/airflow/example_dags/example_python_decorator.py
[2024-02-03T05:30:22.066+0000] {processor.py:840} INFO - DAG(s) 'example_python_decorator' retrieved from /home/airflow/.local/lib/python3.8/site-packages/airflow/example_dags/example_python_decorator.py
[2024-02-03T05:30:22.093+0000] {logging_mixin.py:188} INFO - [2024-02-03T05:30:22.093+0000] {dag.py:3036} INFO - Sync 1 DAGs
[2024-02-03T05:30:22.108+0000] {logging_mixin.py:188} INFO - [2024-02-03T05:30:22.108+0000] {dag.py:3823} INFO - Setting next_dagrun for example_python_decorator to None, run_after=None
[2024-02-03T05:30:22.132+0000] {processor.py:183} INFO - Processing /home/airflow/.local/lib/python3.8/site-packages/airflow/example_dags/example_python_decorator.py took 0.084 seconds
[2024-02-03T05:30:52.967+0000] {processor.py:161} INFO - Started process (PID=563) to work on /home/airflow/.local/lib/python3.8/site-packages/airflow/example_dags/example_python_decorator.py
[2024-02-03T05:30:52.968+0000] {processor.py:830} INFO - Processing file /home/airflow/.local/lib/python3.8/site-packages/airflow/example_dags/example_python_decorator.py for tasks to queue
[2024-02-03T05:30:52.969+0000] {logging_mixin.py:188} INFO - [2024-02-03T05:30:52.969+0000] {dagbag.py:538} INFO - Filling up the DagBag from /home/airflow/.local/lib/python3.8/site-packages/airflow/example_dags/example_python_decorator.py
[2024-02-03T05:30:52.984+0000] {processor.py:840} INFO - DAG(s) 'example_python_decorator' retrieved from /home/airflow/.local/lib/python3.8/site-packages/airflow/example_dags/example_python_decorator.py
[2024-02-03T05:30:53.025+0000] {logging_mixin.py:188} INFO - [2024-02-03T05:30:53.025+0000] {dag.py:3036} INFO - Sync 1 DAGs
[2024-02-03T05:30:53.043+0000] {logging_mixin.py:188} INFO - [2024-02-03T05:30:53.042+0000] {dag.py:3823} INFO - Setting next_dagrun for example_python_decorator to None, run_after=None
[2024-02-03T05:30:53.070+0000] {processor.py:183} INFO - Processing /home/airflow/.local/lib/python3.8/site-packages/airflow/example_dags/example_python_decorator.py took 0.106 seconds
[2024-02-03T05:31:23.903+0000] {processor.py:161} INFO - Started process (PID=618) to work on /home/airflow/.local/lib/python3.8/site-packages/airflow/example_dags/example_python_decorator.py
[2024-02-03T05:31:23.905+0000] {processor.py:830} INFO - Processing file /home/airflow/.local/lib/python3.8/site-packages/airflow/example_dags/example_python_decorator.py for tasks to queue
[2024-02-03T05:31:23.907+0000] {logging_mixin.py:188} INFO - [2024-02-03T05:31:23.906+0000] {dagbag.py:538} INFO - Filling up the DagBag from /home/airflow/.local/lib/python3.8/site-packages/airflow/example_dags/example_python_decorator.py
[2024-02-03T05:31:23.922+0000] {processor.py:840} INFO - DAG(s) 'example_python_decorator' retrieved from /home/airflow/.local/lib/python3.8/site-packages/airflow/example_dags/example_python_decorator.py
[2024-02-03T05:31:23.951+0000] {logging_mixin.py:188} INFO - [2024-02-03T05:31:23.951+0000] {dag.py:3036} INFO - Sync 1 DAGs
[2024-02-03T05:31:23.967+0000] {logging_mixin.py:188} INFO - [2024-02-03T05:31:23.966+0000] {dag.py:3823} INFO - Setting next_dagrun for example_python_decorator to None, run_after=None
[2024-02-03T05:31:23.994+0000] {processor.py:183} INFO - Processing /home/airflow/.local/lib/python3.8/site-packages/airflow/example_dags/example_python_decorator.py took 0.094 seconds
[2024-02-03T05:31:54.099+0000] {processor.py:161} INFO - Started process (PID=689) to work on /home/airflow/.local/lib/python3.8/site-packages/airflow/example_dags/example_python_decorator.py
[2024-02-03T05:31:54.100+0000] {processor.py:830} INFO - Processing file /home/airflow/.local/lib/python3.8/site-packages/airflow/example_dags/example_python_decorator.py for tasks to queue
[2024-02-03T05:31:54.102+0000] {logging_mixin.py:188} INFO - [2024-02-03T05:31:54.101+0000] {dagbag.py:538} INFO - Filling up the DagBag from /home/airflow/.local/lib/python3.8/site-packages/airflow/example_dags/example_python_decorator.py
[2024-02-03T05:31:54.116+0000] {processor.py:840} INFO - DAG(s) 'example_python_decorator' retrieved from /home/airflow/.local/lib/python3.8/site-packages/airflow/example_dags/example_python_decorator.py
[2024-02-03T05:31:54.143+0000] {logging_mixin.py:188} INFO - [2024-02-03T05:31:54.143+0000] {dag.py:3036} INFO - Sync 1 DAGs
[2024-02-03T05:31:54.158+0000] {logging_mixin.py:188} INFO - [2024-02-03T05:31:54.158+0000] {dag.py:3823} INFO - Setting next_dagrun for example_python_decorator to None, run_after=None
[2024-02-03T05:31:54.182+0000] {processor.py:183} INFO - Processing /home/airflow/.local/lib/python3.8/site-packages/airflow/example_dags/example_python_decorator.py took 0.086 seconds
[2024-02-03T05:32:24.413+0000] {processor.py:161} INFO - Started process (PID=744) to work on /home/airflow/.local/lib/python3.8/site-packages/airflow/example_dags/example_python_decorator.py
[2024-02-03T05:32:24.415+0000] {processor.py:830} INFO - Processing file /home/airflow/.local/lib/python3.8/site-packages/airflow/example_dags/example_python_decorator.py for tasks to queue
[2024-02-03T05:32:24.417+0000] {logging_mixin.py:188} INFO - [2024-02-03T05:32:24.416+0000] {dagbag.py:538} INFO - Filling up the DagBag from /home/airflow/.local/lib/python3.8/site-packages/airflow/example_dags/example_python_decorator.py
[2024-02-03T05:32:24.431+0000] {processor.py:840} INFO - DAG(s) 'example_python_decorator' retrieved from /home/airflow/.local/lib/python3.8/site-packages/airflow/example_dags/example_python_decorator.py
[2024-02-03T05:32:24.458+0000] {logging_mixin.py:188} INFO - [2024-02-03T05:32:24.458+0000] {dag.py:3036} INFO - Sync 1 DAGs
[2024-02-03T05:32:24.474+0000] {logging_mixin.py:188} INFO - [2024-02-03T05:32:24.474+0000] {dag.py:3823} INFO - Setting next_dagrun for example_python_decorator to None, run_after=None
[2024-02-03T05:32:24.501+0000] {processor.py:183} INFO - Processing /home/airflow/.local/lib/python3.8/site-packages/airflow/example_dags/example_python_decorator.py took 0.091 seconds
[2024-02-03T05:32:55.422+0000] {processor.py:161} INFO - Started process (PID=805) to work on /home/airflow/.local/lib/python3.8/site-packages/airflow/example_dags/example_python_decorator.py
[2024-02-03T05:32:55.424+0000] {processor.py:830} INFO - Processing file /home/airflow/.local/lib/python3.8/site-packages/airflow/example_dags/example_python_decorator.py for tasks to queue
[2024-02-03T05:32:55.426+0000] {logging_mixin.py:188} INFO - [2024-02-03T05:32:55.425+0000] {dagbag.py:538} INFO - Filling up the DagBag from /home/airflow/.local/lib/python3.8/site-packages/airflow/example_dags/example_python_decorator.py
[2024-02-03T05:32:55.439+0000] {processor.py:840} INFO - DAG(s) 'example_python_decorator' retrieved from /home/airflow/.local/lib/python3.8/site-packages/airflow/example_dags/example_python_decorator.py
[2024-02-03T05:32:55.465+0000] {logging_mixin.py:188} INFO - [2024-02-03T05:32:55.465+0000] {dag.py:3036} INFO - Sync 1 DAGs
[2024-02-03T05:32:55.479+0000] {logging_mixin.py:188} INFO - [2024-02-03T05:32:55.479+0000] {dag.py:3823} INFO - Setting next_dagrun for example_python_decorator to None, run_after=None
[2024-02-03T05:32:55.501+0000] {processor.py:183} INFO - Processing /home/airflow/.local/lib/python3.8/site-packages/airflow/example_dags/example_python_decorator.py took 0.082 seconds
[2024-02-03T06:00:01.683+0000] {processor.py:161} INFO - Started process (PID=68) to work on /home/airflow/.local/lib/python3.8/site-packages/airflow/example_dags/example_python_decorator.py
[2024-02-03T06:00:01.684+0000] {processor.py:830} INFO - Processing file /home/airflow/.local/lib/python3.8/site-packages/airflow/example_dags/example_python_decorator.py for tasks to queue
[2024-02-03T06:00:01.686+0000] {logging_mixin.py:188} INFO - [2024-02-03T06:00:01.686+0000] {dagbag.py:538} INFO - Filling up the DagBag from /home/airflow/.local/lib/python3.8/site-packages/airflow/example_dags/example_python_decorator.py
[2024-02-03T06:00:01.701+0000] {processor.py:840} INFO - DAG(s) 'example_python_decorator' retrieved from /home/airflow/.local/lib/python3.8/site-packages/airflow/example_dags/example_python_decorator.py
[2024-02-03T06:00:01.841+0000] {logging_mixin.py:188} INFO - [2024-02-03T06:00:01.840+0000] {dag.py:3036} INFO - Sync 1 DAGs
[2024-02-03T06:00:01.854+0000] {logging_mixin.py:188} INFO - [2024-02-03T06:00:01.853+0000] {dag.py:3823} INFO - Setting next_dagrun for example_python_decorator to None, run_after=None
[2024-02-03T06:00:01.885+0000] {processor.py:183} INFO - Processing /home/airflow/.local/lib/python3.8/site-packages/airflow/example_dags/example_python_decorator.py took 0.206 seconds
[2024-02-03T06:00:32.134+0000] {processor.py:161} INFO - Started process (PID=123) to work on /home/airflow/.local/lib/python3.8/site-packages/airflow/example_dags/example_python_decorator.py
[2024-02-03T06:00:32.135+0000] {processor.py:830} INFO - Processing file /home/airflow/.local/lib/python3.8/site-packages/airflow/example_dags/example_python_decorator.py for tasks to queue
[2024-02-03T06:00:32.137+0000] {logging_mixin.py:188} INFO - [2024-02-03T06:00:32.136+0000] {dagbag.py:538} INFO - Filling up the DagBag from /home/airflow/.local/lib/python3.8/site-packages/airflow/example_dags/example_python_decorator.py
[2024-02-03T06:00:32.151+0000] {processor.py:840} INFO - DAG(s) 'example_python_decorator' retrieved from /home/airflow/.local/lib/python3.8/site-packages/airflow/example_dags/example_python_decorator.py
[2024-02-03T06:00:32.178+0000] {logging_mixin.py:188} INFO - [2024-02-03T06:00:32.178+0000] {dag.py:3036} INFO - Sync 1 DAGs
[2024-02-03T06:00:32.194+0000] {logging_mixin.py:188} INFO - [2024-02-03T06:00:32.194+0000] {dag.py:3823} INFO - Setting next_dagrun for example_python_decorator to None, run_after=None
[2024-02-03T06:00:32.219+0000] {processor.py:183} INFO - Processing /home/airflow/.local/lib/python3.8/site-packages/airflow/example_dags/example_python_decorator.py took 0.088 seconds
[2024-02-03T06:01:02.579+0000] {processor.py:161} INFO - Started process (PID=178) to work on /home/airflow/.local/lib/python3.8/site-packages/airflow/example_dags/example_python_decorator.py
[2024-02-03T06:01:02.581+0000] {processor.py:830} INFO - Processing file /home/airflow/.local/lib/python3.8/site-packages/airflow/example_dags/example_python_decorator.py for tasks to queue
[2024-02-03T06:01:02.582+0000] {logging_mixin.py:188} INFO - [2024-02-03T06:01:02.582+0000] {dagbag.py:538} INFO - Filling up the DagBag from /home/airflow/.local/lib/python3.8/site-packages/airflow/example_dags/example_python_decorator.py
[2024-02-03T06:01:02.596+0000] {processor.py:840} INFO - DAG(s) 'example_python_decorator' retrieved from /home/airflow/.local/lib/python3.8/site-packages/airflow/example_dags/example_python_decorator.py
[2024-02-03T06:01:02.623+0000] {logging_mixin.py:188} INFO - [2024-02-03T06:01:02.622+0000] {dag.py:3036} INFO - Sync 1 DAGs
[2024-02-03T06:01:02.639+0000] {logging_mixin.py:188} INFO - [2024-02-03T06:01:02.639+0000] {dag.py:3823} INFO - Setting next_dagrun for example_python_decorator to None, run_after=None
[2024-02-03T06:01:02.667+0000] {processor.py:183} INFO - Processing /home/airflow/.local/lib/python3.8/site-packages/airflow/example_dags/example_python_decorator.py took 0.091 seconds
[2024-02-03T06:33:38.902+0000] {processor.py:161} INFO - Started process (PID=68) to work on /home/airflow/.local/lib/python3.8/site-packages/airflow/example_dags/example_python_decorator.py
[2024-02-03T06:33:38.904+0000] {processor.py:830} INFO - Processing file /home/airflow/.local/lib/python3.8/site-packages/airflow/example_dags/example_python_decorator.py for tasks to queue
[2024-02-03T06:33:38.907+0000] {logging_mixin.py:188} INFO - [2024-02-03T06:33:38.906+0000] {dagbag.py:538} INFO - Filling up the DagBag from /home/airflow/.local/lib/python3.8/site-packages/airflow/example_dags/example_python_decorator.py
[2024-02-03T06:33:38.922+0000] {processor.py:840} INFO - DAG(s) 'example_python_decorator' retrieved from /home/airflow/.local/lib/python3.8/site-packages/airflow/example_dags/example_python_decorator.py
[2024-02-03T06:33:38.941+0000] {logging_mixin.py:188} INFO - [2024-02-03T06:33:38.940+0000] {dag.py:3036} INFO - Sync 1 DAGs
[2024-02-03T06:33:38.966+0000] {logging_mixin.py:188} INFO - [2024-02-03T06:33:38.966+0000] {dag.py:3823} INFO - Setting next_dagrun for example_python_decorator to None, run_after=None
[2024-02-03T06:33:39.026+0000] {processor.py:183} INFO - Processing /home/airflow/.local/lib/python3.8/site-packages/airflow/example_dags/example_python_decorator.py took 0.128 seconds
[2024-02-03T06:34:10.460+0000] {processor.py:161} INFO - Started process (PID=123) to work on /home/airflow/.local/lib/python3.8/site-packages/airflow/example_dags/example_python_decorator.py
[2024-02-03T06:34:10.461+0000] {processor.py:830} INFO - Processing file /home/airflow/.local/lib/python3.8/site-packages/airflow/example_dags/example_python_decorator.py for tasks to queue
[2024-02-03T06:34:10.463+0000] {logging_mixin.py:188} INFO - [2024-02-03T06:34:10.463+0000] {dagbag.py:538} INFO - Filling up the DagBag from /home/airflow/.local/lib/python3.8/site-packages/airflow/example_dags/example_python_decorator.py
[2024-02-03T06:34:10.477+0000] {processor.py:840} INFO - DAG(s) 'example_python_decorator' retrieved from /home/airflow/.local/lib/python3.8/site-packages/airflow/example_dags/example_python_decorator.py
[2024-02-03T06:34:10.596+0000] {logging_mixin.py:188} INFO - [2024-02-03T06:34:10.595+0000] {dag.py:3036} INFO - Sync 1 DAGs
[2024-02-03T06:34:10.609+0000] {logging_mixin.py:188} INFO - [2024-02-03T06:34:10.608+0000] {dag.py:3823} INFO - Setting next_dagrun for example_python_decorator to None, run_after=None
[2024-02-03T06:34:10.636+0000] {processor.py:183} INFO - Processing /home/airflow/.local/lib/python3.8/site-packages/airflow/example_dags/example_python_decorator.py took 0.178 seconds
[2024-02-03T06:34:41.484+0000] {processor.py:161} INFO - Started process (PID=178) to work on /home/airflow/.local/lib/python3.8/site-packages/airflow/example_dags/example_python_decorator.py
[2024-02-03T06:34:41.485+0000] {processor.py:830} INFO - Processing file /home/airflow/.local/lib/python3.8/site-packages/airflow/example_dags/example_python_decorator.py for tasks to queue
[2024-02-03T06:34:41.487+0000] {logging_mixin.py:188} INFO - [2024-02-03T06:34:41.487+0000] {dagbag.py:538} INFO - Filling up the DagBag from /home/airflow/.local/lib/python3.8/site-packages/airflow/example_dags/example_python_decorator.py
[2024-02-03T06:34:41.501+0000] {processor.py:840} INFO - DAG(s) 'example_python_decorator' retrieved from /home/airflow/.local/lib/python3.8/site-packages/airflow/example_dags/example_python_decorator.py
[2024-02-03T06:34:41.527+0000] {logging_mixin.py:188} INFO - [2024-02-03T06:34:41.527+0000] {dag.py:3036} INFO - Sync 1 DAGs
[2024-02-03T06:34:41.542+0000] {logging_mixin.py:188} INFO - [2024-02-03T06:34:41.542+0000] {dag.py:3823} INFO - Setting next_dagrun for example_python_decorator to None, run_after=None
[2024-02-03T06:34:41.565+0000] {processor.py:183} INFO - Processing /home/airflow/.local/lib/python3.8/site-packages/airflow/example_dags/example_python_decorator.py took 0.084 seconds
[2024-02-03T06:35:11.906+0000] {processor.py:161} INFO - Started process (PID=233) to work on /home/airflow/.local/lib/python3.8/site-packages/airflow/example_dags/example_python_decorator.py
[2024-02-03T06:35:11.907+0000] {processor.py:830} INFO - Processing file /home/airflow/.local/lib/python3.8/site-packages/airflow/example_dags/example_python_decorator.py for tasks to queue
[2024-02-03T06:35:11.909+0000] {logging_mixin.py:188} INFO - [2024-02-03T06:35:11.908+0000] {dagbag.py:538} INFO - Filling up the DagBag from /home/airflow/.local/lib/python3.8/site-packages/airflow/example_dags/example_python_decorator.py
[2024-02-03T06:35:11.923+0000] {processor.py:840} INFO - DAG(s) 'example_python_decorator' retrieved from /home/airflow/.local/lib/python3.8/site-packages/airflow/example_dags/example_python_decorator.py
[2024-02-03T06:35:11.948+0000] {logging_mixin.py:188} INFO - [2024-02-03T06:35:11.948+0000] {dag.py:3036} INFO - Sync 1 DAGs
[2024-02-03T06:35:11.963+0000] {logging_mixin.py:188} INFO - [2024-02-03T06:35:11.962+0000] {dag.py:3823} INFO - Setting next_dagrun for example_python_decorator to None, run_after=None
[2024-02-03T06:35:11.985+0000] {processor.py:183} INFO - Processing /home/airflow/.local/lib/python3.8/site-packages/airflow/example_dags/example_python_decorator.py took 0.082 seconds
[2024-02-03T06:35:42.329+0000] {processor.py:161} INFO - Started process (PID=288) to work on /home/airflow/.local/lib/python3.8/site-packages/airflow/example_dags/example_python_decorator.py
[2024-02-03T06:35:42.330+0000] {processor.py:830} INFO - Processing file /home/airflow/.local/lib/python3.8/site-packages/airflow/example_dags/example_python_decorator.py for tasks to queue
[2024-02-03T06:35:42.332+0000] {logging_mixin.py:188} INFO - [2024-02-03T06:35:42.332+0000] {dagbag.py:538} INFO - Filling up the DagBag from /home/airflow/.local/lib/python3.8/site-packages/airflow/example_dags/example_python_decorator.py
[2024-02-03T06:35:42.348+0000] {processor.py:840} INFO - DAG(s) 'example_python_decorator' retrieved from /home/airflow/.local/lib/python3.8/site-packages/airflow/example_dags/example_python_decorator.py
[2024-02-03T06:35:42.375+0000] {logging_mixin.py:188} INFO - [2024-02-03T06:35:42.375+0000] {dag.py:3036} INFO - Sync 1 DAGs
[2024-02-03T06:35:42.390+0000] {logging_mixin.py:188} INFO - [2024-02-03T06:35:42.390+0000] {dag.py:3823} INFO - Setting next_dagrun for example_python_decorator to None, run_after=None
[2024-02-03T06:35:42.413+0000] {processor.py:183} INFO - Processing /home/airflow/.local/lib/python3.8/site-packages/airflow/example_dags/example_python_decorator.py took 0.087 seconds
[2024-02-03T06:36:12.756+0000] {processor.py:161} INFO - Started process (PID=343) to work on /home/airflow/.local/lib/python3.8/site-packages/airflow/example_dags/example_python_decorator.py
[2024-02-03T06:36:12.758+0000] {processor.py:830} INFO - Processing file /home/airflow/.local/lib/python3.8/site-packages/airflow/example_dags/example_python_decorator.py for tasks to queue
[2024-02-03T06:36:12.760+0000] {logging_mixin.py:188} INFO - [2024-02-03T06:36:12.759+0000] {dagbag.py:538} INFO - Filling up the DagBag from /home/airflow/.local/lib/python3.8/site-packages/airflow/example_dags/example_python_decorator.py
[2024-02-03T06:36:12.773+0000] {processor.py:840} INFO - DAG(s) 'example_python_decorator' retrieved from /home/airflow/.local/lib/python3.8/site-packages/airflow/example_dags/example_python_decorator.py
[2024-02-03T06:36:12.797+0000] {logging_mixin.py:188} INFO - [2024-02-03T06:36:12.796+0000] {dag.py:3036} INFO - Sync 1 DAGs
[2024-02-03T06:36:12.810+0000] {logging_mixin.py:188} INFO - [2024-02-03T06:36:12.810+0000] {dag.py:3823} INFO - Setting next_dagrun for example_python_decorator to None, run_after=None
[2024-02-03T06:36:12.832+0000] {processor.py:183} INFO - Processing /home/airflow/.local/lib/python3.8/site-packages/airflow/example_dags/example_python_decorator.py took 0.079 seconds
