[2024-02-03T05:26:14.944+0000] {processor.py:161} INFO - Started process (PID=47) to work on /home/airflow/.local/lib/python3.8/site-packages/airflow/example_dags/example_sla_dag.py
[2024-02-03T05:26:14.945+0000] {processor.py:830} INFO - Processing file /home/airflow/.local/lib/python3.8/site-packages/airflow/example_dags/example_sla_dag.py for tasks to queue
[2024-02-03T05:26:14.949+0000] {logging_mixin.py:188} INFO - [2024-02-03T05:26:14.949+0000] {dagbag.py:538} INFO - Filling up the DagBag from /home/airflow/.local/lib/python3.8/site-packages/airflow/example_dags/example_sla_dag.py
[2024-02-03T05:26:14.974+0000] {processor.py:840} INFO - DAG(s) 'example_sla_dag' retrieved from /home/airflow/.local/lib/python3.8/site-packages/airflow/example_dags/example_sla_dag.py
[2024-02-03T05:26:15.158+0000] {logging_mixin.py:188} INFO - [2024-02-03T05:26:15.157+0000] {dag.py:3036} INFO - Sync 1 DAGs
[2024-02-03T05:26:15.203+0000] {logging_mixin.py:188} INFO - [2024-02-03T05:26:15.202+0000] {dag.py:3823} INFO - Setting next_dagrun for example_sla_dag to 2024-02-03 05:24:00+00:00, run_after=2024-02-03 05:26:00+00:00
[2024-02-03T05:26:15.239+0000] {processor.py:183} INFO - Processing /home/airflow/.local/lib/python3.8/site-packages/airflow/example_dags/example_sla_dag.py took 0.299 seconds
[2024-02-03T05:26:45.831+0000] {processor.py:161} INFO - Started process (PID=102) to work on /home/airflow/.local/lib/python3.8/site-packages/airflow/example_dags/example_sla_dag.py
[2024-02-03T05:26:45.833+0000] {processor.py:830} INFO - Processing file /home/airflow/.local/lib/python3.8/site-packages/airflow/example_dags/example_sla_dag.py for tasks to queue
[2024-02-03T05:26:45.835+0000] {logging_mixin.py:188} INFO - [2024-02-03T05:26:45.834+0000] {dagbag.py:538} INFO - Filling up the DagBag from /home/airflow/.local/lib/python3.8/site-packages/airflow/example_dags/example_sla_dag.py
[2024-02-03T05:26:45.845+0000] {processor.py:840} INFO - DAG(s) 'example_sla_dag' retrieved from /home/airflow/.local/lib/python3.8/site-packages/airflow/example_dags/example_sla_dag.py
[2024-02-03T05:26:45.869+0000] {logging_mixin.py:188} INFO - [2024-02-03T05:26:45.868+0000] {dag.py:3036} INFO - Sync 1 DAGs
[2024-02-03T05:26:45.901+0000] {logging_mixin.py:188} INFO - [2024-02-03T05:26:45.900+0000] {dag.py:3823} INFO - Setting next_dagrun for example_sla_dag to 2024-02-03 05:24:00+00:00, run_after=2024-02-03 05:26:00+00:00
[2024-02-03T05:26:45.923+0000] {processor.py:183} INFO - Processing /home/airflow/.local/lib/python3.8/site-packages/airflow/example_dags/example_sla_dag.py took 0.095 seconds
[2024-02-03T05:27:16.124+0000] {processor.py:161} INFO - Started process (PID=157) to work on /home/airflow/.local/lib/python3.8/site-packages/airflow/example_dags/example_sla_dag.py
[2024-02-03T05:27:16.125+0000] {processor.py:830} INFO - Processing file /home/airflow/.local/lib/python3.8/site-packages/airflow/example_dags/example_sla_dag.py for tasks to queue
[2024-02-03T05:27:16.127+0000] {logging_mixin.py:188} INFO - [2024-02-03T05:27:16.127+0000] {dagbag.py:538} INFO - Filling up the DagBag from /home/airflow/.local/lib/python3.8/site-packages/airflow/example_dags/example_sla_dag.py
[2024-02-03T05:27:16.136+0000] {processor.py:840} INFO - DAG(s) 'example_sla_dag' retrieved from /home/airflow/.local/lib/python3.8/site-packages/airflow/example_dags/example_sla_dag.py
[2024-02-03T05:27:16.158+0000] {logging_mixin.py:188} INFO - [2024-02-03T05:27:16.158+0000] {dag.py:3036} INFO - Sync 1 DAGs
[2024-02-03T05:27:16.187+0000] {logging_mixin.py:188} INFO - [2024-02-03T05:27:16.187+0000] {dag.py:3823} INFO - Setting next_dagrun for example_sla_dag to 2024-02-03 05:24:00+00:00, run_after=2024-02-03 05:26:00+00:00
[2024-02-03T05:27:16.210+0000] {processor.py:183} INFO - Processing /home/airflow/.local/lib/python3.8/site-packages/airflow/example_dags/example_sla_dag.py took 0.089 seconds
[2024-02-03T05:27:46.361+0000] {processor.py:161} INFO - Started process (PID=212) to work on /home/airflow/.local/lib/python3.8/site-packages/airflow/example_dags/example_sla_dag.py
[2024-02-03T05:27:46.362+0000] {processor.py:830} INFO - Processing file /home/airflow/.local/lib/python3.8/site-packages/airflow/example_dags/example_sla_dag.py for tasks to queue
[2024-02-03T05:27:46.365+0000] {logging_mixin.py:188} INFO - [2024-02-03T05:27:46.365+0000] {dagbag.py:538} INFO - Filling up the DagBag from /home/airflow/.local/lib/python3.8/site-packages/airflow/example_dags/example_sla_dag.py
[2024-02-03T05:27:46.376+0000] {processor.py:840} INFO - DAG(s) 'example_sla_dag' retrieved from /home/airflow/.local/lib/python3.8/site-packages/airflow/example_dags/example_sla_dag.py
[2024-02-03T05:27:46.407+0000] {logging_mixin.py:188} INFO - [2024-02-03T05:27:46.406+0000] {dag.py:3036} INFO - Sync 1 DAGs
[2024-02-03T05:27:46.446+0000] {logging_mixin.py:188} INFO - [2024-02-03T05:27:46.446+0000] {dag.py:3823} INFO - Setting next_dagrun for example_sla_dag to 2024-02-03 05:24:00+00:00, run_after=2024-02-03 05:26:00+00:00
[2024-02-03T05:27:46.474+0000] {processor.py:183} INFO - Processing /home/airflow/.local/lib/python3.8/site-packages/airflow/example_dags/example_sla_dag.py took 0.117 seconds
[2024-02-03T05:28:16.532+0000] {processor.py:161} INFO - Started process (PID=267) to work on /home/airflow/.local/lib/python3.8/site-packages/airflow/example_dags/example_sla_dag.py
[2024-02-03T05:28:16.533+0000] {processor.py:830} INFO - Processing file /home/airflow/.local/lib/python3.8/site-packages/airflow/example_dags/example_sla_dag.py for tasks to queue
[2024-02-03T05:28:16.535+0000] {logging_mixin.py:188} INFO - [2024-02-03T05:28:16.535+0000] {dagbag.py:538} INFO - Filling up the DagBag from /home/airflow/.local/lib/python3.8/site-packages/airflow/example_dags/example_sla_dag.py
[2024-02-03T05:28:16.544+0000] {processor.py:840} INFO - DAG(s) 'example_sla_dag' retrieved from /home/airflow/.local/lib/python3.8/site-packages/airflow/example_dags/example_sla_dag.py
[2024-02-03T05:28:16.567+0000] {logging_mixin.py:188} INFO - [2024-02-03T05:28:16.567+0000] {dag.py:3036} INFO - Sync 1 DAGs
[2024-02-03T05:28:16.600+0000] {logging_mixin.py:188} INFO - [2024-02-03T05:28:16.600+0000] {dag.py:3823} INFO - Setting next_dagrun for example_sla_dag to 2024-02-03 05:26:00+00:00, run_after=2024-02-03 05:28:00+00:00
[2024-02-03T05:28:16.625+0000] {processor.py:183} INFO - Processing /home/airflow/.local/lib/python3.8/site-packages/airflow/example_dags/example_sla_dag.py took 0.096 seconds
[2024-02-03T05:28:46.674+0000] {processor.py:161} INFO - Started process (PID=322) to work on /home/airflow/.local/lib/python3.8/site-packages/airflow/example_dags/example_sla_dag.py
[2024-02-03T05:28:46.675+0000] {processor.py:830} INFO - Processing file /home/airflow/.local/lib/python3.8/site-packages/airflow/example_dags/example_sla_dag.py for tasks to queue
[2024-02-03T05:28:46.677+0000] {logging_mixin.py:188} INFO - [2024-02-03T05:28:46.677+0000] {dagbag.py:538} INFO - Filling up the DagBag from /home/airflow/.local/lib/python3.8/site-packages/airflow/example_dags/example_sla_dag.py
[2024-02-03T05:28:46.688+0000] {processor.py:840} INFO - DAG(s) 'example_sla_dag' retrieved from /home/airflow/.local/lib/python3.8/site-packages/airflow/example_dags/example_sla_dag.py
[2024-02-03T05:28:46.710+0000] {logging_mixin.py:188} INFO - [2024-02-03T05:28:46.710+0000] {dag.py:3036} INFO - Sync 1 DAGs
[2024-02-03T05:28:46.741+0000] {logging_mixin.py:188} INFO - [2024-02-03T05:28:46.740+0000] {dag.py:3823} INFO - Setting next_dagrun for example_sla_dag to 2024-02-03 05:26:00+00:00, run_after=2024-02-03 05:28:00+00:00
[2024-02-03T05:28:46.765+0000] {processor.py:183} INFO - Processing /home/airflow/.local/lib/python3.8/site-packages/airflow/example_dags/example_sla_dag.py took 0.093 seconds
[2024-02-03T05:29:17.030+0000] {processor.py:161} INFO - Started process (PID=377) to work on /home/airflow/.local/lib/python3.8/site-packages/airflow/example_dags/example_sla_dag.py
[2024-02-03T05:29:17.031+0000] {processor.py:830} INFO - Processing file /home/airflow/.local/lib/python3.8/site-packages/airflow/example_dags/example_sla_dag.py for tasks to queue
[2024-02-03T05:29:17.033+0000] {logging_mixin.py:188} INFO - [2024-02-03T05:29:17.033+0000] {dagbag.py:538} INFO - Filling up the DagBag from /home/airflow/.local/lib/python3.8/site-packages/airflow/example_dags/example_sla_dag.py
[2024-02-03T05:29:17.042+0000] {processor.py:840} INFO - DAG(s) 'example_sla_dag' retrieved from /home/airflow/.local/lib/python3.8/site-packages/airflow/example_dags/example_sla_dag.py
[2024-02-03T05:29:17.067+0000] {logging_mixin.py:188} INFO - [2024-02-03T05:29:17.067+0000] {dag.py:3036} INFO - Sync 1 DAGs
[2024-02-03T05:29:17.098+0000] {logging_mixin.py:188} INFO - [2024-02-03T05:29:17.097+0000] {dag.py:3823} INFO - Setting next_dagrun for example_sla_dag to 2024-02-03 05:26:00+00:00, run_after=2024-02-03 05:28:00+00:00
[2024-02-03T05:29:17.121+0000] {processor.py:183} INFO - Processing /home/airflow/.local/lib/python3.8/site-packages/airflow/example_dags/example_sla_dag.py took 0.094 seconds
[2024-02-03T05:29:47.398+0000] {processor.py:161} INFO - Started process (PID=432) to work on /home/airflow/.local/lib/python3.8/site-packages/airflow/example_dags/example_sla_dag.py
[2024-02-03T05:29:47.400+0000] {processor.py:830} INFO - Processing file /home/airflow/.local/lib/python3.8/site-packages/airflow/example_dags/example_sla_dag.py for tasks to queue
[2024-02-03T05:29:47.402+0000] {logging_mixin.py:188} INFO - [2024-02-03T05:29:47.401+0000] {dagbag.py:538} INFO - Filling up the DagBag from /home/airflow/.local/lib/python3.8/site-packages/airflow/example_dags/example_sla_dag.py
[2024-02-03T05:29:47.412+0000] {processor.py:840} INFO - DAG(s) 'example_sla_dag' retrieved from /home/airflow/.local/lib/python3.8/site-packages/airflow/example_dags/example_sla_dag.py
[2024-02-03T05:29:47.436+0000] {logging_mixin.py:188} INFO - [2024-02-03T05:29:47.436+0000] {dag.py:3036} INFO - Sync 1 DAGs
[2024-02-03T05:29:47.471+0000] {logging_mixin.py:188} INFO - [2024-02-03T05:29:47.470+0000] {dag.py:3823} INFO - Setting next_dagrun for example_sla_dag to 2024-02-03 05:26:00+00:00, run_after=2024-02-03 05:28:00+00:00
[2024-02-03T05:29:47.498+0000] {processor.py:183} INFO - Processing /home/airflow/.local/lib/python3.8/site-packages/airflow/example_dags/example_sla_dag.py took 0.104 seconds
[2024-02-03T05:30:17.683+0000] {processor.py:161} INFO - Started process (PID=487) to work on /home/airflow/.local/lib/python3.8/site-packages/airflow/example_dags/example_sla_dag.py
[2024-02-03T05:30:17.684+0000] {processor.py:830} INFO - Processing file /home/airflow/.local/lib/python3.8/site-packages/airflow/example_dags/example_sla_dag.py for tasks to queue
[2024-02-03T05:30:17.686+0000] {logging_mixin.py:188} INFO - [2024-02-03T05:30:17.686+0000] {dagbag.py:538} INFO - Filling up the DagBag from /home/airflow/.local/lib/python3.8/site-packages/airflow/example_dags/example_sla_dag.py
[2024-02-03T05:30:17.695+0000] {processor.py:840} INFO - DAG(s) 'example_sla_dag' retrieved from /home/airflow/.local/lib/python3.8/site-packages/airflow/example_dags/example_sla_dag.py
[2024-02-03T05:30:17.717+0000] {logging_mixin.py:188} INFO - [2024-02-03T05:30:17.717+0000] {dag.py:3036} INFO - Sync 1 DAGs
[2024-02-03T05:30:17.748+0000] {logging_mixin.py:188} INFO - [2024-02-03T05:30:17.748+0000] {dag.py:3823} INFO - Setting next_dagrun for example_sla_dag to 2024-02-03 05:28:00+00:00, run_after=2024-02-03 05:30:00+00:00
[2024-02-03T05:30:17.772+0000] {processor.py:183} INFO - Processing /home/airflow/.local/lib/python3.8/site-packages/airflow/example_dags/example_sla_dag.py took 0.092 seconds
[2024-02-03T05:30:48.085+0000] {processor.py:161} INFO - Started process (PID=542) to work on /home/airflow/.local/lib/python3.8/site-packages/airflow/example_dags/example_sla_dag.py
[2024-02-03T05:30:48.087+0000] {processor.py:830} INFO - Processing file /home/airflow/.local/lib/python3.8/site-packages/airflow/example_dags/example_sla_dag.py for tasks to queue
[2024-02-03T05:30:48.088+0000] {logging_mixin.py:188} INFO - [2024-02-03T05:30:48.088+0000] {dagbag.py:538} INFO - Filling up the DagBag from /home/airflow/.local/lib/python3.8/site-packages/airflow/example_dags/example_sla_dag.py
[2024-02-03T05:30:48.098+0000] {processor.py:840} INFO - DAG(s) 'example_sla_dag' retrieved from /home/airflow/.local/lib/python3.8/site-packages/airflow/example_dags/example_sla_dag.py
[2024-02-03T05:30:48.123+0000] {logging_mixin.py:188} INFO - [2024-02-03T05:30:48.123+0000] {dag.py:3036} INFO - Sync 1 DAGs
[2024-02-03T05:30:48.156+0000] {logging_mixin.py:188} INFO - [2024-02-03T05:30:48.156+0000] {dag.py:3823} INFO - Setting next_dagrun for example_sla_dag to 2024-02-03 05:28:00+00:00, run_after=2024-02-03 05:30:00+00:00
[2024-02-03T05:30:48.181+0000] {processor.py:183} INFO - Processing /home/airflow/.local/lib/python3.8/site-packages/airflow/example_dags/example_sla_dag.py took 0.098 seconds
[2024-02-03T05:31:18.306+0000] {processor.py:161} INFO - Started process (PID=597) to work on /home/airflow/.local/lib/python3.8/site-packages/airflow/example_dags/example_sla_dag.py
[2024-02-03T05:31:18.309+0000] {processor.py:830} INFO - Processing file /home/airflow/.local/lib/python3.8/site-packages/airflow/example_dags/example_sla_dag.py for tasks to queue
[2024-02-03T05:31:18.311+0000] {logging_mixin.py:188} INFO - [2024-02-03T05:31:18.311+0000] {dagbag.py:538} INFO - Filling up the DagBag from /home/airflow/.local/lib/python3.8/site-packages/airflow/example_dags/example_sla_dag.py
[2024-02-03T05:31:18.322+0000] {processor.py:840} INFO - DAG(s) 'example_sla_dag' retrieved from /home/airflow/.local/lib/python3.8/site-packages/airflow/example_dags/example_sla_dag.py
[2024-02-03T05:31:18.347+0000] {logging_mixin.py:188} INFO - [2024-02-03T05:31:18.347+0000] {dag.py:3036} INFO - Sync 1 DAGs
[2024-02-03T05:31:18.380+0000] {logging_mixin.py:188} INFO - [2024-02-03T05:31:18.379+0000] {dag.py:3823} INFO - Setting next_dagrun for example_sla_dag to 2024-02-03 05:28:00+00:00, run_after=2024-02-03 05:30:00+00:00
[2024-02-03T05:31:18.409+0000] {processor.py:183} INFO - Processing /home/airflow/.local/lib/python3.8/site-packages/airflow/example_dags/example_sla_dag.py took 0.106 seconds
[2024-02-03T05:31:48.676+0000] {processor.py:161} INFO - Started process (PID=668) to work on /home/airflow/.local/lib/python3.8/site-packages/airflow/example_dags/example_sla_dag.py
[2024-02-03T05:31:48.678+0000] {processor.py:830} INFO - Processing file /home/airflow/.local/lib/python3.8/site-packages/airflow/example_dags/example_sla_dag.py for tasks to queue
[2024-02-03T05:31:48.680+0000] {logging_mixin.py:188} INFO - [2024-02-03T05:31:48.679+0000] {dagbag.py:538} INFO - Filling up the DagBag from /home/airflow/.local/lib/python3.8/site-packages/airflow/example_dags/example_sla_dag.py
[2024-02-03T05:31:48.689+0000] {processor.py:840} INFO - DAG(s) 'example_sla_dag' retrieved from /home/airflow/.local/lib/python3.8/site-packages/airflow/example_dags/example_sla_dag.py
[2024-02-03T05:31:48.713+0000] {logging_mixin.py:188} INFO - [2024-02-03T05:31:48.713+0000] {dag.py:3036} INFO - Sync 1 DAGs
[2024-02-03T05:31:48.744+0000] {logging_mixin.py:188} INFO - [2024-02-03T05:31:48.743+0000] {dag.py:3823} INFO - Setting next_dagrun for example_sla_dag to 2024-02-03 05:28:00+00:00, run_after=2024-02-03 05:30:00+00:00
[2024-02-03T05:31:48.768+0000] {processor.py:183} INFO - Processing /home/airflow/.local/lib/python3.8/site-packages/airflow/example_dags/example_sla_dag.py took 0.094 seconds
[2024-02-03T05:32:18.924+0000] {processor.py:161} INFO - Started process (PID=723) to work on /home/airflow/.local/lib/python3.8/site-packages/airflow/example_dags/example_sla_dag.py
[2024-02-03T05:32:18.926+0000] {processor.py:830} INFO - Processing file /home/airflow/.local/lib/python3.8/site-packages/airflow/example_dags/example_sla_dag.py for tasks to queue
[2024-02-03T05:32:18.928+0000] {logging_mixin.py:188} INFO - [2024-02-03T05:32:18.928+0000] {dagbag.py:538} INFO - Filling up the DagBag from /home/airflow/.local/lib/python3.8/site-packages/airflow/example_dags/example_sla_dag.py
[2024-02-03T05:32:18.937+0000] {processor.py:840} INFO - DAG(s) 'example_sla_dag' retrieved from /home/airflow/.local/lib/python3.8/site-packages/airflow/example_dags/example_sla_dag.py
[2024-02-03T05:32:18.962+0000] {logging_mixin.py:188} INFO - [2024-02-03T05:32:18.962+0000] {dag.py:3036} INFO - Sync 1 DAGs
[2024-02-03T05:32:18.992+0000] {logging_mixin.py:188} INFO - [2024-02-03T05:32:18.991+0000] {dag.py:3823} INFO - Setting next_dagrun for example_sla_dag to 2024-02-03 05:30:00+00:00, run_after=2024-02-03 05:32:00+00:00
[2024-02-03T05:32:19.017+0000] {processor.py:183} INFO - Processing /home/airflow/.local/lib/python3.8/site-packages/airflow/example_dags/example_sla_dag.py took 0.095 seconds
[2024-02-03T05:32:49.132+0000] {processor.py:161} INFO - Started process (PID=778) to work on /home/airflow/.local/lib/python3.8/site-packages/airflow/example_dags/example_sla_dag.py
[2024-02-03T05:32:49.133+0000] {processor.py:830} INFO - Processing file /home/airflow/.local/lib/python3.8/site-packages/airflow/example_dags/example_sla_dag.py for tasks to queue
[2024-02-03T05:32:49.135+0000] {logging_mixin.py:188} INFO - [2024-02-03T05:32:49.135+0000] {dagbag.py:538} INFO - Filling up the DagBag from /home/airflow/.local/lib/python3.8/site-packages/airflow/example_dags/example_sla_dag.py
[2024-02-03T05:32:49.144+0000] {processor.py:840} INFO - DAG(s) 'example_sla_dag' retrieved from /home/airflow/.local/lib/python3.8/site-packages/airflow/example_dags/example_sla_dag.py
[2024-02-03T05:32:49.167+0000] {logging_mixin.py:188} INFO - [2024-02-03T05:32:49.167+0000] {dag.py:3036} INFO - Sync 1 DAGs
[2024-02-03T05:32:49.200+0000] {logging_mixin.py:188} INFO - [2024-02-03T05:32:49.200+0000] {dag.py:3823} INFO - Setting next_dagrun for example_sla_dag to 2024-02-03 05:30:00+00:00, run_after=2024-02-03 05:32:00+00:00
[2024-02-03T05:32:49.224+0000] {processor.py:183} INFO - Processing /home/airflow/.local/lib/python3.8/site-packages/airflow/example_dags/example_sla_dag.py took 0.095 seconds
[2024-02-03T05:33:19.324+0000] {processor.py:161} INFO - Started process (PID=833) to work on /home/airflow/.local/lib/python3.8/site-packages/airflow/example_dags/example_sla_dag.py
[2024-02-03T05:33:19.326+0000] {processor.py:830} INFO - Processing file /home/airflow/.local/lib/python3.8/site-packages/airflow/example_dags/example_sla_dag.py for tasks to queue
[2024-02-03T05:33:19.328+0000] {logging_mixin.py:188} INFO - [2024-02-03T05:33:19.327+0000] {dagbag.py:538} INFO - Filling up the DagBag from /home/airflow/.local/lib/python3.8/site-packages/airflow/example_dags/example_sla_dag.py
[2024-02-03T05:33:19.336+0000] {processor.py:840} INFO - DAG(s) 'example_sla_dag' retrieved from /home/airflow/.local/lib/python3.8/site-packages/airflow/example_dags/example_sla_dag.py
[2024-02-03T05:33:19.360+0000] {logging_mixin.py:188} INFO - [2024-02-03T05:33:19.359+0000] {dag.py:3036} INFO - Sync 1 DAGs
[2024-02-03T05:33:19.390+0000] {logging_mixin.py:188} INFO - [2024-02-03T05:33:19.390+0000] {dag.py:3823} INFO - Setting next_dagrun for example_sla_dag to 2024-02-03 05:30:00+00:00, run_after=2024-02-03 05:32:00+00:00
[2024-02-03T05:33:19.413+0000] {processor.py:183} INFO - Processing /home/airflow/.local/lib/python3.8/site-packages/airflow/example_dags/example_sla_dag.py took 0.092 seconds
[2024-02-03T05:59:59.551+0000] {processor.py:161} INFO - Started process (PID=47) to work on /home/airflow/.local/lib/python3.8/site-packages/airflow/example_dags/example_sla_dag.py
[2024-02-03T05:59:59.552+0000] {processor.py:830} INFO - Processing file /home/airflow/.local/lib/python3.8/site-packages/airflow/example_dags/example_sla_dag.py for tasks to queue
[2024-02-03T05:59:59.555+0000] {logging_mixin.py:188} INFO - [2024-02-03T05:59:59.555+0000] {dagbag.py:538} INFO - Filling up the DagBag from /home/airflow/.local/lib/python3.8/site-packages/airflow/example_dags/example_sla_dag.py
[2024-02-03T05:59:59.568+0000] {processor.py:840} INFO - DAG(s) 'example_sla_dag' retrieved from /home/airflow/.local/lib/python3.8/site-packages/airflow/example_dags/example_sla_dag.py
[2024-02-03T05:59:59.597+0000] {logging_mixin.py:188} INFO - [2024-02-03T05:59:59.596+0000] {dag.py:3036} INFO - Sync 1 DAGs
[2024-02-03T05:59:59.650+0000] {logging_mixin.py:188} INFO - [2024-02-03T05:59:59.650+0000] {dag.py:3823} INFO - Setting next_dagrun for example_sla_dag to 2024-02-03 05:56:00+00:00, run_after=2024-02-03 05:58:00+00:00
[2024-02-03T05:59:59.697+0000] {processor.py:183} INFO - Processing /home/airflow/.local/lib/python3.8/site-packages/airflow/example_dags/example_sla_dag.py took 0.150 seconds
[2024-02-03T06:00:30.543+0000] {processor.py:161} INFO - Started process (PID=102) to work on /home/airflow/.local/lib/python3.8/site-packages/airflow/example_dags/example_sla_dag.py
[2024-02-03T06:00:30.544+0000] {processor.py:830} INFO - Processing file /home/airflow/.local/lib/python3.8/site-packages/airflow/example_dags/example_sla_dag.py for tasks to queue
[2024-02-03T06:00:30.546+0000] {logging_mixin.py:188} INFO - [2024-02-03T06:00:30.546+0000] {dagbag.py:538} INFO - Filling up the DagBag from /home/airflow/.local/lib/python3.8/site-packages/airflow/example_dags/example_sla_dag.py
[2024-02-03T06:00:30.555+0000] {processor.py:840} INFO - DAG(s) 'example_sla_dag' retrieved from /home/airflow/.local/lib/python3.8/site-packages/airflow/example_dags/example_sla_dag.py
[2024-02-03T06:00:30.577+0000] {logging_mixin.py:188} INFO - [2024-02-03T06:00:30.577+0000] {dag.py:3036} INFO - Sync 1 DAGs
[2024-02-03T06:00:30.607+0000] {logging_mixin.py:188} INFO - [2024-02-03T06:00:30.606+0000] {dag.py:3823} INFO - Setting next_dagrun for example_sla_dag to 2024-02-03 05:58:00+00:00, run_after=2024-02-03 06:00:00+00:00
[2024-02-03T06:00:30.632+0000] {processor.py:183} INFO - Processing /home/airflow/.local/lib/python3.8/site-packages/airflow/example_dags/example_sla_dag.py took 0.092 seconds
[2024-02-03T06:01:00.811+0000] {processor.py:161} INFO - Started process (PID=157) to work on /home/airflow/.local/lib/python3.8/site-packages/airflow/example_dags/example_sla_dag.py
[2024-02-03T06:01:00.813+0000] {processor.py:830} INFO - Processing file /home/airflow/.local/lib/python3.8/site-packages/airflow/example_dags/example_sla_dag.py for tasks to queue
[2024-02-03T06:01:00.815+0000] {logging_mixin.py:188} INFO - [2024-02-03T06:01:00.814+0000] {dagbag.py:538} INFO - Filling up the DagBag from /home/airflow/.local/lib/python3.8/site-packages/airflow/example_dags/example_sla_dag.py
[2024-02-03T06:01:00.824+0000] {processor.py:840} INFO - DAG(s) 'example_sla_dag' retrieved from /home/airflow/.local/lib/python3.8/site-packages/airflow/example_dags/example_sla_dag.py
[2024-02-03T06:01:00.847+0000] {logging_mixin.py:188} INFO - [2024-02-03T06:01:00.847+0000] {dag.py:3036} INFO - Sync 1 DAGs
[2024-02-03T06:01:00.877+0000] {logging_mixin.py:188} INFO - [2024-02-03T06:01:00.877+0000] {dag.py:3823} INFO - Setting next_dagrun for example_sla_dag to 2024-02-03 05:58:00+00:00, run_after=2024-02-03 06:00:00+00:00
[2024-02-03T06:01:00.899+0000] {processor.py:183} INFO - Processing /home/airflow/.local/lib/python3.8/site-packages/airflow/example_dags/example_sla_dag.py took 0.091 seconds
[2024-02-03T06:33:37.176+0000] {processor.py:161} INFO - Started process (PID=47) to work on /home/airflow/.local/lib/python3.8/site-packages/airflow/example_dags/example_sla_dag.py
[2024-02-03T06:33:37.179+0000] {processor.py:830} INFO - Processing file /home/airflow/.local/lib/python3.8/site-packages/airflow/example_dags/example_sla_dag.py for tasks to queue
[2024-02-03T06:33:37.182+0000] {logging_mixin.py:188} INFO - [2024-02-03T06:33:37.182+0000] {dagbag.py:538} INFO - Filling up the DagBag from /home/airflow/.local/lib/python3.8/site-packages/airflow/example_dags/example_sla_dag.py
[2024-02-03T06:33:37.198+0000] {processor.py:840} INFO - DAG(s) 'example_sla_dag' retrieved from /home/airflow/.local/lib/python3.8/site-packages/airflow/example_dags/example_sla_dag.py
[2024-02-03T06:33:37.219+0000] {logging_mixin.py:188} INFO - [2024-02-03T06:33:37.218+0000] {dag.py:3036} INFO - Sync 1 DAGs
[2024-02-03T06:33:37.274+0000] {logging_mixin.py:188} INFO - [2024-02-03T06:33:37.273+0000] {dag.py:3823} INFO - Setting next_dagrun for example_sla_dag to 2024-02-03 06:30:00+00:00, run_after=2024-02-03 06:32:00+00:00
[2024-02-03T06:33:37.308+0000] {processor.py:183} INFO - Processing /home/airflow/.local/lib/python3.8/site-packages/airflow/example_dags/example_sla_dag.py took 0.138 seconds
[2024-02-03T06:34:07.840+0000] {processor.py:161} INFO - Started process (PID=102) to work on /home/airflow/.local/lib/python3.8/site-packages/airflow/example_dags/example_sla_dag.py
[2024-02-03T06:34:07.841+0000] {processor.py:830} INFO - Processing file /home/airflow/.local/lib/python3.8/site-packages/airflow/example_dags/example_sla_dag.py for tasks to queue
[2024-02-03T06:34:07.843+0000] {logging_mixin.py:188} INFO - [2024-02-03T06:34:07.843+0000] {dagbag.py:538} INFO - Filling up the DagBag from /home/airflow/.local/lib/python3.8/site-packages/airflow/example_dags/example_sla_dag.py
[2024-02-03T06:34:07.852+0000] {processor.py:840} INFO - DAG(s) 'example_sla_dag' retrieved from /home/airflow/.local/lib/python3.8/site-packages/airflow/example_dags/example_sla_dag.py
[2024-02-03T06:34:07.980+0000] {logging_mixin.py:188} INFO - [2024-02-03T06:34:07.980+0000] {dag.py:3036} INFO - Sync 1 DAGs
[2024-02-03T06:34:08.020+0000] {logging_mixin.py:188} INFO - [2024-02-03T06:34:08.019+0000] {dag.py:3823} INFO - Setting next_dagrun for example_sla_dag to 2024-02-03 06:32:00+00:00, run_after=2024-02-03 06:34:00+00:00
[2024-02-03T06:34:08.059+0000] {processor.py:183} INFO - Processing /home/airflow/.local/lib/python3.8/site-packages/airflow/example_dags/example_sla_dag.py took 0.222 seconds
[2024-02-03T06:34:38.934+0000] {processor.py:161} INFO - Started process (PID=157) to work on /home/airflow/.local/lib/python3.8/site-packages/airflow/example_dags/example_sla_dag.py
[2024-02-03T06:34:38.936+0000] {processor.py:830} INFO - Processing file /home/airflow/.local/lib/python3.8/site-packages/airflow/example_dags/example_sla_dag.py for tasks to queue
[2024-02-03T06:34:38.938+0000] {logging_mixin.py:188} INFO - [2024-02-03T06:34:38.937+0000] {dagbag.py:538} INFO - Filling up the DagBag from /home/airflow/.local/lib/python3.8/site-packages/airflow/example_dags/example_sla_dag.py
[2024-02-03T06:34:38.947+0000] {processor.py:840} INFO - DAG(s) 'example_sla_dag' retrieved from /home/airflow/.local/lib/python3.8/site-packages/airflow/example_dags/example_sla_dag.py
[2024-02-03T06:34:38.970+0000] {logging_mixin.py:188} INFO - [2024-02-03T06:34:38.970+0000] {dag.py:3036} INFO - Sync 1 DAGs
[2024-02-03T06:34:39.000+0000] {logging_mixin.py:188} INFO - [2024-02-03T06:34:39.000+0000] {dag.py:3823} INFO - Setting next_dagrun for example_sla_dag to 2024-02-03 06:32:00+00:00, run_after=2024-02-03 06:34:00+00:00
[2024-02-03T06:34:39.025+0000] {processor.py:183} INFO - Processing /home/airflow/.local/lib/python3.8/site-packages/airflow/example_dags/example_sla_dag.py took 0.094 seconds
[2024-02-03T06:35:09.165+0000] {processor.py:161} INFO - Started process (PID=212) to work on /home/airflow/.local/lib/python3.8/site-packages/airflow/example_dags/example_sla_dag.py
[2024-02-03T06:35:09.166+0000] {processor.py:830} INFO - Processing file /home/airflow/.local/lib/python3.8/site-packages/airflow/example_dags/example_sla_dag.py for tasks to queue
[2024-02-03T06:35:09.168+0000] {logging_mixin.py:188} INFO - [2024-02-03T06:35:09.168+0000] {dagbag.py:538} INFO - Filling up the DagBag from /home/airflow/.local/lib/python3.8/site-packages/airflow/example_dags/example_sla_dag.py
[2024-02-03T06:35:09.177+0000] {processor.py:840} INFO - DAG(s) 'example_sla_dag' retrieved from /home/airflow/.local/lib/python3.8/site-packages/airflow/example_dags/example_sla_dag.py
[2024-02-03T06:35:09.200+0000] {logging_mixin.py:188} INFO - [2024-02-03T06:35:09.200+0000] {dag.py:3036} INFO - Sync 1 DAGs
[2024-02-03T06:35:09.231+0000] {logging_mixin.py:188} INFO - [2024-02-03T06:35:09.231+0000] {dag.py:3823} INFO - Setting next_dagrun for example_sla_dag to 2024-02-03 06:32:00+00:00, run_after=2024-02-03 06:34:00+00:00
[2024-02-03T06:35:09.256+0000] {processor.py:183} INFO - Processing /home/airflow/.local/lib/python3.8/site-packages/airflow/example_dags/example_sla_dag.py took 0.094 seconds
[2024-02-03T06:35:39.535+0000] {processor.py:161} INFO - Started process (PID=267) to work on /home/airflow/.local/lib/python3.8/site-packages/airflow/example_dags/example_sla_dag.py
[2024-02-03T06:35:39.537+0000] {processor.py:830} INFO - Processing file /home/airflow/.local/lib/python3.8/site-packages/airflow/example_dags/example_sla_dag.py for tasks to queue
[2024-02-03T06:35:39.538+0000] {logging_mixin.py:188} INFO - [2024-02-03T06:35:39.538+0000] {dagbag.py:538} INFO - Filling up the DagBag from /home/airflow/.local/lib/python3.8/site-packages/airflow/example_dags/example_sla_dag.py
[2024-02-03T06:35:39.547+0000] {processor.py:840} INFO - DAG(s) 'example_sla_dag' retrieved from /home/airflow/.local/lib/python3.8/site-packages/airflow/example_dags/example_sla_dag.py
[2024-02-03T06:35:39.569+0000] {logging_mixin.py:188} INFO - [2024-02-03T06:35:39.569+0000] {dag.py:3036} INFO - Sync 1 DAGs
[2024-02-03T06:35:39.598+0000] {logging_mixin.py:188} INFO - [2024-02-03T06:35:39.597+0000] {dag.py:3823} INFO - Setting next_dagrun for example_sla_dag to 2024-02-03 06:32:00+00:00, run_after=2024-02-03 06:34:00+00:00
[2024-02-03T06:35:39.623+0000] {processor.py:183} INFO - Processing /home/airflow/.local/lib/python3.8/site-packages/airflow/example_dags/example_sla_dag.py took 0.090 seconds
[2024-02-03T06:36:10.126+0000] {processor.py:161} INFO - Started process (PID=322) to work on /home/airflow/.local/lib/python3.8/site-packages/airflow/example_dags/example_sla_dag.py
[2024-02-03T06:36:10.127+0000] {processor.py:830} INFO - Processing file /home/airflow/.local/lib/python3.8/site-packages/airflow/example_dags/example_sla_dag.py for tasks to queue
[2024-02-03T06:36:10.129+0000] {logging_mixin.py:188} INFO - [2024-02-03T06:36:10.129+0000] {dagbag.py:538} INFO - Filling up the DagBag from /home/airflow/.local/lib/python3.8/site-packages/airflow/example_dags/example_sla_dag.py
[2024-02-03T06:36:10.138+0000] {processor.py:840} INFO - DAG(s) 'example_sla_dag' retrieved from /home/airflow/.local/lib/python3.8/site-packages/airflow/example_dags/example_sla_dag.py
[2024-02-03T06:36:10.163+0000] {logging_mixin.py:188} INFO - [2024-02-03T06:36:10.163+0000] {dag.py:3036} INFO - Sync 1 DAGs
[2024-02-03T06:36:10.196+0000] {logging_mixin.py:188} INFO - [2024-02-03T06:36:10.196+0000] {dag.py:3823} INFO - Setting next_dagrun for example_sla_dag to 2024-02-03 06:34:00+00:00, run_after=2024-02-03 06:36:00+00:00
[2024-02-03T06:36:10.232+0000] {processor.py:183} INFO - Processing /home/airflow/.local/lib/python3.8/site-packages/airflow/example_dags/example_sla_dag.py took 0.110 seconds
