[2024-02-03T05:26:18.447+0000] {processor.py:161} INFO - Started process (PID=64) to work on /home/airflow/.local/lib/python3.8/site-packages/airflow/example_dags/example_task_group.py
[2024-02-03T05:26:18.449+0000] {processor.py:830} INFO - Processing file /home/airflow/.local/lib/python3.8/site-packages/airflow/example_dags/example_task_group.py for tasks to queue
[2024-02-03T05:26:18.452+0000] {logging_mixin.py:188} INFO - [2024-02-03T05:26:18.451+0000] {dagbag.py:538} INFO - Filling up the DagBag from /home/airflow/.local/lib/python3.8/site-packages/airflow/example_dags/example_task_group.py
[2024-02-03T05:26:18.498+0000] {processor.py:840} INFO - DAG(s) 'example_task_group' retrieved from /home/airflow/.local/lib/python3.8/site-packages/airflow/example_dags/example_task_group.py
[2024-02-03T05:26:18.734+0000] {logging_mixin.py:188} INFO - [2024-02-03T05:26:18.734+0000] {dag.py:3036} INFO - Sync 1 DAGs
[2024-02-03T05:26:19.209+0000] {logging_mixin.py:188} INFO - [2024-02-03T05:26:19.208+0000] {dag.py:3823} INFO - Setting next_dagrun for example_task_group to 2024-02-02 00:00:00+00:00, run_after=2024-02-03 00:00:00+00:00
[2024-02-03T05:26:19.247+0000] {processor.py:183} INFO - Processing /home/airflow/.local/lib/python3.8/site-packages/airflow/example_dags/example_task_group.py took 0.803 seconds
[2024-02-03T05:26:49.885+0000] {processor.py:161} INFO - Started process (PID=119) to work on /home/airflow/.local/lib/python3.8/site-packages/airflow/example_dags/example_task_group.py
[2024-02-03T05:26:49.886+0000] {processor.py:830} INFO - Processing file /home/airflow/.local/lib/python3.8/site-packages/airflow/example_dags/example_task_group.py for tasks to queue
[2024-02-03T05:26:49.888+0000] {logging_mixin.py:188} INFO - [2024-02-03T05:26:49.887+0000] {dagbag.py:538} INFO - Filling up the DagBag from /home/airflow/.local/lib/python3.8/site-packages/airflow/example_dags/example_task_group.py
[2024-02-03T05:26:49.898+0000] {processor.py:840} INFO - DAG(s) 'example_task_group' retrieved from /home/airflow/.local/lib/python3.8/site-packages/airflow/example_dags/example_task_group.py
[2024-02-03T05:26:49.944+0000] {logging_mixin.py:188} INFO - [2024-02-03T05:26:49.944+0000] {dag.py:3036} INFO - Sync 1 DAGs
[2024-02-03T05:26:49.977+0000] {logging_mixin.py:188} INFO - [2024-02-03T05:26:49.977+0000] {dag.py:3823} INFO - Setting next_dagrun for example_task_group to 2024-02-02 00:00:00+00:00, run_after=2024-02-03 00:00:00+00:00
[2024-02-03T05:26:50.004+0000] {processor.py:183} INFO - Processing /home/airflow/.local/lib/python3.8/site-packages/airflow/example_dags/example_task_group.py took 0.123 seconds
[2024-02-03T05:27:20.193+0000] {processor.py:161} INFO - Started process (PID=174) to work on /home/airflow/.local/lib/python3.8/site-packages/airflow/example_dags/example_task_group.py
[2024-02-03T05:27:20.195+0000] {processor.py:830} INFO - Processing file /home/airflow/.local/lib/python3.8/site-packages/airflow/example_dags/example_task_group.py for tasks to queue
[2024-02-03T05:27:20.196+0000] {logging_mixin.py:188} INFO - [2024-02-03T05:27:20.196+0000] {dagbag.py:538} INFO - Filling up the DagBag from /home/airflow/.local/lib/python3.8/site-packages/airflow/example_dags/example_task_group.py
[2024-02-03T05:27:20.203+0000] {processor.py:840} INFO - DAG(s) 'example_task_group' retrieved from /home/airflow/.local/lib/python3.8/site-packages/airflow/example_dags/example_task_group.py
[2024-02-03T05:27:20.227+0000] {logging_mixin.py:188} INFO - [2024-02-03T05:27:20.227+0000] {dag.py:3036} INFO - Sync 1 DAGs
[2024-02-03T05:27:20.252+0000] {logging_mixin.py:188} INFO - [2024-02-03T05:27:20.251+0000] {dag.py:3823} INFO - Setting next_dagrun for example_task_group to 2024-02-02 00:00:00+00:00, run_after=2024-02-03 00:00:00+00:00
[2024-02-03T05:27:20.274+0000] {processor.py:183} INFO - Processing /home/airflow/.local/lib/python3.8/site-packages/airflow/example_dags/example_task_group.py took 0.083 seconds
[2024-02-03T05:27:50.500+0000] {processor.py:161} INFO - Started process (PID=229) to work on /home/airflow/.local/lib/python3.8/site-packages/airflow/example_dags/example_task_group.py
[2024-02-03T05:27:50.501+0000] {processor.py:830} INFO - Processing file /home/airflow/.local/lib/python3.8/site-packages/airflow/example_dags/example_task_group.py for tasks to queue
[2024-02-03T05:27:50.503+0000] {logging_mixin.py:188} INFO - [2024-02-03T05:27:50.503+0000] {dagbag.py:538} INFO - Filling up the DagBag from /home/airflow/.local/lib/python3.8/site-packages/airflow/example_dags/example_task_group.py
[2024-02-03T05:27:50.510+0000] {processor.py:840} INFO - DAG(s) 'example_task_group' retrieved from /home/airflow/.local/lib/python3.8/site-packages/airflow/example_dags/example_task_group.py
[2024-02-03T05:27:50.536+0000] {logging_mixin.py:188} INFO - [2024-02-03T05:27:50.536+0000] {dag.py:3036} INFO - Sync 1 DAGs
[2024-02-03T05:27:50.561+0000] {logging_mixin.py:188} INFO - [2024-02-03T05:27:50.561+0000] {dag.py:3823} INFO - Setting next_dagrun for example_task_group to 2024-02-02 00:00:00+00:00, run_after=2024-02-03 00:00:00+00:00
[2024-02-03T05:27:50.584+0000] {processor.py:183} INFO - Processing /home/airflow/.local/lib/python3.8/site-packages/airflow/example_dags/example_task_group.py took 0.088 seconds
[2024-02-03T05:28:20.669+0000] {processor.py:161} INFO - Started process (PID=284) to work on /home/airflow/.local/lib/python3.8/site-packages/airflow/example_dags/example_task_group.py
[2024-02-03T05:28:20.670+0000] {processor.py:830} INFO - Processing file /home/airflow/.local/lib/python3.8/site-packages/airflow/example_dags/example_task_group.py for tasks to queue
[2024-02-03T05:28:20.672+0000] {logging_mixin.py:188} INFO - [2024-02-03T05:28:20.672+0000] {dagbag.py:538} INFO - Filling up the DagBag from /home/airflow/.local/lib/python3.8/site-packages/airflow/example_dags/example_task_group.py
[2024-02-03T05:28:20.679+0000] {processor.py:840} INFO - DAG(s) 'example_task_group' retrieved from /home/airflow/.local/lib/python3.8/site-packages/airflow/example_dags/example_task_group.py
[2024-02-03T05:28:20.705+0000] {logging_mixin.py:188} INFO - [2024-02-03T05:28:20.704+0000] {dag.py:3036} INFO - Sync 1 DAGs
[2024-02-03T05:28:20.731+0000] {logging_mixin.py:188} INFO - [2024-02-03T05:28:20.731+0000] {dag.py:3823} INFO - Setting next_dagrun for example_task_group to 2024-02-02 00:00:00+00:00, run_after=2024-02-03 00:00:00+00:00
[2024-02-03T05:28:20.757+0000] {processor.py:183} INFO - Processing /home/airflow/.local/lib/python3.8/site-packages/airflow/example_dags/example_task_group.py took 0.091 seconds
[2024-02-03T05:28:50.974+0000] {processor.py:161} INFO - Started process (PID=339) to work on /home/airflow/.local/lib/python3.8/site-packages/airflow/example_dags/example_task_group.py
[2024-02-03T05:28:50.976+0000] {processor.py:830} INFO - Processing file /home/airflow/.local/lib/python3.8/site-packages/airflow/example_dags/example_task_group.py for tasks to queue
[2024-02-03T05:28:50.978+0000] {logging_mixin.py:188} INFO - [2024-02-03T05:28:50.978+0000] {dagbag.py:538} INFO - Filling up the DagBag from /home/airflow/.local/lib/python3.8/site-packages/airflow/example_dags/example_task_group.py
[2024-02-03T05:28:50.986+0000] {processor.py:840} INFO - DAG(s) 'example_task_group' retrieved from /home/airflow/.local/lib/python3.8/site-packages/airflow/example_dags/example_task_group.py
[2024-02-03T05:28:51.013+0000] {logging_mixin.py:188} INFO - [2024-02-03T05:28:51.013+0000] {dag.py:3036} INFO - Sync 1 DAGs
[2024-02-03T05:28:51.038+0000] {logging_mixin.py:188} INFO - [2024-02-03T05:28:51.038+0000] {dag.py:3823} INFO - Setting next_dagrun for example_task_group to 2024-02-02 00:00:00+00:00, run_after=2024-02-03 00:00:00+00:00
[2024-02-03T05:28:51.063+0000] {processor.py:183} INFO - Processing /home/airflow/.local/lib/python3.8/site-packages/airflow/example_dags/example_task_group.py took 0.091 seconds
[2024-02-03T05:29:21.158+0000] {processor.py:161} INFO - Started process (PID=394) to work on /home/airflow/.local/lib/python3.8/site-packages/airflow/example_dags/example_task_group.py
[2024-02-03T05:29:21.160+0000] {processor.py:830} INFO - Processing file /home/airflow/.local/lib/python3.8/site-packages/airflow/example_dags/example_task_group.py for tasks to queue
[2024-02-03T05:29:21.162+0000] {logging_mixin.py:188} INFO - [2024-02-03T05:29:21.162+0000] {dagbag.py:538} INFO - Filling up the DagBag from /home/airflow/.local/lib/python3.8/site-packages/airflow/example_dags/example_task_group.py
[2024-02-03T05:29:21.170+0000] {processor.py:840} INFO - DAG(s) 'example_task_group' retrieved from /home/airflow/.local/lib/python3.8/site-packages/airflow/example_dags/example_task_group.py
[2024-02-03T05:29:21.195+0000] {logging_mixin.py:188} INFO - [2024-02-03T05:29:21.194+0000] {dag.py:3036} INFO - Sync 1 DAGs
[2024-02-03T05:29:21.219+0000] {logging_mixin.py:188} INFO - [2024-02-03T05:29:21.219+0000] {dag.py:3823} INFO - Setting next_dagrun for example_task_group to 2024-02-02 00:00:00+00:00, run_after=2024-02-03 00:00:00+00:00
[2024-02-03T05:29:21.245+0000] {processor.py:183} INFO - Processing /home/airflow/.local/lib/python3.8/site-packages/airflow/example_dags/example_task_group.py took 0.090 seconds
[2024-02-03T05:29:51.561+0000] {processor.py:161} INFO - Started process (PID=449) to work on /home/airflow/.local/lib/python3.8/site-packages/airflow/example_dags/example_task_group.py
[2024-02-03T05:29:51.562+0000] {processor.py:830} INFO - Processing file /home/airflow/.local/lib/python3.8/site-packages/airflow/example_dags/example_task_group.py for tasks to queue
[2024-02-03T05:29:51.564+0000] {logging_mixin.py:188} INFO - [2024-02-03T05:29:51.564+0000] {dagbag.py:538} INFO - Filling up the DagBag from /home/airflow/.local/lib/python3.8/site-packages/airflow/example_dags/example_task_group.py
[2024-02-03T05:29:51.572+0000] {processor.py:840} INFO - DAG(s) 'example_task_group' retrieved from /home/airflow/.local/lib/python3.8/site-packages/airflow/example_dags/example_task_group.py
[2024-02-03T05:29:51.601+0000] {logging_mixin.py:188} INFO - [2024-02-03T05:29:51.601+0000] {dag.py:3036} INFO - Sync 1 DAGs
[2024-02-03T05:29:51.628+0000] {logging_mixin.py:188} INFO - [2024-02-03T05:29:51.628+0000] {dag.py:3823} INFO - Setting next_dagrun for example_task_group to 2024-02-02 00:00:00+00:00, run_after=2024-02-03 00:00:00+00:00
[2024-02-03T05:29:51.654+0000] {processor.py:183} INFO - Processing /home/airflow/.local/lib/python3.8/site-packages/airflow/example_dags/example_task_group.py took 0.096 seconds
[2024-02-03T05:30:21.816+0000] {processor.py:161} INFO - Started process (PID=504) to work on /home/airflow/.local/lib/python3.8/site-packages/airflow/example_dags/example_task_group.py
[2024-02-03T05:30:21.817+0000] {processor.py:830} INFO - Processing file /home/airflow/.local/lib/python3.8/site-packages/airflow/example_dags/example_task_group.py for tasks to queue
[2024-02-03T05:30:21.819+0000] {logging_mixin.py:188} INFO - [2024-02-03T05:30:21.819+0000] {dagbag.py:538} INFO - Filling up the DagBag from /home/airflow/.local/lib/python3.8/site-packages/airflow/example_dags/example_task_group.py
[2024-02-03T05:30:21.828+0000] {processor.py:840} INFO - DAG(s) 'example_task_group' retrieved from /home/airflow/.local/lib/python3.8/site-packages/airflow/example_dags/example_task_group.py
[2024-02-03T05:30:21.852+0000] {logging_mixin.py:188} INFO - [2024-02-03T05:30:21.852+0000] {dag.py:3036} INFO - Sync 1 DAGs
[2024-02-03T05:30:21.878+0000] {logging_mixin.py:188} INFO - [2024-02-03T05:30:21.877+0000] {dag.py:3823} INFO - Setting next_dagrun for example_task_group to 2024-02-02 00:00:00+00:00, run_after=2024-02-03 00:00:00+00:00
[2024-02-03T05:30:21.902+0000] {processor.py:183} INFO - Processing /home/airflow/.local/lib/python3.8/site-packages/airflow/example_dags/example_task_group.py took 0.089 seconds
[2024-02-03T05:30:52.728+0000] {processor.py:161} INFO - Started process (PID=559) to work on /home/airflow/.local/lib/python3.8/site-packages/airflow/example_dags/example_task_group.py
[2024-02-03T05:30:52.729+0000] {processor.py:830} INFO - Processing file /home/airflow/.local/lib/python3.8/site-packages/airflow/example_dags/example_task_group.py for tasks to queue
[2024-02-03T05:30:52.731+0000] {logging_mixin.py:188} INFO - [2024-02-03T05:30:52.730+0000] {dagbag.py:538} INFO - Filling up the DagBag from /home/airflow/.local/lib/python3.8/site-packages/airflow/example_dags/example_task_group.py
[2024-02-03T05:30:52.738+0000] {processor.py:840} INFO - DAG(s) 'example_task_group' retrieved from /home/airflow/.local/lib/python3.8/site-packages/airflow/example_dags/example_task_group.py
[2024-02-03T05:30:52.764+0000] {logging_mixin.py:188} INFO - [2024-02-03T05:30:52.763+0000] {dag.py:3036} INFO - Sync 1 DAGs
[2024-02-03T05:30:52.789+0000] {logging_mixin.py:188} INFO - [2024-02-03T05:30:52.788+0000] {dag.py:3823} INFO - Setting next_dagrun for example_task_group to 2024-02-02 00:00:00+00:00, run_after=2024-02-03 00:00:00+00:00
[2024-02-03T05:30:52.816+0000] {processor.py:183} INFO - Processing /home/airflow/.local/lib/python3.8/site-packages/airflow/example_dags/example_task_group.py took 0.092 seconds
[2024-02-03T05:31:23.596+0000] {processor.py:161} INFO - Started process (PID=614) to work on /home/airflow/.local/lib/python3.8/site-packages/airflow/example_dags/example_task_group.py
[2024-02-03T05:31:23.598+0000] {processor.py:830} INFO - Processing file /home/airflow/.local/lib/python3.8/site-packages/airflow/example_dags/example_task_group.py for tasks to queue
[2024-02-03T05:31:23.600+0000] {logging_mixin.py:188} INFO - [2024-02-03T05:31:23.600+0000] {dagbag.py:538} INFO - Filling up the DagBag from /home/airflow/.local/lib/python3.8/site-packages/airflow/example_dags/example_task_group.py
[2024-02-03T05:31:23.610+0000] {processor.py:840} INFO - DAG(s) 'example_task_group' retrieved from /home/airflow/.local/lib/python3.8/site-packages/airflow/example_dags/example_task_group.py
[2024-02-03T05:31:23.647+0000] {logging_mixin.py:188} INFO - [2024-02-03T05:31:23.646+0000] {dag.py:3036} INFO - Sync 1 DAGs
[2024-02-03T05:31:23.680+0000] {logging_mixin.py:188} INFO - [2024-02-03T05:31:23.679+0000] {dag.py:3823} INFO - Setting next_dagrun for example_task_group to 2024-02-02 00:00:00+00:00, run_after=2024-02-03 00:00:00+00:00
[2024-02-03T05:31:23.714+0000] {processor.py:183} INFO - Processing /home/airflow/.local/lib/python3.8/site-packages/airflow/example_dags/example_task_group.py took 0.122 seconds
[2024-02-03T05:31:53.862+0000] {processor.py:161} INFO - Started process (PID=686) to work on /home/airflow/.local/lib/python3.8/site-packages/airflow/example_dags/example_task_group.py
[2024-02-03T05:31:53.863+0000] {processor.py:830} INFO - Processing file /home/airflow/.local/lib/python3.8/site-packages/airflow/example_dags/example_task_group.py for tasks to queue
[2024-02-03T05:31:53.865+0000] {logging_mixin.py:188} INFO - [2024-02-03T05:31:53.864+0000] {dagbag.py:538} INFO - Filling up the DagBag from /home/airflow/.local/lib/python3.8/site-packages/airflow/example_dags/example_task_group.py
[2024-02-03T05:31:53.873+0000] {processor.py:840} INFO - DAG(s) 'example_task_group' retrieved from /home/airflow/.local/lib/python3.8/site-packages/airflow/example_dags/example_task_group.py
[2024-02-03T05:31:53.897+0000] {logging_mixin.py:188} INFO - [2024-02-03T05:31:53.897+0000] {dag.py:3036} INFO - Sync 1 DAGs
[2024-02-03T05:31:53.922+0000] {logging_mixin.py:188} INFO - [2024-02-03T05:31:53.922+0000] {dag.py:3823} INFO - Setting next_dagrun for example_task_group to 2024-02-02 00:00:00+00:00, run_after=2024-02-03 00:00:00+00:00
[2024-02-03T05:31:53.947+0000] {processor.py:183} INFO - Processing /home/airflow/.local/lib/python3.8/site-packages/airflow/example_dags/example_task_group.py took 0.089 seconds
[2024-02-03T05:32:24.178+0000] {processor.py:161} INFO - Started process (PID=740) to work on /home/airflow/.local/lib/python3.8/site-packages/airflow/example_dags/example_task_group.py
[2024-02-03T05:32:24.179+0000] {processor.py:830} INFO - Processing file /home/airflow/.local/lib/python3.8/site-packages/airflow/example_dags/example_task_group.py for tasks to queue
[2024-02-03T05:32:24.181+0000] {logging_mixin.py:188} INFO - [2024-02-03T05:32:24.181+0000] {dagbag.py:538} INFO - Filling up the DagBag from /home/airflow/.local/lib/python3.8/site-packages/airflow/example_dags/example_task_group.py
[2024-02-03T05:32:24.188+0000] {processor.py:840} INFO - DAG(s) 'example_task_group' retrieved from /home/airflow/.local/lib/python3.8/site-packages/airflow/example_dags/example_task_group.py
[2024-02-03T05:32:24.214+0000] {logging_mixin.py:188} INFO - [2024-02-03T05:32:24.214+0000] {dag.py:3036} INFO - Sync 1 DAGs
[2024-02-03T05:32:24.241+0000] {logging_mixin.py:188} INFO - [2024-02-03T05:32:24.240+0000] {dag.py:3823} INFO - Setting next_dagrun for example_task_group to 2024-02-02 00:00:00+00:00, run_after=2024-02-03 00:00:00+00:00
[2024-02-03T05:32:24.267+0000] {processor.py:183} INFO - Processing /home/airflow/.local/lib/python3.8/site-packages/airflow/example_dags/example_task_group.py took 0.092 seconds
[2024-02-03T05:32:55.199+0000] {processor.py:161} INFO - Started process (PID=801) to work on /home/airflow/.local/lib/python3.8/site-packages/airflow/example_dags/example_task_group.py
[2024-02-03T05:32:55.200+0000] {processor.py:830} INFO - Processing file /home/airflow/.local/lib/python3.8/site-packages/airflow/example_dags/example_task_group.py for tasks to queue
[2024-02-03T05:32:55.202+0000] {logging_mixin.py:188} INFO - [2024-02-03T05:32:55.202+0000] {dagbag.py:538} INFO - Filling up the DagBag from /home/airflow/.local/lib/python3.8/site-packages/airflow/example_dags/example_task_group.py
[2024-02-03T05:32:55.210+0000] {processor.py:840} INFO - DAG(s) 'example_task_group' retrieved from /home/airflow/.local/lib/python3.8/site-packages/airflow/example_dags/example_task_group.py
[2024-02-03T05:32:55.238+0000] {logging_mixin.py:188} INFO - [2024-02-03T05:32:55.237+0000] {dag.py:3036} INFO - Sync 1 DAGs
[2024-02-03T05:32:55.266+0000] {logging_mixin.py:188} INFO - [2024-02-03T05:32:55.265+0000] {dag.py:3823} INFO - Setting next_dagrun for example_task_group to 2024-02-02 00:00:00+00:00, run_after=2024-02-03 00:00:00+00:00
[2024-02-03T05:32:55.288+0000] {processor.py:183} INFO - Processing /home/airflow/.local/lib/python3.8/site-packages/airflow/example_dags/example_task_group.py took 0.092 seconds
[2024-02-03T06:00:01.399+0000] {processor.py:161} INFO - Started process (PID=64) to work on /home/airflow/.local/lib/python3.8/site-packages/airflow/example_dags/example_task_group.py
[2024-02-03T06:00:01.402+0000] {processor.py:830} INFO - Processing file /home/airflow/.local/lib/python3.8/site-packages/airflow/example_dags/example_task_group.py for tasks to queue
[2024-02-03T06:00:01.404+0000] {logging_mixin.py:188} INFO - [2024-02-03T06:00:01.404+0000] {dagbag.py:538} INFO - Filling up the DagBag from /home/airflow/.local/lib/python3.8/site-packages/airflow/example_dags/example_task_group.py
[2024-02-03T06:00:01.415+0000] {processor.py:840} INFO - DAG(s) 'example_task_group' retrieved from /home/airflow/.local/lib/python3.8/site-packages/airflow/example_dags/example_task_group.py
[2024-02-03T06:00:01.448+0000] {logging_mixin.py:188} INFO - [2024-02-03T06:00:01.448+0000] {dag.py:3036} INFO - Sync 1 DAGs
[2024-02-03T06:00:01.481+0000] {logging_mixin.py:188} INFO - [2024-02-03T06:00:01.481+0000] {dag.py:3823} INFO - Setting next_dagrun for example_task_group to 2024-02-02 00:00:00+00:00, run_after=2024-02-03 00:00:00+00:00
[2024-02-03T06:00:01.510+0000] {processor.py:183} INFO - Processing /home/airflow/.local/lib/python3.8/site-packages/airflow/example_dags/example_task_group.py took 0.117 seconds
[2024-02-03T06:00:31.768+0000] {processor.py:161} INFO - Started process (PID=119) to work on /home/airflow/.local/lib/python3.8/site-packages/airflow/example_dags/example_task_group.py
[2024-02-03T06:00:31.769+0000] {processor.py:830} INFO - Processing file /home/airflow/.local/lib/python3.8/site-packages/airflow/example_dags/example_task_group.py for tasks to queue
[2024-02-03T06:00:31.771+0000] {logging_mixin.py:188} INFO - [2024-02-03T06:00:31.770+0000] {dagbag.py:538} INFO - Filling up the DagBag from /home/airflow/.local/lib/python3.8/site-packages/airflow/example_dags/example_task_group.py
[2024-02-03T06:00:31.779+0000] {processor.py:840} INFO - DAG(s) 'example_task_group' retrieved from /home/airflow/.local/lib/python3.8/site-packages/airflow/example_dags/example_task_group.py
[2024-02-03T06:00:31.805+0000] {logging_mixin.py:188} INFO - [2024-02-03T06:00:31.804+0000] {dag.py:3036} INFO - Sync 1 DAGs
[2024-02-03T06:00:31.831+0000] {logging_mixin.py:188} INFO - [2024-02-03T06:00:31.831+0000] {dag.py:3823} INFO - Setting next_dagrun for example_task_group to 2024-02-02 00:00:00+00:00, run_after=2024-02-03 00:00:00+00:00
[2024-02-03T06:00:31.856+0000] {processor.py:183} INFO - Processing /home/airflow/.local/lib/python3.8/site-packages/airflow/example_dags/example_task_group.py took 0.091 seconds
[2024-02-03T06:01:02.322+0000] {processor.py:161} INFO - Started process (PID=174) to work on /home/airflow/.local/lib/python3.8/site-packages/airflow/example_dags/example_task_group.py
[2024-02-03T06:01:02.323+0000] {processor.py:830} INFO - Processing file /home/airflow/.local/lib/python3.8/site-packages/airflow/example_dags/example_task_group.py for tasks to queue
[2024-02-03T06:01:02.326+0000] {logging_mixin.py:188} INFO - [2024-02-03T06:01:02.325+0000] {dagbag.py:538} INFO - Filling up the DagBag from /home/airflow/.local/lib/python3.8/site-packages/airflow/example_dags/example_task_group.py
[2024-02-03T06:01:02.333+0000] {processor.py:840} INFO - DAG(s) 'example_task_group' retrieved from /home/airflow/.local/lib/python3.8/site-packages/airflow/example_dags/example_task_group.py
[2024-02-03T06:01:02.358+0000] {logging_mixin.py:188} INFO - [2024-02-03T06:01:02.357+0000] {dag.py:3036} INFO - Sync 1 DAGs
[2024-02-03T06:01:02.384+0000] {logging_mixin.py:188} INFO - [2024-02-03T06:01:02.383+0000] {dag.py:3823} INFO - Setting next_dagrun for example_task_group to 2024-02-02 00:00:00+00:00, run_after=2024-02-03 00:00:00+00:00
[2024-02-03T06:01:02.409+0000] {processor.py:183} INFO - Processing /home/airflow/.local/lib/python3.8/site-packages/airflow/example_dags/example_task_group.py took 0.090 seconds
[2024-02-03T06:33:38.528+0000] {processor.py:161} INFO - Started process (PID=64) to work on /home/airflow/.local/lib/python3.8/site-packages/airflow/example_dags/example_task_group.py
[2024-02-03T06:33:38.531+0000] {processor.py:830} INFO - Processing file /home/airflow/.local/lib/python3.8/site-packages/airflow/example_dags/example_task_group.py for tasks to queue
[2024-02-03T06:33:38.537+0000] {logging_mixin.py:188} INFO - [2024-02-03T06:33:38.536+0000] {dagbag.py:538} INFO - Filling up the DagBag from /home/airflow/.local/lib/python3.8/site-packages/airflow/example_dags/example_task_group.py
[2024-02-03T06:33:38.556+0000] {processor.py:840} INFO - DAG(s) 'example_task_group' retrieved from /home/airflow/.local/lib/python3.8/site-packages/airflow/example_dags/example_task_group.py
[2024-02-03T06:33:38.584+0000] {logging_mixin.py:188} INFO - [2024-02-03T06:33:38.584+0000] {dag.py:3036} INFO - Sync 1 DAGs
[2024-02-03T06:33:38.636+0000] {logging_mixin.py:188} INFO - [2024-02-03T06:33:38.635+0000] {dag.py:3823} INFO - Setting next_dagrun for example_task_group to 2024-02-02 00:00:00+00:00, run_after=2024-02-03 00:00:00+00:00
[2024-02-03T06:33:38.670+0000] {processor.py:183} INFO - Processing /home/airflow/.local/lib/python3.8/site-packages/airflow/example_dags/example_task_group.py took 0.153 seconds
[2024-02-03T06:34:10.032+0000] {processor.py:161} INFO - Started process (PID=119) to work on /home/airflow/.local/lib/python3.8/site-packages/airflow/example_dags/example_task_group.py
[2024-02-03T06:34:10.033+0000] {processor.py:830} INFO - Processing file /home/airflow/.local/lib/python3.8/site-packages/airflow/example_dags/example_task_group.py for tasks to queue
[2024-02-03T06:34:10.035+0000] {logging_mixin.py:188} INFO - [2024-02-03T06:34:10.035+0000] {dagbag.py:538} INFO - Filling up the DagBag from /home/airflow/.local/lib/python3.8/site-packages/airflow/example_dags/example_task_group.py
[2024-02-03T06:34:10.043+0000] {processor.py:840} INFO - DAG(s) 'example_task_group' retrieved from /home/airflow/.local/lib/python3.8/site-packages/airflow/example_dags/example_task_group.py
[2024-02-03T06:34:10.161+0000] {logging_mixin.py:188} INFO - [2024-02-03T06:34:10.160+0000] {dag.py:3036} INFO - Sync 1 DAGs
[2024-02-03T06:34:10.186+0000] {logging_mixin.py:188} INFO - [2024-02-03T06:34:10.186+0000] {dag.py:3823} INFO - Setting next_dagrun for example_task_group to 2024-02-02 00:00:00+00:00, run_after=2024-02-03 00:00:00+00:00
[2024-02-03T06:34:10.217+0000] {processor.py:183} INFO - Processing /home/airflow/.local/lib/python3.8/site-packages/airflow/example_dags/example_task_group.py took 0.188 seconds
[2024-02-03T06:34:41.138+0000] {processor.py:161} INFO - Started process (PID=174) to work on /home/airflow/.local/lib/python3.8/site-packages/airflow/example_dags/example_task_group.py
[2024-02-03T06:34:41.139+0000] {processor.py:830} INFO - Processing file /home/airflow/.local/lib/python3.8/site-packages/airflow/example_dags/example_task_group.py for tasks to queue
[2024-02-03T06:34:41.141+0000] {logging_mixin.py:188} INFO - [2024-02-03T06:34:41.141+0000] {dagbag.py:538} INFO - Filling up the DagBag from /home/airflow/.local/lib/python3.8/site-packages/airflow/example_dags/example_task_group.py
[2024-02-03T06:34:41.148+0000] {processor.py:840} INFO - DAG(s) 'example_task_group' retrieved from /home/airflow/.local/lib/python3.8/site-packages/airflow/example_dags/example_task_group.py
[2024-02-03T06:34:41.172+0000] {logging_mixin.py:188} INFO - [2024-02-03T06:34:41.172+0000] {dag.py:3036} INFO - Sync 1 DAGs
[2024-02-03T06:34:41.198+0000] {logging_mixin.py:188} INFO - [2024-02-03T06:34:41.198+0000] {dag.py:3823} INFO - Setting next_dagrun for example_task_group to 2024-02-02 00:00:00+00:00, run_after=2024-02-03 00:00:00+00:00
[2024-02-03T06:34:41.223+0000] {processor.py:183} INFO - Processing /home/airflow/.local/lib/python3.8/site-packages/airflow/example_dags/example_task_group.py took 0.088 seconds
[2024-02-03T06:35:11.556+0000] {processor.py:161} INFO - Started process (PID=229) to work on /home/airflow/.local/lib/python3.8/site-packages/airflow/example_dags/example_task_group.py
[2024-02-03T06:35:11.558+0000] {processor.py:830} INFO - Processing file /home/airflow/.local/lib/python3.8/site-packages/airflow/example_dags/example_task_group.py for tasks to queue
[2024-02-03T06:35:11.559+0000] {logging_mixin.py:188} INFO - [2024-02-03T06:35:11.559+0000] {dagbag.py:538} INFO - Filling up the DagBag from /home/airflow/.local/lib/python3.8/site-packages/airflow/example_dags/example_task_group.py
[2024-02-03T06:35:11.567+0000] {processor.py:840} INFO - DAG(s) 'example_task_group' retrieved from /home/airflow/.local/lib/python3.8/site-packages/airflow/example_dags/example_task_group.py
[2024-02-03T06:35:11.593+0000] {logging_mixin.py:188} INFO - [2024-02-03T06:35:11.592+0000] {dag.py:3036} INFO - Sync 1 DAGs
[2024-02-03T06:35:11.618+0000] {logging_mixin.py:188} INFO - [2024-02-03T06:35:11.618+0000] {dag.py:3823} INFO - Setting next_dagrun for example_task_group to 2024-02-02 00:00:00+00:00, run_after=2024-02-03 00:00:00+00:00
[2024-02-03T06:35:11.643+0000] {processor.py:183} INFO - Processing /home/airflow/.local/lib/python3.8/site-packages/airflow/example_dags/example_task_group.py took 0.089 seconds
[2024-02-03T06:35:41.959+0000] {processor.py:161} INFO - Started process (PID=284) to work on /home/airflow/.local/lib/python3.8/site-packages/airflow/example_dags/example_task_group.py
[2024-02-03T06:35:41.960+0000] {processor.py:830} INFO - Processing file /home/airflow/.local/lib/python3.8/site-packages/airflow/example_dags/example_task_group.py for tasks to queue
[2024-02-03T06:35:41.963+0000] {logging_mixin.py:188} INFO - [2024-02-03T06:35:41.962+0000] {dagbag.py:538} INFO - Filling up the DagBag from /home/airflow/.local/lib/python3.8/site-packages/airflow/example_dags/example_task_group.py
[2024-02-03T06:35:41.972+0000] {processor.py:840} INFO - DAG(s) 'example_task_group' retrieved from /home/airflow/.local/lib/python3.8/site-packages/airflow/example_dags/example_task_group.py
[2024-02-03T06:35:41.996+0000] {logging_mixin.py:188} INFO - [2024-02-03T06:35:41.996+0000] {dag.py:3036} INFO - Sync 1 DAGs
[2024-02-03T06:35:42.021+0000] {logging_mixin.py:188} INFO - [2024-02-03T06:35:42.021+0000] {dag.py:3823} INFO - Setting next_dagrun for example_task_group to 2024-02-02 00:00:00+00:00, run_after=2024-02-03 00:00:00+00:00
[2024-02-03T06:35:42.044+0000] {processor.py:183} INFO - Processing /home/airflow/.local/lib/python3.8/site-packages/airflow/example_dags/example_task_group.py took 0.088 seconds
[2024-02-03T06:36:12.407+0000] {processor.py:161} INFO - Started process (PID=339) to work on /home/airflow/.local/lib/python3.8/site-packages/airflow/example_dags/example_task_group.py
[2024-02-03T06:36:12.408+0000] {processor.py:830} INFO - Processing file /home/airflow/.local/lib/python3.8/site-packages/airflow/example_dags/example_task_group.py for tasks to queue
[2024-02-03T06:36:12.410+0000] {logging_mixin.py:188} INFO - [2024-02-03T06:36:12.410+0000] {dagbag.py:538} INFO - Filling up the DagBag from /home/airflow/.local/lib/python3.8/site-packages/airflow/example_dags/example_task_group.py
[2024-02-03T06:36:12.418+0000] {processor.py:840} INFO - DAG(s) 'example_task_group' retrieved from /home/airflow/.local/lib/python3.8/site-packages/airflow/example_dags/example_task_group.py
[2024-02-03T06:36:12.444+0000] {logging_mixin.py:188} INFO - [2024-02-03T06:36:12.444+0000] {dag.py:3036} INFO - Sync 1 DAGs
[2024-02-03T06:36:12.470+0000] {logging_mixin.py:188} INFO - [2024-02-03T06:36:12.470+0000] {dag.py:3823} INFO - Setting next_dagrun for example_task_group to 2024-02-02 00:00:00+00:00, run_after=2024-02-03 00:00:00+00:00
[2024-02-03T06:36:12.494+0000] {processor.py:183} INFO - Processing /home/airflow/.local/lib/python3.8/site-packages/airflow/example_dags/example_task_group.py took 0.090 seconds
