[2024-02-03T05:26:19.721+0000] {processor.py:161} INFO - Started process (PID=69) to work on /home/airflow/.local/lib/python3.8/site-packages/airflow/example_dags/example_branch_python_dop_operator_3.py
[2024-02-03T05:26:19.723+0000] {processor.py:830} INFO - Processing file /home/airflow/.local/lib/python3.8/site-packages/airflow/example_dags/example_branch_python_dop_operator_3.py for tasks to queue
[2024-02-03T05:26:19.725+0000] {logging_mixin.py:188} INFO - [2024-02-03T05:26:19.725+0000] {dagbag.py:538} INFO - Filling up the DagBag from /home/airflow/.local/lib/python3.8/site-packages/airflow/example_dags/example_branch_python_dop_operator_3.py
[2024-02-03T05:26:19.740+0000] {processor.py:840} INFO - DAG(s) 'example_branch_dop_operator_v3' retrieved from /home/airflow/.local/lib/python3.8/site-packages/airflow/example_dags/example_branch_python_dop_operator_3.py
[2024-02-03T05:26:19.922+0000] {logging_mixin.py:188} INFO - [2024-02-03T05:26:19.921+0000] {dag.py:3036} INFO - Sync 1 DAGs
[2024-02-03T05:26:19.962+0000] {logging_mixin.py:188} INFO - [2024-02-03T05:26:19.962+0000] {dag.py:3823} INFO - Setting next_dagrun for example_branch_dop_operator_v3 to 2024-02-03 05:25:00+00:00, run_after=2024-02-03 05:26:00+00:00
[2024-02-03T05:26:19.999+0000] {processor.py:183} INFO - Processing /home/airflow/.local/lib/python3.8/site-packages/airflow/example_dags/example_branch_python_dop_operator_3.py took 0.282 seconds
[2024-02-03T05:26:50.321+0000] {processor.py:161} INFO - Started process (PID=124) to work on /home/airflow/.local/lib/python3.8/site-packages/airflow/example_dags/example_branch_python_dop_operator_3.py
[2024-02-03T05:26:50.322+0000] {processor.py:830} INFO - Processing file /home/airflow/.local/lib/python3.8/site-packages/airflow/example_dags/example_branch_python_dop_operator_3.py for tasks to queue
[2024-02-03T05:26:50.325+0000] {logging_mixin.py:188} INFO - [2024-02-03T05:26:50.324+0000] {dagbag.py:538} INFO - Filling up the DagBag from /home/airflow/.local/lib/python3.8/site-packages/airflow/example_dags/example_branch_python_dop_operator_3.py
[2024-02-03T05:26:50.336+0000] {processor.py:840} INFO - DAG(s) 'example_branch_dop_operator_v3' retrieved from /home/airflow/.local/lib/python3.8/site-packages/airflow/example_dags/example_branch_python_dop_operator_3.py
[2024-02-03T05:26:50.360+0000] {logging_mixin.py:188} INFO - [2024-02-03T05:26:50.360+0000] {dag.py:3036} INFO - Sync 1 DAGs
[2024-02-03T05:26:50.395+0000] {logging_mixin.py:188} INFO - [2024-02-03T05:26:50.395+0000] {dag.py:3823} INFO - Setting next_dagrun for example_branch_dop_operator_v3 to 2024-02-03 05:25:00+00:00, run_after=2024-02-03 05:26:00+00:00
[2024-02-03T05:26:50.422+0000] {processor.py:183} INFO - Processing /home/airflow/.local/lib/python3.8/site-packages/airflow/example_dags/example_branch_python_dop_operator_3.py took 0.104 seconds
[2024-02-03T05:27:20.535+0000] {processor.py:161} INFO - Started process (PID=179) to work on /home/airflow/.local/lib/python3.8/site-packages/airflow/example_dags/example_branch_python_dop_operator_3.py
[2024-02-03T05:27:20.536+0000] {processor.py:830} INFO - Processing file /home/airflow/.local/lib/python3.8/site-packages/airflow/example_dags/example_branch_python_dop_operator_3.py for tasks to queue
[2024-02-03T05:27:20.538+0000] {logging_mixin.py:188} INFO - [2024-02-03T05:27:20.537+0000] {dagbag.py:538} INFO - Filling up the DagBag from /home/airflow/.local/lib/python3.8/site-packages/airflow/example_dags/example_branch_python_dop_operator_3.py
[2024-02-03T05:27:20.547+0000] {processor.py:840} INFO - DAG(s) 'example_branch_dop_operator_v3' retrieved from /home/airflow/.local/lib/python3.8/site-packages/airflow/example_dags/example_branch_python_dop_operator_3.py
[2024-02-03T05:27:20.568+0000] {logging_mixin.py:188} INFO - [2024-02-03T05:27:20.568+0000] {dag.py:3036} INFO - Sync 1 DAGs
[2024-02-03T05:27:20.598+0000] {logging_mixin.py:188} INFO - [2024-02-03T05:27:20.597+0000] {dag.py:3823} INFO - Setting next_dagrun for example_branch_dop_operator_v3 to 2024-02-03 05:26:00+00:00, run_after=2024-02-03 05:27:00+00:00
[2024-02-03T05:27:20.621+0000] {processor.py:183} INFO - Processing /home/airflow/.local/lib/python3.8/site-packages/airflow/example_dags/example_branch_python_dop_operator_3.py took 0.089 seconds
[2024-02-03T05:27:50.849+0000] {processor.py:161} INFO - Started process (PID=234) to work on /home/airflow/.local/lib/python3.8/site-packages/airflow/example_dags/example_branch_python_dop_operator_3.py
[2024-02-03T05:27:50.850+0000] {processor.py:830} INFO - Processing file /home/airflow/.local/lib/python3.8/site-packages/airflow/example_dags/example_branch_python_dop_operator_3.py for tasks to queue
[2024-02-03T05:27:50.852+0000] {logging_mixin.py:188} INFO - [2024-02-03T05:27:50.852+0000] {dagbag.py:538} INFO - Filling up the DagBag from /home/airflow/.local/lib/python3.8/site-packages/airflow/example_dags/example_branch_python_dop_operator_3.py
[2024-02-03T05:27:50.861+0000] {processor.py:840} INFO - DAG(s) 'example_branch_dop_operator_v3' retrieved from /home/airflow/.local/lib/python3.8/site-packages/airflow/example_dags/example_branch_python_dop_operator_3.py
[2024-02-03T05:27:50.885+0000] {logging_mixin.py:188} INFO - [2024-02-03T05:27:50.884+0000] {dag.py:3036} INFO - Sync 1 DAGs
[2024-02-03T05:27:50.916+0000] {logging_mixin.py:188} INFO - [2024-02-03T05:27:50.916+0000] {dag.py:3823} INFO - Setting next_dagrun for example_branch_dop_operator_v3 to 2024-02-03 05:26:00+00:00, run_after=2024-02-03 05:27:00+00:00
[2024-02-03T05:27:50.938+0000] {processor.py:183} INFO - Processing /home/airflow/.local/lib/python3.8/site-packages/airflow/example_dags/example_branch_python_dop_operator_3.py took 0.092 seconds
[2024-02-03T05:28:21.041+0000] {processor.py:161} INFO - Started process (PID=289) to work on /home/airflow/.local/lib/python3.8/site-packages/airflow/example_dags/example_branch_python_dop_operator_3.py
[2024-02-03T05:28:21.043+0000] {processor.py:830} INFO - Processing file /home/airflow/.local/lib/python3.8/site-packages/airflow/example_dags/example_branch_python_dop_operator_3.py for tasks to queue
[2024-02-03T05:28:21.044+0000] {logging_mixin.py:188} INFO - [2024-02-03T05:28:21.044+0000] {dagbag.py:538} INFO - Filling up the DagBag from /home/airflow/.local/lib/python3.8/site-packages/airflow/example_dags/example_branch_python_dop_operator_3.py
[2024-02-03T05:28:21.053+0000] {processor.py:840} INFO - DAG(s) 'example_branch_dop_operator_v3' retrieved from /home/airflow/.local/lib/python3.8/site-packages/airflow/example_dags/example_branch_python_dop_operator_3.py
[2024-02-03T05:28:21.077+0000] {logging_mixin.py:188} INFO - [2024-02-03T05:28:21.077+0000] {dag.py:3036} INFO - Sync 1 DAGs
[2024-02-03T05:28:21.108+0000] {logging_mixin.py:188} INFO - [2024-02-03T05:28:21.108+0000] {dag.py:3823} INFO - Setting next_dagrun for example_branch_dop_operator_v3 to 2024-02-03 05:27:00+00:00, run_after=2024-02-03 05:28:00+00:00
[2024-02-03T05:28:21.133+0000] {processor.py:183} INFO - Processing /home/airflow/.local/lib/python3.8/site-packages/airflow/example_dags/example_branch_python_dop_operator_3.py took 0.095 seconds
[2024-02-03T05:28:51.369+0000] {processor.py:161} INFO - Started process (PID=344) to work on /home/airflow/.local/lib/python3.8/site-packages/airflow/example_dags/example_branch_python_dop_operator_3.py
[2024-02-03T05:28:51.370+0000] {processor.py:830} INFO - Processing file /home/airflow/.local/lib/python3.8/site-packages/airflow/example_dags/example_branch_python_dop_operator_3.py for tasks to queue
[2024-02-03T05:28:51.372+0000] {logging_mixin.py:188} INFO - [2024-02-03T05:28:51.372+0000] {dagbag.py:538} INFO - Filling up the DagBag from /home/airflow/.local/lib/python3.8/site-packages/airflow/example_dags/example_branch_python_dop_operator_3.py
[2024-02-03T05:28:51.383+0000] {processor.py:840} INFO - DAG(s) 'example_branch_dop_operator_v3' retrieved from /home/airflow/.local/lib/python3.8/site-packages/airflow/example_dags/example_branch_python_dop_operator_3.py
[2024-02-03T05:28:51.410+0000] {logging_mixin.py:188} INFO - [2024-02-03T05:28:51.409+0000] {dag.py:3036} INFO - Sync 1 DAGs
[2024-02-03T05:28:51.445+0000] {logging_mixin.py:188} INFO - [2024-02-03T05:28:51.445+0000] {dag.py:3823} INFO - Setting next_dagrun for example_branch_dop_operator_v3 to 2024-02-03 05:27:00+00:00, run_after=2024-02-03 05:28:00+00:00
[2024-02-03T05:28:51.474+0000] {processor.py:183} INFO - Processing /home/airflow/.local/lib/python3.8/site-packages/airflow/example_dags/example_branch_python_dop_operator_3.py took 0.107 seconds
[2024-02-03T05:29:21.648+0000] {processor.py:161} INFO - Started process (PID=399) to work on /home/airflow/.local/lib/python3.8/site-packages/airflow/example_dags/example_branch_python_dop_operator_3.py
[2024-02-03T05:29:21.649+0000] {processor.py:830} INFO - Processing file /home/airflow/.local/lib/python3.8/site-packages/airflow/example_dags/example_branch_python_dop_operator_3.py for tasks to queue
[2024-02-03T05:29:21.650+0000] {logging_mixin.py:188} INFO - [2024-02-03T05:29:21.650+0000] {dagbag.py:538} INFO - Filling up the DagBag from /home/airflow/.local/lib/python3.8/site-packages/airflow/example_dags/example_branch_python_dop_operator_3.py
[2024-02-03T05:29:21.659+0000] {processor.py:840} INFO - DAG(s) 'example_branch_dop_operator_v3' retrieved from /home/airflow/.local/lib/python3.8/site-packages/airflow/example_dags/example_branch_python_dop_operator_3.py
[2024-02-03T05:29:21.683+0000] {logging_mixin.py:188} INFO - [2024-02-03T05:29:21.682+0000] {dag.py:3036} INFO - Sync 1 DAGs
[2024-02-03T05:29:21.716+0000] {logging_mixin.py:188} INFO - [2024-02-03T05:29:21.715+0000] {dag.py:3823} INFO - Setting next_dagrun for example_branch_dop_operator_v3 to 2024-02-03 05:28:00+00:00, run_after=2024-02-03 05:29:00+00:00
[2024-02-03T05:29:21.740+0000] {processor.py:183} INFO - Processing /home/airflow/.local/lib/python3.8/site-packages/airflow/example_dags/example_branch_python_dop_operator_3.py took 0.095 seconds
[2024-02-03T05:29:51.953+0000] {processor.py:161} INFO - Started process (PID=454) to work on /home/airflow/.local/lib/python3.8/site-packages/airflow/example_dags/example_branch_python_dop_operator_3.py
[2024-02-03T05:29:51.954+0000] {processor.py:830} INFO - Processing file /home/airflow/.local/lib/python3.8/site-packages/airflow/example_dags/example_branch_python_dop_operator_3.py for tasks to queue
[2024-02-03T05:29:51.956+0000] {logging_mixin.py:188} INFO - [2024-02-03T05:29:51.955+0000] {dagbag.py:538} INFO - Filling up the DagBag from /home/airflow/.local/lib/python3.8/site-packages/airflow/example_dags/example_branch_python_dop_operator_3.py
[2024-02-03T05:29:51.965+0000] {processor.py:840} INFO - DAG(s) 'example_branch_dop_operator_v3' retrieved from /home/airflow/.local/lib/python3.8/site-packages/airflow/example_dags/example_branch_python_dop_operator_3.py
[2024-02-03T05:29:51.990+0000] {logging_mixin.py:188} INFO - [2024-02-03T05:29:51.990+0000] {dag.py:3036} INFO - Sync 1 DAGs
[2024-02-03T05:29:52.024+0000] {logging_mixin.py:188} INFO - [2024-02-03T05:29:52.023+0000] {dag.py:3823} INFO - Setting next_dagrun for example_branch_dop_operator_v3 to 2024-02-03 05:28:00+00:00, run_after=2024-02-03 05:29:00+00:00
[2024-02-03T05:29:52.050+0000] {processor.py:183} INFO - Processing /home/airflow/.local/lib/python3.8/site-packages/airflow/example_dags/example_branch_python_dop_operator_3.py took 0.100 seconds
[2024-02-03T05:30:22.165+0000] {processor.py:161} INFO - Started process (PID=509) to work on /home/airflow/.local/lib/python3.8/site-packages/airflow/example_dags/example_branch_python_dop_operator_3.py
[2024-02-03T05:30:22.166+0000] {processor.py:830} INFO - Processing file /home/airflow/.local/lib/python3.8/site-packages/airflow/example_dags/example_branch_python_dop_operator_3.py for tasks to queue
[2024-02-03T05:30:22.168+0000] {logging_mixin.py:188} INFO - [2024-02-03T05:30:22.168+0000] {dagbag.py:538} INFO - Filling up the DagBag from /home/airflow/.local/lib/python3.8/site-packages/airflow/example_dags/example_branch_python_dop_operator_3.py
[2024-02-03T05:30:22.177+0000] {processor.py:840} INFO - DAG(s) 'example_branch_dop_operator_v3' retrieved from /home/airflow/.local/lib/python3.8/site-packages/airflow/example_dags/example_branch_python_dop_operator_3.py
[2024-02-03T05:30:22.199+0000] {logging_mixin.py:188} INFO - [2024-02-03T05:30:22.198+0000] {dag.py:3036} INFO - Sync 1 DAGs
[2024-02-03T05:30:22.228+0000] {logging_mixin.py:188} INFO - [2024-02-03T05:30:22.228+0000] {dag.py:3823} INFO - Setting next_dagrun for example_branch_dop_operator_v3 to 2024-02-03 05:29:00+00:00, run_after=2024-02-03 05:30:00+00:00
[2024-02-03T05:30:22.249+0000] {processor.py:183} INFO - Processing /home/airflow/.local/lib/python3.8/site-packages/airflow/example_dags/example_branch_python_dop_operator_3.py took 0.087 seconds
[2024-02-03T05:30:53.105+0000] {processor.py:161} INFO - Started process (PID=564) to work on /home/airflow/.local/lib/python3.8/site-packages/airflow/example_dags/example_branch_python_dop_operator_3.py
[2024-02-03T05:30:53.106+0000] {processor.py:830} INFO - Processing file /home/airflow/.local/lib/python3.8/site-packages/airflow/example_dags/example_branch_python_dop_operator_3.py for tasks to queue
[2024-02-03T05:30:53.108+0000] {logging_mixin.py:188} INFO - [2024-02-03T05:30:53.108+0000] {dagbag.py:538} INFO - Filling up the DagBag from /home/airflow/.local/lib/python3.8/site-packages/airflow/example_dags/example_branch_python_dop_operator_3.py
[2024-02-03T05:30:53.118+0000] {processor.py:840} INFO - DAG(s) 'example_branch_dop_operator_v3' retrieved from /home/airflow/.local/lib/python3.8/site-packages/airflow/example_dags/example_branch_python_dop_operator_3.py
[2024-02-03T05:30:53.141+0000] {logging_mixin.py:188} INFO - [2024-02-03T05:30:53.141+0000] {dag.py:3036} INFO - Sync 1 DAGs
[2024-02-03T05:30:53.179+0000] {logging_mixin.py:188} INFO - [2024-02-03T05:30:53.178+0000] {dag.py:3823} INFO - Setting next_dagrun for example_branch_dop_operator_v3 to 2024-02-03 05:29:00+00:00, run_after=2024-02-03 05:30:00+00:00
[2024-02-03T05:30:53.202+0000] {processor.py:183} INFO - Processing /home/airflow/.local/lib/python3.8/site-packages/airflow/example_dags/example_branch_python_dop_operator_3.py took 0.100 seconds
[2024-02-03T05:31:24.024+0000] {processor.py:161} INFO - Started process (PID=619) to work on /home/airflow/.local/lib/python3.8/site-packages/airflow/example_dags/example_branch_python_dop_operator_3.py
[2024-02-03T05:31:24.026+0000] {processor.py:830} INFO - Processing file /home/airflow/.local/lib/python3.8/site-packages/airflow/example_dags/example_branch_python_dop_operator_3.py for tasks to queue
[2024-02-03T05:31:24.029+0000] {logging_mixin.py:188} INFO - [2024-02-03T05:31:24.029+0000] {dagbag.py:538} INFO - Filling up the DagBag from /home/airflow/.local/lib/python3.8/site-packages/airflow/example_dags/example_branch_python_dop_operator_3.py
[2024-02-03T05:31:24.038+0000] {processor.py:840} INFO - DAG(s) 'example_branch_dop_operator_v3' retrieved from /home/airflow/.local/lib/python3.8/site-packages/airflow/example_dags/example_branch_python_dop_operator_3.py
[2024-02-03T05:31:24.062+0000] {logging_mixin.py:188} INFO - [2024-02-03T05:31:24.061+0000] {dag.py:3036} INFO - Sync 1 DAGs
[2024-02-03T05:31:24.094+0000] {logging_mixin.py:188} INFO - [2024-02-03T05:31:24.094+0000] {dag.py:3823} INFO - Setting next_dagrun for example_branch_dop_operator_v3 to 2024-02-03 05:30:00+00:00, run_after=2024-02-03 05:31:00+00:00
[2024-02-03T05:31:24.117+0000] {processor.py:183} INFO - Processing /home/airflow/.local/lib/python3.8/site-packages/airflow/example_dags/example_branch_python_dop_operator_3.py took 0.096 seconds
[2024-02-03T05:31:54.215+0000] {processor.py:161} INFO - Started process (PID=690) to work on /home/airflow/.local/lib/python3.8/site-packages/airflow/example_dags/example_branch_python_dop_operator_3.py
[2024-02-03T05:31:54.216+0000] {processor.py:830} INFO - Processing file /home/airflow/.local/lib/python3.8/site-packages/airflow/example_dags/example_branch_python_dop_operator_3.py for tasks to queue
[2024-02-03T05:31:54.218+0000] {logging_mixin.py:188} INFO - [2024-02-03T05:31:54.218+0000] {dagbag.py:538} INFO - Filling up the DagBag from /home/airflow/.local/lib/python3.8/site-packages/airflow/example_dags/example_branch_python_dop_operator_3.py
[2024-02-03T05:31:54.227+0000] {processor.py:840} INFO - DAG(s) 'example_branch_dop_operator_v3' retrieved from /home/airflow/.local/lib/python3.8/site-packages/airflow/example_dags/example_branch_python_dop_operator_3.py
[2024-02-03T05:31:54.251+0000] {logging_mixin.py:188} INFO - [2024-02-03T05:31:54.251+0000] {dag.py:3036} INFO - Sync 1 DAGs
[2024-02-03T05:31:54.284+0000] {logging_mixin.py:188} INFO - [2024-02-03T05:31:54.283+0000] {dag.py:3823} INFO - Setting next_dagrun for example_branch_dop_operator_v3 to 2024-02-03 05:30:00+00:00, run_after=2024-02-03 05:31:00+00:00
[2024-02-03T05:31:54.308+0000] {processor.py:183} INFO - Processing /home/airflow/.local/lib/python3.8/site-packages/airflow/example_dags/example_branch_python_dop_operator_3.py took 0.096 seconds
[2024-02-03T05:32:24.486+0000] {processor.py:161} INFO - Started process (PID=745) to work on /home/airflow/.local/lib/python3.8/site-packages/airflow/example_dags/example_branch_python_dop_operator_3.py
[2024-02-03T05:32:24.488+0000] {processor.py:830} INFO - Processing file /home/airflow/.local/lib/python3.8/site-packages/airflow/example_dags/example_branch_python_dop_operator_3.py for tasks to queue
[2024-02-03T05:32:24.489+0000] {logging_mixin.py:188} INFO - [2024-02-03T05:32:24.489+0000] {dagbag.py:538} INFO - Filling up the DagBag from /home/airflow/.local/lib/python3.8/site-packages/airflow/example_dags/example_branch_python_dop_operator_3.py
[2024-02-03T05:32:24.499+0000] {processor.py:840} INFO - DAG(s) 'example_branch_dop_operator_v3' retrieved from /home/airflow/.local/lib/python3.8/site-packages/airflow/example_dags/example_branch_python_dop_operator_3.py
[2024-02-03T05:32:24.524+0000] {logging_mixin.py:188} INFO - [2024-02-03T05:32:24.523+0000] {dag.py:3036} INFO - Sync 1 DAGs
[2024-02-03T05:32:24.558+0000] {logging_mixin.py:188} INFO - [2024-02-03T05:32:24.558+0000] {dag.py:3823} INFO - Setting next_dagrun for example_branch_dop_operator_v3 to 2024-02-03 05:31:00+00:00, run_after=2024-02-03 05:32:00+00:00
[2024-02-03T05:32:24.580+0000] {processor.py:183} INFO - Processing /home/airflow/.local/lib/python3.8/site-packages/airflow/example_dags/example_branch_python_dop_operator_3.py took 0.096 seconds
[2024-02-03T05:32:55.477+0000] {processor.py:161} INFO - Started process (PID=806) to work on /home/airflow/.local/lib/python3.8/site-packages/airflow/example_dags/example_branch_python_dop_operator_3.py
[2024-02-03T05:32:55.479+0000] {processor.py:830} INFO - Processing file /home/airflow/.local/lib/python3.8/site-packages/airflow/example_dags/example_branch_python_dop_operator_3.py for tasks to queue
[2024-02-03T05:32:55.481+0000] {logging_mixin.py:188} INFO - [2024-02-03T05:32:55.480+0000] {dagbag.py:538} INFO - Filling up the DagBag from /home/airflow/.local/lib/python3.8/site-packages/airflow/example_dags/example_branch_python_dop_operator_3.py
[2024-02-03T05:32:55.492+0000] {processor.py:840} INFO - DAG(s) 'example_branch_dop_operator_v3' retrieved from /home/airflow/.local/lib/python3.8/site-packages/airflow/example_dags/example_branch_python_dop_operator_3.py
[2024-02-03T05:32:55.518+0000] {logging_mixin.py:188} INFO - [2024-02-03T05:32:55.518+0000] {dag.py:3036} INFO - Sync 1 DAGs
[2024-02-03T05:32:55.549+0000] {logging_mixin.py:188} INFO - [2024-02-03T05:32:55.548+0000] {dag.py:3823} INFO - Setting next_dagrun for example_branch_dop_operator_v3 to 2024-02-03 05:31:00+00:00, run_after=2024-02-03 05:32:00+00:00
[2024-02-03T05:32:55.569+0000] {processor.py:183} INFO - Processing /home/airflow/.local/lib/python3.8/site-packages/airflow/example_dags/example_branch_python_dop_operator_3.py took 0.096 seconds
[2024-02-03T06:00:01.751+0000] {processor.py:161} INFO - Started process (PID=69) to work on /home/airflow/.local/lib/python3.8/site-packages/airflow/example_dags/example_branch_python_dop_operator_3.py
[2024-02-03T06:00:01.752+0000] {processor.py:830} INFO - Processing file /home/airflow/.local/lib/python3.8/site-packages/airflow/example_dags/example_branch_python_dop_operator_3.py for tasks to queue
[2024-02-03T06:00:01.753+0000] {logging_mixin.py:188} INFO - [2024-02-03T06:00:01.753+0000] {dagbag.py:538} INFO - Filling up the DagBag from /home/airflow/.local/lib/python3.8/site-packages/airflow/example_dags/example_branch_python_dop_operator_3.py
[2024-02-03T06:00:01.763+0000] {processor.py:840} INFO - DAG(s) 'example_branch_dop_operator_v3' retrieved from /home/airflow/.local/lib/python3.8/site-packages/airflow/example_dags/example_branch_python_dop_operator_3.py
[2024-02-03T06:00:01.789+0000] {logging_mixin.py:188} INFO - [2024-02-03T06:00:01.788+0000] {dag.py:3036} INFO - Sync 1 DAGs
[2024-02-03T06:00:01.828+0000] {logging_mixin.py:188} INFO - [2024-02-03T06:00:01.828+0000] {dag.py:3823} INFO - Setting next_dagrun for example_branch_dop_operator_v3 to 2024-02-03 05:59:00+00:00, run_after=2024-02-03 06:00:00+00:00
[2024-02-03T06:00:01.854+0000] {processor.py:183} INFO - Processing /home/airflow/.local/lib/python3.8/site-packages/airflow/example_dags/example_branch_python_dop_operator_3.py took 0.106 seconds
[2024-02-03T06:00:32.134+0000] {processor.py:161} INFO - Started process (PID=124) to work on /home/airflow/.local/lib/python3.8/site-packages/airflow/example_dags/example_branch_python_dop_operator_3.py
[2024-02-03T06:00:32.135+0000] {processor.py:830} INFO - Processing file /home/airflow/.local/lib/python3.8/site-packages/airflow/example_dags/example_branch_python_dop_operator_3.py for tasks to queue
[2024-02-03T06:00:32.137+0000] {logging_mixin.py:188} INFO - [2024-02-03T06:00:32.136+0000] {dagbag.py:538} INFO - Filling up the DagBag from /home/airflow/.local/lib/python3.8/site-packages/airflow/example_dags/example_branch_python_dop_operator_3.py
[2024-02-03T06:00:32.147+0000] {processor.py:840} INFO - DAG(s) 'example_branch_dop_operator_v3' retrieved from /home/airflow/.local/lib/python3.8/site-packages/airflow/example_dags/example_branch_python_dop_operator_3.py
[2024-02-03T06:00:32.171+0000] {logging_mixin.py:188} INFO - [2024-02-03T06:00:32.171+0000] {dag.py:3036} INFO - Sync 1 DAGs
[2024-02-03T06:00:32.209+0000] {logging_mixin.py:188} INFO - [2024-02-03T06:00:32.209+0000] {dag.py:3823} INFO - Setting next_dagrun for example_branch_dop_operator_v3 to 2024-02-03 05:59:00+00:00, run_after=2024-02-03 06:00:00+00:00
[2024-02-03T06:00:32.236+0000] {processor.py:183} INFO - Processing /home/airflow/.local/lib/python3.8/site-packages/airflow/example_dags/example_branch_python_dop_operator_3.py took 0.106 seconds
[2024-02-03T06:01:02.668+0000] {processor.py:161} INFO - Started process (PID=179) to work on /home/airflow/.local/lib/python3.8/site-packages/airflow/example_dags/example_branch_python_dop_operator_3.py
[2024-02-03T06:01:02.669+0000] {processor.py:830} INFO - Processing file /home/airflow/.local/lib/python3.8/site-packages/airflow/example_dags/example_branch_python_dop_operator_3.py for tasks to queue
[2024-02-03T06:01:02.671+0000] {logging_mixin.py:188} INFO - [2024-02-03T06:01:02.671+0000] {dagbag.py:538} INFO - Filling up the DagBag from /home/airflow/.local/lib/python3.8/site-packages/airflow/example_dags/example_branch_python_dop_operator_3.py
[2024-02-03T06:01:02.682+0000] {processor.py:840} INFO - DAG(s) 'example_branch_dop_operator_v3' retrieved from /home/airflow/.local/lib/python3.8/site-packages/airflow/example_dags/example_branch_python_dop_operator_3.py
[2024-02-03T06:01:02.707+0000] {logging_mixin.py:188} INFO - [2024-02-03T06:01:02.706+0000] {dag.py:3036} INFO - Sync 1 DAGs
[2024-02-03T06:01:02.739+0000] {logging_mixin.py:188} INFO - [2024-02-03T06:01:02.739+0000] {dag.py:3823} INFO - Setting next_dagrun for example_branch_dop_operator_v3 to 2024-02-03 06:00:00+00:00, run_after=2024-02-03 06:01:00+00:00
[2024-02-03T06:01:02.765+0000] {processor.py:183} INFO - Processing /home/airflow/.local/lib/python3.8/site-packages/airflow/example_dags/example_branch_python_dop_operator_3.py took 0.101 seconds
[2024-02-03T06:33:38.940+0000] {processor.py:161} INFO - Started process (PID=69) to work on /home/airflow/.local/lib/python3.8/site-packages/airflow/example_dags/example_branch_python_dop_operator_3.py
[2024-02-03T06:33:38.942+0000] {processor.py:830} INFO - Processing file /home/airflow/.local/lib/python3.8/site-packages/airflow/example_dags/example_branch_python_dop_operator_3.py for tasks to queue
[2024-02-03T06:33:38.946+0000] {logging_mixin.py:188} INFO - [2024-02-03T06:33:38.945+0000] {dagbag.py:538} INFO - Filling up the DagBag from /home/airflow/.local/lib/python3.8/site-packages/airflow/example_dags/example_branch_python_dop_operator_3.py
[2024-02-03T06:33:38.971+0000] {processor.py:840} INFO - DAG(s) 'example_branch_dop_operator_v3' retrieved from /home/airflow/.local/lib/python3.8/site-packages/airflow/example_dags/example_branch_python_dop_operator_3.py
[2024-02-03T06:33:39.010+0000] {logging_mixin.py:188} INFO - [2024-02-03T06:33:39.009+0000] {dag.py:3036} INFO - Sync 1 DAGs
[2024-02-03T06:33:39.100+0000] {logging_mixin.py:188} INFO - [2024-02-03T06:33:39.099+0000] {dag.py:3823} INFO - Setting next_dagrun for example_branch_dop_operator_v3 to 2024-02-03 06:32:00+00:00, run_after=2024-02-03 06:33:00+00:00
[2024-02-03T06:33:39.181+0000] {processor.py:183} INFO - Processing /home/airflow/.local/lib/python3.8/site-packages/airflow/example_dags/example_branch_python_dop_operator_3.py took 0.245 seconds
[2024-02-03T06:34:10.642+0000] {processor.py:161} INFO - Started process (PID=124) to work on /home/airflow/.local/lib/python3.8/site-packages/airflow/example_dags/example_branch_python_dop_operator_3.py
[2024-02-03T06:34:10.643+0000] {processor.py:830} INFO - Processing file /home/airflow/.local/lib/python3.8/site-packages/airflow/example_dags/example_branch_python_dop_operator_3.py for tasks to queue
[2024-02-03T06:34:10.645+0000] {logging_mixin.py:188} INFO - [2024-02-03T06:34:10.644+0000] {dagbag.py:538} INFO - Filling up the DagBag from /home/airflow/.local/lib/python3.8/site-packages/airflow/example_dags/example_branch_python_dop_operator_3.py
[2024-02-03T06:34:10.655+0000] {processor.py:840} INFO - DAG(s) 'example_branch_dop_operator_v3' retrieved from /home/airflow/.local/lib/python3.8/site-packages/airflow/example_dags/example_branch_python_dop_operator_3.py
[2024-02-03T06:34:10.770+0000] {logging_mixin.py:188} INFO - [2024-02-03T06:34:10.770+0000] {dag.py:3036} INFO - Sync 1 DAGs
[2024-02-03T06:34:10.804+0000] {logging_mixin.py:188} INFO - [2024-02-03T06:34:10.804+0000] {dag.py:3823} INFO - Setting next_dagrun for example_branch_dop_operator_v3 to 2024-02-03 06:33:00+00:00, run_after=2024-02-03 06:34:00+00:00
[2024-02-03T06:34:10.841+0000] {processor.py:183} INFO - Processing /home/airflow/.local/lib/python3.8/site-packages/airflow/example_dags/example_branch_python_dop_operator_3.py took 0.202 seconds
[2024-02-03T06:34:41.596+0000] {processor.py:161} INFO - Started process (PID=179) to work on /home/airflow/.local/lib/python3.8/site-packages/airflow/example_dags/example_branch_python_dop_operator_3.py
[2024-02-03T06:34:41.598+0000] {processor.py:830} INFO - Processing file /home/airflow/.local/lib/python3.8/site-packages/airflow/example_dags/example_branch_python_dop_operator_3.py for tasks to queue
[2024-02-03T06:34:41.599+0000] {logging_mixin.py:188} INFO - [2024-02-03T06:34:41.599+0000] {dagbag.py:538} INFO - Filling up the DagBag from /home/airflow/.local/lib/python3.8/site-packages/airflow/example_dags/example_branch_python_dop_operator_3.py
[2024-02-03T06:34:41.609+0000] {processor.py:840} INFO - DAG(s) 'example_branch_dop_operator_v3' retrieved from /home/airflow/.local/lib/python3.8/site-packages/airflow/example_dags/example_branch_python_dop_operator_3.py
[2024-02-03T06:34:41.632+0000] {logging_mixin.py:188} INFO - [2024-02-03T06:34:41.631+0000] {dag.py:3036} INFO - Sync 1 DAGs
[2024-02-03T06:34:41.665+0000] {logging_mixin.py:188} INFO - [2024-02-03T06:34:41.664+0000] {dag.py:3823} INFO - Setting next_dagrun for example_branch_dop_operator_v3 to 2024-02-03 06:33:00+00:00, run_after=2024-02-03 06:34:00+00:00
[2024-02-03T06:34:41.688+0000] {processor.py:183} INFO - Processing /home/airflow/.local/lib/python3.8/site-packages/airflow/example_dags/example_branch_python_dop_operator_3.py took 0.095 seconds
[2024-02-03T06:35:12.015+0000] {processor.py:161} INFO - Started process (PID=234) to work on /home/airflow/.local/lib/python3.8/site-packages/airflow/example_dags/example_branch_python_dop_operator_3.py
[2024-02-03T06:35:12.016+0000] {processor.py:830} INFO - Processing file /home/airflow/.local/lib/python3.8/site-packages/airflow/example_dags/example_branch_python_dop_operator_3.py for tasks to queue
[2024-02-03T06:35:12.018+0000] {logging_mixin.py:188} INFO - [2024-02-03T06:35:12.018+0000] {dagbag.py:538} INFO - Filling up the DagBag from /home/airflow/.local/lib/python3.8/site-packages/airflow/example_dags/example_branch_python_dop_operator_3.py
[2024-02-03T06:35:12.027+0000] {processor.py:840} INFO - DAG(s) 'example_branch_dop_operator_v3' retrieved from /home/airflow/.local/lib/python3.8/site-packages/airflow/example_dags/example_branch_python_dop_operator_3.py
[2024-02-03T06:35:12.049+0000] {logging_mixin.py:188} INFO - [2024-02-03T06:35:12.049+0000] {dag.py:3036} INFO - Sync 1 DAGs
[2024-02-03T06:35:12.081+0000] {logging_mixin.py:188} INFO - [2024-02-03T06:35:12.080+0000] {dag.py:3823} INFO - Setting next_dagrun for example_branch_dop_operator_v3 to 2024-02-03 06:34:00+00:00, run_after=2024-02-03 06:35:00+00:00
[2024-02-03T06:35:12.110+0000] {processor.py:183} INFO - Processing /home/airflow/.local/lib/python3.8/site-packages/airflow/example_dags/example_branch_python_dop_operator_3.py took 0.098 seconds
[2024-02-03T06:35:42.443+0000] {processor.py:161} INFO - Started process (PID=289) to work on /home/airflow/.local/lib/python3.8/site-packages/airflow/example_dags/example_branch_python_dop_operator_3.py
[2024-02-03T06:35:42.444+0000] {processor.py:830} INFO - Processing file /home/airflow/.local/lib/python3.8/site-packages/airflow/example_dags/example_branch_python_dop_operator_3.py for tasks to queue
[2024-02-03T06:35:42.446+0000] {logging_mixin.py:188} INFO - [2024-02-03T06:35:42.446+0000] {dagbag.py:538} INFO - Filling up the DagBag from /home/airflow/.local/lib/python3.8/site-packages/airflow/example_dags/example_branch_python_dop_operator_3.py
[2024-02-03T06:35:42.455+0000] {processor.py:840} INFO - DAG(s) 'example_branch_dop_operator_v3' retrieved from /home/airflow/.local/lib/python3.8/site-packages/airflow/example_dags/example_branch_python_dop_operator_3.py
[2024-02-03T06:35:42.477+0000] {logging_mixin.py:188} INFO - [2024-02-03T06:35:42.477+0000] {dag.py:3036} INFO - Sync 1 DAGs
[2024-02-03T06:35:42.510+0000] {logging_mixin.py:188} INFO - [2024-02-03T06:35:42.510+0000] {dag.py:3823} INFO - Setting next_dagrun for example_branch_dop_operator_v3 to 2024-02-03 06:34:00+00:00, run_after=2024-02-03 06:35:00+00:00
[2024-02-03T06:35:42.538+0000] {processor.py:183} INFO - Processing /home/airflow/.local/lib/python3.8/site-packages/airflow/example_dags/example_branch_python_dop_operator_3.py took 0.098 seconds
[2024-02-03T06:36:12.864+0000] {processor.py:161} INFO - Started process (PID=344) to work on /home/airflow/.local/lib/python3.8/site-packages/airflow/example_dags/example_branch_python_dop_operator_3.py
[2024-02-03T06:36:12.865+0000] {processor.py:830} INFO - Processing file /home/airflow/.local/lib/python3.8/site-packages/airflow/example_dags/example_branch_python_dop_operator_3.py for tasks to queue
[2024-02-03T06:36:12.867+0000] {logging_mixin.py:188} INFO - [2024-02-03T06:36:12.867+0000] {dagbag.py:538} INFO - Filling up the DagBag from /home/airflow/.local/lib/python3.8/site-packages/airflow/example_dags/example_branch_python_dop_operator_3.py
[2024-02-03T06:36:12.877+0000] {processor.py:840} INFO - DAG(s) 'example_branch_dop_operator_v3' retrieved from /home/airflow/.local/lib/python3.8/site-packages/airflow/example_dags/example_branch_python_dop_operator_3.py
[2024-02-03T06:36:12.900+0000] {logging_mixin.py:188} INFO - [2024-02-03T06:36:12.899+0000] {dag.py:3036} INFO - Sync 1 DAGs
[2024-02-03T06:36:12.933+0000] {logging_mixin.py:188} INFO - [2024-02-03T06:36:12.933+0000] {dag.py:3823} INFO - Setting next_dagrun for example_branch_dop_operator_v3 to 2024-02-03 06:35:00+00:00, run_after=2024-02-03 06:36:00+00:00
[2024-02-03T06:36:12.959+0000] {processor.py:183} INFO - Processing /home/airflow/.local/lib/python3.8/site-packages/airflow/example_dags/example_branch_python_dop_operator_3.py took 0.098 seconds
