[2024-02-03T05:26:13.503+0000] {processor.py:161} INFO - Started process (PID=42) to work on /home/airflow/.local/lib/python3.8/site-packages/airflow/example_dags/example_external_task_marker_dag.py
[2024-02-03T05:26:13.506+0000] {processor.py:830} INFO - Processing file /home/airflow/.local/lib/python3.8/site-packages/airflow/example_dags/example_external_task_marker_dag.py for tasks to queue
[2024-02-03T05:26:13.510+0000] {logging_mixin.py:188} INFO - [2024-02-03T05:26:13.510+0000] {dagbag.py:538} INFO - Filling up the DagBag from /home/airflow/.local/lib/python3.8/site-packages/airflow/example_dags/example_external_task_marker_dag.py
[2024-02-03T05:26:13.532+0000] {processor.py:840} INFO - DAG(s) 'example_external_task_marker_child', 'example_external_task_marker_parent' retrieved from /home/airflow/.local/lib/python3.8/site-packages/airflow/example_dags/example_external_task_marker_dag.py
[2024-02-03T05:26:14.028+0000] {logging_mixin.py:188} INFO - [2024-02-03T05:26:14.027+0000] {dag.py:3036} INFO - Sync 2 DAGs
[2024-02-03T05:26:14.042+0000] {logging_mixin.py:188} INFO - [2024-02-03T05:26:14.042+0000] {dag.py:3823} INFO - Setting next_dagrun for example_external_task_marker_child to None, run_after=None
[2024-02-03T05:26:14.046+0000] {logging_mixin.py:188} INFO - [2024-02-03T05:26:14.046+0000] {dag.py:3823} INFO - Setting next_dagrun for example_external_task_marker_parent to None, run_after=None
[2024-02-03T05:26:14.083+0000] {processor.py:183} INFO - Processing /home/airflow/.local/lib/python3.8/site-packages/airflow/example_dags/example_external_task_marker_dag.py took 0.583 seconds
[2024-02-03T05:26:44.597+0000] {processor.py:161} INFO - Started process (PID=97) to work on /home/airflow/.local/lib/python3.8/site-packages/airflow/example_dags/example_external_task_marker_dag.py
[2024-02-03T05:26:44.598+0000] {processor.py:830} INFO - Processing file /home/airflow/.local/lib/python3.8/site-packages/airflow/example_dags/example_external_task_marker_dag.py for tasks to queue
[2024-02-03T05:26:44.600+0000] {logging_mixin.py:188} INFO - [2024-02-03T05:26:44.599+0000] {dagbag.py:538} INFO - Filling up the DagBag from /home/airflow/.local/lib/python3.8/site-packages/airflow/example_dags/example_external_task_marker_dag.py
[2024-02-03T05:26:44.605+0000] {processor.py:840} INFO - DAG(s) 'example_external_task_marker_parent', 'example_external_task_marker_child' retrieved from /home/airflow/.local/lib/python3.8/site-packages/airflow/example_dags/example_external_task_marker_dag.py
[2024-02-03T05:26:44.634+0000] {logging_mixin.py:188} INFO - [2024-02-03T05:26:44.633+0000] {dag.py:3036} INFO - Sync 2 DAGs
[2024-02-03T05:26:44.647+0000] {logging_mixin.py:188} INFO - [2024-02-03T05:26:44.647+0000] {dag.py:3823} INFO - Setting next_dagrun for example_external_task_marker_child to None, run_after=None
[2024-02-03T05:26:44.652+0000] {logging_mixin.py:188} INFO - [2024-02-03T05:26:44.651+0000] {dag.py:3823} INFO - Setting next_dagrun for example_external_task_marker_parent to None, run_after=None
[2024-02-03T05:26:44.673+0000] {processor.py:183} INFO - Processing /home/airflow/.local/lib/python3.8/site-packages/airflow/example_dags/example_external_task_marker_dag.py took 0.079 seconds
[2024-02-03T05:27:14.856+0000] {processor.py:161} INFO - Started process (PID=152) to work on /home/airflow/.local/lib/python3.8/site-packages/airflow/example_dags/example_external_task_marker_dag.py
[2024-02-03T05:27:14.857+0000] {processor.py:830} INFO - Processing file /home/airflow/.local/lib/python3.8/site-packages/airflow/example_dags/example_external_task_marker_dag.py for tasks to queue
[2024-02-03T05:27:14.859+0000] {logging_mixin.py:188} INFO - [2024-02-03T05:27:14.859+0000] {dagbag.py:538} INFO - Filling up the DagBag from /home/airflow/.local/lib/python3.8/site-packages/airflow/example_dags/example_external_task_marker_dag.py
[2024-02-03T05:27:14.865+0000] {processor.py:840} INFO - DAG(s) 'example_external_task_marker_parent', 'example_external_task_marker_child' retrieved from /home/airflow/.local/lib/python3.8/site-packages/airflow/example_dags/example_external_task_marker_dag.py
[2024-02-03T05:27:14.894+0000] {logging_mixin.py:188} INFO - [2024-02-03T05:27:14.893+0000] {dag.py:3036} INFO - Sync 2 DAGs
[2024-02-03T05:27:14.909+0000] {logging_mixin.py:188} INFO - [2024-02-03T05:27:14.909+0000] {dag.py:3823} INFO - Setting next_dagrun for example_external_task_marker_child to None, run_after=None
[2024-02-03T05:27:14.913+0000] {logging_mixin.py:188} INFO - [2024-02-03T05:27:14.913+0000] {dag.py:3823} INFO - Setting next_dagrun for example_external_task_marker_parent to None, run_after=None
[2024-02-03T05:27:14.935+0000] {processor.py:183} INFO - Processing /home/airflow/.local/lib/python3.8/site-packages/airflow/example_dags/example_external_task_marker_dag.py took 0.083 seconds
[2024-02-03T05:27:45.034+0000] {processor.py:161} INFO - Started process (PID=207) to work on /home/airflow/.local/lib/python3.8/site-packages/airflow/example_dags/example_external_task_marker_dag.py
[2024-02-03T05:27:45.036+0000] {processor.py:830} INFO - Processing file /home/airflow/.local/lib/python3.8/site-packages/airflow/example_dags/example_external_task_marker_dag.py for tasks to queue
[2024-02-03T05:27:45.038+0000] {logging_mixin.py:188} INFO - [2024-02-03T05:27:45.038+0000] {dagbag.py:538} INFO - Filling up the DagBag from /home/airflow/.local/lib/python3.8/site-packages/airflow/example_dags/example_external_task_marker_dag.py
[2024-02-03T05:27:45.046+0000] {processor.py:840} INFO - DAG(s) 'example_external_task_marker_parent', 'example_external_task_marker_child' retrieved from /home/airflow/.local/lib/python3.8/site-packages/airflow/example_dags/example_external_task_marker_dag.py
[2024-02-03T05:27:45.076+0000] {logging_mixin.py:188} INFO - [2024-02-03T05:27:45.076+0000] {dag.py:3036} INFO - Sync 2 DAGs
[2024-02-03T05:27:45.093+0000] {logging_mixin.py:188} INFO - [2024-02-03T05:27:45.093+0000] {dag.py:3823} INFO - Setting next_dagrun for example_external_task_marker_child to None, run_after=None
[2024-02-03T05:27:45.099+0000] {logging_mixin.py:188} INFO - [2024-02-03T05:27:45.098+0000] {dag.py:3823} INFO - Setting next_dagrun for example_external_task_marker_parent to None, run_after=None
[2024-02-03T05:27:45.125+0000] {processor.py:183} INFO - Processing /home/airflow/.local/lib/python3.8/site-packages/airflow/example_dags/example_external_task_marker_dag.py took 0.094 seconds
[2024-02-03T05:28:15.196+0000] {processor.py:161} INFO - Started process (PID=262) to work on /home/airflow/.local/lib/python3.8/site-packages/airflow/example_dags/example_external_task_marker_dag.py
[2024-02-03T05:28:15.198+0000] {processor.py:830} INFO - Processing file /home/airflow/.local/lib/python3.8/site-packages/airflow/example_dags/example_external_task_marker_dag.py for tasks to queue
[2024-02-03T05:28:15.199+0000] {logging_mixin.py:188} INFO - [2024-02-03T05:28:15.199+0000] {dagbag.py:538} INFO - Filling up the DagBag from /home/airflow/.local/lib/python3.8/site-packages/airflow/example_dags/example_external_task_marker_dag.py
[2024-02-03T05:28:15.205+0000] {processor.py:840} INFO - DAG(s) 'example_external_task_marker_child', 'example_external_task_marker_parent' retrieved from /home/airflow/.local/lib/python3.8/site-packages/airflow/example_dags/example_external_task_marker_dag.py
[2024-02-03T05:28:15.236+0000] {logging_mixin.py:188} INFO - [2024-02-03T05:28:15.236+0000] {dag.py:3036} INFO - Sync 2 DAGs
[2024-02-03T05:28:15.252+0000] {logging_mixin.py:188} INFO - [2024-02-03T05:28:15.252+0000] {dag.py:3823} INFO - Setting next_dagrun for example_external_task_marker_child to None, run_after=None
[2024-02-03T05:28:15.257+0000] {logging_mixin.py:188} INFO - [2024-02-03T05:28:15.257+0000] {dag.py:3823} INFO - Setting next_dagrun for example_external_task_marker_parent to None, run_after=None
[2024-02-03T05:28:15.282+0000] {processor.py:183} INFO - Processing /home/airflow/.local/lib/python3.8/site-packages/airflow/example_dags/example_external_task_marker_dag.py took 0.089 seconds
[2024-02-03T05:28:45.432+0000] {processor.py:161} INFO - Started process (PID=317) to work on /home/airflow/.local/lib/python3.8/site-packages/airflow/example_dags/example_external_task_marker_dag.py
[2024-02-03T05:28:45.433+0000] {processor.py:830} INFO - Processing file /home/airflow/.local/lib/python3.8/site-packages/airflow/example_dags/example_external_task_marker_dag.py for tasks to queue
[2024-02-03T05:28:45.435+0000] {logging_mixin.py:188} INFO - [2024-02-03T05:28:45.435+0000] {dagbag.py:538} INFO - Filling up the DagBag from /home/airflow/.local/lib/python3.8/site-packages/airflow/example_dags/example_external_task_marker_dag.py
[2024-02-03T05:28:45.440+0000] {processor.py:840} INFO - DAG(s) 'example_external_task_marker_child', 'example_external_task_marker_parent' retrieved from /home/airflow/.local/lib/python3.8/site-packages/airflow/example_dags/example_external_task_marker_dag.py
[2024-02-03T05:28:45.473+0000] {logging_mixin.py:188} INFO - [2024-02-03T05:28:45.473+0000] {dag.py:3036} INFO - Sync 2 DAGs
[2024-02-03T05:28:45.491+0000] {logging_mixin.py:188} INFO - [2024-02-03T05:28:45.490+0000] {dag.py:3823} INFO - Setting next_dagrun for example_external_task_marker_child to None, run_after=None
[2024-02-03T05:28:45.497+0000] {logging_mixin.py:188} INFO - [2024-02-03T05:28:45.496+0000] {dag.py:3823} INFO - Setting next_dagrun for example_external_task_marker_parent to None, run_after=None
[2024-02-03T05:28:45.525+0000] {processor.py:183} INFO - Processing /home/airflow/.local/lib/python3.8/site-packages/airflow/example_dags/example_external_task_marker_dag.py took 0.096 seconds
[2024-02-03T05:29:15.795+0000] {processor.py:161} INFO - Started process (PID=372) to work on /home/airflow/.local/lib/python3.8/site-packages/airflow/example_dags/example_external_task_marker_dag.py
[2024-02-03T05:29:15.796+0000] {processor.py:830} INFO - Processing file /home/airflow/.local/lib/python3.8/site-packages/airflow/example_dags/example_external_task_marker_dag.py for tasks to queue
[2024-02-03T05:29:15.798+0000] {logging_mixin.py:188} INFO - [2024-02-03T05:29:15.798+0000] {dagbag.py:538} INFO - Filling up the DagBag from /home/airflow/.local/lib/python3.8/site-packages/airflow/example_dags/example_external_task_marker_dag.py
[2024-02-03T05:29:15.804+0000] {processor.py:840} INFO - DAG(s) 'example_external_task_marker_parent', 'example_external_task_marker_child' retrieved from /home/airflow/.local/lib/python3.8/site-packages/airflow/example_dags/example_external_task_marker_dag.py
[2024-02-03T05:29:15.832+0000] {logging_mixin.py:188} INFO - [2024-02-03T05:29:15.832+0000] {dag.py:3036} INFO - Sync 2 DAGs
[2024-02-03T05:29:15.846+0000] {logging_mixin.py:188} INFO - [2024-02-03T05:29:15.845+0000] {dag.py:3823} INFO - Setting next_dagrun for example_external_task_marker_child to None, run_after=None
[2024-02-03T05:29:15.850+0000] {logging_mixin.py:188} INFO - [2024-02-03T05:29:15.850+0000] {dag.py:3823} INFO - Setting next_dagrun for example_external_task_marker_parent to None, run_after=None
[2024-02-03T05:29:15.872+0000] {processor.py:183} INFO - Processing /home/airflow/.local/lib/python3.8/site-packages/airflow/example_dags/example_external_task_marker_dag.py took 0.080 seconds
[2024-02-03T05:29:46.108+0000] {processor.py:161} INFO - Started process (PID=427) to work on /home/airflow/.local/lib/python3.8/site-packages/airflow/example_dags/example_external_task_marker_dag.py
[2024-02-03T05:29:46.110+0000] {processor.py:830} INFO - Processing file /home/airflow/.local/lib/python3.8/site-packages/airflow/example_dags/example_external_task_marker_dag.py for tasks to queue
[2024-02-03T05:29:46.112+0000] {logging_mixin.py:188} INFO - [2024-02-03T05:29:46.112+0000] {dagbag.py:538} INFO - Filling up the DagBag from /home/airflow/.local/lib/python3.8/site-packages/airflow/example_dags/example_external_task_marker_dag.py
[2024-02-03T05:29:46.119+0000] {processor.py:840} INFO - DAG(s) 'example_external_task_marker_child', 'example_external_task_marker_parent' retrieved from /home/airflow/.local/lib/python3.8/site-packages/airflow/example_dags/example_external_task_marker_dag.py
[2024-02-03T05:29:46.151+0000] {logging_mixin.py:188} INFO - [2024-02-03T05:29:46.151+0000] {dag.py:3036} INFO - Sync 2 DAGs
[2024-02-03T05:29:46.168+0000] {logging_mixin.py:188} INFO - [2024-02-03T05:29:46.168+0000] {dag.py:3823} INFO - Setting next_dagrun for example_external_task_marker_child to None, run_after=None
[2024-02-03T05:29:46.174+0000] {logging_mixin.py:188} INFO - [2024-02-03T05:29:46.174+0000] {dag.py:3823} INFO - Setting next_dagrun for example_external_task_marker_parent to None, run_after=None
[2024-02-03T05:29:46.211+0000] {processor.py:183} INFO - Processing /home/airflow/.local/lib/python3.8/site-packages/airflow/example_dags/example_external_task_marker_dag.py took 0.106 seconds
[2024-02-03T05:30:16.446+0000] {processor.py:161} INFO - Started process (PID=482) to work on /home/airflow/.local/lib/python3.8/site-packages/airflow/example_dags/example_external_task_marker_dag.py
[2024-02-03T05:30:16.447+0000] {processor.py:830} INFO - Processing file /home/airflow/.local/lib/python3.8/site-packages/airflow/example_dags/example_external_task_marker_dag.py for tasks to queue
[2024-02-03T05:30:16.449+0000] {logging_mixin.py:188} INFO - [2024-02-03T05:30:16.449+0000] {dagbag.py:538} INFO - Filling up the DagBag from /home/airflow/.local/lib/python3.8/site-packages/airflow/example_dags/example_external_task_marker_dag.py
[2024-02-03T05:30:16.454+0000] {processor.py:840} INFO - DAG(s) 'example_external_task_marker_child', 'example_external_task_marker_parent' retrieved from /home/airflow/.local/lib/python3.8/site-packages/airflow/example_dags/example_external_task_marker_dag.py
[2024-02-03T05:30:16.482+0000] {logging_mixin.py:188} INFO - [2024-02-03T05:30:16.482+0000] {dag.py:3036} INFO - Sync 2 DAGs
[2024-02-03T05:30:16.497+0000] {logging_mixin.py:188} INFO - [2024-02-03T05:30:16.497+0000] {dag.py:3823} INFO - Setting next_dagrun for example_external_task_marker_child to None, run_after=None
[2024-02-03T05:30:16.502+0000] {logging_mixin.py:188} INFO - [2024-02-03T05:30:16.502+0000] {dag.py:3823} INFO - Setting next_dagrun for example_external_task_marker_parent to None, run_after=None
[2024-02-03T05:30:16.526+0000] {processor.py:183} INFO - Processing /home/airflow/.local/lib/python3.8/site-packages/airflow/example_dags/example_external_task_marker_dag.py took 0.084 seconds
[2024-02-03T05:30:46.679+0000] {processor.py:161} INFO - Started process (PID=537) to work on /home/airflow/.local/lib/python3.8/site-packages/airflow/example_dags/example_external_task_marker_dag.py
[2024-02-03T05:30:46.687+0000] {processor.py:830} INFO - Processing file /home/airflow/.local/lib/python3.8/site-packages/airflow/example_dags/example_external_task_marker_dag.py for tasks to queue
[2024-02-03T05:30:46.688+0000] {logging_mixin.py:188} INFO - [2024-02-03T05:30:46.688+0000] {dagbag.py:538} INFO - Filling up the DagBag from /home/airflow/.local/lib/python3.8/site-packages/airflow/example_dags/example_external_task_marker_dag.py
[2024-02-03T05:30:46.704+0000] {processor.py:840} INFO - DAG(s) 'example_external_task_marker_parent', 'example_external_task_marker_child' retrieved from /home/airflow/.local/lib/python3.8/site-packages/airflow/example_dags/example_external_task_marker_dag.py
[2024-02-03T05:30:46.771+0000] {logging_mixin.py:188} INFO - [2024-02-03T05:30:46.770+0000] {dag.py:3036} INFO - Sync 2 DAGs
[2024-02-03T05:30:46.856+0000] {logging_mixin.py:188} INFO - [2024-02-03T05:30:46.855+0000] {dag.py:3823} INFO - Setting next_dagrun for example_external_task_marker_child to None, run_after=None
[2024-02-03T05:30:46.862+0000] {logging_mixin.py:188} INFO - [2024-02-03T05:30:46.862+0000] {dag.py:3823} INFO - Setting next_dagrun for example_external_task_marker_parent to None, run_after=None
[2024-02-03T05:30:46.894+0000] {processor.py:183} INFO - Processing /home/airflow/.local/lib/python3.8/site-packages/airflow/example_dags/example_external_task_marker_dag.py took 0.265 seconds
[2024-02-03T05:31:17.053+0000] {processor.py:161} INFO - Started process (PID=592) to work on /home/airflow/.local/lib/python3.8/site-packages/airflow/example_dags/example_external_task_marker_dag.py
[2024-02-03T05:31:17.054+0000] {processor.py:830} INFO - Processing file /home/airflow/.local/lib/python3.8/site-packages/airflow/example_dags/example_external_task_marker_dag.py for tasks to queue
[2024-02-03T05:31:17.056+0000] {logging_mixin.py:188} INFO - [2024-02-03T05:31:17.056+0000] {dagbag.py:538} INFO - Filling up the DagBag from /home/airflow/.local/lib/python3.8/site-packages/airflow/example_dags/example_external_task_marker_dag.py
[2024-02-03T05:31:17.063+0000] {processor.py:840} INFO - DAG(s) 'example_external_task_marker_parent', 'example_external_task_marker_child' retrieved from /home/airflow/.local/lib/python3.8/site-packages/airflow/example_dags/example_external_task_marker_dag.py
[2024-02-03T05:31:17.091+0000] {logging_mixin.py:188} INFO - [2024-02-03T05:31:17.091+0000] {dag.py:3036} INFO - Sync 2 DAGs
[2024-02-03T05:31:17.106+0000] {logging_mixin.py:188} INFO - [2024-02-03T05:31:17.106+0000] {dag.py:3823} INFO - Setting next_dagrun for example_external_task_marker_child to None, run_after=None
[2024-02-03T05:31:17.112+0000] {logging_mixin.py:188} INFO - [2024-02-03T05:31:17.111+0000] {dag.py:3823} INFO - Setting next_dagrun for example_external_task_marker_parent to None, run_after=None
[2024-02-03T05:31:17.133+0000] {processor.py:183} INFO - Processing /home/airflow/.local/lib/python3.8/site-packages/airflow/example_dags/example_external_task_marker_dag.py took 0.084 seconds
[2024-02-03T05:31:47.445+0000] {processor.py:161} INFO - Started process (PID=663) to work on /home/airflow/.local/lib/python3.8/site-packages/airflow/example_dags/example_external_task_marker_dag.py
[2024-02-03T05:31:47.446+0000] {processor.py:830} INFO - Processing file /home/airflow/.local/lib/python3.8/site-packages/airflow/example_dags/example_external_task_marker_dag.py for tasks to queue
[2024-02-03T05:31:47.448+0000] {logging_mixin.py:188} INFO - [2024-02-03T05:31:47.448+0000] {dagbag.py:538} INFO - Filling up the DagBag from /home/airflow/.local/lib/python3.8/site-packages/airflow/example_dags/example_external_task_marker_dag.py
[2024-02-03T05:31:47.455+0000] {processor.py:840} INFO - DAG(s) 'example_external_task_marker_parent', 'example_external_task_marker_child' retrieved from /home/airflow/.local/lib/python3.8/site-packages/airflow/example_dags/example_external_task_marker_dag.py
[2024-02-03T05:31:47.483+0000] {logging_mixin.py:188} INFO - [2024-02-03T05:31:47.483+0000] {dag.py:3036} INFO - Sync 2 DAGs
[2024-02-03T05:31:47.498+0000] {logging_mixin.py:188} INFO - [2024-02-03T05:31:47.498+0000] {dag.py:3823} INFO - Setting next_dagrun for example_external_task_marker_child to None, run_after=None
[2024-02-03T05:31:47.503+0000] {logging_mixin.py:188} INFO - [2024-02-03T05:31:47.503+0000] {dag.py:3823} INFO - Setting next_dagrun for example_external_task_marker_parent to None, run_after=None
[2024-02-03T05:31:47.526+0000] {processor.py:183} INFO - Processing /home/airflow/.local/lib/python3.8/site-packages/airflow/example_dags/example_external_task_marker_dag.py took 0.084 seconds
[2024-02-03T05:32:17.668+0000] {processor.py:161} INFO - Started process (PID=718) to work on /home/airflow/.local/lib/python3.8/site-packages/airflow/example_dags/example_external_task_marker_dag.py
[2024-02-03T05:32:17.670+0000] {processor.py:830} INFO - Processing file /home/airflow/.local/lib/python3.8/site-packages/airflow/example_dags/example_external_task_marker_dag.py for tasks to queue
[2024-02-03T05:32:17.673+0000] {logging_mixin.py:188} INFO - [2024-02-03T05:32:17.672+0000] {dagbag.py:538} INFO - Filling up the DagBag from /home/airflow/.local/lib/python3.8/site-packages/airflow/example_dags/example_external_task_marker_dag.py
[2024-02-03T05:32:17.679+0000] {processor.py:840} INFO - DAG(s) 'example_external_task_marker_child', 'example_external_task_marker_parent' retrieved from /home/airflow/.local/lib/python3.8/site-packages/airflow/example_dags/example_external_task_marker_dag.py
[2024-02-03T05:32:17.715+0000] {logging_mixin.py:188} INFO - [2024-02-03T05:32:17.715+0000] {dag.py:3036} INFO - Sync 2 DAGs
[2024-02-03T05:32:17.731+0000] {logging_mixin.py:188} INFO - [2024-02-03T05:32:17.731+0000] {dag.py:3823} INFO - Setting next_dagrun for example_external_task_marker_child to None, run_after=None
[2024-02-03T05:32:17.737+0000] {logging_mixin.py:188} INFO - [2024-02-03T05:32:17.736+0000] {dag.py:3823} INFO - Setting next_dagrun for example_external_task_marker_parent to None, run_after=None
[2024-02-03T05:32:17.760+0000] {processor.py:183} INFO - Processing /home/airflow/.local/lib/python3.8/site-packages/airflow/example_dags/example_external_task_marker_dag.py took 0.095 seconds
[2024-02-03T05:32:47.791+0000] {processor.py:161} INFO - Started process (PID=773) to work on /home/airflow/.local/lib/python3.8/site-packages/airflow/example_dags/example_external_task_marker_dag.py
[2024-02-03T05:32:47.793+0000] {processor.py:830} INFO - Processing file /home/airflow/.local/lib/python3.8/site-packages/airflow/example_dags/example_external_task_marker_dag.py for tasks to queue
[2024-02-03T05:32:47.795+0000] {logging_mixin.py:188} INFO - [2024-02-03T05:32:47.794+0000] {dagbag.py:538} INFO - Filling up the DagBag from /home/airflow/.local/lib/python3.8/site-packages/airflow/example_dags/example_external_task_marker_dag.py
[2024-02-03T05:32:47.800+0000] {processor.py:840} INFO - DAG(s) 'example_external_task_marker_child', 'example_external_task_marker_parent' retrieved from /home/airflow/.local/lib/python3.8/site-packages/airflow/example_dags/example_external_task_marker_dag.py
[2024-02-03T05:32:47.826+0000] {logging_mixin.py:188} INFO - [2024-02-03T05:32:47.826+0000] {dag.py:3036} INFO - Sync 2 DAGs
[2024-02-03T05:32:47.841+0000] {logging_mixin.py:188} INFO - [2024-02-03T05:32:47.841+0000] {dag.py:3823} INFO - Setting next_dagrun for example_external_task_marker_child to None, run_after=None
[2024-02-03T05:32:47.845+0000] {logging_mixin.py:188} INFO - [2024-02-03T05:32:47.845+0000] {dag.py:3823} INFO - Setting next_dagrun for example_external_task_marker_parent to None, run_after=None
[2024-02-03T05:32:47.871+0000] {processor.py:183} INFO - Processing /home/airflow/.local/lib/python3.8/site-packages/airflow/example_dags/example_external_task_marker_dag.py took 0.082 seconds
[2024-02-03T05:33:18.084+0000] {processor.py:161} INFO - Started process (PID=828) to work on /home/airflow/.local/lib/python3.8/site-packages/airflow/example_dags/example_external_task_marker_dag.py
[2024-02-03T05:33:18.085+0000] {processor.py:830} INFO - Processing file /home/airflow/.local/lib/python3.8/site-packages/airflow/example_dags/example_external_task_marker_dag.py for tasks to queue
[2024-02-03T05:33:18.087+0000] {logging_mixin.py:188} INFO - [2024-02-03T05:33:18.087+0000] {dagbag.py:538} INFO - Filling up the DagBag from /home/airflow/.local/lib/python3.8/site-packages/airflow/example_dags/example_external_task_marker_dag.py
[2024-02-03T05:33:18.092+0000] {processor.py:840} INFO - DAG(s) 'example_external_task_marker_child', 'example_external_task_marker_parent' retrieved from /home/airflow/.local/lib/python3.8/site-packages/airflow/example_dags/example_external_task_marker_dag.py
[2024-02-03T05:33:18.126+0000] {logging_mixin.py:188} INFO - [2024-02-03T05:33:18.126+0000] {dag.py:3036} INFO - Sync 2 DAGs
[2024-02-03T05:33:18.142+0000] {logging_mixin.py:188} INFO - [2024-02-03T05:33:18.142+0000] {dag.py:3823} INFO - Setting next_dagrun for example_external_task_marker_child to None, run_after=None
[2024-02-03T05:33:18.150+0000] {logging_mixin.py:188} INFO - [2024-02-03T05:33:18.150+0000] {dag.py:3823} INFO - Setting next_dagrun for example_external_task_marker_parent to None, run_after=None
[2024-02-03T05:33:18.172+0000] {processor.py:183} INFO - Processing /home/airflow/.local/lib/python3.8/site-packages/airflow/example_dags/example_external_task_marker_dag.py took 0.091 seconds
[2024-02-03T05:59:58.709+0000] {processor.py:161} INFO - Started process (PID=42) to work on /home/airflow/.local/lib/python3.8/site-packages/airflow/example_dags/example_external_task_marker_dag.py
[2024-02-03T05:59:58.711+0000] {processor.py:830} INFO - Processing file /home/airflow/.local/lib/python3.8/site-packages/airflow/example_dags/example_external_task_marker_dag.py for tasks to queue
[2024-02-03T05:59:58.717+0000] {logging_mixin.py:188} INFO - [2024-02-03T05:59:58.716+0000] {dagbag.py:538} INFO - Filling up the DagBag from /home/airflow/.local/lib/python3.8/site-packages/airflow/example_dags/example_external_task_marker_dag.py
[2024-02-03T05:59:58.732+0000] {processor.py:840} INFO - DAG(s) 'example_external_task_marker_parent', 'example_external_task_marker_child' retrieved from /home/airflow/.local/lib/python3.8/site-packages/airflow/example_dags/example_external_task_marker_dag.py
[2024-02-03T05:59:58.820+0000] {logging_mixin.py:188} INFO - [2024-02-03T05:59:58.819+0000] {dag.py:3036} INFO - Sync 2 DAGs
[2024-02-03T05:59:58.850+0000] {logging_mixin.py:188} INFO - [2024-02-03T05:59:58.850+0000] {dag.py:3823} INFO - Setting next_dagrun for example_external_task_marker_child to None, run_after=None
[2024-02-03T05:59:58.858+0000] {logging_mixin.py:188} INFO - [2024-02-03T05:59:58.857+0000] {dag.py:3823} INFO - Setting next_dagrun for example_external_task_marker_parent to None, run_after=None
[2024-02-03T05:59:58.897+0000] {processor.py:183} INFO - Processing /home/airflow/.local/lib/python3.8/site-packages/airflow/example_dags/example_external_task_marker_dag.py took 0.196 seconds
[2024-02-03T06:00:29.277+0000] {processor.py:161} INFO - Started process (PID=97) to work on /home/airflow/.local/lib/python3.8/site-packages/airflow/example_dags/example_external_task_marker_dag.py
[2024-02-03T06:00:29.279+0000] {processor.py:830} INFO - Processing file /home/airflow/.local/lib/python3.8/site-packages/airflow/example_dags/example_external_task_marker_dag.py for tasks to queue
[2024-02-03T06:00:29.281+0000] {logging_mixin.py:188} INFO - [2024-02-03T06:00:29.280+0000] {dagbag.py:538} INFO - Filling up the DagBag from /home/airflow/.local/lib/python3.8/site-packages/airflow/example_dags/example_external_task_marker_dag.py
[2024-02-03T06:00:29.289+0000] {processor.py:840} INFO - DAG(s) 'example_external_task_marker_parent', 'example_external_task_marker_child' retrieved from /home/airflow/.local/lib/python3.8/site-packages/airflow/example_dags/example_external_task_marker_dag.py
[2024-02-03T06:00:29.327+0000] {logging_mixin.py:188} INFO - [2024-02-03T06:00:29.326+0000] {dag.py:3036} INFO - Sync 2 DAGs
[2024-02-03T06:00:29.348+0000] {logging_mixin.py:188} INFO - [2024-02-03T06:00:29.347+0000] {dag.py:3823} INFO - Setting next_dagrun for example_external_task_marker_child to None, run_after=None
[2024-02-03T06:00:29.354+0000] {logging_mixin.py:188} INFO - [2024-02-03T06:00:29.354+0000] {dag.py:3823} INFO - Setting next_dagrun for example_external_task_marker_parent to None, run_after=None
[2024-02-03T06:00:29.380+0000] {processor.py:183} INFO - Processing /home/airflow/.local/lib/python3.8/site-packages/airflow/example_dags/example_external_task_marker_dag.py took 0.109 seconds
[2024-02-03T06:00:59.513+0000] {processor.py:161} INFO - Started process (PID=152) to work on /home/airflow/.local/lib/python3.8/site-packages/airflow/example_dags/example_external_task_marker_dag.py
[2024-02-03T06:00:59.515+0000] {processor.py:830} INFO - Processing file /home/airflow/.local/lib/python3.8/site-packages/airflow/example_dags/example_external_task_marker_dag.py for tasks to queue
[2024-02-03T06:00:59.517+0000] {logging_mixin.py:188} INFO - [2024-02-03T06:00:59.517+0000] {dagbag.py:538} INFO - Filling up the DagBag from /home/airflow/.local/lib/python3.8/site-packages/airflow/example_dags/example_external_task_marker_dag.py
[2024-02-03T06:00:59.523+0000] {processor.py:840} INFO - DAG(s) 'example_external_task_marker_child', 'example_external_task_marker_parent' retrieved from /home/airflow/.local/lib/python3.8/site-packages/airflow/example_dags/example_external_task_marker_dag.py
[2024-02-03T06:00:59.553+0000] {logging_mixin.py:188} INFO - [2024-02-03T06:00:59.553+0000] {dag.py:3036} INFO - Sync 2 DAGs
[2024-02-03T06:00:59.569+0000] {logging_mixin.py:188} INFO - [2024-02-03T06:00:59.569+0000] {dag.py:3823} INFO - Setting next_dagrun for example_external_task_marker_child to None, run_after=None
[2024-02-03T06:00:59.576+0000] {logging_mixin.py:188} INFO - [2024-02-03T06:00:59.575+0000] {dag.py:3823} INFO - Setting next_dagrun for example_external_task_marker_parent to None, run_after=None
[2024-02-03T06:00:59.602+0000] {processor.py:183} INFO - Processing /home/airflow/.local/lib/python3.8/site-packages/airflow/example_dags/example_external_task_marker_dag.py took 0.093 seconds
[2024-02-03T06:33:36.724+0000] {processor.py:161} INFO - Started process (PID=42) to work on /home/airflow/.local/lib/python3.8/site-packages/airflow/example_dags/example_external_task_marker_dag.py
[2024-02-03T06:33:36.727+0000] {processor.py:830} INFO - Processing file /home/airflow/.local/lib/python3.8/site-packages/airflow/example_dags/example_external_task_marker_dag.py for tasks to queue
[2024-02-03T06:33:36.730+0000] {logging_mixin.py:188} INFO - [2024-02-03T06:33:36.729+0000] {dagbag.py:538} INFO - Filling up the DagBag from /home/airflow/.local/lib/python3.8/site-packages/airflow/example_dags/example_external_task_marker_dag.py
[2024-02-03T06:33:36.744+0000] {processor.py:840} INFO - DAG(s) 'example_external_task_marker_parent', 'example_external_task_marker_child' retrieved from /home/airflow/.local/lib/python3.8/site-packages/airflow/example_dags/example_external_task_marker_dag.py
[2024-02-03T06:33:36.781+0000] {logging_mixin.py:188} INFO - [2024-02-03T06:33:36.781+0000] {dag.py:3036} INFO - Sync 2 DAGs
[2024-02-03T06:33:36.801+0000] {logging_mixin.py:188} INFO - [2024-02-03T06:33:36.801+0000] {dag.py:3823} INFO - Setting next_dagrun for example_external_task_marker_child to None, run_after=None
[2024-02-03T06:33:36.806+0000] {logging_mixin.py:188} INFO - [2024-02-03T06:33:36.806+0000] {dag.py:3823} INFO - Setting next_dagrun for example_external_task_marker_parent to None, run_after=None
[2024-02-03T06:33:36.831+0000] {processor.py:183} INFO - Processing /home/airflow/.local/lib/python3.8/site-packages/airflow/example_dags/example_external_task_marker_dag.py took 0.112 seconds
[2024-02-03T06:34:07.183+0000] {processor.py:161} INFO - Started process (PID=97) to work on /home/airflow/.local/lib/python3.8/site-packages/airflow/example_dags/example_external_task_marker_dag.py
[2024-02-03T06:34:07.185+0000] {processor.py:830} INFO - Processing file /home/airflow/.local/lib/python3.8/site-packages/airflow/example_dags/example_external_task_marker_dag.py for tasks to queue
[2024-02-03T06:34:07.187+0000] {logging_mixin.py:188} INFO - [2024-02-03T06:34:07.186+0000] {dagbag.py:538} INFO - Filling up the DagBag from /home/airflow/.local/lib/python3.8/site-packages/airflow/example_dags/example_external_task_marker_dag.py
[2024-02-03T06:34:07.202+0000] {processor.py:840} INFO - DAG(s) 'example_external_task_marker_parent', 'example_external_task_marker_child' retrieved from /home/airflow/.local/lib/python3.8/site-packages/airflow/example_dags/example_external_task_marker_dag.py
[2024-02-03T06:34:07.360+0000] {logging_mixin.py:188} INFO - [2024-02-03T06:34:07.359+0000] {dag.py:3036} INFO - Sync 2 DAGs
[2024-02-03T06:34:07.374+0000] {logging_mixin.py:188} INFO - [2024-02-03T06:34:07.373+0000] {dag.py:3823} INFO - Setting next_dagrun for example_external_task_marker_child to None, run_after=None
[2024-02-03T06:34:07.377+0000] {logging_mixin.py:188} INFO - [2024-02-03T06:34:07.377+0000] {dag.py:3823} INFO - Setting next_dagrun for example_external_task_marker_parent to None, run_after=None
[2024-02-03T06:34:07.401+0000] {processor.py:183} INFO - Processing /home/airflow/.local/lib/python3.8/site-packages/airflow/example_dags/example_external_task_marker_dag.py took 0.221 seconds
[2024-02-03T06:34:37.762+0000] {processor.py:161} INFO - Started process (PID=152) to work on /home/airflow/.local/lib/python3.8/site-packages/airflow/example_dags/example_external_task_marker_dag.py
[2024-02-03T06:34:37.763+0000] {processor.py:830} INFO - Processing file /home/airflow/.local/lib/python3.8/site-packages/airflow/example_dags/example_external_task_marker_dag.py for tasks to queue
[2024-02-03T06:34:37.765+0000] {logging_mixin.py:188} INFO - [2024-02-03T06:34:37.765+0000] {dagbag.py:538} INFO - Filling up the DagBag from /home/airflow/.local/lib/python3.8/site-packages/airflow/example_dags/example_external_task_marker_dag.py
[2024-02-03T06:34:37.771+0000] {processor.py:840} INFO - DAG(s) 'example_external_task_marker_child', 'example_external_task_marker_parent' retrieved from /home/airflow/.local/lib/python3.8/site-packages/airflow/example_dags/example_external_task_marker_dag.py
[2024-02-03T06:34:37.826+0000] {logging_mixin.py:188} INFO - [2024-02-03T06:34:37.825+0000] {dag.py:3036} INFO - Sync 2 DAGs
[2024-02-03T06:34:37.840+0000] {logging_mixin.py:188} INFO - [2024-02-03T06:34:37.839+0000] {dag.py:3823} INFO - Setting next_dagrun for example_external_task_marker_child to None, run_after=None
[2024-02-03T06:34:37.845+0000] {logging_mixin.py:188} INFO - [2024-02-03T06:34:37.845+0000] {dag.py:3823} INFO - Setting next_dagrun for example_external_task_marker_parent to None, run_after=None
[2024-02-03T06:34:37.869+0000] {processor.py:183} INFO - Processing /home/airflow/.local/lib/python3.8/site-packages/airflow/example_dags/example_external_task_marker_dag.py took 0.110 seconds
[2024-02-03T06:35:07.911+0000] {processor.py:161} INFO - Started process (PID=207) to work on /home/airflow/.local/lib/python3.8/site-packages/airflow/example_dags/example_external_task_marker_dag.py
[2024-02-03T06:35:07.912+0000] {processor.py:830} INFO - Processing file /home/airflow/.local/lib/python3.8/site-packages/airflow/example_dags/example_external_task_marker_dag.py for tasks to queue
[2024-02-03T06:35:07.914+0000] {logging_mixin.py:188} INFO - [2024-02-03T06:35:07.914+0000] {dagbag.py:538} INFO - Filling up the DagBag from /home/airflow/.local/lib/python3.8/site-packages/airflow/example_dags/example_external_task_marker_dag.py
[2024-02-03T06:35:07.919+0000] {processor.py:840} INFO - DAG(s) 'example_external_task_marker_child', 'example_external_task_marker_parent' retrieved from /home/airflow/.local/lib/python3.8/site-packages/airflow/example_dags/example_external_task_marker_dag.py
[2024-02-03T06:35:07.946+0000] {logging_mixin.py:188} INFO - [2024-02-03T06:35:07.946+0000] {dag.py:3036} INFO - Sync 2 DAGs
[2024-02-03T06:35:07.962+0000] {logging_mixin.py:188} INFO - [2024-02-03T06:35:07.961+0000] {dag.py:3823} INFO - Setting next_dagrun for example_external_task_marker_child to None, run_after=None
[2024-02-03T06:35:07.967+0000] {logging_mixin.py:188} INFO - [2024-02-03T06:35:07.966+0000] {dag.py:3823} INFO - Setting next_dagrun for example_external_task_marker_parent to None, run_after=None
[2024-02-03T06:35:07.987+0000] {processor.py:183} INFO - Processing /home/airflow/.local/lib/python3.8/site-packages/airflow/example_dags/example_external_task_marker_dag.py took 0.079 seconds
[2024-02-03T06:35:38.305+0000] {processor.py:161} INFO - Started process (PID=262) to work on /home/airflow/.local/lib/python3.8/site-packages/airflow/example_dags/example_external_task_marker_dag.py
[2024-02-03T06:35:38.306+0000] {processor.py:830} INFO - Processing file /home/airflow/.local/lib/python3.8/site-packages/airflow/example_dags/example_external_task_marker_dag.py for tasks to queue
[2024-02-03T06:35:38.308+0000] {logging_mixin.py:188} INFO - [2024-02-03T06:35:38.308+0000] {dagbag.py:538} INFO - Filling up the DagBag from /home/airflow/.local/lib/python3.8/site-packages/airflow/example_dags/example_external_task_marker_dag.py
[2024-02-03T06:35:38.314+0000] {processor.py:840} INFO - DAG(s) 'example_external_task_marker_parent', 'example_external_task_marker_child' retrieved from /home/airflow/.local/lib/python3.8/site-packages/airflow/example_dags/example_external_task_marker_dag.py
[2024-02-03T06:35:38.342+0000] {logging_mixin.py:188} INFO - [2024-02-03T06:35:38.341+0000] {dag.py:3036} INFO - Sync 2 DAGs
[2024-02-03T06:35:38.358+0000] {logging_mixin.py:188} INFO - [2024-02-03T06:35:38.358+0000] {dag.py:3823} INFO - Setting next_dagrun for example_external_task_marker_child to None, run_after=None
[2024-02-03T06:35:38.363+0000] {logging_mixin.py:188} INFO - [2024-02-03T06:35:38.362+0000] {dag.py:3823} INFO - Setting next_dagrun for example_external_task_marker_parent to None, run_after=None
[2024-02-03T06:35:38.384+0000] {processor.py:183} INFO - Processing /home/airflow/.local/lib/python3.8/site-packages/airflow/example_dags/example_external_task_marker_dag.py took 0.083 seconds
[2024-02-03T06:36:08.779+0000] {processor.py:161} INFO - Started process (PID=317) to work on /home/airflow/.local/lib/python3.8/site-packages/airflow/example_dags/example_external_task_marker_dag.py
[2024-02-03T06:36:08.781+0000] {processor.py:830} INFO - Processing file /home/airflow/.local/lib/python3.8/site-packages/airflow/example_dags/example_external_task_marker_dag.py for tasks to queue
[2024-02-03T06:36:08.783+0000] {logging_mixin.py:188} INFO - [2024-02-03T06:36:08.782+0000] {dagbag.py:538} INFO - Filling up the DagBag from /home/airflow/.local/lib/python3.8/site-packages/airflow/example_dags/example_external_task_marker_dag.py
[2024-02-03T06:36:08.789+0000] {processor.py:840} INFO - DAG(s) 'example_external_task_marker_child', 'example_external_task_marker_parent' retrieved from /home/airflow/.local/lib/python3.8/site-packages/airflow/example_dags/example_external_task_marker_dag.py
[2024-02-03T06:36:08.818+0000] {logging_mixin.py:188} INFO - [2024-02-03T06:36:08.818+0000] {dag.py:3036} INFO - Sync 2 DAGs
[2024-02-03T06:36:08.833+0000] {logging_mixin.py:188} INFO - [2024-02-03T06:36:08.832+0000] {dag.py:3823} INFO - Setting next_dagrun for example_external_task_marker_child to None, run_after=None
[2024-02-03T06:36:08.838+0000] {logging_mixin.py:188} INFO - [2024-02-03T06:36:08.838+0000] {dag.py:3823} INFO - Setting next_dagrun for example_external_task_marker_parent to None, run_after=None
[2024-02-03T06:36:08.875+0000] {processor.py:183} INFO - Processing /home/airflow/.local/lib/python3.8/site-packages/airflow/example_dags/example_external_task_marker_dag.py took 0.099 seconds
