[2024-02-03T05:26:21.215+0000] {processor.py:161} INFO - Started process (PID=80) to work on /home/airflow/.local/lib/python3.8/site-packages/airflow/example_dags/example_bash_operator.py
[2024-02-03T05:26:21.217+0000] {processor.py:830} INFO - Processing file /home/airflow/.local/lib/python3.8/site-packages/airflow/example_dags/example_bash_operator.py for tasks to queue
[2024-02-03T05:26:21.219+0000] {logging_mixin.py:188} INFO - [2024-02-03T05:26:21.219+0000] {dagbag.py:538} INFO - Filling up the DagBag from /home/airflow/.local/lib/python3.8/site-packages/airflow/example_dags/example_bash_operator.py
[2024-02-03T05:26:21.238+0000] {processor.py:840} INFO - DAG(s) 'example_bash_operator' retrieved from /home/airflow/.local/lib/python3.8/site-packages/airflow/example_dags/example_bash_operator.py
[2024-02-03T05:26:21.424+0000] {logging_mixin.py:188} INFO - [2024-02-03T05:26:21.424+0000] {dag.py:3036} INFO - Sync 1 DAGs
[2024-02-03T05:26:21.460+0000] {logging_mixin.py:188} INFO - [2024-02-03T05:26:21.460+0000] {dag.py:3823} INFO - Setting next_dagrun for example_bash_operator to 2024-02-02 00:00:00+00:00, run_after=2024-02-03 00:00:00+00:00
[2024-02-03T05:26:21.499+0000] {processor.py:183} INFO - Processing /home/airflow/.local/lib/python3.8/site-packages/airflow/example_dags/example_bash_operator.py took 0.287 seconds
[2024-02-03T05:26:52.135+0000] {processor.py:161} INFO - Started process (PID=135) to work on /home/airflow/.local/lib/python3.8/site-packages/airflow/example_dags/example_bash_operator.py
[2024-02-03T05:26:52.137+0000] {processor.py:830} INFO - Processing file /home/airflow/.local/lib/python3.8/site-packages/airflow/example_dags/example_bash_operator.py for tasks to queue
[2024-02-03T05:26:52.140+0000] {logging_mixin.py:188} INFO - [2024-02-03T05:26:52.140+0000] {dagbag.py:538} INFO - Filling up the DagBag from /home/airflow/.local/lib/python3.8/site-packages/airflow/example_dags/example_bash_operator.py
[2024-02-03T05:26:52.154+0000] {processor.py:840} INFO - DAG(s) 'example_bash_operator' retrieved from /home/airflow/.local/lib/python3.8/site-packages/airflow/example_dags/example_bash_operator.py
[2024-02-03T05:26:52.195+0000] {logging_mixin.py:188} INFO - [2024-02-03T05:26:52.195+0000] {dag.py:3036} INFO - Sync 1 DAGs
[2024-02-03T05:26:52.226+0000] {logging_mixin.py:188} INFO - [2024-02-03T05:26:52.226+0000] {dag.py:3823} INFO - Setting next_dagrun for example_bash_operator to 2024-02-02 00:00:00+00:00, run_after=2024-02-03 00:00:00+00:00
[2024-02-03T05:26:52.253+0000] {processor.py:183} INFO - Processing /home/airflow/.local/lib/python3.8/site-packages/airflow/example_dags/example_bash_operator.py took 0.120 seconds
[2024-02-03T05:27:22.341+0000] {processor.py:161} INFO - Started process (PID=190) to work on /home/airflow/.local/lib/python3.8/site-packages/airflow/example_dags/example_bash_operator.py
[2024-02-03T05:27:22.343+0000] {processor.py:830} INFO - Processing file /home/airflow/.local/lib/python3.8/site-packages/airflow/example_dags/example_bash_operator.py for tasks to queue
[2024-02-03T05:27:22.345+0000] {logging_mixin.py:188} INFO - [2024-02-03T05:27:22.344+0000] {dagbag.py:538} INFO - Filling up the DagBag from /home/airflow/.local/lib/python3.8/site-packages/airflow/example_dags/example_bash_operator.py
[2024-02-03T05:27:22.357+0000] {processor.py:840} INFO - DAG(s) 'example_bash_operator' retrieved from /home/airflow/.local/lib/python3.8/site-packages/airflow/example_dags/example_bash_operator.py
[2024-02-03T05:27:22.392+0000] {logging_mixin.py:188} INFO - [2024-02-03T05:27:22.392+0000] {dag.py:3036} INFO - Sync 1 DAGs
[2024-02-03T05:27:22.419+0000] {logging_mixin.py:188} INFO - [2024-02-03T05:27:22.418+0000] {dag.py:3823} INFO - Setting next_dagrun for example_bash_operator to 2024-02-02 00:00:00+00:00, run_after=2024-02-03 00:00:00+00:00
[2024-02-03T05:27:22.442+0000] {processor.py:183} INFO - Processing /home/airflow/.local/lib/python3.8/site-packages/airflow/example_dags/example_bash_operator.py took 0.104 seconds
[2024-02-03T05:27:52.572+0000] {processor.py:161} INFO - Started process (PID=245) to work on /home/airflow/.local/lib/python3.8/site-packages/airflow/example_dags/example_bash_operator.py
[2024-02-03T05:27:52.573+0000] {processor.py:830} INFO - Processing file /home/airflow/.local/lib/python3.8/site-packages/airflow/example_dags/example_bash_operator.py for tasks to queue
[2024-02-03T05:27:52.576+0000] {logging_mixin.py:188} INFO - [2024-02-03T05:27:52.575+0000] {dagbag.py:538} INFO - Filling up the DagBag from /home/airflow/.local/lib/python3.8/site-packages/airflow/example_dags/example_bash_operator.py
[2024-02-03T05:27:52.589+0000] {processor.py:840} INFO - DAG(s) 'example_bash_operator' retrieved from /home/airflow/.local/lib/python3.8/site-packages/airflow/example_dags/example_bash_operator.py
[2024-02-03T05:27:52.627+0000] {logging_mixin.py:188} INFO - [2024-02-03T05:27:52.627+0000] {dag.py:3036} INFO - Sync 1 DAGs
[2024-02-03T05:27:52.655+0000] {logging_mixin.py:188} INFO - [2024-02-03T05:27:52.655+0000] {dag.py:3823} INFO - Setting next_dagrun for example_bash_operator to 2024-02-02 00:00:00+00:00, run_after=2024-02-03 00:00:00+00:00
[2024-02-03T05:27:52.682+0000] {processor.py:183} INFO - Processing /home/airflow/.local/lib/python3.8/site-packages/airflow/example_dags/example_bash_operator.py took 0.112 seconds
[2024-02-03T05:28:22.772+0000] {processor.py:161} INFO - Started process (PID=300) to work on /home/airflow/.local/lib/python3.8/site-packages/airflow/example_dags/example_bash_operator.py
[2024-02-03T05:28:22.773+0000] {processor.py:830} INFO - Processing file /home/airflow/.local/lib/python3.8/site-packages/airflow/example_dags/example_bash_operator.py for tasks to queue
[2024-02-03T05:28:22.775+0000] {logging_mixin.py:188} INFO - [2024-02-03T05:28:22.775+0000] {dagbag.py:538} INFO - Filling up the DagBag from /home/airflow/.local/lib/python3.8/site-packages/airflow/example_dags/example_bash_operator.py
[2024-02-03T05:28:22.789+0000] {processor.py:840} INFO - DAG(s) 'example_bash_operator' retrieved from /home/airflow/.local/lib/python3.8/site-packages/airflow/example_dags/example_bash_operator.py
[2024-02-03T05:28:22.829+0000] {logging_mixin.py:188} INFO - [2024-02-03T05:28:22.828+0000] {dag.py:3036} INFO - Sync 1 DAGs
[2024-02-03T05:28:22.859+0000] {logging_mixin.py:188} INFO - [2024-02-03T05:28:22.858+0000] {dag.py:3823} INFO - Setting next_dagrun for example_bash_operator to 2024-02-02 00:00:00+00:00, run_after=2024-02-03 00:00:00+00:00
[2024-02-03T05:28:22.885+0000] {processor.py:183} INFO - Processing /home/airflow/.local/lib/python3.8/site-packages/airflow/example_dags/example_bash_operator.py took 0.117 seconds
[2024-02-03T05:28:53.066+0000] {processor.py:161} INFO - Started process (PID=355) to work on /home/airflow/.local/lib/python3.8/site-packages/airflow/example_dags/example_bash_operator.py
[2024-02-03T05:28:53.067+0000] {processor.py:830} INFO - Processing file /home/airflow/.local/lib/python3.8/site-packages/airflow/example_dags/example_bash_operator.py for tasks to queue
[2024-02-03T05:28:53.069+0000] {logging_mixin.py:188} INFO - [2024-02-03T05:28:53.069+0000] {dagbag.py:538} INFO - Filling up the DagBag from /home/airflow/.local/lib/python3.8/site-packages/airflow/example_dags/example_bash_operator.py
[2024-02-03T05:28:53.085+0000] {processor.py:840} INFO - DAG(s) 'example_bash_operator' retrieved from /home/airflow/.local/lib/python3.8/site-packages/airflow/example_dags/example_bash_operator.py
[2024-02-03T05:28:53.123+0000] {logging_mixin.py:188} INFO - [2024-02-03T05:28:53.122+0000] {dag.py:3036} INFO - Sync 1 DAGs
[2024-02-03T05:28:53.152+0000] {logging_mixin.py:188} INFO - [2024-02-03T05:28:53.151+0000] {dag.py:3823} INFO - Setting next_dagrun for example_bash_operator to 2024-02-02 00:00:00+00:00, run_after=2024-02-03 00:00:00+00:00
[2024-02-03T05:28:53.179+0000] {processor.py:183} INFO - Processing /home/airflow/.local/lib/python3.8/site-packages/airflow/example_dags/example_bash_operator.py took 0.116 seconds
[2024-02-03T05:29:23.401+0000] {processor.py:161} INFO - Started process (PID=410) to work on /home/airflow/.local/lib/python3.8/site-packages/airflow/example_dags/example_bash_operator.py
[2024-02-03T05:29:23.402+0000] {processor.py:830} INFO - Processing file /home/airflow/.local/lib/python3.8/site-packages/airflow/example_dags/example_bash_operator.py for tasks to queue
[2024-02-03T05:29:23.404+0000] {logging_mixin.py:188} INFO - [2024-02-03T05:29:23.404+0000] {dagbag.py:538} INFO - Filling up the DagBag from /home/airflow/.local/lib/python3.8/site-packages/airflow/example_dags/example_bash_operator.py
[2024-02-03T05:29:23.417+0000] {processor.py:840} INFO - DAG(s) 'example_bash_operator' retrieved from /home/airflow/.local/lib/python3.8/site-packages/airflow/example_dags/example_bash_operator.py
[2024-02-03T05:29:23.461+0000] {logging_mixin.py:188} INFO - [2024-02-03T05:29:23.461+0000] {dag.py:3036} INFO - Sync 1 DAGs
[2024-02-03T05:29:23.497+0000] {logging_mixin.py:188} INFO - [2024-02-03T05:29:23.496+0000] {dag.py:3823} INFO - Setting next_dagrun for example_bash_operator to 2024-02-02 00:00:00+00:00, run_after=2024-02-03 00:00:00+00:00
[2024-02-03T05:29:23.526+0000] {processor.py:183} INFO - Processing /home/airflow/.local/lib/python3.8/site-packages/airflow/example_dags/example_bash_operator.py took 0.127 seconds
[2024-02-03T05:29:53.742+0000] {processor.py:161} INFO - Started process (PID=465) to work on /home/airflow/.local/lib/python3.8/site-packages/airflow/example_dags/example_bash_operator.py
[2024-02-03T05:29:53.744+0000] {processor.py:830} INFO - Processing file /home/airflow/.local/lib/python3.8/site-packages/airflow/example_dags/example_bash_operator.py for tasks to queue
[2024-02-03T05:29:53.746+0000] {logging_mixin.py:188} INFO - [2024-02-03T05:29:53.746+0000] {dagbag.py:538} INFO - Filling up the DagBag from /home/airflow/.local/lib/python3.8/site-packages/airflow/example_dags/example_bash_operator.py
[2024-02-03T05:29:53.761+0000] {processor.py:840} INFO - DAG(s) 'example_bash_operator' retrieved from /home/airflow/.local/lib/python3.8/site-packages/airflow/example_dags/example_bash_operator.py
[2024-02-03T05:29:53.801+0000] {logging_mixin.py:188} INFO - [2024-02-03T05:29:53.801+0000] {dag.py:3036} INFO - Sync 1 DAGs
[2024-02-03T05:29:53.831+0000] {logging_mixin.py:188} INFO - [2024-02-03T05:29:53.831+0000] {dag.py:3823} INFO - Setting next_dagrun for example_bash_operator to 2024-02-02 00:00:00+00:00, run_after=2024-02-03 00:00:00+00:00
[2024-02-03T05:29:53.856+0000] {processor.py:183} INFO - Processing /home/airflow/.local/lib/python3.8/site-packages/airflow/example_dags/example_bash_operator.py took 0.117 seconds
[2024-02-03T05:30:23.913+0000] {processor.py:161} INFO - Started process (PID=520) to work on /home/airflow/.local/lib/python3.8/site-packages/airflow/example_dags/example_bash_operator.py
[2024-02-03T05:30:23.915+0000] {processor.py:830} INFO - Processing file /home/airflow/.local/lib/python3.8/site-packages/airflow/example_dags/example_bash_operator.py for tasks to queue
[2024-02-03T05:30:23.917+0000] {logging_mixin.py:188} INFO - [2024-02-03T05:30:23.916+0000] {dagbag.py:538} INFO - Filling up the DagBag from /home/airflow/.local/lib/python3.8/site-packages/airflow/example_dags/example_bash_operator.py
[2024-02-03T05:30:23.928+0000] {processor.py:840} INFO - DAG(s) 'example_bash_operator' retrieved from /home/airflow/.local/lib/python3.8/site-packages/airflow/example_dags/example_bash_operator.py
[2024-02-03T05:30:23.964+0000] {logging_mixin.py:188} INFO - [2024-02-03T05:30:23.964+0000] {dag.py:3036} INFO - Sync 1 DAGs
[2024-02-03T05:30:23.994+0000] {logging_mixin.py:188} INFO - [2024-02-03T05:30:23.994+0000] {dag.py:3823} INFO - Setting next_dagrun for example_bash_operator to 2024-02-02 00:00:00+00:00, run_after=2024-02-03 00:00:00+00:00
[2024-02-03T05:30:24.033+0000] {processor.py:183} INFO - Processing /home/airflow/.local/lib/python3.8/site-packages/airflow/example_dags/example_bash_operator.py took 0.123 seconds
[2024-02-03T05:30:54.805+0000] {processor.py:161} INFO - Started process (PID=575) to work on /home/airflow/.local/lib/python3.8/site-packages/airflow/example_dags/example_bash_operator.py
[2024-02-03T05:30:54.807+0000] {processor.py:830} INFO - Processing file /home/airflow/.local/lib/python3.8/site-packages/airflow/example_dags/example_bash_operator.py for tasks to queue
[2024-02-03T05:30:54.809+0000] {logging_mixin.py:188} INFO - [2024-02-03T05:30:54.809+0000] {dagbag.py:538} INFO - Filling up the DagBag from /home/airflow/.local/lib/python3.8/site-packages/airflow/example_dags/example_bash_operator.py
[2024-02-03T05:30:54.822+0000] {processor.py:840} INFO - DAG(s) 'example_bash_operator' retrieved from /home/airflow/.local/lib/python3.8/site-packages/airflow/example_dags/example_bash_operator.py
[2024-02-03T05:30:54.860+0000] {logging_mixin.py:188} INFO - [2024-02-03T05:30:54.859+0000] {dag.py:3036} INFO - Sync 1 DAGs
[2024-02-03T05:30:54.889+0000] {logging_mixin.py:188} INFO - [2024-02-03T05:30:54.888+0000] {dag.py:3823} INFO - Setting next_dagrun for example_bash_operator to 2024-02-02 00:00:00+00:00, run_after=2024-02-03 00:00:00+00:00
[2024-02-03T05:30:54.940+0000] {processor.py:183} INFO - Processing /home/airflow/.local/lib/python3.8/site-packages/airflow/example_dags/example_bash_operator.py took 0.137 seconds
[2024-02-03T05:31:25.775+0000] {processor.py:161} INFO - Started process (PID=636) to work on /home/airflow/.local/lib/python3.8/site-packages/airflow/example_dags/example_bash_operator.py
[2024-02-03T05:31:25.777+0000] {processor.py:830} INFO - Processing file /home/airflow/.local/lib/python3.8/site-packages/airflow/example_dags/example_bash_operator.py for tasks to queue
[2024-02-03T05:31:25.782+0000] {logging_mixin.py:188} INFO - [2024-02-03T05:31:25.781+0000] {dagbag.py:538} INFO - Filling up the DagBag from /home/airflow/.local/lib/python3.8/site-packages/airflow/example_dags/example_bash_operator.py
[2024-02-03T05:31:25.799+0000] {processor.py:840} INFO - DAG(s) 'example_bash_operator' retrieved from /home/airflow/.local/lib/python3.8/site-packages/airflow/example_dags/example_bash_operator.py
[2024-02-03T05:31:25.839+0000] {logging_mixin.py:188} INFO - [2024-02-03T05:31:25.838+0000] {dag.py:3036} INFO - Sync 1 DAGs
[2024-02-03T05:31:25.869+0000] {logging_mixin.py:188} INFO - [2024-02-03T05:31:25.868+0000] {dag.py:3823} INFO - Setting next_dagrun for example_bash_operator to 2024-02-02 00:00:00+00:00, run_after=2024-02-03 00:00:00+00:00
[2024-02-03T05:31:25.896+0000] {processor.py:183} INFO - Processing /home/airflow/.local/lib/python3.8/site-packages/airflow/example_dags/example_bash_operator.py took 0.127 seconds
[2024-02-03T05:31:55.985+0000] {processor.py:161} INFO - Started process (PID=707) to work on /home/airflow/.local/lib/python3.8/site-packages/airflow/example_dags/example_bash_operator.py
[2024-02-03T05:31:55.987+0000] {processor.py:830} INFO - Processing file /home/airflow/.local/lib/python3.8/site-packages/airflow/example_dags/example_bash_operator.py for tasks to queue
[2024-02-03T05:31:55.989+0000] {logging_mixin.py:188} INFO - [2024-02-03T05:31:55.988+0000] {dagbag.py:538} INFO - Filling up the DagBag from /home/airflow/.local/lib/python3.8/site-packages/airflow/example_dags/example_bash_operator.py
[2024-02-03T05:31:56.001+0000] {processor.py:840} INFO - DAG(s) 'example_bash_operator' retrieved from /home/airflow/.local/lib/python3.8/site-packages/airflow/example_dags/example_bash_operator.py
[2024-02-03T05:31:56.037+0000] {logging_mixin.py:188} INFO - [2024-02-03T05:31:56.037+0000] {dag.py:3036} INFO - Sync 1 DAGs
[2024-02-03T05:31:56.065+0000] {logging_mixin.py:188} INFO - [2024-02-03T05:31:56.064+0000] {dag.py:3823} INFO - Setting next_dagrun for example_bash_operator to 2024-02-02 00:00:00+00:00, run_after=2024-02-03 00:00:00+00:00
[2024-02-03T05:31:56.089+0000] {processor.py:183} INFO - Processing /home/airflow/.local/lib/python3.8/site-packages/airflow/example_dags/example_bash_operator.py took 0.107 seconds
[2024-02-03T05:32:26.145+0000] {processor.py:161} INFO - Started process (PID=762) to work on /home/airflow/.local/lib/python3.8/site-packages/airflow/example_dags/example_bash_operator.py
[2024-02-03T05:32:26.146+0000] {processor.py:830} INFO - Processing file /home/airflow/.local/lib/python3.8/site-packages/airflow/example_dags/example_bash_operator.py for tasks to queue
[2024-02-03T05:32:26.148+0000] {logging_mixin.py:188} INFO - [2024-02-03T05:32:26.147+0000] {dagbag.py:538} INFO - Filling up the DagBag from /home/airflow/.local/lib/python3.8/site-packages/airflow/example_dags/example_bash_operator.py
[2024-02-03T05:32:26.159+0000] {processor.py:840} INFO - DAG(s) 'example_bash_operator' retrieved from /home/airflow/.local/lib/python3.8/site-packages/airflow/example_dags/example_bash_operator.py
[2024-02-03T05:32:26.195+0000] {logging_mixin.py:188} INFO - [2024-02-03T05:32:26.195+0000] {dag.py:3036} INFO - Sync 1 DAGs
[2024-02-03T05:32:26.221+0000] {logging_mixin.py:188} INFO - [2024-02-03T05:32:26.221+0000] {dag.py:3823} INFO - Setting next_dagrun for example_bash_operator to 2024-02-02 00:00:00+00:00, run_after=2024-02-03 00:00:00+00:00
[2024-02-03T05:32:26.244+0000] {processor.py:183} INFO - Processing /home/airflow/.local/lib/python3.8/site-packages/airflow/example_dags/example_bash_operator.py took 0.102 seconds
[2024-02-03T05:32:57.087+0000] {processor.py:161} INFO - Started process (PID=817) to work on /home/airflow/.local/lib/python3.8/site-packages/airflow/example_dags/example_bash_operator.py
[2024-02-03T05:32:57.088+0000] {processor.py:830} INFO - Processing file /home/airflow/.local/lib/python3.8/site-packages/airflow/example_dags/example_bash_operator.py for tasks to queue
[2024-02-03T05:32:57.090+0000] {logging_mixin.py:188} INFO - [2024-02-03T05:32:57.090+0000] {dagbag.py:538} INFO - Filling up the DagBag from /home/airflow/.local/lib/python3.8/site-packages/airflow/example_dags/example_bash_operator.py
[2024-02-03T05:32:57.102+0000] {processor.py:840} INFO - DAG(s) 'example_bash_operator' retrieved from /home/airflow/.local/lib/python3.8/site-packages/airflow/example_dags/example_bash_operator.py
[2024-02-03T05:32:57.138+0000] {logging_mixin.py:188} INFO - [2024-02-03T05:32:57.138+0000] {dag.py:3036} INFO - Sync 1 DAGs
[2024-02-03T05:32:57.164+0000] {logging_mixin.py:188} INFO - [2024-02-03T05:32:57.164+0000] {dag.py:3823} INFO - Setting next_dagrun for example_bash_operator to 2024-02-02 00:00:00+00:00, run_after=2024-02-03 00:00:00+00:00
[2024-02-03T05:32:57.187+0000] {processor.py:183} INFO - Processing /home/airflow/.local/lib/python3.8/site-packages/airflow/example_dags/example_bash_operator.py took 0.103 seconds
[2024-02-03T06:00:02.502+0000] {processor.py:161} INFO - Started process (PID=80) to work on /home/airflow/.local/lib/python3.8/site-packages/airflow/example_dags/example_bash_operator.py
[2024-02-03T06:00:02.503+0000] {processor.py:830} INFO - Processing file /home/airflow/.local/lib/python3.8/site-packages/airflow/example_dags/example_bash_operator.py for tasks to queue
[2024-02-03T06:00:02.505+0000] {logging_mixin.py:188} INFO - [2024-02-03T06:00:02.505+0000] {dagbag.py:538} INFO - Filling up the DagBag from /home/airflow/.local/lib/python3.8/site-packages/airflow/example_dags/example_bash_operator.py
[2024-02-03T06:00:02.519+0000] {processor.py:840} INFO - DAG(s) 'example_bash_operator' retrieved from /home/airflow/.local/lib/python3.8/site-packages/airflow/example_dags/example_bash_operator.py
[2024-02-03T06:00:02.557+0000] {logging_mixin.py:188} INFO - [2024-02-03T06:00:02.557+0000] {dag.py:3036} INFO - Sync 1 DAGs
[2024-02-03T06:00:02.589+0000] {logging_mixin.py:188} INFO - [2024-02-03T06:00:02.589+0000] {dag.py:3823} INFO - Setting next_dagrun for example_bash_operator to 2024-02-02 00:00:00+00:00, run_after=2024-02-03 00:00:00+00:00
[2024-02-03T06:00:02.617+0000] {processor.py:183} INFO - Processing /home/airflow/.local/lib/python3.8/site-packages/airflow/example_dags/example_bash_operator.py took 0.118 seconds
[2024-02-03T06:00:32.799+0000] {processor.py:161} INFO - Started process (PID=135) to work on /home/airflow/.local/lib/python3.8/site-packages/airflow/example_dags/example_bash_operator.py
[2024-02-03T06:00:32.800+0000] {processor.py:830} INFO - Processing file /home/airflow/.local/lib/python3.8/site-packages/airflow/example_dags/example_bash_operator.py for tasks to queue
[2024-02-03T06:00:32.802+0000] {logging_mixin.py:188} INFO - [2024-02-03T06:00:32.802+0000] {dagbag.py:538} INFO - Filling up the DagBag from /home/airflow/.local/lib/python3.8/site-packages/airflow/example_dags/example_bash_operator.py
[2024-02-03T06:00:32.815+0000] {processor.py:840} INFO - DAG(s) 'example_bash_operator' retrieved from /home/airflow/.local/lib/python3.8/site-packages/airflow/example_dags/example_bash_operator.py
[2024-02-03T06:00:32.852+0000] {logging_mixin.py:188} INFO - [2024-02-03T06:00:32.851+0000] {dag.py:3036} INFO - Sync 1 DAGs
[2024-02-03T06:00:32.882+0000] {logging_mixin.py:188} INFO - [2024-02-03T06:00:32.882+0000] {dag.py:3823} INFO - Setting next_dagrun for example_bash_operator to 2024-02-02 00:00:00+00:00, run_after=2024-02-03 00:00:00+00:00
[2024-02-03T06:00:32.906+0000] {processor.py:183} INFO - Processing /home/airflow/.local/lib/python3.8/site-packages/airflow/example_dags/example_bash_operator.py took 0.110 seconds
[2024-02-03T06:01:03.332+0000] {processor.py:161} INFO - Started process (PID=190) to work on /home/airflow/.local/lib/python3.8/site-packages/airflow/example_dags/example_bash_operator.py
[2024-02-03T06:01:03.333+0000] {processor.py:830} INFO - Processing file /home/airflow/.local/lib/python3.8/site-packages/airflow/example_dags/example_bash_operator.py for tasks to queue
[2024-02-03T06:01:03.335+0000] {logging_mixin.py:188} INFO - [2024-02-03T06:01:03.335+0000] {dagbag.py:538} INFO - Filling up the DagBag from /home/airflow/.local/lib/python3.8/site-packages/airflow/example_dags/example_bash_operator.py
[2024-02-03T06:01:03.348+0000] {processor.py:840} INFO - DAG(s) 'example_bash_operator' retrieved from /home/airflow/.local/lib/python3.8/site-packages/airflow/example_dags/example_bash_operator.py
[2024-02-03T06:01:03.386+0000] {logging_mixin.py:188} INFO - [2024-02-03T06:01:03.385+0000] {dag.py:3036} INFO - Sync 1 DAGs
[2024-02-03T06:01:03.417+0000] {logging_mixin.py:188} INFO - [2024-02-03T06:01:03.417+0000] {dag.py:3823} INFO - Setting next_dagrun for example_bash_operator to 2024-02-02 00:00:00+00:00, run_after=2024-02-03 00:00:00+00:00
[2024-02-03T06:01:03.448+0000] {processor.py:183} INFO - Processing /home/airflow/.local/lib/python3.8/site-packages/airflow/example_dags/example_bash_operator.py took 0.119 seconds
[2024-02-03T06:33:40.629+0000] {processor.py:161} INFO - Started process (PID=80) to work on /home/airflow/.local/lib/python3.8/site-packages/airflow/example_dags/example_bash_operator.py
[2024-02-03T06:33:40.637+0000] {processor.py:830} INFO - Processing file /home/airflow/.local/lib/python3.8/site-packages/airflow/example_dags/example_bash_operator.py for tasks to queue
[2024-02-03T06:33:40.650+0000] {logging_mixin.py:188} INFO - [2024-02-03T06:33:40.649+0000] {dagbag.py:538} INFO - Filling up the DagBag from /home/airflow/.local/lib/python3.8/site-packages/airflow/example_dags/example_bash_operator.py
[2024-02-03T06:33:40.726+0000] {processor.py:840} INFO - DAG(s) 'example_bash_operator' retrieved from /home/airflow/.local/lib/python3.8/site-packages/airflow/example_dags/example_bash_operator.py
[2024-02-03T06:33:40.787+0000] {logging_mixin.py:188} INFO - [2024-02-03T06:33:40.787+0000] {dag.py:3036} INFO - Sync 1 DAGs
[2024-02-03T06:33:40.865+0000] {logging_mixin.py:188} INFO - [2024-02-03T06:33:40.865+0000] {dag.py:3823} INFO - Setting next_dagrun for example_bash_operator to 2024-02-02 00:00:00+00:00, run_after=2024-02-03 00:00:00+00:00
[2024-02-03T06:33:40.926+0000] {processor.py:183} INFO - Processing /home/airflow/.local/lib/python3.8/site-packages/airflow/example_dags/example_bash_operator.py took 0.329 seconds
[2024-02-03T06:34:11.746+0000] {processor.py:161} INFO - Started process (PID=135) to work on /home/airflow/.local/lib/python3.8/site-packages/airflow/example_dags/example_bash_operator.py
[2024-02-03T06:34:11.747+0000] {processor.py:830} INFO - Processing file /home/airflow/.local/lib/python3.8/site-packages/airflow/example_dags/example_bash_operator.py for tasks to queue
[2024-02-03T06:34:11.749+0000] {logging_mixin.py:188} INFO - [2024-02-03T06:34:11.749+0000] {dagbag.py:538} INFO - Filling up the DagBag from /home/airflow/.local/lib/python3.8/site-packages/airflow/example_dags/example_bash_operator.py
[2024-02-03T06:34:11.762+0000] {processor.py:840} INFO - DAG(s) 'example_bash_operator' retrieved from /home/airflow/.local/lib/python3.8/site-packages/airflow/example_dags/example_bash_operator.py
[2024-02-03T06:34:11.888+0000] {logging_mixin.py:188} INFO - [2024-02-03T06:34:11.888+0000] {dag.py:3036} INFO - Sync 1 DAGs
[2024-02-03T06:34:11.914+0000] {logging_mixin.py:188} INFO - [2024-02-03T06:34:11.914+0000] {dag.py:3823} INFO - Setting next_dagrun for example_bash_operator to 2024-02-02 00:00:00+00:00, run_after=2024-02-03 00:00:00+00:00
[2024-02-03T06:34:11.939+0000] {processor.py:183} INFO - Processing /home/airflow/.local/lib/python3.8/site-packages/airflow/example_dags/example_bash_operator.py took 0.196 seconds
[2024-02-03T06:34:42.183+0000] {processor.py:161} INFO - Started process (PID=190) to work on /home/airflow/.local/lib/python3.8/site-packages/airflow/example_dags/example_bash_operator.py
[2024-02-03T06:34:42.185+0000] {processor.py:830} INFO - Processing file /home/airflow/.local/lib/python3.8/site-packages/airflow/example_dags/example_bash_operator.py for tasks to queue
[2024-02-03T06:34:42.186+0000] {logging_mixin.py:188} INFO - [2024-02-03T06:34:42.186+0000] {dagbag.py:538} INFO - Filling up the DagBag from /home/airflow/.local/lib/python3.8/site-packages/airflow/example_dags/example_bash_operator.py
[2024-02-03T06:34:42.199+0000] {processor.py:840} INFO - DAG(s) 'example_bash_operator' retrieved from /home/airflow/.local/lib/python3.8/site-packages/airflow/example_dags/example_bash_operator.py
[2024-02-03T06:34:42.235+0000] {logging_mixin.py:188} INFO - [2024-02-03T06:34:42.235+0000] {dag.py:3036} INFO - Sync 1 DAGs
[2024-02-03T06:34:42.264+0000] {logging_mixin.py:188} INFO - [2024-02-03T06:34:42.264+0000] {dag.py:3823} INFO - Setting next_dagrun for example_bash_operator to 2024-02-02 00:00:00+00:00, run_after=2024-02-03 00:00:00+00:00
[2024-02-03T06:34:42.288+0000] {processor.py:183} INFO - Processing /home/airflow/.local/lib/python3.8/site-packages/airflow/example_dags/example_bash_operator.py took 0.108 seconds
[2024-02-03T06:35:12.605+0000] {processor.py:161} INFO - Started process (PID=245) to work on /home/airflow/.local/lib/python3.8/site-packages/airflow/example_dags/example_bash_operator.py
[2024-02-03T06:35:12.606+0000] {processor.py:830} INFO - Processing file /home/airflow/.local/lib/python3.8/site-packages/airflow/example_dags/example_bash_operator.py for tasks to queue
[2024-02-03T06:35:12.608+0000] {logging_mixin.py:188} INFO - [2024-02-03T06:35:12.608+0000] {dagbag.py:538} INFO - Filling up the DagBag from /home/airflow/.local/lib/python3.8/site-packages/airflow/example_dags/example_bash_operator.py
[2024-02-03T06:35:12.621+0000] {processor.py:840} INFO - DAG(s) 'example_bash_operator' retrieved from /home/airflow/.local/lib/python3.8/site-packages/airflow/example_dags/example_bash_operator.py
[2024-02-03T06:35:12.660+0000] {logging_mixin.py:188} INFO - [2024-02-03T06:35:12.660+0000] {dag.py:3036} INFO - Sync 1 DAGs
[2024-02-03T06:35:12.701+0000] {logging_mixin.py:188} INFO - [2024-02-03T06:35:12.701+0000] {dag.py:3823} INFO - Setting next_dagrun for example_bash_operator to 2024-02-02 00:00:00+00:00, run_after=2024-02-03 00:00:00+00:00
[2024-02-03T06:35:12.725+0000] {processor.py:183} INFO - Processing /home/airflow/.local/lib/python3.8/site-packages/airflow/example_dags/example_bash_operator.py took 0.123 seconds
[2024-02-03T06:35:43.108+0000] {processor.py:161} INFO - Started process (PID=300) to work on /home/airflow/.local/lib/python3.8/site-packages/airflow/example_dags/example_bash_operator.py
[2024-02-03T06:35:43.109+0000] {processor.py:830} INFO - Processing file /home/airflow/.local/lib/python3.8/site-packages/airflow/example_dags/example_bash_operator.py for tasks to queue
[2024-02-03T06:35:43.111+0000] {logging_mixin.py:188} INFO - [2024-02-03T06:35:43.110+0000] {dagbag.py:538} INFO - Filling up the DagBag from /home/airflow/.local/lib/python3.8/site-packages/airflow/example_dags/example_bash_operator.py
[2024-02-03T06:35:43.123+0000] {processor.py:840} INFO - DAG(s) 'example_bash_operator' retrieved from /home/airflow/.local/lib/python3.8/site-packages/airflow/example_dags/example_bash_operator.py
[2024-02-03T06:35:43.161+0000] {logging_mixin.py:188} INFO - [2024-02-03T06:35:43.160+0000] {dag.py:3036} INFO - Sync 1 DAGs
[2024-02-03T06:35:43.190+0000] {logging_mixin.py:188} INFO - [2024-02-03T06:35:43.189+0000] {dag.py:3823} INFO - Setting next_dagrun for example_bash_operator to 2024-02-02 00:00:00+00:00, run_after=2024-02-03 00:00:00+00:00
[2024-02-03T06:35:43.214+0000] {processor.py:183} INFO - Processing /home/airflow/.local/lib/python3.8/site-packages/airflow/example_dags/example_bash_operator.py took 0.109 seconds
[2024-02-03T06:36:13.537+0000] {processor.py:161} INFO - Started process (PID=355) to work on /home/airflow/.local/lib/python3.8/site-packages/airflow/example_dags/example_bash_operator.py
[2024-02-03T06:36:13.539+0000] {processor.py:830} INFO - Processing file /home/airflow/.local/lib/python3.8/site-packages/airflow/example_dags/example_bash_operator.py for tasks to queue
[2024-02-03T06:36:13.540+0000] {logging_mixin.py:188} INFO - [2024-02-03T06:36:13.540+0000] {dagbag.py:538} INFO - Filling up the DagBag from /home/airflow/.local/lib/python3.8/site-packages/airflow/example_dags/example_bash_operator.py
[2024-02-03T06:36:13.555+0000] {processor.py:840} INFO - DAG(s) 'example_bash_operator' retrieved from /home/airflow/.local/lib/python3.8/site-packages/airflow/example_dags/example_bash_operator.py
[2024-02-03T06:36:13.606+0000] {logging_mixin.py:188} INFO - [2024-02-03T06:36:13.605+0000] {dag.py:3036} INFO - Sync 1 DAGs
[2024-02-03T06:36:13.638+0000] {logging_mixin.py:188} INFO - [2024-02-03T06:36:13.638+0000] {dag.py:3823} INFO - Setting next_dagrun for example_bash_operator to 2024-02-02 00:00:00+00:00, run_after=2024-02-03 00:00:00+00:00
[2024-02-03T06:36:13.665+0000] {processor.py:183} INFO - Processing /home/airflow/.local/lib/python3.8/site-packages/airflow/example_dags/example_bash_operator.py took 0.131 seconds
