[2024-02-03T05:26:21.831+0000] {processor.py:161} INFO - Started process (PID=83) to work on /home/airflow/.local/lib/python3.8/site-packages/airflow/example_dags/tutorial.py
[2024-02-03T05:26:21.833+0000] {processor.py:830} INFO - Processing file /home/airflow/.local/lib/python3.8/site-packages/airflow/example_dags/tutorial.py for tasks to queue
[2024-02-03T05:26:21.836+0000] {logging_mixin.py:188} INFO - [2024-02-03T05:26:21.835+0000] {dagbag.py:538} INFO - Filling up the DagBag from /home/airflow/.local/lib/python3.8/site-packages/airflow/example_dags/tutorial.py
[2024-02-03T05:26:21.847+0000] {processor.py:840} INFO - DAG(s) 'tutorial' retrieved from /home/airflow/.local/lib/python3.8/site-packages/airflow/example_dags/tutorial.py
[2024-02-03T05:26:21.993+0000] {logging_mixin.py:188} INFO - [2024-02-03T05:26:21.993+0000] {dag.py:3036} INFO - Sync 1 DAGs
[2024-02-03T05:26:22.036+0000] {logging_mixin.py:188} INFO - [2024-02-03T05:26:22.036+0000] {dag.py:3823} INFO - Setting next_dagrun for tutorial to 2024-02-02 00:00:00+00:00, run_after=2024-02-03 00:00:00+00:00
[2024-02-03T05:26:22.069+0000] {processor.py:183} INFO - Processing /home/airflow/.local/lib/python3.8/site-packages/airflow/example_dags/tutorial.py took 0.242 seconds
[2024-02-03T05:26:52.407+0000] {processor.py:161} INFO - Started process (PID=138) to work on /home/airflow/.local/lib/python3.8/site-packages/airflow/example_dags/tutorial.py
[2024-02-03T05:26:52.408+0000] {processor.py:830} INFO - Processing file /home/airflow/.local/lib/python3.8/site-packages/airflow/example_dags/tutorial.py for tasks to queue
[2024-02-03T05:26:52.411+0000] {logging_mixin.py:188} INFO - [2024-02-03T05:26:52.411+0000] {dagbag.py:538} INFO - Filling up the DagBag from /home/airflow/.local/lib/python3.8/site-packages/airflow/example_dags/tutorial.py
[2024-02-03T05:26:52.417+0000] {processor.py:840} INFO - DAG(s) 'tutorial' retrieved from /home/airflow/.local/lib/python3.8/site-packages/airflow/example_dags/tutorial.py
[2024-02-03T05:26:52.443+0000] {logging_mixin.py:188} INFO - [2024-02-03T05:26:52.442+0000] {dag.py:3036} INFO - Sync 1 DAGs
[2024-02-03T05:26:52.468+0000] {logging_mixin.py:188} INFO - [2024-02-03T05:26:52.468+0000] {dag.py:3823} INFO - Setting next_dagrun for tutorial to 2024-02-02 00:00:00+00:00, run_after=2024-02-03 00:00:00+00:00
[2024-02-03T05:26:52.494+0000] {processor.py:183} INFO - Processing /home/airflow/.local/lib/python3.8/site-packages/airflow/example_dags/tutorial.py took 0.091 seconds
[2024-02-03T05:27:22.580+0000] {processor.py:161} INFO - Started process (PID=193) to work on /home/airflow/.local/lib/python3.8/site-packages/airflow/example_dags/tutorial.py
[2024-02-03T05:27:22.581+0000] {processor.py:830} INFO - Processing file /home/airflow/.local/lib/python3.8/site-packages/airflow/example_dags/tutorial.py for tasks to queue
[2024-02-03T05:27:22.582+0000] {logging_mixin.py:188} INFO - [2024-02-03T05:27:22.582+0000] {dagbag.py:538} INFO - Filling up the DagBag from /home/airflow/.local/lib/python3.8/site-packages/airflow/example_dags/tutorial.py
[2024-02-03T05:27:22.588+0000] {processor.py:840} INFO - DAG(s) 'tutorial' retrieved from /home/airflow/.local/lib/python3.8/site-packages/airflow/example_dags/tutorial.py
[2024-02-03T05:27:22.610+0000] {logging_mixin.py:188} INFO - [2024-02-03T05:27:22.609+0000] {dag.py:3036} INFO - Sync 1 DAGs
[2024-02-03T05:27:22.636+0000] {logging_mixin.py:188} INFO - [2024-02-03T05:27:22.635+0000] {dag.py:3823} INFO - Setting next_dagrun for tutorial to 2024-02-02 00:00:00+00:00, run_after=2024-02-03 00:00:00+00:00
[2024-02-03T05:27:22.659+0000] {processor.py:183} INFO - Processing /home/airflow/.local/lib/python3.8/site-packages/airflow/example_dags/tutorial.py took 0.083 seconds
[2024-02-03T05:27:52.735+0000] {processor.py:161} INFO - Started process (PID=248) to work on /home/airflow/.local/lib/python3.8/site-packages/airflow/example_dags/tutorial.py
[2024-02-03T05:27:52.736+0000] {processor.py:830} INFO - Processing file /home/airflow/.local/lib/python3.8/site-packages/airflow/example_dags/tutorial.py for tasks to queue
[2024-02-03T05:27:52.739+0000] {logging_mixin.py:188} INFO - [2024-02-03T05:27:52.738+0000] {dagbag.py:538} INFO - Filling up the DagBag from /home/airflow/.local/lib/python3.8/site-packages/airflow/example_dags/tutorial.py
[2024-02-03T05:27:52.745+0000] {processor.py:840} INFO - DAG(s) 'tutorial' retrieved from /home/airflow/.local/lib/python3.8/site-packages/airflow/example_dags/tutorial.py
[2024-02-03T05:27:52.770+0000] {logging_mixin.py:188} INFO - [2024-02-03T05:27:52.770+0000] {dag.py:3036} INFO - Sync 1 DAGs
[2024-02-03T05:27:52.797+0000] {logging_mixin.py:188} INFO - [2024-02-03T05:27:52.796+0000] {dag.py:3823} INFO - Setting next_dagrun for tutorial to 2024-02-02 00:00:00+00:00, run_after=2024-02-03 00:00:00+00:00
[2024-02-03T05:27:52.821+0000] {processor.py:183} INFO - Processing /home/airflow/.local/lib/python3.8/site-packages/airflow/example_dags/tutorial.py took 0.089 seconds
[2024-02-03T05:28:22.960+0000] {processor.py:161} INFO - Started process (PID=303) to work on /home/airflow/.local/lib/python3.8/site-packages/airflow/example_dags/tutorial.py
[2024-02-03T05:28:22.961+0000] {processor.py:830} INFO - Processing file /home/airflow/.local/lib/python3.8/site-packages/airflow/example_dags/tutorial.py for tasks to queue
[2024-02-03T05:28:22.964+0000] {logging_mixin.py:188} INFO - [2024-02-03T05:28:22.963+0000] {dagbag.py:538} INFO - Filling up the DagBag from /home/airflow/.local/lib/python3.8/site-packages/airflow/example_dags/tutorial.py
[2024-02-03T05:28:22.970+0000] {processor.py:840} INFO - DAG(s) 'tutorial' retrieved from /home/airflow/.local/lib/python3.8/site-packages/airflow/example_dags/tutorial.py
[2024-02-03T05:28:22.996+0000] {logging_mixin.py:188} INFO - [2024-02-03T05:28:22.996+0000] {dag.py:3036} INFO - Sync 1 DAGs
[2024-02-03T05:28:23.022+0000] {logging_mixin.py:188} INFO - [2024-02-03T05:28:23.022+0000] {dag.py:3823} INFO - Setting next_dagrun for tutorial to 2024-02-02 00:00:00+00:00, run_after=2024-02-03 00:00:00+00:00
[2024-02-03T05:28:23.047+0000] {processor.py:183} INFO - Processing /home/airflow/.local/lib/python3.8/site-packages/airflow/example_dags/tutorial.py took 0.090 seconds
[2024-02-03T05:28:53.251+0000] {processor.py:161} INFO - Started process (PID=358) to work on /home/airflow/.local/lib/python3.8/site-packages/airflow/example_dags/tutorial.py
[2024-02-03T05:28:53.253+0000] {processor.py:830} INFO - Processing file /home/airflow/.local/lib/python3.8/site-packages/airflow/example_dags/tutorial.py for tasks to queue
[2024-02-03T05:28:53.255+0000] {logging_mixin.py:188} INFO - [2024-02-03T05:28:53.255+0000] {dagbag.py:538} INFO - Filling up the DagBag from /home/airflow/.local/lib/python3.8/site-packages/airflow/example_dags/tutorial.py
[2024-02-03T05:28:53.261+0000] {processor.py:840} INFO - DAG(s) 'tutorial' retrieved from /home/airflow/.local/lib/python3.8/site-packages/airflow/example_dags/tutorial.py
[2024-02-03T05:28:53.286+0000] {logging_mixin.py:188} INFO - [2024-02-03T05:28:53.286+0000] {dag.py:3036} INFO - Sync 1 DAGs
[2024-02-03T05:28:53.316+0000] {logging_mixin.py:188} INFO - [2024-02-03T05:28:53.316+0000] {dag.py:3823} INFO - Setting next_dagrun for tutorial to 2024-02-02 00:00:00+00:00, run_after=2024-02-03 00:00:00+00:00
[2024-02-03T05:28:53.340+0000] {processor.py:183} INFO - Processing /home/airflow/.local/lib/python3.8/site-packages/airflow/example_dags/tutorial.py took 0.092 seconds
[2024-02-03T05:29:23.704+0000] {processor.py:161} INFO - Started process (PID=413) to work on /home/airflow/.local/lib/python3.8/site-packages/airflow/example_dags/tutorial.py
[2024-02-03T05:29:23.705+0000] {processor.py:830} INFO - Processing file /home/airflow/.local/lib/python3.8/site-packages/airflow/example_dags/tutorial.py for tasks to queue
[2024-02-03T05:29:23.707+0000] {logging_mixin.py:188} INFO - [2024-02-03T05:29:23.707+0000] {dagbag.py:538} INFO - Filling up the DagBag from /home/airflow/.local/lib/python3.8/site-packages/airflow/example_dags/tutorial.py
[2024-02-03T05:29:23.715+0000] {processor.py:840} INFO - DAG(s) 'tutorial' retrieved from /home/airflow/.local/lib/python3.8/site-packages/airflow/example_dags/tutorial.py
[2024-02-03T05:29:23.739+0000] {logging_mixin.py:188} INFO - [2024-02-03T05:29:23.739+0000] {dag.py:3036} INFO - Sync 1 DAGs
[2024-02-03T05:29:23.769+0000] {logging_mixin.py:188} INFO - [2024-02-03T05:29:23.769+0000] {dag.py:3823} INFO - Setting next_dagrun for tutorial to 2024-02-02 00:00:00+00:00, run_after=2024-02-03 00:00:00+00:00
[2024-02-03T05:29:23.797+0000] {processor.py:183} INFO - Processing /home/airflow/.local/lib/python3.8/site-packages/airflow/example_dags/tutorial.py took 0.097 seconds
[2024-02-03T05:29:53.976+0000] {processor.py:161} INFO - Started process (PID=468) to work on /home/airflow/.local/lib/python3.8/site-packages/airflow/example_dags/tutorial.py
[2024-02-03T05:29:53.978+0000] {processor.py:830} INFO - Processing file /home/airflow/.local/lib/python3.8/site-packages/airflow/example_dags/tutorial.py for tasks to queue
[2024-02-03T05:29:53.980+0000] {logging_mixin.py:188} INFO - [2024-02-03T05:29:53.979+0000] {dagbag.py:538} INFO - Filling up the DagBag from /home/airflow/.local/lib/python3.8/site-packages/airflow/example_dags/tutorial.py
[2024-02-03T05:29:53.986+0000] {processor.py:840} INFO - DAG(s) 'tutorial' retrieved from /home/airflow/.local/lib/python3.8/site-packages/airflow/example_dags/tutorial.py
[2024-02-03T05:29:54.016+0000] {logging_mixin.py:188} INFO - [2024-02-03T05:29:54.015+0000] {dag.py:3036} INFO - Sync 1 DAGs
[2024-02-03T05:29:54.042+0000] {logging_mixin.py:188} INFO - [2024-02-03T05:29:54.042+0000] {dag.py:3823} INFO - Setting next_dagrun for tutorial to 2024-02-02 00:00:00+00:00, run_after=2024-02-03 00:00:00+00:00
[2024-02-03T05:29:54.069+0000] {processor.py:183} INFO - Processing /home/airflow/.local/lib/python3.8/site-packages/airflow/example_dags/tutorial.py took 0.096 seconds
[2024-02-03T05:30:24.189+0000] {processor.py:161} INFO - Started process (PID=523) to work on /home/airflow/.local/lib/python3.8/site-packages/airflow/example_dags/tutorial.py
[2024-02-03T05:30:24.190+0000] {processor.py:830} INFO - Processing file /home/airflow/.local/lib/python3.8/site-packages/airflow/example_dags/tutorial.py for tasks to queue
[2024-02-03T05:30:24.192+0000] {logging_mixin.py:188} INFO - [2024-02-03T05:30:24.191+0000] {dagbag.py:538} INFO - Filling up the DagBag from /home/airflow/.local/lib/python3.8/site-packages/airflow/example_dags/tutorial.py
[2024-02-03T05:30:24.198+0000] {processor.py:840} INFO - DAG(s) 'tutorial' retrieved from /home/airflow/.local/lib/python3.8/site-packages/airflow/example_dags/tutorial.py
[2024-02-03T05:30:24.221+0000] {logging_mixin.py:188} INFO - [2024-02-03T05:30:24.221+0000] {dag.py:3036} INFO - Sync 1 DAGs
[2024-02-03T05:30:24.250+0000] {logging_mixin.py:188} INFO - [2024-02-03T05:30:24.250+0000] {dag.py:3823} INFO - Setting next_dagrun for tutorial to 2024-02-02 00:00:00+00:00, run_after=2024-02-03 00:00:00+00:00
[2024-02-03T05:30:24.274+0000] {processor.py:183} INFO - Processing /home/airflow/.local/lib/python3.8/site-packages/airflow/example_dags/tutorial.py took 0.089 seconds
[2024-02-03T05:30:55.112+0000] {processor.py:161} INFO - Started process (PID=584) to work on /home/airflow/.local/lib/python3.8/site-packages/airflow/example_dags/tutorial.py
[2024-02-03T05:30:55.113+0000] {processor.py:830} INFO - Processing file /home/airflow/.local/lib/python3.8/site-packages/airflow/example_dags/tutorial.py for tasks to queue
[2024-02-03T05:30:55.115+0000] {logging_mixin.py:188} INFO - [2024-02-03T05:30:55.115+0000] {dagbag.py:538} INFO - Filling up the DagBag from /home/airflow/.local/lib/python3.8/site-packages/airflow/example_dags/tutorial.py
[2024-02-03T05:30:55.120+0000] {processor.py:840} INFO - DAG(s) 'tutorial' retrieved from /home/airflow/.local/lib/python3.8/site-packages/airflow/example_dags/tutorial.py
[2024-02-03T05:30:55.147+0000] {logging_mixin.py:188} INFO - [2024-02-03T05:30:55.147+0000] {dag.py:3036} INFO - Sync 1 DAGs
[2024-02-03T05:30:55.171+0000] {logging_mixin.py:188} INFO - [2024-02-03T05:30:55.171+0000] {dag.py:3823} INFO - Setting next_dagrun for tutorial to 2024-02-02 00:00:00+00:00, run_after=2024-02-03 00:00:00+00:00
[2024-02-03T05:30:55.196+0000] {processor.py:183} INFO - Processing /home/airflow/.local/lib/python3.8/site-packages/airflow/example_dags/tutorial.py took 0.087 seconds
[2024-02-03T05:31:26.022+0000] {processor.py:161} INFO - Started process (PID=639) to work on /home/airflow/.local/lib/python3.8/site-packages/airflow/example_dags/tutorial.py
[2024-02-03T05:31:26.024+0000] {processor.py:830} INFO - Processing file /home/airflow/.local/lib/python3.8/site-packages/airflow/example_dags/tutorial.py for tasks to queue
[2024-02-03T05:31:26.026+0000] {logging_mixin.py:188} INFO - [2024-02-03T05:31:26.025+0000] {dagbag.py:538} INFO - Filling up the DagBag from /home/airflow/.local/lib/python3.8/site-packages/airflow/example_dags/tutorial.py
[2024-02-03T05:31:26.035+0000] {processor.py:840} INFO - DAG(s) 'tutorial' retrieved from /home/airflow/.local/lib/python3.8/site-packages/airflow/example_dags/tutorial.py
[2024-02-03T05:31:26.063+0000] {logging_mixin.py:188} INFO - [2024-02-03T05:31:26.062+0000] {dag.py:3036} INFO - Sync 1 DAGs
[2024-02-03T05:31:26.089+0000] {logging_mixin.py:188} INFO - [2024-02-03T05:31:26.089+0000] {dag.py:3823} INFO - Setting next_dagrun for tutorial to 2024-02-02 00:00:00+00:00, run_after=2024-02-03 00:00:00+00:00
[2024-02-03T05:31:26.115+0000] {processor.py:183} INFO - Processing /home/airflow/.local/lib/python3.8/site-packages/airflow/example_dags/tutorial.py took 0.096 seconds
[2024-02-03T05:31:56.199+0000] {processor.py:161} INFO - Started process (PID=710) to work on /home/airflow/.local/lib/python3.8/site-packages/airflow/example_dags/tutorial.py
[2024-02-03T05:31:56.200+0000] {processor.py:830} INFO - Processing file /home/airflow/.local/lib/python3.8/site-packages/airflow/example_dags/tutorial.py for tasks to queue
[2024-02-03T05:31:56.202+0000] {logging_mixin.py:188} INFO - [2024-02-03T05:31:56.202+0000] {dagbag.py:538} INFO - Filling up the DagBag from /home/airflow/.local/lib/python3.8/site-packages/airflow/example_dags/tutorial.py
[2024-02-03T05:31:56.209+0000] {processor.py:840} INFO - DAG(s) 'tutorial' retrieved from /home/airflow/.local/lib/python3.8/site-packages/airflow/example_dags/tutorial.py
[2024-02-03T05:31:56.235+0000] {logging_mixin.py:188} INFO - [2024-02-03T05:31:56.234+0000] {dag.py:3036} INFO - Sync 1 DAGs
[2024-02-03T05:31:56.263+0000] {logging_mixin.py:188} INFO - [2024-02-03T05:31:56.263+0000] {dag.py:3823} INFO - Setting next_dagrun for tutorial to 2024-02-02 00:00:00+00:00, run_after=2024-02-03 00:00:00+00:00
[2024-02-03T05:31:56.288+0000] {processor.py:183} INFO - Processing /home/airflow/.local/lib/python3.8/site-packages/airflow/example_dags/tutorial.py took 0.092 seconds
[2024-02-03T05:32:26.401+0000] {processor.py:161} INFO - Started process (PID=765) to work on /home/airflow/.local/lib/python3.8/site-packages/airflow/example_dags/tutorial.py
[2024-02-03T05:32:26.403+0000] {processor.py:830} INFO - Processing file /home/airflow/.local/lib/python3.8/site-packages/airflow/example_dags/tutorial.py for tasks to queue
[2024-02-03T05:32:26.405+0000] {logging_mixin.py:188} INFO - [2024-02-03T05:32:26.404+0000] {dagbag.py:538} INFO - Filling up the DagBag from /home/airflow/.local/lib/python3.8/site-packages/airflow/example_dags/tutorial.py
[2024-02-03T05:32:26.413+0000] {processor.py:840} INFO - DAG(s) 'tutorial' retrieved from /home/airflow/.local/lib/python3.8/site-packages/airflow/example_dags/tutorial.py
[2024-02-03T05:32:26.440+0000] {logging_mixin.py:188} INFO - [2024-02-03T05:32:26.439+0000] {dag.py:3036} INFO - Sync 1 DAGs
[2024-02-03T05:32:26.468+0000] {logging_mixin.py:188} INFO - [2024-02-03T05:32:26.468+0000] {dag.py:3823} INFO - Setting next_dagrun for tutorial to 2024-02-02 00:00:00+00:00, run_after=2024-02-03 00:00:00+00:00
[2024-02-03T05:32:26.492+0000] {processor.py:183} INFO - Processing /home/airflow/.local/lib/python3.8/site-packages/airflow/example_dags/tutorial.py took 0.094 seconds
[2024-02-03T05:32:57.292+0000] {processor.py:161} INFO - Started process (PID=820) to work on /home/airflow/.local/lib/python3.8/site-packages/airflow/example_dags/tutorial.py
[2024-02-03T05:32:57.293+0000] {processor.py:830} INFO - Processing file /home/airflow/.local/lib/python3.8/site-packages/airflow/example_dags/tutorial.py for tasks to queue
[2024-02-03T05:32:57.295+0000] {logging_mixin.py:188} INFO - [2024-02-03T05:32:57.295+0000] {dagbag.py:538} INFO - Filling up the DagBag from /home/airflow/.local/lib/python3.8/site-packages/airflow/example_dags/tutorial.py
[2024-02-03T05:32:57.301+0000] {processor.py:840} INFO - DAG(s) 'tutorial' retrieved from /home/airflow/.local/lib/python3.8/site-packages/airflow/example_dags/tutorial.py
[2024-02-03T05:32:57.323+0000] {logging_mixin.py:188} INFO - [2024-02-03T05:32:57.323+0000] {dag.py:3036} INFO - Sync 1 DAGs
[2024-02-03T05:32:57.348+0000] {logging_mixin.py:188} INFO - [2024-02-03T05:32:57.347+0000] {dag.py:3823} INFO - Setting next_dagrun for tutorial to 2024-02-02 00:00:00+00:00, run_after=2024-02-03 00:00:00+00:00
[2024-02-03T05:32:57.372+0000] {processor.py:183} INFO - Processing /home/airflow/.local/lib/python3.8/site-packages/airflow/example_dags/tutorial.py took 0.083 seconds
[2024-02-03T06:00:02.764+0000] {processor.py:161} INFO - Started process (PID=83) to work on /home/airflow/.local/lib/python3.8/site-packages/airflow/example_dags/tutorial.py
[2024-02-03T06:00:02.766+0000] {processor.py:830} INFO - Processing file /home/airflow/.local/lib/python3.8/site-packages/airflow/example_dags/tutorial.py for tasks to queue
[2024-02-03T06:00:02.769+0000] {logging_mixin.py:188} INFO - [2024-02-03T06:00:02.769+0000] {dagbag.py:538} INFO - Filling up the DagBag from /home/airflow/.local/lib/python3.8/site-packages/airflow/example_dags/tutorial.py
[2024-02-03T06:00:02.776+0000] {processor.py:840} INFO - DAG(s) 'tutorial' retrieved from /home/airflow/.local/lib/python3.8/site-packages/airflow/example_dags/tutorial.py
[2024-02-03T06:00:02.801+0000] {logging_mixin.py:188} INFO - [2024-02-03T06:00:02.801+0000] {dag.py:3036} INFO - Sync 1 DAGs
[2024-02-03T06:00:02.828+0000] {logging_mixin.py:188} INFO - [2024-02-03T06:00:02.828+0000] {dag.py:3823} INFO - Setting next_dagrun for tutorial to 2024-02-02 00:00:00+00:00, run_after=2024-02-03 00:00:00+00:00
[2024-02-03T06:00:02.854+0000] {processor.py:183} INFO - Processing /home/airflow/.local/lib/python3.8/site-packages/airflow/example_dags/tutorial.py took 0.094 seconds
[2024-02-03T06:00:33.022+0000] {processor.py:161} INFO - Started process (PID=138) to work on /home/airflow/.local/lib/python3.8/site-packages/airflow/example_dags/tutorial.py
[2024-02-03T06:00:33.024+0000] {processor.py:830} INFO - Processing file /home/airflow/.local/lib/python3.8/site-packages/airflow/example_dags/tutorial.py for tasks to queue
[2024-02-03T06:00:33.027+0000] {logging_mixin.py:188} INFO - [2024-02-03T06:00:33.026+0000] {dagbag.py:538} INFO - Filling up the DagBag from /home/airflow/.local/lib/python3.8/site-packages/airflow/example_dags/tutorial.py
[2024-02-03T06:00:33.032+0000] {processor.py:840} INFO - DAG(s) 'tutorial' retrieved from /home/airflow/.local/lib/python3.8/site-packages/airflow/example_dags/tutorial.py
[2024-02-03T06:00:33.066+0000] {logging_mixin.py:188} INFO - [2024-02-03T06:00:33.065+0000] {dag.py:3036} INFO - Sync 1 DAGs
[2024-02-03T06:00:33.095+0000] {logging_mixin.py:188} INFO - [2024-02-03T06:00:33.095+0000] {dag.py:3823} INFO - Setting next_dagrun for tutorial to 2024-02-02 00:00:00+00:00, run_after=2024-02-03 00:00:00+00:00
[2024-02-03T06:00:33.121+0000] {processor.py:183} INFO - Processing /home/airflow/.local/lib/python3.8/site-packages/airflow/example_dags/tutorial.py took 0.102 seconds
[2024-02-03T06:01:03.600+0000] {processor.py:161} INFO - Started process (PID=193) to work on /home/airflow/.local/lib/python3.8/site-packages/airflow/example_dags/tutorial.py
[2024-02-03T06:01:03.601+0000] {processor.py:830} INFO - Processing file /home/airflow/.local/lib/python3.8/site-packages/airflow/example_dags/tutorial.py for tasks to queue
[2024-02-03T06:01:03.603+0000] {logging_mixin.py:188} INFO - [2024-02-03T06:01:03.603+0000] {dagbag.py:538} INFO - Filling up the DagBag from /home/airflow/.local/lib/python3.8/site-packages/airflow/example_dags/tutorial.py
[2024-02-03T06:01:03.609+0000] {processor.py:840} INFO - DAG(s) 'tutorial' retrieved from /home/airflow/.local/lib/python3.8/site-packages/airflow/example_dags/tutorial.py
[2024-02-03T06:01:03.633+0000] {logging_mixin.py:188} INFO - [2024-02-03T06:01:03.632+0000] {dag.py:3036} INFO - Sync 1 DAGs
[2024-02-03T06:01:03.657+0000] {logging_mixin.py:188} INFO - [2024-02-03T06:01:03.657+0000] {dag.py:3823} INFO - Setting next_dagrun for tutorial to 2024-02-02 00:00:00+00:00, run_after=2024-02-03 00:00:00+00:00
[2024-02-03T06:01:03.681+0000] {processor.py:183} INFO - Processing /home/airflow/.local/lib/python3.8/site-packages/airflow/example_dags/tutorial.py took 0.084 seconds
[2024-02-03T06:33:41.193+0000] {processor.py:161} INFO - Started process (PID=83) to work on /home/airflow/.local/lib/python3.8/site-packages/airflow/example_dags/tutorial.py
[2024-02-03T06:33:41.197+0000] {processor.py:830} INFO - Processing file /home/airflow/.local/lib/python3.8/site-packages/airflow/example_dags/tutorial.py for tasks to queue
[2024-02-03T06:33:41.205+0000] {logging_mixin.py:188} INFO - [2024-02-03T06:33:41.204+0000] {dagbag.py:538} INFO - Filling up the DagBag from /home/airflow/.local/lib/python3.8/site-packages/airflow/example_dags/tutorial.py
[2024-02-03T06:33:41.224+0000] {processor.py:840} INFO - DAG(s) 'tutorial' retrieved from /home/airflow/.local/lib/python3.8/site-packages/airflow/example_dags/tutorial.py
[2024-02-03T06:33:41.267+0000] {logging_mixin.py:188} INFO - [2024-02-03T06:33:41.267+0000] {dag.py:3036} INFO - Sync 1 DAGs
[2024-02-03T06:33:41.378+0000] {logging_mixin.py:188} INFO - [2024-02-03T06:33:41.377+0000] {dag.py:3823} INFO - Setting next_dagrun for tutorial to 2024-02-02 00:00:00+00:00, run_after=2024-02-03 00:00:00+00:00
[2024-02-03T06:33:41.433+0000] {processor.py:183} INFO - Processing /home/airflow/.local/lib/python3.8/site-packages/airflow/example_dags/tutorial.py took 0.252 seconds
[2024-02-03T06:34:12.171+0000] {processor.py:161} INFO - Started process (PID=138) to work on /home/airflow/.local/lib/python3.8/site-packages/airflow/example_dags/tutorial.py
[2024-02-03T06:34:12.172+0000] {processor.py:830} INFO - Processing file /home/airflow/.local/lib/python3.8/site-packages/airflow/example_dags/tutorial.py for tasks to queue
[2024-02-03T06:34:12.175+0000] {logging_mixin.py:188} INFO - [2024-02-03T06:34:12.174+0000] {dagbag.py:538} INFO - Filling up the DagBag from /home/airflow/.local/lib/python3.8/site-packages/airflow/example_dags/tutorial.py
[2024-02-03T06:34:12.185+0000] {processor.py:840} INFO - DAG(s) 'tutorial' retrieved from /home/airflow/.local/lib/python3.8/site-packages/airflow/example_dags/tutorial.py
[2024-02-03T06:34:12.321+0000] {logging_mixin.py:188} INFO - [2024-02-03T06:34:12.321+0000] {dag.py:3036} INFO - Sync 1 DAGs
[2024-02-03T06:34:12.343+0000] {logging_mixin.py:188} INFO - [2024-02-03T06:34:12.343+0000] {dag.py:3823} INFO - Setting next_dagrun for tutorial to 2024-02-02 00:00:00+00:00, run_after=2024-02-03 00:00:00+00:00
[2024-02-03T06:34:12.368+0000] {processor.py:183} INFO - Processing /home/airflow/.local/lib/python3.8/site-packages/airflow/example_dags/tutorial.py took 0.200 seconds
[2024-02-03T06:34:42.488+0000] {processor.py:161} INFO - Started process (PID=193) to work on /home/airflow/.local/lib/python3.8/site-packages/airflow/example_dags/tutorial.py
[2024-02-03T06:34:42.489+0000] {processor.py:830} INFO - Processing file /home/airflow/.local/lib/python3.8/site-packages/airflow/example_dags/tutorial.py for tasks to queue
[2024-02-03T06:34:42.491+0000] {logging_mixin.py:188} INFO - [2024-02-03T06:34:42.491+0000] {dagbag.py:538} INFO - Filling up the DagBag from /home/airflow/.local/lib/python3.8/site-packages/airflow/example_dags/tutorial.py
[2024-02-03T06:34:42.496+0000] {processor.py:840} INFO - DAG(s) 'tutorial' retrieved from /home/airflow/.local/lib/python3.8/site-packages/airflow/example_dags/tutorial.py
[2024-02-03T06:34:42.519+0000] {logging_mixin.py:188} INFO - [2024-02-03T06:34:42.519+0000] {dag.py:3036} INFO - Sync 1 DAGs
[2024-02-03T06:34:42.546+0000] {logging_mixin.py:188} INFO - [2024-02-03T06:34:42.545+0000] {dag.py:3823} INFO - Setting next_dagrun for tutorial to 2024-02-02 00:00:00+00:00, run_after=2024-02-03 00:00:00+00:00
[2024-02-03T06:34:42.568+0000] {processor.py:183} INFO - Processing /home/airflow/.local/lib/python3.8/site-packages/airflow/example_dags/tutorial.py took 0.083 seconds
[2024-02-03T06:35:12.863+0000] {processor.py:161} INFO - Started process (PID=248) to work on /home/airflow/.local/lib/python3.8/site-packages/airflow/example_dags/tutorial.py
[2024-02-03T06:35:12.864+0000] {processor.py:830} INFO - Processing file /home/airflow/.local/lib/python3.8/site-packages/airflow/example_dags/tutorial.py for tasks to queue
[2024-02-03T06:35:12.866+0000] {logging_mixin.py:188} INFO - [2024-02-03T06:35:12.866+0000] {dagbag.py:538} INFO - Filling up the DagBag from /home/airflow/.local/lib/python3.8/site-packages/airflow/example_dags/tutorial.py
[2024-02-03T06:35:12.871+0000] {processor.py:840} INFO - DAG(s) 'tutorial' retrieved from /home/airflow/.local/lib/python3.8/site-packages/airflow/example_dags/tutorial.py
[2024-02-03T06:35:12.895+0000] {logging_mixin.py:188} INFO - [2024-02-03T06:35:12.894+0000] {dag.py:3036} INFO - Sync 1 DAGs
[2024-02-03T06:35:12.920+0000] {logging_mixin.py:188} INFO - [2024-02-03T06:35:12.920+0000] {dag.py:3823} INFO - Setting next_dagrun for tutorial to 2024-02-02 00:00:00+00:00, run_after=2024-02-03 00:00:00+00:00
[2024-02-03T06:35:12.944+0000] {processor.py:183} INFO - Processing /home/airflow/.local/lib/python3.8/site-packages/airflow/example_dags/tutorial.py took 0.083 seconds
[2024-02-03T06:35:43.324+0000] {processor.py:161} INFO - Started process (PID=303) to work on /home/airflow/.local/lib/python3.8/site-packages/airflow/example_dags/tutorial.py
[2024-02-03T06:35:43.325+0000] {processor.py:830} INFO - Processing file /home/airflow/.local/lib/python3.8/site-packages/airflow/example_dags/tutorial.py for tasks to queue
[2024-02-03T06:35:43.327+0000] {logging_mixin.py:188} INFO - [2024-02-03T06:35:43.327+0000] {dagbag.py:538} INFO - Filling up the DagBag from /home/airflow/.local/lib/python3.8/site-packages/airflow/example_dags/tutorial.py
[2024-02-03T06:35:43.333+0000] {processor.py:840} INFO - DAG(s) 'tutorial' retrieved from /home/airflow/.local/lib/python3.8/site-packages/airflow/example_dags/tutorial.py
[2024-02-03T06:35:43.356+0000] {logging_mixin.py:188} INFO - [2024-02-03T06:35:43.355+0000] {dag.py:3036} INFO - Sync 1 DAGs
[2024-02-03T06:35:43.382+0000] {logging_mixin.py:188} INFO - [2024-02-03T06:35:43.382+0000] {dag.py:3823} INFO - Setting next_dagrun for tutorial to 2024-02-02 00:00:00+00:00, run_after=2024-02-03 00:00:00+00:00
[2024-02-03T06:35:43.405+0000] {processor.py:183} INFO - Processing /home/airflow/.local/lib/python3.8/site-packages/airflow/example_dags/tutorial.py took 0.084 seconds
[2024-02-03T06:36:13.778+0000] {processor.py:161} INFO - Started process (PID=358) to work on /home/airflow/.local/lib/python3.8/site-packages/airflow/example_dags/tutorial.py
[2024-02-03T06:36:13.779+0000] {processor.py:830} INFO - Processing file /home/airflow/.local/lib/python3.8/site-packages/airflow/example_dags/tutorial.py for tasks to queue
[2024-02-03T06:36:13.781+0000] {logging_mixin.py:188} INFO - [2024-02-03T06:36:13.781+0000] {dagbag.py:538} INFO - Filling up the DagBag from /home/airflow/.local/lib/python3.8/site-packages/airflow/example_dags/tutorial.py
[2024-02-03T06:36:13.787+0000] {processor.py:840} INFO - DAG(s) 'tutorial' retrieved from /home/airflow/.local/lib/python3.8/site-packages/airflow/example_dags/tutorial.py
[2024-02-03T06:36:13.810+0000] {logging_mixin.py:188} INFO - [2024-02-03T06:36:13.810+0000] {dag.py:3036} INFO - Sync 1 DAGs
[2024-02-03T06:36:13.834+0000] {logging_mixin.py:188} INFO - [2024-02-03T06:36:13.834+0000] {dag.py:3823} INFO - Setting next_dagrun for tutorial to 2024-02-02 00:00:00+00:00, run_after=2024-02-03 00:00:00+00:00
[2024-02-03T06:36:13.858+0000] {processor.py:183} INFO - Processing /home/airflow/.local/lib/python3.8/site-packages/airflow/example_dags/tutorial.py took 0.083 seconds
