[2024-02-03T05:26:15.931+0000] {processor.py:161} INFO - Started process (PID=52) to work on /home/airflow/.local/lib/python3.8/site-packages/airflow/example_dags/tutorial_taskflow_api.py
[2024-02-03T05:26:15.933+0000] {processor.py:830} INFO - Processing file /home/airflow/.local/lib/python3.8/site-packages/airflow/example_dags/tutorial_taskflow_api.py for tasks to queue
[2024-02-03T05:26:15.936+0000] {logging_mixin.py:188} INFO - [2024-02-03T05:26:15.936+0000] {dagbag.py:538} INFO - Filling up the DagBag from /home/airflow/.local/lib/python3.8/site-packages/airflow/example_dags/tutorial_taskflow_api.py
[2024-02-03T05:26:15.951+0000] {processor.py:840} INFO - DAG(s) 'tutorial_taskflow_api' retrieved from /home/airflow/.local/lib/python3.8/site-packages/airflow/example_dags/tutorial_taskflow_api.py
[2024-02-03T05:26:16.096+0000] {logging_mixin.py:188} INFO - [2024-02-03T05:26:16.095+0000] {dag.py:3036} INFO - Sync 1 DAGs
[2024-02-03T05:26:16.114+0000] {logging_mixin.py:188} INFO - [2024-02-03T05:26:16.114+0000] {dag.py:3823} INFO - Setting next_dagrun for tutorial_taskflow_api to None, run_after=None
[2024-02-03T05:26:16.156+0000] {processor.py:183} INFO - Processing /home/airflow/.local/lib/python3.8/site-packages/airflow/example_dags/tutorial_taskflow_api.py took 0.230 seconds
[2024-02-03T05:26:47.110+0000] {processor.py:161} INFO - Started process (PID=107) to work on /home/airflow/.local/lib/python3.8/site-packages/airflow/example_dags/tutorial_taskflow_api.py
[2024-02-03T05:26:47.111+0000] {processor.py:830} INFO - Processing file /home/airflow/.local/lib/python3.8/site-packages/airflow/example_dags/tutorial_taskflow_api.py for tasks to queue
[2024-02-03T05:26:47.113+0000] {logging_mixin.py:188} INFO - [2024-02-03T05:26:47.113+0000] {dagbag.py:538} INFO - Filling up the DagBag from /home/airflow/.local/lib/python3.8/site-packages/airflow/example_dags/tutorial_taskflow_api.py
[2024-02-03T05:26:47.119+0000] {processor.py:840} INFO - DAG(s) 'tutorial_taskflow_api' retrieved from /home/airflow/.local/lib/python3.8/site-packages/airflow/example_dags/tutorial_taskflow_api.py
[2024-02-03T05:26:47.144+0000] {logging_mixin.py:188} INFO - [2024-02-03T05:26:47.143+0000] {dag.py:3036} INFO - Sync 1 DAGs
[2024-02-03T05:26:47.159+0000] {logging_mixin.py:188} INFO - [2024-02-03T05:26:47.158+0000] {dag.py:3823} INFO - Setting next_dagrun for tutorial_taskflow_api to None, run_after=None
[2024-02-03T05:26:47.184+0000] {processor.py:183} INFO - Processing /home/airflow/.local/lib/python3.8/site-packages/airflow/example_dags/tutorial_taskflow_api.py took 0.076 seconds
[2024-02-03T05:27:17.432+0000] {processor.py:161} INFO - Started process (PID=162) to work on /home/airflow/.local/lib/python3.8/site-packages/airflow/example_dags/tutorial_taskflow_api.py
[2024-02-03T05:27:17.433+0000] {processor.py:830} INFO - Processing file /home/airflow/.local/lib/python3.8/site-packages/airflow/example_dags/tutorial_taskflow_api.py for tasks to queue
[2024-02-03T05:27:17.435+0000] {logging_mixin.py:188} INFO - [2024-02-03T05:27:17.435+0000] {dagbag.py:538} INFO - Filling up the DagBag from /home/airflow/.local/lib/python3.8/site-packages/airflow/example_dags/tutorial_taskflow_api.py
[2024-02-03T05:27:17.441+0000] {processor.py:840} INFO - DAG(s) 'tutorial_taskflow_api' retrieved from /home/airflow/.local/lib/python3.8/site-packages/airflow/example_dags/tutorial_taskflow_api.py
[2024-02-03T05:27:17.466+0000] {logging_mixin.py:188} INFO - [2024-02-03T05:27:17.466+0000] {dag.py:3036} INFO - Sync 1 DAGs
[2024-02-03T05:27:17.482+0000] {logging_mixin.py:188} INFO - [2024-02-03T05:27:17.481+0000] {dag.py:3823} INFO - Setting next_dagrun for tutorial_taskflow_api to None, run_after=None
[2024-02-03T05:27:17.505+0000] {processor.py:183} INFO - Processing /home/airflow/.local/lib/python3.8/site-packages/airflow/example_dags/tutorial_taskflow_api.py took 0.076 seconds
[2024-02-03T05:27:47.692+0000] {processor.py:161} INFO - Started process (PID=217) to work on /home/airflow/.local/lib/python3.8/site-packages/airflow/example_dags/tutorial_taskflow_api.py
[2024-02-03T05:27:47.693+0000] {processor.py:830} INFO - Processing file /home/airflow/.local/lib/python3.8/site-packages/airflow/example_dags/tutorial_taskflow_api.py for tasks to queue
[2024-02-03T05:27:47.695+0000] {logging_mixin.py:188} INFO - [2024-02-03T05:27:47.694+0000] {dagbag.py:538} INFO - Filling up the DagBag from /home/airflow/.local/lib/python3.8/site-packages/airflow/example_dags/tutorial_taskflow_api.py
[2024-02-03T05:27:47.701+0000] {processor.py:840} INFO - DAG(s) 'tutorial_taskflow_api' retrieved from /home/airflow/.local/lib/python3.8/site-packages/airflow/example_dags/tutorial_taskflow_api.py
[2024-02-03T05:27:47.723+0000] {logging_mixin.py:188} INFO - [2024-02-03T05:27:47.722+0000] {dag.py:3036} INFO - Sync 1 DAGs
[2024-02-03T05:27:47.737+0000] {logging_mixin.py:188} INFO - [2024-02-03T05:27:47.737+0000] {dag.py:3823} INFO - Setting next_dagrun for tutorial_taskflow_api to None, run_after=None
[2024-02-03T05:27:47.763+0000] {processor.py:183} INFO - Processing /home/airflow/.local/lib/python3.8/site-packages/airflow/example_dags/tutorial_taskflow_api.py took 0.074 seconds
[2024-02-03T05:28:17.836+0000] {processor.py:161} INFO - Started process (PID=272) to work on /home/airflow/.local/lib/python3.8/site-packages/airflow/example_dags/tutorial_taskflow_api.py
[2024-02-03T05:28:17.837+0000] {processor.py:830} INFO - Processing file /home/airflow/.local/lib/python3.8/site-packages/airflow/example_dags/tutorial_taskflow_api.py for tasks to queue
[2024-02-03T05:28:17.839+0000] {logging_mixin.py:188} INFO - [2024-02-03T05:28:17.839+0000] {dagbag.py:538} INFO - Filling up the DagBag from /home/airflow/.local/lib/python3.8/site-packages/airflow/example_dags/tutorial_taskflow_api.py
[2024-02-03T05:28:17.846+0000] {processor.py:840} INFO - DAG(s) 'tutorial_taskflow_api' retrieved from /home/airflow/.local/lib/python3.8/site-packages/airflow/example_dags/tutorial_taskflow_api.py
[2024-02-03T05:28:17.870+0000] {logging_mixin.py:188} INFO - [2024-02-03T05:28:17.869+0000] {dag.py:3036} INFO - Sync 1 DAGs
[2024-02-03T05:28:17.884+0000] {logging_mixin.py:188} INFO - [2024-02-03T05:28:17.884+0000] {dag.py:3823} INFO - Setting next_dagrun for tutorial_taskflow_api to None, run_after=None
[2024-02-03T05:28:17.907+0000] {processor.py:183} INFO - Processing /home/airflow/.local/lib/python3.8/site-packages/airflow/example_dags/tutorial_taskflow_api.py took 0.077 seconds
[2024-02-03T05:28:48.047+0000] {processor.py:161} INFO - Started process (PID=327) to work on /home/airflow/.local/lib/python3.8/site-packages/airflow/example_dags/tutorial_taskflow_api.py
[2024-02-03T05:28:48.049+0000] {processor.py:830} INFO - Processing file /home/airflow/.local/lib/python3.8/site-packages/airflow/example_dags/tutorial_taskflow_api.py for tasks to queue
[2024-02-03T05:28:48.051+0000] {logging_mixin.py:188} INFO - [2024-02-03T05:28:48.050+0000] {dagbag.py:538} INFO - Filling up the DagBag from /home/airflow/.local/lib/python3.8/site-packages/airflow/example_dags/tutorial_taskflow_api.py
[2024-02-03T05:28:48.057+0000] {processor.py:840} INFO - DAG(s) 'tutorial_taskflow_api' retrieved from /home/airflow/.local/lib/python3.8/site-packages/airflow/example_dags/tutorial_taskflow_api.py
[2024-02-03T05:28:48.081+0000] {logging_mixin.py:188} INFO - [2024-02-03T05:28:48.081+0000] {dag.py:3036} INFO - Sync 1 DAGs
[2024-02-03T05:28:48.096+0000] {logging_mixin.py:188} INFO - [2024-02-03T05:28:48.096+0000] {dag.py:3823} INFO - Setting next_dagrun for tutorial_taskflow_api to None, run_after=None
[2024-02-03T05:28:48.121+0000] {processor.py:183} INFO - Processing /home/airflow/.local/lib/python3.8/site-packages/airflow/example_dags/tutorial_taskflow_api.py took 0.076 seconds
[2024-02-03T05:29:18.350+0000] {processor.py:161} INFO - Started process (PID=382) to work on /home/airflow/.local/lib/python3.8/site-packages/airflow/example_dags/tutorial_taskflow_api.py
[2024-02-03T05:29:18.351+0000] {processor.py:830} INFO - Processing file /home/airflow/.local/lib/python3.8/site-packages/airflow/example_dags/tutorial_taskflow_api.py for tasks to queue
[2024-02-03T05:29:18.353+0000] {logging_mixin.py:188} INFO - [2024-02-03T05:29:18.353+0000] {dagbag.py:538} INFO - Filling up the DagBag from /home/airflow/.local/lib/python3.8/site-packages/airflow/example_dags/tutorial_taskflow_api.py
[2024-02-03T05:29:18.360+0000] {processor.py:840} INFO - DAG(s) 'tutorial_taskflow_api' retrieved from /home/airflow/.local/lib/python3.8/site-packages/airflow/example_dags/tutorial_taskflow_api.py
[2024-02-03T05:29:18.383+0000] {logging_mixin.py:188} INFO - [2024-02-03T05:29:18.383+0000] {dag.py:3036} INFO - Sync 1 DAGs
[2024-02-03T05:29:18.399+0000] {logging_mixin.py:188} INFO - [2024-02-03T05:29:18.399+0000] {dag.py:3823} INFO - Setting next_dagrun for tutorial_taskflow_api to None, run_after=None
[2024-02-03T05:29:18.424+0000] {processor.py:183} INFO - Processing /home/airflow/.local/lib/python3.8/site-packages/airflow/example_dags/tutorial_taskflow_api.py took 0.078 seconds
[2024-02-03T05:29:48.733+0000] {processor.py:161} INFO - Started process (PID=437) to work on /home/airflow/.local/lib/python3.8/site-packages/airflow/example_dags/tutorial_taskflow_api.py
[2024-02-03T05:29:48.734+0000] {processor.py:830} INFO - Processing file /home/airflow/.local/lib/python3.8/site-packages/airflow/example_dags/tutorial_taskflow_api.py for tasks to queue
[2024-02-03T05:29:48.736+0000] {logging_mixin.py:188} INFO - [2024-02-03T05:29:48.736+0000] {dagbag.py:538} INFO - Filling up the DagBag from /home/airflow/.local/lib/python3.8/site-packages/airflow/example_dags/tutorial_taskflow_api.py
[2024-02-03T05:29:48.742+0000] {processor.py:840} INFO - DAG(s) 'tutorial_taskflow_api' retrieved from /home/airflow/.local/lib/python3.8/site-packages/airflow/example_dags/tutorial_taskflow_api.py
[2024-02-03T05:29:48.770+0000] {logging_mixin.py:188} INFO - [2024-02-03T05:29:48.770+0000] {dag.py:3036} INFO - Sync 1 DAGs
[2024-02-03T05:29:48.794+0000] {logging_mixin.py:188} INFO - [2024-02-03T05:29:48.794+0000] {dag.py:3823} INFO - Setting next_dagrun for tutorial_taskflow_api to None, run_after=None
[2024-02-03T05:29:48.825+0000] {processor.py:183} INFO - Processing /home/airflow/.local/lib/python3.8/site-packages/airflow/example_dags/tutorial_taskflow_api.py took 0.095 seconds
[2024-02-03T05:30:18.995+0000] {processor.py:161} INFO - Started process (PID=492) to work on /home/airflow/.local/lib/python3.8/site-packages/airflow/example_dags/tutorial_taskflow_api.py
[2024-02-03T05:30:18.997+0000] {processor.py:830} INFO - Processing file /home/airflow/.local/lib/python3.8/site-packages/airflow/example_dags/tutorial_taskflow_api.py for tasks to queue
[2024-02-03T05:30:18.999+0000] {logging_mixin.py:188} INFO - [2024-02-03T05:30:18.999+0000] {dagbag.py:538} INFO - Filling up the DagBag from /home/airflow/.local/lib/python3.8/site-packages/airflow/example_dags/tutorial_taskflow_api.py
[2024-02-03T05:30:19.007+0000] {processor.py:840} INFO - DAG(s) 'tutorial_taskflow_api' retrieved from /home/airflow/.local/lib/python3.8/site-packages/airflow/example_dags/tutorial_taskflow_api.py
[2024-02-03T05:30:19.036+0000] {logging_mixin.py:188} INFO - [2024-02-03T05:30:19.036+0000] {dag.py:3036} INFO - Sync 1 DAGs
[2024-02-03T05:30:19.055+0000] {logging_mixin.py:188} INFO - [2024-02-03T05:30:19.054+0000] {dag.py:3823} INFO - Setting next_dagrun for tutorial_taskflow_api to None, run_after=None
[2024-02-03T05:30:19.081+0000] {processor.py:183} INFO - Processing /home/airflow/.local/lib/python3.8/site-packages/airflow/example_dags/tutorial_taskflow_api.py took 0.092 seconds
[2024-02-03T05:30:49.430+0000] {processor.py:161} INFO - Started process (PID=547) to work on /home/airflow/.local/lib/python3.8/site-packages/airflow/example_dags/tutorial_taskflow_api.py
[2024-02-03T05:30:49.433+0000] {processor.py:830} INFO - Processing file /home/airflow/.local/lib/python3.8/site-packages/airflow/example_dags/tutorial_taskflow_api.py for tasks to queue
[2024-02-03T05:30:49.435+0000] {logging_mixin.py:188} INFO - [2024-02-03T05:30:49.435+0000] {dagbag.py:538} INFO - Filling up the DagBag from /home/airflow/.local/lib/python3.8/site-packages/airflow/example_dags/tutorial_taskflow_api.py
[2024-02-03T05:30:49.466+0000] {processor.py:840} INFO - DAG(s) 'tutorial_taskflow_api' retrieved from /home/airflow/.local/lib/python3.8/site-packages/airflow/example_dags/tutorial_taskflow_api.py
[2024-02-03T05:30:49.553+0000] {logging_mixin.py:188} INFO - [2024-02-03T05:30:49.553+0000] {dag.py:3036} INFO - Sync 1 DAGs
[2024-02-03T05:30:49.591+0000] {logging_mixin.py:188} INFO - [2024-02-03T05:30:49.590+0000] {dag.py:3823} INFO - Setting next_dagrun for tutorial_taskflow_api to None, run_after=None
[2024-02-03T05:30:49.633+0000] {processor.py:183} INFO - Processing /home/airflow/.local/lib/python3.8/site-packages/airflow/example_dags/tutorial_taskflow_api.py took 0.232 seconds
[2024-02-03T05:31:19.798+0000] {processor.py:161} INFO - Started process (PID=602) to work on /home/airflow/.local/lib/python3.8/site-packages/airflow/example_dags/tutorial_taskflow_api.py
[2024-02-03T05:31:19.799+0000] {processor.py:830} INFO - Processing file /home/airflow/.local/lib/python3.8/site-packages/airflow/example_dags/tutorial_taskflow_api.py for tasks to queue
[2024-02-03T05:31:19.802+0000] {logging_mixin.py:188} INFO - [2024-02-03T05:31:19.801+0000] {dagbag.py:538} INFO - Filling up the DagBag from /home/airflow/.local/lib/python3.8/site-packages/airflow/example_dags/tutorial_taskflow_api.py
[2024-02-03T05:31:19.808+0000] {processor.py:840} INFO - DAG(s) 'tutorial_taskflow_api' retrieved from /home/airflow/.local/lib/python3.8/site-packages/airflow/example_dags/tutorial_taskflow_api.py
[2024-02-03T05:31:19.830+0000] {logging_mixin.py:188} INFO - [2024-02-03T05:31:19.830+0000] {dag.py:3036} INFO - Sync 1 DAGs
[2024-02-03T05:31:19.843+0000] {logging_mixin.py:188} INFO - [2024-02-03T05:31:19.843+0000] {dag.py:3823} INFO - Setting next_dagrun for tutorial_taskflow_api to None, run_after=None
[2024-02-03T05:31:19.867+0000] {processor.py:183} INFO - Processing /home/airflow/.local/lib/python3.8/site-packages/airflow/example_dags/tutorial_taskflow_api.py took 0.072 seconds
[2024-02-03T05:31:49.964+0000] {processor.py:161} INFO - Started process (PID=673) to work on /home/airflow/.local/lib/python3.8/site-packages/airflow/example_dags/tutorial_taskflow_api.py
[2024-02-03T05:31:49.966+0000] {processor.py:830} INFO - Processing file /home/airflow/.local/lib/python3.8/site-packages/airflow/example_dags/tutorial_taskflow_api.py for tasks to queue
[2024-02-03T05:31:49.968+0000] {logging_mixin.py:188} INFO - [2024-02-03T05:31:49.967+0000] {dagbag.py:538} INFO - Filling up the DagBag from /home/airflow/.local/lib/python3.8/site-packages/airflow/example_dags/tutorial_taskflow_api.py
[2024-02-03T05:31:49.974+0000] {processor.py:840} INFO - DAG(s) 'tutorial_taskflow_api' retrieved from /home/airflow/.local/lib/python3.8/site-packages/airflow/example_dags/tutorial_taskflow_api.py
[2024-02-03T05:31:49.995+0000] {logging_mixin.py:188} INFO - [2024-02-03T05:31:49.994+0000] {dag.py:3036} INFO - Sync 1 DAGs
[2024-02-03T05:31:50.008+0000] {logging_mixin.py:188} INFO - [2024-02-03T05:31:50.007+0000] {dag.py:3823} INFO - Setting next_dagrun for tutorial_taskflow_api to None, run_after=None
[2024-02-03T05:31:50.029+0000] {processor.py:183} INFO - Processing /home/airflow/.local/lib/python3.8/site-packages/airflow/example_dags/tutorial_taskflow_api.py took 0.067 seconds
[2024-02-03T05:32:20.214+0000] {processor.py:161} INFO - Started process (PID=728) to work on /home/airflow/.local/lib/python3.8/site-packages/airflow/example_dags/tutorial_taskflow_api.py
[2024-02-03T05:32:20.215+0000] {processor.py:830} INFO - Processing file /home/airflow/.local/lib/python3.8/site-packages/airflow/example_dags/tutorial_taskflow_api.py for tasks to queue
[2024-02-03T05:32:20.217+0000] {logging_mixin.py:188} INFO - [2024-02-03T05:32:20.216+0000] {dagbag.py:538} INFO - Filling up the DagBag from /home/airflow/.local/lib/python3.8/site-packages/airflow/example_dags/tutorial_taskflow_api.py
[2024-02-03T05:32:20.223+0000] {processor.py:840} INFO - DAG(s) 'tutorial_taskflow_api' retrieved from /home/airflow/.local/lib/python3.8/site-packages/airflow/example_dags/tutorial_taskflow_api.py
[2024-02-03T05:32:20.244+0000] {logging_mixin.py:188} INFO - [2024-02-03T05:32:20.244+0000] {dag.py:3036} INFO - Sync 1 DAGs
[2024-02-03T05:32:20.257+0000] {logging_mixin.py:188} INFO - [2024-02-03T05:32:20.257+0000] {dag.py:3823} INFO - Setting next_dagrun for tutorial_taskflow_api to None, run_after=None
[2024-02-03T05:32:20.280+0000] {processor.py:183} INFO - Processing /home/airflow/.local/lib/python3.8/site-packages/airflow/example_dags/tutorial_taskflow_api.py took 0.069 seconds
[2024-02-03T05:32:50.400+0000] {processor.py:161} INFO - Started process (PID=783) to work on /home/airflow/.local/lib/python3.8/site-packages/airflow/example_dags/tutorial_taskflow_api.py
[2024-02-03T05:32:50.401+0000] {processor.py:830} INFO - Processing file /home/airflow/.local/lib/python3.8/site-packages/airflow/example_dags/tutorial_taskflow_api.py for tasks to queue
[2024-02-03T05:32:50.402+0000] {logging_mixin.py:188} INFO - [2024-02-03T05:32:50.402+0000] {dagbag.py:538} INFO - Filling up the DagBag from /home/airflow/.local/lib/python3.8/site-packages/airflow/example_dags/tutorial_taskflow_api.py
[2024-02-03T05:32:50.408+0000] {processor.py:840} INFO - DAG(s) 'tutorial_taskflow_api' retrieved from /home/airflow/.local/lib/python3.8/site-packages/airflow/example_dags/tutorial_taskflow_api.py
[2024-02-03T05:32:50.432+0000] {logging_mixin.py:188} INFO - [2024-02-03T05:32:50.432+0000] {dag.py:3036} INFO - Sync 1 DAGs
[2024-02-03T05:32:50.448+0000] {logging_mixin.py:188} INFO - [2024-02-03T05:32:50.448+0000] {dag.py:3823} INFO - Setting next_dagrun for tutorial_taskflow_api to None, run_after=None
[2024-02-03T05:32:50.474+0000] {processor.py:183} INFO - Processing /home/airflow/.local/lib/python3.8/site-packages/airflow/example_dags/tutorial_taskflow_api.py took 0.077 seconds
[2024-02-03T05:33:20.605+0000] {processor.py:161} INFO - Started process (PID=838) to work on /home/airflow/.local/lib/python3.8/site-packages/airflow/example_dags/tutorial_taskflow_api.py
[2024-02-03T05:33:20.606+0000] {processor.py:830} INFO - Processing file /home/airflow/.local/lib/python3.8/site-packages/airflow/example_dags/tutorial_taskflow_api.py for tasks to queue
[2024-02-03T05:33:20.608+0000] {logging_mixin.py:188} INFO - [2024-02-03T05:33:20.607+0000] {dagbag.py:538} INFO - Filling up the DagBag from /home/airflow/.local/lib/python3.8/site-packages/airflow/example_dags/tutorial_taskflow_api.py
[2024-02-03T05:33:20.614+0000] {processor.py:840} INFO - DAG(s) 'tutorial_taskflow_api' retrieved from /home/airflow/.local/lib/python3.8/site-packages/airflow/example_dags/tutorial_taskflow_api.py
[2024-02-03T05:33:20.635+0000] {logging_mixin.py:188} INFO - [2024-02-03T05:33:20.635+0000] {dag.py:3036} INFO - Sync 1 DAGs
[2024-02-03T05:33:20.649+0000] {logging_mixin.py:188} INFO - [2024-02-03T05:33:20.648+0000] {dag.py:3823} INFO - Setting next_dagrun for tutorial_taskflow_api to None, run_after=None
[2024-02-03T05:33:20.671+0000] {processor.py:183} INFO - Processing /home/airflow/.local/lib/python3.8/site-packages/airflow/example_dags/tutorial_taskflow_api.py took 0.069 seconds
[2024-02-03T06:00:00.118+0000] {processor.py:161} INFO - Started process (PID=52) to work on /home/airflow/.local/lib/python3.8/site-packages/airflow/example_dags/tutorial_taskflow_api.py
[2024-02-03T06:00:00.119+0000] {processor.py:830} INFO - Processing file /home/airflow/.local/lib/python3.8/site-packages/airflow/example_dags/tutorial_taskflow_api.py for tasks to queue
[2024-02-03T06:00:00.122+0000] {logging_mixin.py:188} INFO - [2024-02-03T06:00:00.122+0000] {dagbag.py:538} INFO - Filling up the DagBag from /home/airflow/.local/lib/python3.8/site-packages/airflow/example_dags/tutorial_taskflow_api.py
[2024-02-03T06:00:00.137+0000] {processor.py:840} INFO - DAG(s) 'tutorial_taskflow_api' retrieved from /home/airflow/.local/lib/python3.8/site-packages/airflow/example_dags/tutorial_taskflow_api.py
[2024-02-03T06:00:00.173+0000] {logging_mixin.py:188} INFO - [2024-02-03T06:00:00.173+0000] {dag.py:3036} INFO - Sync 1 DAGs
[2024-02-03T06:00:00.189+0000] {logging_mixin.py:188} INFO - [2024-02-03T06:00:00.189+0000] {dag.py:3823} INFO - Setting next_dagrun for tutorial_taskflow_api to None, run_after=None
[2024-02-03T06:00:00.217+0000] {processor.py:183} INFO - Processing /home/airflow/.local/lib/python3.8/site-packages/airflow/example_dags/tutorial_taskflow_api.py took 0.110 seconds
[2024-02-03T06:00:30.805+0000] {processor.py:161} INFO - Started process (PID=107) to work on /home/airflow/.local/lib/python3.8/site-packages/airflow/example_dags/tutorial_taskflow_api.py
[2024-02-03T06:00:30.806+0000] {processor.py:830} INFO - Processing file /home/airflow/.local/lib/python3.8/site-packages/airflow/example_dags/tutorial_taskflow_api.py for tasks to queue
[2024-02-03T06:00:30.808+0000] {logging_mixin.py:188} INFO - [2024-02-03T06:00:30.808+0000] {dagbag.py:538} INFO - Filling up the DagBag from /home/airflow/.local/lib/python3.8/site-packages/airflow/example_dags/tutorial_taskflow_api.py
[2024-02-03T06:00:30.815+0000] {processor.py:840} INFO - DAG(s) 'tutorial_taskflow_api' retrieved from /home/airflow/.local/lib/python3.8/site-packages/airflow/example_dags/tutorial_taskflow_api.py
[2024-02-03T06:00:30.839+0000] {logging_mixin.py:188} INFO - [2024-02-03T06:00:30.838+0000] {dag.py:3036} INFO - Sync 1 DAGs
[2024-02-03T06:00:30.854+0000] {logging_mixin.py:188} INFO - [2024-02-03T06:00:30.854+0000] {dag.py:3823} INFO - Setting next_dagrun for tutorial_taskflow_api to None, run_after=None
[2024-02-03T06:00:30.880+0000] {processor.py:183} INFO - Processing /home/airflow/.local/lib/python3.8/site-packages/airflow/example_dags/tutorial_taskflow_api.py took 0.079 seconds
[2024-02-03T06:01:01.235+0000] {processor.py:161} INFO - Started process (PID=162) to work on /home/airflow/.local/lib/python3.8/site-packages/airflow/example_dags/tutorial_taskflow_api.py
[2024-02-03T06:01:01.236+0000] {processor.py:830} INFO - Processing file /home/airflow/.local/lib/python3.8/site-packages/airflow/example_dags/tutorial_taskflow_api.py for tasks to queue
[2024-02-03T06:01:01.239+0000] {logging_mixin.py:188} INFO - [2024-02-03T06:01:01.238+0000] {dagbag.py:538} INFO - Filling up the DagBag from /home/airflow/.local/lib/python3.8/site-packages/airflow/example_dags/tutorial_taskflow_api.py
[2024-02-03T06:01:01.246+0000] {processor.py:840} INFO - DAG(s) 'tutorial_taskflow_api' retrieved from /home/airflow/.local/lib/python3.8/site-packages/airflow/example_dags/tutorial_taskflow_api.py
[2024-02-03T06:01:01.270+0000] {logging_mixin.py:188} INFO - [2024-02-03T06:01:01.270+0000] {dag.py:3036} INFO - Sync 1 DAGs
[2024-02-03T06:01:01.286+0000] {logging_mixin.py:188} INFO - [2024-02-03T06:01:01.285+0000] {dag.py:3823} INFO - Setting next_dagrun for tutorial_taskflow_api to None, run_after=None
[2024-02-03T06:01:01.311+0000] {processor.py:183} INFO - Processing /home/airflow/.local/lib/python3.8/site-packages/airflow/example_dags/tutorial_taskflow_api.py took 0.080 seconds
[2024-02-03T06:33:37.504+0000] {processor.py:161} INFO - Started process (PID=52) to work on /home/airflow/.local/lib/python3.8/site-packages/airflow/example_dags/tutorial_taskflow_api.py
[2024-02-03T06:33:37.506+0000] {processor.py:830} INFO - Processing file /home/airflow/.local/lib/python3.8/site-packages/airflow/example_dags/tutorial_taskflow_api.py for tasks to queue
[2024-02-03T06:33:37.508+0000] {logging_mixin.py:188} INFO - [2024-02-03T06:33:37.508+0000] {dagbag.py:538} INFO - Filling up the DagBag from /home/airflow/.local/lib/python3.8/site-packages/airflow/example_dags/tutorial_taskflow_api.py
[2024-02-03T06:33:37.517+0000] {processor.py:840} INFO - DAG(s) 'tutorial_taskflow_api' retrieved from /home/airflow/.local/lib/python3.8/site-packages/airflow/example_dags/tutorial_taskflow_api.py
[2024-02-03T06:33:37.534+0000] {logging_mixin.py:188} INFO - [2024-02-03T06:33:37.533+0000] {dag.py:3036} INFO - Sync 1 DAGs
[2024-02-03T06:33:37.553+0000] {logging_mixin.py:188} INFO - [2024-02-03T06:33:37.553+0000] {dag.py:3823} INFO - Setting next_dagrun for tutorial_taskflow_api to None, run_after=None
[2024-02-03T06:33:37.586+0000] {processor.py:183} INFO - Processing /home/airflow/.local/lib/python3.8/site-packages/airflow/example_dags/tutorial_taskflow_api.py took 0.086 seconds
[2024-02-03T06:34:08.580+0000] {processor.py:161} INFO - Started process (PID=107) to work on /home/airflow/.local/lib/python3.8/site-packages/airflow/example_dags/tutorial_taskflow_api.py
[2024-02-03T06:34:08.582+0000] {processor.py:830} INFO - Processing file /home/airflow/.local/lib/python3.8/site-packages/airflow/example_dags/tutorial_taskflow_api.py for tasks to queue
[2024-02-03T06:34:08.584+0000] {logging_mixin.py:188} INFO - [2024-02-03T06:34:08.583+0000] {dagbag.py:538} INFO - Filling up the DagBag from /home/airflow/.local/lib/python3.8/site-packages/airflow/example_dags/tutorial_taskflow_api.py
[2024-02-03T06:34:08.590+0000] {processor.py:840} INFO - DAG(s) 'tutorial_taskflow_api' retrieved from /home/airflow/.local/lib/python3.8/site-packages/airflow/example_dags/tutorial_taskflow_api.py
[2024-02-03T06:34:08.713+0000] {logging_mixin.py:188} INFO - [2024-02-03T06:34:08.713+0000] {dag.py:3036} INFO - Sync 1 DAGs
[2024-02-03T06:34:08.727+0000] {logging_mixin.py:188} INFO - [2024-02-03T06:34:08.726+0000] {dag.py:3823} INFO - Setting next_dagrun for tutorial_taskflow_api to None, run_after=None
[2024-02-03T06:34:08.753+0000] {processor.py:183} INFO - Processing /home/airflow/.local/lib/python3.8/site-packages/airflow/example_dags/tutorial_taskflow_api.py took 0.177 seconds
[2024-02-03T06:34:39.297+0000] {processor.py:161} INFO - Started process (PID=162) to work on /home/airflow/.local/lib/python3.8/site-packages/airflow/example_dags/tutorial_taskflow_api.py
[2024-02-03T06:34:39.298+0000] {processor.py:830} INFO - Processing file /home/airflow/.local/lib/python3.8/site-packages/airflow/example_dags/tutorial_taskflow_api.py for tasks to queue
[2024-02-03T06:34:39.300+0000] {logging_mixin.py:188} INFO - [2024-02-03T06:34:39.300+0000] {dagbag.py:538} INFO - Filling up the DagBag from /home/airflow/.local/lib/python3.8/site-packages/airflow/example_dags/tutorial_taskflow_api.py
[2024-02-03T06:34:39.306+0000] {processor.py:840} INFO - DAG(s) 'tutorial_taskflow_api' retrieved from /home/airflow/.local/lib/python3.8/site-packages/airflow/example_dags/tutorial_taskflow_api.py
[2024-02-03T06:34:39.328+0000] {logging_mixin.py:188} INFO - [2024-02-03T06:34:39.328+0000] {dag.py:3036} INFO - Sync 1 DAGs
[2024-02-03T06:34:39.343+0000] {logging_mixin.py:188} INFO - [2024-02-03T06:34:39.343+0000] {dag.py:3823} INFO - Setting next_dagrun for tutorial_taskflow_api to None, run_after=None
[2024-02-03T06:34:39.366+0000] {processor.py:183} INFO - Processing /home/airflow/.local/lib/python3.8/site-packages/airflow/example_dags/tutorial_taskflow_api.py took 0.072 seconds
[2024-02-03T06:35:09.662+0000] {processor.py:161} INFO - Started process (PID=217) to work on /home/airflow/.local/lib/python3.8/site-packages/airflow/example_dags/tutorial_taskflow_api.py
[2024-02-03T06:35:09.663+0000] {processor.py:830} INFO - Processing file /home/airflow/.local/lib/python3.8/site-packages/airflow/example_dags/tutorial_taskflow_api.py for tasks to queue
[2024-02-03T06:35:09.665+0000] {logging_mixin.py:188} INFO - [2024-02-03T06:35:09.665+0000] {dagbag.py:538} INFO - Filling up the DagBag from /home/airflow/.local/lib/python3.8/site-packages/airflow/example_dags/tutorial_taskflow_api.py
[2024-02-03T06:35:09.671+0000] {processor.py:840} INFO - DAG(s) 'tutorial_taskflow_api' retrieved from /home/airflow/.local/lib/python3.8/site-packages/airflow/example_dags/tutorial_taskflow_api.py
[2024-02-03T06:35:09.693+0000] {logging_mixin.py:188} INFO - [2024-02-03T06:35:09.693+0000] {dag.py:3036} INFO - Sync 1 DAGs
[2024-02-03T06:35:09.708+0000] {logging_mixin.py:188} INFO - [2024-02-03T06:35:09.708+0000] {dag.py:3823} INFO - Setting next_dagrun for tutorial_taskflow_api to None, run_after=None
[2024-02-03T06:35:09.732+0000] {processor.py:183} INFO - Processing /home/airflow/.local/lib/python3.8/site-packages/airflow/example_dags/tutorial_taskflow_api.py took 0.073 seconds
[2024-02-03T06:35:39.890+0000] {processor.py:161} INFO - Started process (PID=272) to work on /home/airflow/.local/lib/python3.8/site-packages/airflow/example_dags/tutorial_taskflow_api.py
[2024-02-03T06:35:39.891+0000] {processor.py:830} INFO - Processing file /home/airflow/.local/lib/python3.8/site-packages/airflow/example_dags/tutorial_taskflow_api.py for tasks to queue
[2024-02-03T06:35:39.893+0000] {logging_mixin.py:188} INFO - [2024-02-03T06:35:39.892+0000] {dagbag.py:538} INFO - Filling up the DagBag from /home/airflow/.local/lib/python3.8/site-packages/airflow/example_dags/tutorial_taskflow_api.py
[2024-02-03T06:35:39.899+0000] {processor.py:840} INFO - DAG(s) 'tutorial_taskflow_api' retrieved from /home/airflow/.local/lib/python3.8/site-packages/airflow/example_dags/tutorial_taskflow_api.py
[2024-02-03T06:35:39.922+0000] {logging_mixin.py:188} INFO - [2024-02-03T06:35:39.922+0000] {dag.py:3036} INFO - Sync 1 DAGs
[2024-02-03T06:35:39.936+0000] {logging_mixin.py:188} INFO - [2024-02-03T06:35:39.936+0000] {dag.py:3823} INFO - Setting next_dagrun for tutorial_taskflow_api to None, run_after=None
[2024-02-03T06:35:39.961+0000] {processor.py:183} INFO - Processing /home/airflow/.local/lib/python3.8/site-packages/airflow/example_dags/tutorial_taskflow_api.py took 0.074 seconds
[2024-02-03T06:36:10.564+0000] {processor.py:161} INFO - Started process (PID=327) to work on /home/airflow/.local/lib/python3.8/site-packages/airflow/example_dags/tutorial_taskflow_api.py
[2024-02-03T06:36:10.565+0000] {processor.py:830} INFO - Processing file /home/airflow/.local/lib/python3.8/site-packages/airflow/example_dags/tutorial_taskflow_api.py for tasks to queue
[2024-02-03T06:36:10.567+0000] {logging_mixin.py:188} INFO - [2024-02-03T06:36:10.567+0000] {dagbag.py:538} INFO - Filling up the DagBag from /home/airflow/.local/lib/python3.8/site-packages/airflow/example_dags/tutorial_taskflow_api.py
[2024-02-03T06:36:10.574+0000] {processor.py:840} INFO - DAG(s) 'tutorial_taskflow_api' retrieved from /home/airflow/.local/lib/python3.8/site-packages/airflow/example_dags/tutorial_taskflow_api.py
[2024-02-03T06:36:10.596+0000] {logging_mixin.py:188} INFO - [2024-02-03T06:36:10.596+0000] {dag.py:3036} INFO - Sync 1 DAGs
[2024-02-03T06:36:10.610+0000] {logging_mixin.py:188} INFO - [2024-02-03T06:36:10.610+0000] {dag.py:3823} INFO - Setting next_dagrun for tutorial_taskflow_api to None, run_after=None
[2024-02-03T06:36:10.634+0000] {processor.py:183} INFO - Processing /home/airflow/.local/lib/python3.8/site-packages/airflow/example_dags/tutorial_taskflow_api.py took 0.073 seconds
