[2024-02-10T01:23:41.149+0000] {processor.py:161} INFO - Started process (PID=2327) to work on /opt/airflow/dags/extrackFile.py
[2024-02-10T01:23:41.150+0000] {processor.py:830} INFO - Processing file /opt/airflow/dags/extrackFile.py for tasks to queue
[2024-02-10T01:23:41.152+0000] {logging_mixin.py:188} INFO - [2024-02-10T01:23:41.151+0000] {dagbag.py:538} INFO - Filling up the DagBag from /opt/airflow/dags/extrackFile.py
[2024-02-10T01:23:41.176+0000] {processor.py:840} INFO - DAG(s) 'download_e_extracao_de_arquivos' retrieved from /opt/airflow/dags/extrackFile.py
[2024-02-10T01:23:41.304+0000] {logging_mixin.py:188} INFO - [2024-02-10T01:23:41.303+0000] {override.py:1769} INFO - Created Permission View: can delete on DAG:download_e_extracao_de_arquivos
[2024-02-10T01:23:41.319+0000] {logging_mixin.py:188} INFO - [2024-02-10T01:23:41.318+0000] {override.py:1769} INFO - Created Permission View: can edit on DAG:download_e_extracao_de_arquivos
[2024-02-10T01:23:41.330+0000] {logging_mixin.py:188} INFO - [2024-02-10T01:23:41.330+0000] {override.py:1769} INFO - Created Permission View: can read on DAG:download_e_extracao_de_arquivos
[2024-02-10T01:23:41.331+0000] {logging_mixin.py:188} INFO - [2024-02-10T01:23:41.331+0000] {dag.py:3036} INFO - Sync 1 DAGs
[2024-02-10T01:23:41.344+0000] {logging_mixin.py:188} INFO - [2024-02-10T01:23:41.344+0000] {dag.py:3058} INFO - Creating ORM DAG for download_e_extracao_de_arquivos
[2024-02-10T01:23:41.345+0000] {logging_mixin.py:188} INFO - [2024-02-10T01:23:41.345+0000] {dag.py:3823} INFO - Setting next_dagrun for download_e_extracao_de_arquivos to None, run_after=None
[2024-02-10T01:23:41.514+0000] {processor.py:183} INFO - Processing /opt/airflow/dags/extrackFile.py took 0.369 seconds
[2024-02-10T01:24:11.731+0000] {processor.py:161} INFO - Started process (PID=2385) to work on /opt/airflow/dags/extrackFile.py
[2024-02-10T01:24:11.732+0000] {processor.py:830} INFO - Processing file /opt/airflow/dags/extrackFile.py for tasks to queue
[2024-02-10T01:24:11.734+0000] {logging_mixin.py:188} INFO - [2024-02-10T01:24:11.734+0000] {dagbag.py:538} INFO - Filling up the DagBag from /opt/airflow/dags/extrackFile.py
[2024-02-10T01:24:11.751+0000] {processor.py:840} INFO - DAG(s) 'download_e_extracao_de_arquivos' retrieved from /opt/airflow/dags/extrackFile.py
[2024-02-10T01:24:11.773+0000] {logging_mixin.py:188} INFO - [2024-02-10T01:24:11.773+0000] {dag.py:3036} INFO - Sync 1 DAGs
[2024-02-10T01:24:11.789+0000] {logging_mixin.py:188} INFO - [2024-02-10T01:24:11.788+0000] {dag.py:3823} INFO - Setting next_dagrun for download_e_extracao_de_arquivos to None, run_after=None
[2024-02-10T01:24:11.815+0000] {processor.py:183} INFO - Processing /opt/airflow/dags/extrackFile.py took 0.088 seconds
[2024-02-10T01:24:41.937+0000] {processor.py:161} INFO - Started process (PID=2443) to work on /opt/airflow/dags/extrackFile.py
[2024-02-10T01:24:41.938+0000] {processor.py:830} INFO - Processing file /opt/airflow/dags/extrackFile.py for tasks to queue
[2024-02-10T01:24:41.941+0000] {logging_mixin.py:188} INFO - [2024-02-10T01:24:41.941+0000] {dagbag.py:538} INFO - Filling up the DagBag from /opt/airflow/dags/extrackFile.py
[2024-02-10T01:24:41.957+0000] {processor.py:840} INFO - DAG(s) 'download_e_extracao_de_arquivos' retrieved from /opt/airflow/dags/extrackFile.py
[2024-02-10T01:24:41.980+0000] {logging_mixin.py:188} INFO - [2024-02-10T01:24:41.979+0000] {dag.py:3036} INFO - Sync 1 DAGs
[2024-02-10T01:24:41.994+0000] {logging_mixin.py:188} INFO - [2024-02-10T01:24:41.994+0000] {dag.py:3823} INFO - Setting next_dagrun for download_e_extracao_de_arquivos to None, run_after=None
[2024-02-10T01:24:42.017+0000] {processor.py:183} INFO - Processing /opt/airflow/dags/extrackFile.py took 0.084 seconds
[2024-02-10T01:25:12.634+0000] {processor.py:161} INFO - Started process (PID=2501) to work on /opt/airflow/dags/extrackFile.py
[2024-02-10T01:25:12.635+0000] {processor.py:830} INFO - Processing file /opt/airflow/dags/extrackFile.py for tasks to queue
[2024-02-10T01:25:12.637+0000] {logging_mixin.py:188} INFO - [2024-02-10T01:25:12.637+0000] {dagbag.py:538} INFO - Filling up the DagBag from /opt/airflow/dags/extrackFile.py
[2024-02-10T01:25:12.662+0000] {processor.py:840} INFO - DAG(s) 'download_e_extracao_de_arquivos' retrieved from /opt/airflow/dags/extrackFile.py
[2024-02-10T01:25:12.690+0000] {logging_mixin.py:188} INFO - [2024-02-10T01:25:12.689+0000] {dag.py:3036} INFO - Sync 1 DAGs
[2024-02-10T01:25:12.706+0000] {logging_mixin.py:188} INFO - [2024-02-10T01:25:12.705+0000] {dag.py:3823} INFO - Setting next_dagrun for download_e_extracao_de_arquivos to None, run_after=None
[2024-02-10T01:25:12.740+0000] {processor.py:183} INFO - Processing /opt/airflow/dags/extrackFile.py took 0.110 seconds
[2024-02-10T01:25:43.322+0000] {processor.py:161} INFO - Started process (PID=2559) to work on /opt/airflow/dags/extrackFile.py
[2024-02-10T01:25:43.324+0000] {processor.py:830} INFO - Processing file /opt/airflow/dags/extrackFile.py for tasks to queue
[2024-02-10T01:25:43.326+0000] {logging_mixin.py:188} INFO - [2024-02-10T01:25:43.326+0000] {dagbag.py:538} INFO - Filling up the DagBag from /opt/airflow/dags/extrackFile.py
[2024-02-10T01:25:43.343+0000] {processor.py:840} INFO - DAG(s) 'download_e_extracao_de_arquivos' retrieved from /opt/airflow/dags/extrackFile.py
[2024-02-10T01:25:43.368+0000] {logging_mixin.py:188} INFO - [2024-02-10T01:25:43.367+0000] {dag.py:3036} INFO - Sync 1 DAGs
[2024-02-10T01:25:43.383+0000] {logging_mixin.py:188} INFO - [2024-02-10T01:25:43.383+0000] {dag.py:3823} INFO - Setting next_dagrun for download_e_extracao_de_arquivos to None, run_after=None
[2024-02-10T01:25:43.410+0000] {processor.py:183} INFO - Processing /opt/airflow/dags/extrackFile.py took 0.092 seconds
[2024-02-10T01:26:13.502+0000] {processor.py:161} INFO - Started process (PID=2617) to work on /opt/airflow/dags/extrackFile.py
[2024-02-10T01:26:13.504+0000] {processor.py:830} INFO - Processing file /opt/airflow/dags/extrackFile.py for tasks to queue
[2024-02-10T01:26:13.505+0000] {logging_mixin.py:188} INFO - [2024-02-10T01:26:13.505+0000] {dagbag.py:538} INFO - Filling up the DagBag from /opt/airflow/dags/extrackFile.py
[2024-02-10T01:26:13.524+0000] {processor.py:840} INFO - DAG(s) 'download_e_extracao_de_arquivos' retrieved from /opt/airflow/dags/extrackFile.py
[2024-02-10T01:26:13.550+0000] {logging_mixin.py:188} INFO - [2024-02-10T01:26:13.549+0000] {dag.py:3036} INFO - Sync 1 DAGs
[2024-02-10T01:26:13.566+0000] {logging_mixin.py:188} INFO - [2024-02-10T01:26:13.565+0000] {dag.py:3823} INFO - Setting next_dagrun for download_e_extracao_de_arquivos to None, run_after=None
[2024-02-10T01:26:13.591+0000] {processor.py:183} INFO - Processing /opt/airflow/dags/extrackFile.py took 0.092 seconds
[2024-02-10T01:26:44.062+0000] {processor.py:161} INFO - Started process (PID=2672) to work on /opt/airflow/dags/extrackFile.py
[2024-02-10T01:26:44.064+0000] {processor.py:830} INFO - Processing file /opt/airflow/dags/extrackFile.py for tasks to queue
[2024-02-10T01:26:44.067+0000] {logging_mixin.py:188} INFO - [2024-02-10T01:26:44.066+0000] {dagbag.py:538} INFO - Filling up the DagBag from /opt/airflow/dags/extrackFile.py
[2024-02-10T01:26:44.086+0000] {processor.py:840} INFO - DAG(s) 'download_e_extracao_de_arquivos' retrieved from /opt/airflow/dags/extrackFile.py
[2024-02-10T01:26:44.114+0000] {logging_mixin.py:188} INFO - [2024-02-10T01:26:44.113+0000] {dag.py:3036} INFO - Sync 1 DAGs
[2024-02-10T01:26:44.131+0000] {logging_mixin.py:188} INFO - [2024-02-10T01:26:44.130+0000] {dag.py:3823} INFO - Setting next_dagrun for download_e_extracao_de_arquivos to None, run_after=None
[2024-02-10T01:26:44.166+0000] {processor.py:183} INFO - Processing /opt/airflow/dags/extrackFile.py took 0.108 seconds
[2024-02-10T01:27:14.319+0000] {processor.py:161} INFO - Started process (PID=2730) to work on /opt/airflow/dags/extrackFile.py
[2024-02-10T01:27:14.321+0000] {processor.py:830} INFO - Processing file /opt/airflow/dags/extrackFile.py for tasks to queue
[2024-02-10T01:27:14.322+0000] {logging_mixin.py:188} INFO - [2024-02-10T01:27:14.322+0000] {dagbag.py:538} INFO - Filling up the DagBag from /opt/airflow/dags/extrackFile.py
[2024-02-10T01:27:14.340+0000] {processor.py:840} INFO - DAG(s) 'download_e_extracao_de_arquivos' retrieved from /opt/airflow/dags/extrackFile.py
[2024-02-10T01:27:14.363+0000] {logging_mixin.py:188} INFO - [2024-02-10T01:27:14.363+0000] {dag.py:3036} INFO - Sync 1 DAGs
[2024-02-10T01:27:14.378+0000] {logging_mixin.py:188} INFO - [2024-02-10T01:27:14.377+0000] {dag.py:3823} INFO - Setting next_dagrun for download_e_extracao_de_arquivos to None, run_after=None
[2024-02-10T01:27:14.403+0000] {processor.py:183} INFO - Processing /opt/airflow/dags/extrackFile.py took 0.086 seconds
[2024-02-10T01:27:44.737+0000] {processor.py:161} INFO - Started process (PID=2788) to work on /opt/airflow/dags/extrackFile.py
[2024-02-10T01:27:44.738+0000] {processor.py:830} INFO - Processing file /opt/airflow/dags/extrackFile.py for tasks to queue
[2024-02-10T01:27:44.740+0000] {logging_mixin.py:188} INFO - [2024-02-10T01:27:44.740+0000] {dagbag.py:538} INFO - Filling up the DagBag from /opt/airflow/dags/extrackFile.py
[2024-02-10T01:27:44.759+0000] {processor.py:840} INFO - DAG(s) 'download_e_extracao_de_arquivos' retrieved from /opt/airflow/dags/extrackFile.py
[2024-02-10T01:27:44.780+0000] {logging_mixin.py:188} INFO - [2024-02-10T01:27:44.780+0000] {dag.py:3036} INFO - Sync 1 DAGs
[2024-02-10T01:27:44.794+0000] {logging_mixin.py:188} INFO - [2024-02-10T01:27:44.794+0000] {dag.py:3823} INFO - Setting next_dagrun for download_e_extracao_de_arquivos to None, run_after=None
[2024-02-10T01:27:44.820+0000] {processor.py:183} INFO - Processing /opt/airflow/dags/extrackFile.py took 0.086 seconds
[2024-02-10T01:28:14.979+0000] {processor.py:161} INFO - Started process (PID=2846) to work on /opt/airflow/dags/extrackFile.py
[2024-02-10T01:28:14.980+0000] {processor.py:830} INFO - Processing file /opt/airflow/dags/extrackFile.py for tasks to queue
[2024-02-10T01:28:14.982+0000] {logging_mixin.py:188} INFO - [2024-02-10T01:28:14.982+0000] {dagbag.py:538} INFO - Filling up the DagBag from /opt/airflow/dags/extrackFile.py
[2024-02-10T01:28:14.999+0000] {processor.py:840} INFO - DAG(s) 'download_e_extracao_de_arquivos' retrieved from /opt/airflow/dags/extrackFile.py
[2024-02-10T01:28:15.022+0000] {logging_mixin.py:188} INFO - [2024-02-10T01:28:15.022+0000] {dag.py:3036} INFO - Sync 1 DAGs
[2024-02-10T01:28:15.190+0000] {logging_mixin.py:188} INFO - [2024-02-10T01:28:15.189+0000] {dag.py:3823} INFO - Setting next_dagrun for download_e_extracao_de_arquivos to None, run_after=None
[2024-02-10T01:28:15.217+0000] {processor.py:183} INFO - Processing /opt/airflow/dags/extrackFile.py took 0.242 seconds
[2024-02-10T01:28:45.529+0000] {processor.py:161} INFO - Started process (PID=2904) to work on /opt/airflow/dags/extrackFile.py
[2024-02-10T01:28:45.530+0000] {processor.py:830} INFO - Processing file /opt/airflow/dags/extrackFile.py for tasks to queue
[2024-02-10T01:28:45.533+0000] {logging_mixin.py:188} INFO - [2024-02-10T01:28:45.532+0000] {dagbag.py:538} INFO - Filling up the DagBag from /opt/airflow/dags/extrackFile.py
[2024-02-10T01:28:45.553+0000] {processor.py:840} INFO - DAG(s) 'download_e_extracao_de_arquivos' retrieved from /opt/airflow/dags/extrackFile.py
[2024-02-10T01:28:45.579+0000] {logging_mixin.py:188} INFO - [2024-02-10T01:28:45.578+0000] {dag.py:3036} INFO - Sync 1 DAGs
[2024-02-10T01:28:45.599+0000] {logging_mixin.py:188} INFO - [2024-02-10T01:28:45.599+0000] {dag.py:3823} INFO - Setting next_dagrun for download_e_extracao_de_arquivos to None, run_after=None
[2024-02-10T01:28:45.785+0000] {processor.py:183} INFO - Processing /opt/airflow/dags/extrackFile.py took 0.260 seconds
[2024-02-10T01:29:16.062+0000] {processor.py:161} INFO - Started process (PID=2962) to work on /opt/airflow/dags/extrackFile.py
[2024-02-10T01:29:16.063+0000] {processor.py:830} INFO - Processing file /opt/airflow/dags/extrackFile.py for tasks to queue
[2024-02-10T01:29:16.065+0000] {logging_mixin.py:188} INFO - [2024-02-10T01:29:16.065+0000] {dagbag.py:538} INFO - Filling up the DagBag from /opt/airflow/dags/extrackFile.py
[2024-02-10T01:29:16.082+0000] {processor.py:840} INFO - DAG(s) 'download_e_extracao_de_arquivos' retrieved from /opt/airflow/dags/extrackFile.py
[2024-02-10T01:29:16.106+0000] {logging_mixin.py:188} INFO - [2024-02-10T01:29:16.106+0000] {dag.py:3036} INFO - Sync 1 DAGs
[2024-02-10T01:29:16.121+0000] {logging_mixin.py:188} INFO - [2024-02-10T01:29:16.120+0000] {dag.py:3823} INFO - Setting next_dagrun for download_e_extracao_de_arquivos to None, run_after=None
[2024-02-10T01:29:16.145+0000] {processor.py:183} INFO - Processing /opt/airflow/dags/extrackFile.py took 0.086 seconds
[2024-02-10T01:29:46.459+0000] {processor.py:161} INFO - Started process (PID=3020) to work on /opt/airflow/dags/extrackFile.py
[2024-02-10T01:29:46.460+0000] {processor.py:830} INFO - Processing file /opt/airflow/dags/extrackFile.py for tasks to queue
[2024-02-10T01:29:46.462+0000] {logging_mixin.py:188} INFO - [2024-02-10T01:29:46.462+0000] {dagbag.py:538} INFO - Filling up the DagBag from /opt/airflow/dags/extrackFile.py
[2024-02-10T01:29:46.480+0000] {processor.py:840} INFO - DAG(s) 'download_e_extracao_de_arquivos' retrieved from /opt/airflow/dags/extrackFile.py
[2024-02-10T01:29:46.507+0000] {logging_mixin.py:188} INFO - [2024-02-10T01:29:46.507+0000] {dag.py:3036} INFO - Sync 1 DAGs
[2024-02-10T01:29:46.521+0000] {logging_mixin.py:188} INFO - [2024-02-10T01:29:46.521+0000] {dag.py:3823} INFO - Setting next_dagrun for download_e_extracao_de_arquivos to None, run_after=None
[2024-02-10T01:29:46.546+0000] {processor.py:183} INFO - Processing /opt/airflow/dags/extrackFile.py took 0.090 seconds
[2024-02-10T01:30:16.668+0000] {processor.py:161} INFO - Started process (PID=3078) to work on /opt/airflow/dags/extrackFile.py
[2024-02-10T01:30:16.669+0000] {processor.py:830} INFO - Processing file /opt/airflow/dags/extrackFile.py for tasks to queue
[2024-02-10T01:30:16.671+0000] {logging_mixin.py:188} INFO - [2024-02-10T01:30:16.671+0000] {dagbag.py:538} INFO - Filling up the DagBag from /opt/airflow/dags/extrackFile.py
[2024-02-10T01:30:16.689+0000] {processor.py:840} INFO - DAG(s) 'download_e_extracao_de_arquivos' retrieved from /opt/airflow/dags/extrackFile.py
[2024-02-10T01:30:16.876+0000] {logging_mixin.py:188} INFO - [2024-02-10T01:30:16.875+0000] {dag.py:3036} INFO - Sync 1 DAGs
[2024-02-10T01:30:16.889+0000] {logging_mixin.py:188} INFO - [2024-02-10T01:30:16.889+0000] {dag.py:3823} INFO - Setting next_dagrun for download_e_extracao_de_arquivos to None, run_after=None
[2024-02-10T01:30:16.916+0000] {processor.py:183} INFO - Processing /opt/airflow/dags/extrackFile.py took 0.252 seconds
[2024-02-10T01:30:47.092+0000] {processor.py:161} INFO - Started process (PID=3136) to work on /opt/airflow/dags/extrackFile.py
[2024-02-10T01:30:47.094+0000] {processor.py:830} INFO - Processing file /opt/airflow/dags/extrackFile.py for tasks to queue
[2024-02-10T01:30:47.096+0000] {logging_mixin.py:188} INFO - [2024-02-10T01:30:47.095+0000] {dagbag.py:538} INFO - Filling up the DagBag from /opt/airflow/dags/extrackFile.py
[2024-02-10T01:30:47.112+0000] {processor.py:840} INFO - DAG(s) 'download_e_extracao_de_arquivos' retrieved from /opt/airflow/dags/extrackFile.py
[2024-02-10T01:30:47.135+0000] {logging_mixin.py:188} INFO - [2024-02-10T01:30:47.134+0000] {dag.py:3036} INFO - Sync 1 DAGs
[2024-02-10T01:30:47.149+0000] {logging_mixin.py:188} INFO - [2024-02-10T01:30:47.149+0000] {dag.py:3823} INFO - Setting next_dagrun for download_e_extracao_de_arquivos to None, run_after=None
[2024-02-10T01:30:47.174+0000] {processor.py:183} INFO - Processing /opt/airflow/dags/extrackFile.py took 0.087 seconds
[2024-02-10T01:31:17.719+0000] {processor.py:161} INFO - Started process (PID=3191) to work on /opt/airflow/dags/extrackFile.py
[2024-02-10T01:31:17.721+0000] {processor.py:830} INFO - Processing file /opt/airflow/dags/extrackFile.py for tasks to queue
[2024-02-10T01:31:17.723+0000] {logging_mixin.py:188} INFO - [2024-02-10T01:31:17.723+0000] {dagbag.py:538} INFO - Filling up the DagBag from /opt/airflow/dags/extrackFile.py
[2024-02-10T01:31:17.741+0000] {processor.py:840} INFO - DAG(s) 'download_e_extracao_de_arquivos' retrieved from /opt/airflow/dags/extrackFile.py
[2024-02-10T01:31:17.765+0000] {logging_mixin.py:188} INFO - [2024-02-10T01:31:17.765+0000] {dag.py:3036} INFO - Sync 1 DAGs
[2024-02-10T01:31:17.780+0000] {logging_mixin.py:188} INFO - [2024-02-10T01:31:17.779+0000] {dag.py:3823} INFO - Setting next_dagrun for download_e_extracao_de_arquivos to None, run_after=None
[2024-02-10T01:31:17.803+0000] {processor.py:183} INFO - Processing /opt/airflow/dags/extrackFile.py took 0.087 seconds
[2024-02-10T01:31:48.246+0000] {processor.py:161} INFO - Started process (PID=3249) to work on /opt/airflow/dags/extrackFile.py
[2024-02-10T01:31:48.247+0000] {processor.py:830} INFO - Processing file /opt/airflow/dags/extrackFile.py for tasks to queue
[2024-02-10T01:31:48.249+0000] {logging_mixin.py:188} INFO - [2024-02-10T01:31:48.249+0000] {dagbag.py:538} INFO - Filling up the DagBag from /opt/airflow/dags/extrackFile.py
[2024-02-10T01:31:48.267+0000] {processor.py:840} INFO - DAG(s) 'download_e_extracao_de_arquivos' retrieved from /opt/airflow/dags/extrackFile.py
[2024-02-10T01:31:48.293+0000] {logging_mixin.py:188} INFO - [2024-02-10T01:31:48.292+0000] {dag.py:3036} INFO - Sync 1 DAGs
[2024-02-10T01:31:48.309+0000] {logging_mixin.py:188} INFO - [2024-02-10T01:31:48.308+0000] {dag.py:3823} INFO - Setting next_dagrun for download_e_extracao_de_arquivos to None, run_after=None
[2024-02-10T01:31:48.335+0000] {processor.py:183} INFO - Processing /opt/airflow/dags/extrackFile.py took 0.092 seconds
[2024-02-10T01:32:18.565+0000] {processor.py:161} INFO - Started process (PID=3307) to work on /opt/airflow/dags/extrackFile.py
[2024-02-10T01:32:18.566+0000] {processor.py:830} INFO - Processing file /opt/airflow/dags/extrackFile.py for tasks to queue
[2024-02-10T01:32:18.568+0000] {logging_mixin.py:188} INFO - [2024-02-10T01:32:18.568+0000] {dagbag.py:538} INFO - Filling up the DagBag from /opt/airflow/dags/extrackFile.py
[2024-02-10T01:32:18.586+0000] {processor.py:840} INFO - DAG(s) 'download_e_extracao_de_arquivos' retrieved from /opt/airflow/dags/extrackFile.py
[2024-02-10T01:32:18.609+0000] {logging_mixin.py:188} INFO - [2024-02-10T01:32:18.609+0000] {dag.py:3036} INFO - Sync 1 DAGs
[2024-02-10T01:32:18.623+0000] {logging_mixin.py:188} INFO - [2024-02-10T01:32:18.623+0000] {dag.py:3823} INFO - Setting next_dagrun for download_e_extracao_de_arquivos to None, run_after=None
[2024-02-10T01:32:18.647+0000] {processor.py:183} INFO - Processing /opt/airflow/dags/extrackFile.py took 0.085 seconds
[2024-02-10T01:32:49.308+0000] {processor.py:161} INFO - Started process (PID=3365) to work on /opt/airflow/dags/extrackFile.py
[2024-02-10T01:32:49.309+0000] {processor.py:830} INFO - Processing file /opt/airflow/dags/extrackFile.py for tasks to queue
[2024-02-10T01:32:49.311+0000] {logging_mixin.py:188} INFO - [2024-02-10T01:32:49.311+0000] {dagbag.py:538} INFO - Filling up the DagBag from /opt/airflow/dags/extrackFile.py
[2024-02-10T01:32:49.329+0000] {processor.py:840} INFO - DAG(s) 'download_e_extracao_de_arquivos' retrieved from /opt/airflow/dags/extrackFile.py
[2024-02-10T01:32:49.354+0000] {logging_mixin.py:188} INFO - [2024-02-10T01:32:49.353+0000] {dag.py:3036} INFO - Sync 1 DAGs
[2024-02-10T01:32:49.368+0000] {logging_mixin.py:188} INFO - [2024-02-10T01:32:49.368+0000] {dag.py:3823} INFO - Setting next_dagrun for download_e_extracao_de_arquivos to None, run_after=None
[2024-02-10T01:32:49.394+0000] {processor.py:183} INFO - Processing /opt/airflow/dags/extrackFile.py took 0.090 seconds
[2024-02-10T01:33:19.759+0000] {processor.py:161} INFO - Started process (PID=3435) to work on /opt/airflow/dags/extrackFile.py
[2024-02-10T01:33:19.761+0000] {processor.py:830} INFO - Processing file /opt/airflow/dags/extrackFile.py for tasks to queue
[2024-02-10T01:33:19.763+0000] {logging_mixin.py:188} INFO - [2024-02-10T01:33:19.763+0000] {dagbag.py:538} INFO - Filling up the DagBag from /opt/airflow/dags/extrackFile.py
[2024-02-10T01:33:19.791+0000] {processor.py:840} INFO - DAG(s) 'download_e_extracao_de_arquivos' retrieved from /opt/airflow/dags/extrackFile.py
[2024-02-10T01:33:19.835+0000] {logging_mixin.py:188} INFO - [2024-02-10T01:33:19.835+0000] {dag.py:3036} INFO - Sync 1 DAGs
[2024-02-10T01:33:19.862+0000] {logging_mixin.py:188} INFO - [2024-02-10T01:33:19.861+0000] {dag.py:3823} INFO - Setting next_dagrun for download_e_extracao_de_arquivos to None, run_after=None
[2024-02-10T01:33:19.904+0000] {processor.py:183} INFO - Processing /opt/airflow/dags/extrackFile.py took 0.151 seconds
[2024-02-10T01:33:50.808+0000] {processor.py:161} INFO - Started process (PID=3493) to work on /opt/airflow/dags/extrackFile.py
[2024-02-10T01:33:50.809+0000] {processor.py:830} INFO - Processing file /opt/airflow/dags/extrackFile.py for tasks to queue
[2024-02-10T01:33:50.812+0000] {logging_mixin.py:188} INFO - [2024-02-10T01:33:50.812+0000] {dagbag.py:538} INFO - Filling up the DagBag from /opt/airflow/dags/extrackFile.py
[2024-02-10T01:33:50.832+0000] {processor.py:840} INFO - DAG(s) 'download_e_extracao_de_arquivos' retrieved from /opt/airflow/dags/extrackFile.py
[2024-02-10T01:33:50.862+0000] {logging_mixin.py:188} INFO - [2024-02-10T01:33:50.862+0000] {dag.py:3036} INFO - Sync 1 DAGs
[2024-02-10T01:33:50.878+0000] {logging_mixin.py:188} INFO - [2024-02-10T01:33:50.878+0000] {dag.py:3823} INFO - Setting next_dagrun for download_e_extracao_de_arquivos to None, run_after=None
[2024-02-10T01:33:50.907+0000] {processor.py:183} INFO - Processing /opt/airflow/dags/extrackFile.py took 0.104 seconds
[2024-02-10T01:34:21.404+0000] {processor.py:161} INFO - Started process (PID=3551) to work on /opt/airflow/dags/extrackFile.py
[2024-02-10T01:34:21.405+0000] {processor.py:830} INFO - Processing file /opt/airflow/dags/extrackFile.py for tasks to queue
[2024-02-10T01:34:21.407+0000] {logging_mixin.py:188} INFO - [2024-02-10T01:34:21.407+0000] {dagbag.py:538} INFO - Filling up the DagBag from /opt/airflow/dags/extrackFile.py
[2024-02-10T01:34:21.424+0000] {processor.py:840} INFO - DAG(s) 'download_e_extracao_de_arquivos' retrieved from /opt/airflow/dags/extrackFile.py
[2024-02-10T01:34:21.448+0000] {logging_mixin.py:188} INFO - [2024-02-10T01:34:21.448+0000] {dag.py:3036} INFO - Sync 1 DAGs
[2024-02-10T01:34:21.464+0000] {logging_mixin.py:188} INFO - [2024-02-10T01:34:21.464+0000] {dag.py:3823} INFO - Setting next_dagrun for download_e_extracao_de_arquivos to None, run_after=None
[2024-02-10T01:34:21.490+0000] {processor.py:183} INFO - Processing /opt/airflow/dags/extrackFile.py took 0.089 seconds
[2024-02-10T01:34:51.818+0000] {processor.py:161} INFO - Started process (PID=3609) to work on /opt/airflow/dags/extrackFile.py
[2024-02-10T01:34:51.819+0000] {processor.py:830} INFO - Processing file /opt/airflow/dags/extrackFile.py for tasks to queue
[2024-02-10T01:34:51.821+0000] {logging_mixin.py:188} INFO - [2024-02-10T01:34:51.821+0000] {dagbag.py:538} INFO - Filling up the DagBag from /opt/airflow/dags/extrackFile.py
[2024-02-10T01:34:51.837+0000] {processor.py:840} INFO - DAG(s) 'download_e_extracao_de_arquivos' retrieved from /opt/airflow/dags/extrackFile.py
[2024-02-10T01:34:51.861+0000] {logging_mixin.py:188} INFO - [2024-02-10T01:34:51.861+0000] {dag.py:3036} INFO - Sync 1 DAGs
[2024-02-10T01:34:51.876+0000] {logging_mixin.py:188} INFO - [2024-02-10T01:34:51.875+0000] {dag.py:3823} INFO - Setting next_dagrun for download_e_extracao_de_arquivos to None, run_after=None
[2024-02-10T01:34:51.901+0000] {processor.py:183} INFO - Processing /opt/airflow/dags/extrackFile.py took 0.087 seconds
[2024-02-10T01:35:01.487+0000] {processor.py:161} INFO - Started process (PID=3628) to work on /opt/airflow/dags/extrackFile.py
[2024-02-10T01:35:01.488+0000] {processor.py:830} INFO - Processing file /opt/airflow/dags/extrackFile.py for tasks to queue
[2024-02-10T01:35:01.490+0000] {logging_mixin.py:188} INFO - [2024-02-10T01:35:01.490+0000] {dagbag.py:538} INFO - Filling up the DagBag from /opt/airflow/dags/extrackFile.py
[2024-02-10T01:35:01.516+0000] {processor.py:840} INFO - DAG(s) 'download_e_extracao_de_arquivos' retrieved from /opt/airflow/dags/extrackFile.py
[2024-02-10T01:35:01.639+0000] {logging_mixin.py:188} INFO - [2024-02-10T01:35:01.638+0000] {dag.py:3036} INFO - Sync 1 DAGs
[2024-02-10T01:35:01.654+0000] {logging_mixin.py:188} INFO - [2024-02-10T01:35:01.653+0000] {dag.py:3823} INFO - Setting next_dagrun for download_e_extracao_de_arquivos to None, run_after=None
[2024-02-10T01:35:01.687+0000] {processor.py:183} INFO - Processing /opt/airflow/dags/extrackFile.py took 0.204 seconds
[2024-02-10T01:35:06.557+0000] {processor.py:161} INFO - Started process (PID=3629) to work on /opt/airflow/dags/extrackFile.py
[2024-02-10T01:35:06.558+0000] {processor.py:830} INFO - Processing file /opt/airflow/dags/extrackFile.py for tasks to queue
[2024-02-10T01:35:06.561+0000] {logging_mixin.py:188} INFO - [2024-02-10T01:35:06.560+0000] {dagbag.py:538} INFO - Filling up the DagBag from /opt/airflow/dags/extrackFile.py
[2024-02-10T01:35:06.589+0000] {processor.py:840} INFO - DAG(s) 'download_e_extracao_de_arquivos' retrieved from /opt/airflow/dags/extrackFile.py
[2024-02-10T01:35:06.603+0000] {logging_mixin.py:188} INFO - [2024-02-10T01:35:06.603+0000] {dag.py:3036} INFO - Sync 1 DAGs
[2024-02-10T01:35:06.620+0000] {logging_mixin.py:188} INFO - [2024-02-10T01:35:06.619+0000] {dag.py:3823} INFO - Setting next_dagrun for download_e_extracao_de_arquivos to None, run_after=None
[2024-02-10T01:35:06.649+0000] {processor.py:183} INFO - Processing /opt/airflow/dags/extrackFile.py took 0.095 seconds
[2024-02-10T01:35:08.870+0000] {processor.py:161} INFO - Started process (PID=3634) to work on /opt/airflow/dags/extrackFile.py
[2024-02-10T01:35:08.872+0000] {processor.py:830} INFO - Processing file /opt/airflow/dags/extrackFile.py for tasks to queue
[2024-02-10T01:35:08.876+0000] {logging_mixin.py:188} INFO - [2024-02-10T01:35:08.875+0000] {dagbag.py:538} INFO - Filling up the DagBag from /opt/airflow/dags/extrackFile.py
[2024-02-10T01:35:08.913+0000] {processor.py:840} INFO - DAG(s) 'download_e_extracao_de_arquivos' retrieved from /opt/airflow/dags/extrackFile.py
[2024-02-10T01:35:08.934+0000] {logging_mixin.py:188} INFO - [2024-02-10T01:35:08.933+0000] {dag.py:3036} INFO - Sync 1 DAGs
[2024-02-10T01:35:08.958+0000] {logging_mixin.py:188} INFO - [2024-02-10T01:35:08.957+0000] {dag.py:3823} INFO - Setting next_dagrun for download_e_extracao_de_arquivos to None, run_after=None
[2024-02-10T01:35:08.999+0000] {processor.py:183} INFO - Processing /opt/airflow/dags/extrackFile.py took 0.134 seconds
[2024-02-10T01:35:23.960+0000] {processor.py:161} INFO - Started process (PID=3687) to work on /opt/airflow/dags/extrackFile.py
[2024-02-10T01:35:23.961+0000] {processor.py:830} INFO - Processing file /opt/airflow/dags/extrackFile.py for tasks to queue
[2024-02-10T01:35:23.963+0000] {logging_mixin.py:188} INFO - [2024-02-10T01:35:23.963+0000] {dagbag.py:538} INFO - Filling up the DagBag from /opt/airflow/dags/extrackFile.py
[2024-02-10T01:35:23.989+0000] {processor.py:840} INFO - DAG(s) 'download_e_extracao_de_arquivos' retrieved from /opt/airflow/dags/extrackFile.py
[2024-02-10T01:35:24.003+0000] {logging_mixin.py:188} INFO - [2024-02-10T01:35:24.002+0000] {dag.py:3036} INFO - Sync 1 DAGs
[2024-02-10T01:35:24.017+0000] {logging_mixin.py:188} INFO - [2024-02-10T01:35:24.017+0000] {dag.py:3823} INFO - Setting next_dagrun for download_e_extracao_de_arquivos to None, run_after=None
[2024-02-10T01:35:24.048+0000] {processor.py:183} INFO - Processing /opt/airflow/dags/extrackFile.py took 0.092 seconds
[2024-02-10T01:35:37.375+0000] {processor.py:161} INFO - Started process (PID=3689) to work on /opt/airflow/dags/extrackFile.py
[2024-02-10T01:35:37.376+0000] {processor.py:830} INFO - Processing file /opt/airflow/dags/extrackFile.py for tasks to queue
[2024-02-10T01:35:37.378+0000] {logging_mixin.py:188} INFO - [2024-02-10T01:35:37.378+0000] {dagbag.py:538} INFO - Filling up the DagBag from /opt/airflow/dags/extrackFile.py
[2024-02-10T01:35:37.405+0000] {processor.py:840} INFO - DAG(s) 'download_e_extracao_de_arquivos' retrieved from /opt/airflow/dags/extrackFile.py
[2024-02-10T01:35:37.522+0000] {logging_mixin.py:188} INFO - [2024-02-10T01:35:37.521+0000] {dag.py:3036} INFO - Sync 1 DAGs
[2024-02-10T01:35:37.534+0000] {logging_mixin.py:188} INFO - [2024-02-10T01:35:37.534+0000] {dag.py:3823} INFO - Setting next_dagrun for download_e_extracao_de_arquivos to None, run_after=None
[2024-02-10T01:35:37.564+0000] {processor.py:183} INFO - Processing /opt/airflow/dags/extrackFile.py took 0.192 seconds
[2024-02-10T01:35:41.792+0000] {processor.py:161} INFO - Started process (PID=3696) to work on /opt/airflow/dags/extrackFile.py
[2024-02-10T01:35:41.793+0000] {processor.py:830} INFO - Processing file /opt/airflow/dags/extrackFile.py for tasks to queue
[2024-02-10T01:35:41.795+0000] {logging_mixin.py:188} INFO - [2024-02-10T01:35:41.794+0000] {dagbag.py:538} INFO - Filling up the DagBag from /opt/airflow/dags/extrackFile.py
[2024-02-10T01:35:41.822+0000] {processor.py:840} INFO - DAG(s) 'download_e_extracao_de_arquivos' retrieved from /opt/airflow/dags/extrackFile.py
[2024-02-10T01:35:41.835+0000] {logging_mixin.py:188} INFO - [2024-02-10T01:35:41.834+0000] {dag.py:3036} INFO - Sync 1 DAGs
[2024-02-10T01:35:41.850+0000] {logging_mixin.py:188} INFO - [2024-02-10T01:35:41.850+0000] {dag.py:3823} INFO - Setting next_dagrun for download_e_extracao_de_arquivos to None, run_after=None
[2024-02-10T01:35:41.878+0000] {processor.py:183} INFO - Processing /opt/airflow/dags/extrackFile.py took 0.090 seconds
[2024-02-10T01:35:55.698+0000] {processor.py:161} INFO - Started process (PID=3747) to work on /opt/airflow/dags/extrackFile.py
[2024-02-10T01:35:55.699+0000] {processor.py:830} INFO - Processing file /opt/airflow/dags/extrackFile.py for tasks to queue
[2024-02-10T01:35:55.701+0000] {logging_mixin.py:188} INFO - [2024-02-10T01:35:55.700+0000] {dagbag.py:538} INFO - Filling up the DagBag from /opt/airflow/dags/extrackFile.py
[2024-02-10T01:35:55.728+0000] {processor.py:840} INFO - DAG(s) 'download_e_extracao_de_arquivos' retrieved from /opt/airflow/dags/extrackFile.py
[2024-02-10T01:35:55.743+0000] {logging_mixin.py:188} INFO - [2024-02-10T01:35:55.742+0000] {dag.py:3036} INFO - Sync 1 DAGs
[2024-02-10T01:35:55.758+0000] {logging_mixin.py:188} INFO - [2024-02-10T01:35:55.758+0000] {dag.py:3823} INFO - Setting next_dagrun for download_e_extracao_de_arquivos to None, run_after=None
[2024-02-10T01:35:55.786+0000] {processor.py:183} INFO - Processing /opt/airflow/dags/extrackFile.py took 0.091 seconds
[2024-02-10T01:35:58.738+0000] {processor.py:161} INFO - Started process (PID=3748) to work on /opt/airflow/dags/extrackFile.py
[2024-02-10T01:35:58.739+0000] {processor.py:830} INFO - Processing file /opt/airflow/dags/extrackFile.py for tasks to queue
[2024-02-10T01:35:58.741+0000] {logging_mixin.py:188} INFO - [2024-02-10T01:35:58.741+0000] {dagbag.py:538} INFO - Filling up the DagBag from /opt/airflow/dags/extrackFile.py
[2024-02-10T01:35:58.767+0000] {processor.py:840} INFO - DAG(s) 'download_e_extracao_de_arquivos' retrieved from /opt/airflow/dags/extrackFile.py
[2024-02-10T01:35:58.782+0000] {logging_mixin.py:188} INFO - [2024-02-10T01:35:58.781+0000] {dag.py:3036} INFO - Sync 1 DAGs
[2024-02-10T01:35:58.798+0000] {logging_mixin.py:188} INFO - [2024-02-10T01:35:58.798+0000] {dag.py:3823} INFO - Setting next_dagrun for download_e_extracao_de_arquivos to None, run_after=None
[2024-02-10T01:35:58.828+0000] {processor.py:183} INFO - Processing /opt/airflow/dags/extrackFile.py took 0.094 seconds
[2024-02-10T01:36:11.333+0000] {processor.py:161} INFO - Started process (PID=3756) to work on /opt/airflow/dags/extrackFile.py
[2024-02-10T01:36:11.335+0000] {processor.py:830} INFO - Processing file /opt/airflow/dags/extrackFile.py for tasks to queue
[2024-02-10T01:36:11.336+0000] {logging_mixin.py:188} INFO - [2024-02-10T01:36:11.336+0000] {dagbag.py:538} INFO - Filling up the DagBag from /opt/airflow/dags/extrackFile.py
[2024-02-10T01:36:11.362+0000] {processor.py:840} INFO - DAG(s) 'download_e_extracao_de_arquivos' retrieved from /opt/airflow/dags/extrackFile.py
[2024-02-10T01:36:11.491+0000] {logging_mixin.py:188} INFO - [2024-02-10T01:36:11.491+0000] {dag.py:3036} INFO - Sync 1 DAGs
[2024-02-10T01:36:11.505+0000] {logging_mixin.py:188} INFO - [2024-02-10T01:36:11.505+0000] {dag.py:3823} INFO - Setting next_dagrun for download_e_extracao_de_arquivos to None, run_after=None
[2024-02-10T01:36:11.537+0000] {processor.py:183} INFO - Processing /opt/airflow/dags/extrackFile.py took 0.206 seconds
[2024-02-10T01:36:14.696+0000] {processor.py:161} INFO - Started process (PID=3763) to work on /opt/airflow/dags/extrackFile.py
[2024-02-10T01:36:14.698+0000] {processor.py:830} INFO - Processing file /opt/airflow/dags/extrackFile.py for tasks to queue
[2024-02-10T01:36:14.699+0000] {logging_mixin.py:188} INFO - [2024-02-10T01:36:14.699+0000] {dagbag.py:538} INFO - Filling up the DagBag from /opt/airflow/dags/extrackFile.py
[2024-02-10T01:36:14.726+0000] {processor.py:840} INFO - DAG(s) 'download_e_extracao_de_arquivos' retrieved from /opt/airflow/dags/extrackFile.py
[2024-02-10T01:36:14.740+0000] {logging_mixin.py:188} INFO - [2024-02-10T01:36:14.740+0000] {dag.py:3036} INFO - Sync 1 DAGs
[2024-02-10T01:36:14.756+0000] {logging_mixin.py:188} INFO - [2024-02-10T01:36:14.756+0000] {dag.py:3823} INFO - Setting next_dagrun for download_e_extracao_de_arquivos to None, run_after=None
[2024-02-10T01:36:14.786+0000] {processor.py:183} INFO - Processing /opt/airflow/dags/extrackFile.py took 0.093 seconds
[2024-02-10T01:36:23.644+0000] {processor.py:161} INFO - Started process (PID=3797) to work on /opt/airflow/dags/extrackFile.py
[2024-02-10T01:36:23.645+0000] {processor.py:830} INFO - Processing file /opt/airflow/dags/extrackFile.py for tasks to queue
[2024-02-10T01:36:23.647+0000] {logging_mixin.py:188} INFO - [2024-02-10T01:36:23.647+0000] {dagbag.py:538} INFO - Filling up the DagBag from /opt/airflow/dags/extrackFile.py
[2024-02-10T01:36:23.679+0000] {processor.py:840} INFO - DAG(s) 'download_e_extracao_de_arquivos' retrieved from /opt/airflow/dags/extrackFile.py
[2024-02-10T01:36:23.694+0000] {logging_mixin.py:188} INFO - [2024-02-10T01:36:23.694+0000] {dag.py:3036} INFO - Sync 1 DAGs
[2024-02-10T01:36:23.709+0000] {logging_mixin.py:188} INFO - [2024-02-10T01:36:23.709+0000] {dag.py:3823} INFO - Setting next_dagrun for download_e_extracao_de_arquivos to None, run_after=None
[2024-02-10T01:36:23.741+0000] {processor.py:183} INFO - Processing /opt/airflow/dags/extrackFile.py took 0.102 seconds
[2024-02-10T01:36:24.206+0000] {processor.py:161} INFO - Started process (PID=3805) to work on /opt/airflow/dags/extrackFile.py
[2024-02-10T01:36:24.207+0000] {processor.py:830} INFO - Processing file /opt/airflow/dags/extrackFile.py for tasks to queue
[2024-02-10T01:36:24.210+0000] {logging_mixin.py:188} INFO - [2024-02-10T01:36:24.209+0000] {dagbag.py:538} INFO - Filling up the DagBag from /opt/airflow/dags/extrackFile.py
[2024-02-10T01:36:24.237+0000] {processor.py:840} INFO - DAG(s) 'download_e_extracao_de_arquivos' retrieved from /opt/airflow/dags/extrackFile.py
[2024-02-10T01:36:24.252+0000] {logging_mixin.py:188} INFO - [2024-02-10T01:36:24.251+0000] {dag.py:3036} INFO - Sync 1 DAGs
[2024-02-10T01:36:24.270+0000] {logging_mixin.py:188} INFO - [2024-02-10T01:36:24.270+0000] {dag.py:3823} INFO - Setting next_dagrun for download_e_extracao_de_arquivos to None, run_after=None
[2024-02-10T01:36:24.302+0000] {processor.py:183} INFO - Processing /opt/airflow/dags/extrackFile.py took 0.100 seconds
[2024-02-10T01:36:36.822+0000] {processor.py:161} INFO - Started process (PID=3811) to work on /opt/airflow/dags/extrackFile.py
[2024-02-10T01:36:36.823+0000] {processor.py:830} INFO - Processing file /opt/airflow/dags/extrackFile.py for tasks to queue
[2024-02-10T01:36:36.825+0000] {logging_mixin.py:188} INFO - [2024-02-10T01:36:36.825+0000] {dagbag.py:538} INFO - Filling up the DagBag from /opt/airflow/dags/extrackFile.py
[2024-02-10T01:36:36.852+0000] {processor.py:840} INFO - DAG(s) 'download_e_extracao_de_arquivos' retrieved from /opt/airflow/dags/extrackFile.py
[2024-02-10T01:36:36.866+0000] {logging_mixin.py:188} INFO - [2024-02-10T01:36:36.865+0000] {dag.py:3036} INFO - Sync 1 DAGs
[2024-02-10T01:36:36.883+0000] {logging_mixin.py:188} INFO - [2024-02-10T01:36:36.882+0000] {dag.py:3823} INFO - Setting next_dagrun for download_e_extracao_de_arquivos to None, run_after=None
[2024-02-10T01:36:36.916+0000] {processor.py:183} INFO - Processing /opt/airflow/dags/extrackFile.py took 0.098 seconds
[2024-02-10T01:36:40.324+0000] {processor.py:161} INFO - Started process (PID=3816) to work on /opt/airflow/dags/extrackFile.py
[2024-02-10T01:36:40.325+0000] {processor.py:830} INFO - Processing file /opt/airflow/dags/extrackFile.py for tasks to queue
[2024-02-10T01:36:40.327+0000] {logging_mixin.py:188} INFO - [2024-02-10T01:36:40.327+0000] {dagbag.py:538} INFO - Filling up the DagBag from /opt/airflow/dags/extrackFile.py
[2024-02-10T01:36:40.353+0000] {processor.py:840} INFO - DAG(s) 'download_e_extracao_de_arquivos' retrieved from /opt/airflow/dags/extrackFile.py
[2024-02-10T01:36:40.368+0000] {logging_mixin.py:188} INFO - [2024-02-10T01:36:40.368+0000] {dag.py:3036} INFO - Sync 1 DAGs
[2024-02-10T01:36:40.385+0000] {logging_mixin.py:188} INFO - [2024-02-10T01:36:40.385+0000] {dag.py:3823} INFO - Setting next_dagrun for download_e_extracao_de_arquivos to None, run_after=None
[2024-02-10T01:36:40.416+0000] {processor.py:183} INFO - Processing /opt/airflow/dags/extrackFile.py took 0.095 seconds
[2024-02-10T01:37:08.366+0000] {processor.py:161} INFO - Started process (PID=3870) to work on /opt/airflow/dags/extrackFile.py
[2024-02-10T01:37:08.367+0000] {processor.py:830} INFO - Processing file /opt/airflow/dags/extrackFile.py for tasks to queue
[2024-02-10T01:37:08.369+0000] {logging_mixin.py:188} INFO - [2024-02-10T01:37:08.369+0000] {dagbag.py:538} INFO - Filling up the DagBag from /opt/airflow/dags/extrackFile.py
[2024-02-10T01:37:08.398+0000] {processor.py:840} INFO - DAG(s) 'download_e_extracao_de_arquivos' retrieved from /opt/airflow/dags/extrackFile.py
[2024-02-10T01:37:08.525+0000] {logging_mixin.py:188} INFO - [2024-02-10T01:37:08.525+0000] {dag.py:3036} INFO - Sync 1 DAGs
[2024-02-10T01:37:08.539+0000] {logging_mixin.py:188} INFO - [2024-02-10T01:37:08.538+0000] {dag.py:3823} INFO - Setting next_dagrun for download_e_extracao_de_arquivos to None, run_after=None
[2024-02-10T01:37:08.568+0000] {processor.py:183} INFO - Processing /opt/airflow/dags/extrackFile.py took 0.205 seconds
[2024-02-10T01:37:18.787+0000] {processor.py:161} INFO - Started process (PID=3892) to work on /opt/airflow/dags/extrackFile.py
[2024-02-10T01:37:18.788+0000] {processor.py:830} INFO - Processing file /opt/airflow/dags/extrackFile.py for tasks to queue
[2024-02-10T01:37:18.790+0000] {logging_mixin.py:188} INFO - [2024-02-10T01:37:18.790+0000] {dagbag.py:538} INFO - Filling up the DagBag from /opt/airflow/dags/extrackFile.py
[2024-02-10T01:37:18.818+0000] {processor.py:840} INFO - DAG(s) 'download_e_extracao_de_arquivos' retrieved from /opt/airflow/dags/extrackFile.py
[2024-02-10T01:37:18.833+0000] {logging_mixin.py:188} INFO - [2024-02-10T01:37:18.832+0000] {dag.py:3036} INFO - Sync 1 DAGs
[2024-02-10T01:37:18.850+0000] {logging_mixin.py:188} INFO - [2024-02-10T01:37:18.850+0000] {dag.py:3823} INFO - Setting next_dagrun for download_e_extracao_de_arquivos to None, run_after=None
[2024-02-10T01:37:18.881+0000] {processor.py:183} INFO - Processing /opt/airflow/dags/extrackFile.py took 0.098 seconds
