[2024-02-03T05:31:42.407+0000] {taskinstance.py:1956} INFO - Dependencies all met for dep_context=non-requeueable deps ti=<TaskInstance: example_xcom.bash_pull manual__2024-02-03T05:31:35.963712+00:00 [queued]>
[2024-02-03T05:31:42.424+0000] {taskinstance.py:1956} INFO - Dependencies all met for dep_context=requeueable deps ti=<TaskInstance: example_xcom.bash_pull manual__2024-02-03T05:31:35.963712+00:00 [queued]>
[2024-02-03T05:31:42.425+0000] {taskinstance.py:2170} INFO - Starting attempt 1 of 1
[2024-02-03T05:31:42.461+0000] {taskinstance.py:2191} INFO - Executing <Task(BashOperator): bash_pull> on 2024-02-03 05:31:35.963712+00:00
[2024-02-03T05:31:42.480+0000] {standard_task_runner.py:60} INFO - Started process 179 to run task
[2024-02-03T05:31:42.485+0000] {standard_task_runner.py:87} INFO - Running: ['***', 'tasks', 'run', 'example_xcom', 'bash_pull', 'manual__2024-02-03T05:31:35.963712+00:00', '--job-id', '14', '--raw', '--subdir', '/home/***/.local/lib/python3.8/site-packages/***/example_dags/example_xcom.py', '--cfg-path', '/tmp/tmp4hb8ecg7']
[2024-02-03T05:31:42.489+0000] {standard_task_runner.py:88} INFO - Job 14: Subtask bash_pull
[2024-02-03T05:31:42.620+0000] {task_command.py:423} INFO - Running <TaskInstance: example_xcom.bash_pull manual__2024-02-03T05:31:35.963712+00:00 [running]> on host 113c724a1462
[2024-02-03T05:31:42.805+0000] {taskinstance.py:2480} INFO - Exporting env vars: AIRFLOW_CTX_DAG_OWNER='***' AIRFLOW_CTX_DAG_ID='example_xcom' AIRFLOW_CTX_TASK_ID='bash_pull' AIRFLOW_CTX_EXECUTION_DATE='2024-02-03T05:31:35.963712+00:00' AIRFLOW_CTX_TRY_NUMBER='1' AIRFLOW_CTX_DAG_RUN_ID='manual__2024-02-03T05:31:35.963712+00:00'
[2024-02-03T05:31:42.812+0000] {subprocess.py:63} INFO - Tmp dir root location: /tmp
[2024-02-03T05:31:42.815+0000] {subprocess.py:75} INFO - Running command: ['/usr/bin/bash', '-c', 'echo "bash pull demo" && echo "The xcom pushed manually is manually_pushed_value" && echo "The returned_value xcom is value_by_return" && echo "finished"']
[2024-02-03T05:31:42.834+0000] {subprocess.py:86} INFO - Output:
[2024-02-03T05:31:42.836+0000] {subprocess.py:93} INFO - bash pull demo
[2024-02-03T05:31:42.836+0000] {subprocess.py:93} INFO - The xcom pushed manually is manually_pushed_value
[2024-02-03T05:31:42.837+0000] {subprocess.py:93} INFO - The returned_value xcom is value_by_return
[2024-02-03T05:31:42.837+0000] {subprocess.py:93} INFO - finished
[2024-02-03T05:31:42.838+0000] {subprocess.py:97} INFO - Command exited with return code 0
[2024-02-03T05:31:42.851+0000] {taskinstance.py:1138} INFO - Marking task as SUCCESS. dag_id=example_xcom, task_id=bash_pull, execution_date=20240203T053135, start_date=20240203T053142, end_date=20240203T053142
[2024-02-03T05:31:42.900+0000] {local_task_job_runner.py:234} INFO - Task exited with return code 0
[2024-02-03T05:31:42.936+0000] {taskinstance.py:3280} INFO - 0 downstream tasks scheduled from follow-on schedule check
