[2024-02-10T02:40:26.181+0000] {taskinstance.py:1956} INFO - Dependencies all met for dep_context=non-requeueable deps ti=<TaskInstance: censoEnade.convert_zip_file manual__2024-02-10T02:39:54.637611+00:00 [queued]>
[2024-02-10T02:40:26.207+0000] {taskinstance.py:1956} INFO - Dependencies all met for dep_context=requeueable deps ti=<TaskInstance: censoEnade.convert_zip_file manual__2024-02-10T02:39:54.637611+00:00 [queued]>
[2024-02-10T02:40:26.209+0000] {taskinstance.py:2170} INFO - Starting attempt 1 of 1
[2024-02-10T02:40:26.242+0000] {taskinstance.py:2191} INFO - Executing <Task(PythonOperator): convert_zip_file> on 2024-02-10 02:39:54.637611+00:00
[2024-02-10T02:40:26.254+0000] {standard_task_runner.py:60} INFO - Started process 265 to run task
[2024-02-10T02:40:26.259+0000] {standard_task_runner.py:87} INFO - Running: ['***', 'tasks', 'run', 'censoEnade', 'convert_zip_file', 'manual__2024-02-10T02:39:54.637611+00:00', '--job-id', '161', '--raw', '--subdir', 'DAGS_FOLDER/censoEnade.py', '--cfg-path', '/tmp/tmp0t4bbq3o']
[2024-02-10T02:40:26.265+0000] {standard_task_runner.py:88} INFO - Job 161: Subtask convert_zip_file
[2024-02-10T02:40:26.338+0000] {task_command.py:423} INFO - Running <TaskInstance: censoEnade.convert_zip_file manual__2024-02-10T02:39:54.637611+00:00 [running]> on host 7e5b5e202339
[2024-02-10T02:40:26.466+0000] {taskinstance.py:2480} INFO - Exporting env vars: AIRFLOW_CTX_DAG_OWNER='Néfi Fernandes' AIRFLOW_CTX_DAG_ID='censoEnade' AIRFLOW_CTX_TASK_ID='convert_zip_file' AIRFLOW_CTX_EXECUTION_DATE='2024-02-10T02:39:54.637611+00:00' AIRFLOW_CTX_TRY_NUMBER='1' AIRFLOW_CTX_DAG_RUN_ID='manual__2024-02-10T02:39:54.637611+00:00'
[2024-02-10T02:40:26.488+0000] {taskinstance.py:2698} ERROR - Task failed with exception
Traceback (most recent call last):
  File "/home/airflow/.local/lib/python3.8/site-packages/airflow/models/taskinstance.py", line 433, in _execute_task
    result = execute_callable(context=context, **execute_callable_kwargs)
  File "/home/airflow/.local/lib/python3.8/site-packages/airflow/operators/python.py", line 199, in execute
    return_value = self.execute_callable()
  File "/home/airflow/.local/lib/python3.8/site-packages/airflow/operators/python.py", line 216, in execute_callable
    return self.python_callable(*self.op_args, **self.op_kwargs)
  File "/opt/airflow/dags/censoEnade.py", line 65, in convert_7z_to_zip
    subprocess.run(['7z', 'e', archive_path, '-o' + output_dir])
  File "/usr/local/lib/python3.8/subprocess.py", line 493, in run
    with Popen(*popenargs, **kwargs) as process:
  File "/usr/local/lib/python3.8/subprocess.py", line 858, in __init__
    self._execute_child(args, executable, preexec_fn, close_fds,
  File "/usr/local/lib/python3.8/subprocess.py", line 1720, in _execute_child
    raise child_exception_type(errno_num, err_msg, err_filename)
PermissionError: [Errno 13] Permission denied: '7z'
[2024-02-10T02:40:26.508+0000] {taskinstance.py:1138} INFO - Marking task as FAILED. dag_id=censoEnade, task_id=convert_zip_file, execution_date=20240210T023954, start_date=20240210T024026, end_date=20240210T024026
[2024-02-10T02:40:26.534+0000] {standard_task_runner.py:107} ERROR - Failed to execute job 161 for task convert_zip_file ([Errno 13] Permission denied: '7z'; 265)
[2024-02-10T02:40:26.553+0000] {local_task_job_runner.py:234} INFO - Task exited with return code 1
[2024-02-10T02:40:26.588+0000] {taskinstance.py:3280} INFO - 0 downstream tasks scheduled from follow-on schedule check
