[2024-02-07T00:40:12.954+0000] {taskinstance.py:1956} INFO - Dependencies all met for dep_context=non-requeueable deps ti=<TaskInstance: censoEnade.cria_diretorios manual__2024-02-07T00:40:10.563652+00:00 [queued]>
[2024-02-07T00:40:12.963+0000] {taskinstance.py:1956} INFO - Dependencies all met for dep_context=requeueable deps ti=<TaskInstance: censoEnade.cria_diretorios manual__2024-02-07T00:40:10.563652+00:00 [queued]>
[2024-02-07T00:40:12.964+0000] {taskinstance.py:2170} INFO - Starting attempt 1 of 1
[2024-02-07T00:40:12.991+0000] {taskinstance.py:2191} INFO - Executing <Task(BashOperator): cria_diretorios> on 2024-02-07 00:40:10.563652+00:00
[2024-02-07T00:40:12.999+0000] {standard_task_runner.py:60} INFO - Started process 1467 to run task
[2024-02-07T00:40:13.002+0000] {standard_task_runner.py:87} INFO - Running: ['***', 'tasks', 'run', 'censoEnade', 'cria_diretorios', 'manual__2024-02-07T00:40:10.563652+00:00', '--job-id', '63', '--raw', '--subdir', 'DAGS_FOLDER/censoEnade.py', '--cfg-path', '/tmp/tmpdvpom3gm']
[2024-02-07T00:40:13.005+0000] {standard_task_runner.py:88} INFO - Job 63: Subtask cria_diretorios
[2024-02-07T00:40:13.070+0000] {task_command.py:423} INFO - Running <TaskInstance: censoEnade.cria_diretorios manual__2024-02-07T00:40:10.563652+00:00 [running]> on host 113c724a1462
[2024-02-07T00:40:13.169+0000] {taskinstance.py:2480} INFO - Exporting env vars: AIRFLOW_CTX_DAG_OWNER='Néfi Fernandes' AIRFLOW_CTX_DAG_ID='censoEnade' AIRFLOW_CTX_TASK_ID='cria_diretorios' AIRFLOW_CTX_EXECUTION_DATE='2024-02-07T00:40:10.563652+00:00' AIRFLOW_CTX_TRY_NUMBER='1' AIRFLOW_CTX_DAG_RUN_ID='manual__2024-02-07T00:40:10.563652+00:00'
[2024-02-07T00:40:13.171+0000] {subprocess.py:63} INFO - Tmp dir root location: /tmp
[2024-02-07T00:40:13.172+0000] {subprocess.py:75} INFO - Running command: ['/usr/bin/bash', '-c', 'mkdir -p /opt/*** /bronze/date=2024-02-07 /opt/*** /silver/date=2024-02-07 /opt/*** /gold/date=2024-02-07']
[2024-02-07T00:40:13.185+0000] {subprocess.py:86} INFO - Output:
[2024-02-07T00:40:13.188+0000] {subprocess.py:93} INFO - mkdir: cannot create directory ‘/bronze’: Permission denied
[2024-02-07T00:40:13.189+0000] {subprocess.py:93} INFO - mkdir: cannot create directory ‘/silver’: Permission denied
[2024-02-07T00:40:13.189+0000] {subprocess.py:93} INFO - mkdir: cannot create directory ‘/gold’: Permission denied
[2024-02-07T00:40:13.190+0000] {subprocess.py:97} INFO - Command exited with return code 1
[2024-02-07T00:40:13.203+0000] {taskinstance.py:2698} ERROR - Task failed with exception
Traceback (most recent call last):
  File "/home/airflow/.local/lib/python3.8/site-packages/airflow/models/taskinstance.py", line 433, in _execute_task
    result = execute_callable(context=context, **execute_callable_kwargs)
  File "/home/airflow/.local/lib/python3.8/site-packages/airflow/operators/bash.py", line 212, in execute
    raise AirflowException(
airflow.exceptions.AirflowException: Bash command failed. The command returned a non-zero exit code 1.
[2024-02-07T00:40:13.207+0000] {taskinstance.py:1138} INFO - Marking task as FAILED. dag_id=censoEnade, task_id=cria_diretorios, execution_date=20240207T004010, start_date=20240207T004012, end_date=20240207T004013
[2024-02-07T00:40:13.224+0000] {standard_task_runner.py:107} ERROR - Failed to execute job 63 for task cria_diretorios (Bash command failed. The command returned a non-zero exit code 1.; 1467)
[2024-02-07T00:40:13.256+0000] {local_task_job_runner.py:234} INFO - Task exited with return code 1
[2024-02-07T00:40:13.291+0000] {taskinstance.py:3280} INFO - 0 downstream tasks scheduled from follow-on schedule check
