[2024-02-11T01:29:12.553+0000] {taskinstance.py:1956} INFO - Dependencies all met for dep_context=non-requeueable deps ti=<TaskInstance: censoEnade.convert_txt_to_csv manual__2024-02-11T01:28:16.437998+00:00 [queued]>
[2024-02-11T01:29:12.565+0000] {taskinstance.py:1956} INFO - Dependencies all met for dep_context=requeueable deps ti=<TaskInstance: censoEnade.convert_txt_to_csv manual__2024-02-11T01:28:16.437998+00:00 [queued]>
[2024-02-11T01:29:12.566+0000] {taskinstance.py:2170} INFO - Starting attempt 1 of 1
[2024-02-11T01:29:12.592+0000] {taskinstance.py:2191} INFO - Executing <Task(PythonOperator): convert_txt_to_csv> on 2024-02-11 01:28:16.437998+00:00
[2024-02-11T01:29:12.600+0000] {standard_task_runner.py:60} INFO - Started process 654 to run task
[2024-02-11T01:29:12.605+0000] {standard_task_runner.py:87} INFO - Running: ['***', 'tasks', 'run', 'censoEnade', 'convert_txt_to_csv', 'manual__2024-02-11T01:28:16.437998+00:00', '--job-id', '410', '--raw', '--subdir', 'DAGS_FOLDER/censoEnade.py', '--cfg-path', '/tmp/tmpmdmhcxeq']
[2024-02-11T01:29:12.611+0000] {standard_task_runner.py:88} INFO - Job 410: Subtask convert_txt_to_csv
[2024-02-11T01:29:12.693+0000] {task_command.py:423} INFO - Running <TaskInstance: censoEnade.convert_txt_to_csv manual__2024-02-11T01:28:16.437998+00:00 [running]> on host 7e5b5e202339
[2024-02-11T01:29:12.841+0000] {taskinstance.py:2480} INFO - Exporting env vars: AIRFLOW_CTX_DAG_OWNER='Néfi Fernandes' AIRFLOW_CTX_DAG_ID='censoEnade' AIRFLOW_CTX_TASK_ID='convert_txt_to_csv' AIRFLOW_CTX_EXECUTION_DATE='2024-02-11T01:28:16.437998+00:00' AIRFLOW_CTX_TRY_NUMBER='1' AIRFLOW_CTX_DAG_RUN_ID='manual__2024-02-11T01:28:16.437998+00:00'
[2024-02-11T01:29:12.844+0000] {taskinstance.py:2698} ERROR - Task failed with exception
Traceback (most recent call last):
  File "/home/airflow/.local/lib/python3.8/site-packages/airflow/models/taskinstance.py", line 433, in _execute_task
    result = execute_callable(context=context, **execute_callable_kwargs)
  File "/home/airflow/.local/lib/python3.8/site-packages/airflow/operators/python.py", line 199, in execute
    return_value = self.execute_callable()
  File "/home/airflow/.local/lib/python3.8/site-packages/airflow/operators/python.py", line 216, in execute_callable
    return self.python_callable(*self.op_args, **self.op_kwargs)
  File "/opt/airflow/dags/censoEnade.py", line 98, in convert_txt_to_csv
    raise FileNotFoundError(f'O arquivo {input_file} não foi encontrado.')
FileNotFoundError: O arquivo C:/***-docker/dataset/diretorio_de_selecao/microdados2021_arq1.txt não foi encontrado.
[2024-02-11T01:29:12.860+0000] {taskinstance.py:1138} INFO - Marking task as FAILED. dag_id=censoEnade, task_id=convert_txt_to_csv, execution_date=20240211T012816, start_date=20240211T012912, end_date=20240211T012912
[2024-02-11T01:29:12.881+0000] {standard_task_runner.py:107} ERROR - Failed to execute job 410 for task convert_txt_to_csv (O arquivo C:/***-docker/dataset/diretorio_de_selecao/microdados2021_arq1.txt não foi encontrado.; 654)
[2024-02-11T01:29:12.903+0000] {local_task_job_runner.py:234} INFO - Task exited with return code 1
[2024-02-11T01:29:12.929+0000] {taskinstance.py:3280} INFO - 0 downstream tasks scheduled from follow-on schedule check
