[2024-02-10T02:51:24.224+0000] {taskinstance.py:1956} INFO - Dependencies all met for dep_context=non-requeueable deps ti=<TaskInstance: censoEnade.select_files manual__2024-02-10T02:50:41.306526+00:00 [queued]>
[2024-02-10T02:51:24.236+0000] {taskinstance.py:1956} INFO - Dependencies all met for dep_context=requeueable deps ti=<TaskInstance: censoEnade.select_files manual__2024-02-10T02:50:41.306526+00:00 [queued]>
[2024-02-10T02:51:24.237+0000] {taskinstance.py:2170} INFO - Starting attempt 1 of 1
[2024-02-10T02:51:24.321+0000] {taskinstance.py:2191} INFO - Executing <Task(PythonOperator): select_files> on 2024-02-10 02:50:41.306526+00:00
[2024-02-10T02:51:24.329+0000] {standard_task_runner.py:60} INFO - Started process 494 to run task
[2024-02-10T02:51:24.333+0000] {standard_task_runner.py:87} INFO - Running: ['***', 'tasks', 'run', 'censoEnade', 'select_files', 'manual__2024-02-10T02:50:41.306526+00:00', '--job-id', '182', '--raw', '--subdir', 'DAGS_FOLDER/censoEnade.py', '--cfg-path', '/tmp/tmp7bcwhuso']
[2024-02-10T02:51:24.337+0000] {standard_task_runner.py:88} INFO - Job 182: Subtask select_files
[2024-02-10T02:51:24.399+0000] {task_command.py:423} INFO - Running <TaskInstance: censoEnade.select_files manual__2024-02-10T02:50:41.306526+00:00 [running]> on host 7e5b5e202339
[2024-02-10T02:51:24.653+0000] {taskinstance.py:2480} INFO - Exporting env vars: AIRFLOW_CTX_DAG_OWNER='Néfi Fernandes' AIRFLOW_CTX_DAG_ID='censoEnade' AIRFLOW_CTX_TASK_ID='select_files' AIRFLOW_CTX_EXECUTION_DATE='2024-02-10T02:50:41.306526+00:00' AIRFLOW_CTX_TRY_NUMBER='1' AIRFLOW_CTX_DAG_RUN_ID='manual__2024-02-10T02:50:41.306526+00:00'
[2024-02-10T02:51:24.657+0000] {taskinstance.py:2698} ERROR - Task failed with exception
Traceback (most recent call last):
  File "/home/airflow/.local/lib/python3.8/site-packages/airflow/models/taskinstance.py", line 433, in _execute_task
    result = execute_callable(context=context, **execute_callable_kwargs)
  File "/home/airflow/.local/lib/python3.8/site-packages/airflow/operators/python.py", line 199, in execute
    return_value = self.execute_callable()
  File "/home/airflow/.local/lib/python3.8/site-packages/airflow/operators/python.py", line 216, in execute_callable
    return self.python_callable(*self.op_args, **self.op_kwargs)
  File "/opt/airflow/dags/censoEnade.py", line 72, in select_files
    shutil.copy(os.path.join(input_dir, file_name), output_dir)
  File "/usr/local/lib/python3.8/shutil.py", line 418, in copy
    copyfile(src, dst, follow_symlinks=follow_symlinks)
  File "/usr/local/lib/python3.8/shutil.py", line 264, in copyfile
    with open(src, 'rb') as fsrc, open(dst, 'wb') as fdst:
FileNotFoundError: [Errno 2] No such file or directory: 'C:/airflow-docker/dataset/diretorio_de_extracao/arquivo1.csv'
[2024-02-10T02:51:24.803+0000] {taskinstance.py:1138} INFO - Marking task as FAILED. dag_id=censoEnade, task_id=select_files, execution_date=20240210T025041, start_date=20240210T025124, end_date=20240210T025124
[2024-02-10T02:51:24.827+0000] {standard_task_runner.py:107} ERROR - Failed to execute job 182 for task select_files ([Errno 2] No such file or directory: 'C:/airflow-docker/dataset/diretorio_de_extracao/arquivo1.csv'; 494)
[2024-02-10T02:51:24.868+0000] {local_task_job_runner.py:234} INFO - Task exited with return code 1
[2024-02-10T02:51:24.889+0000] {taskinstance.py:3280} INFO - 0 downstream tasks scheduled from follow-on schedule check
